17/07/2021 23:31:36 -- WARNING -- Setting the seed at 1234
17/07/2021 23:31:36 -- INFO -- Stating global parameters from configuration file
17/07/2021 23:31:36 -- INFO -- Using retrosynthesis: False - using biosensor True
17/07/2021 23:31:36 -- INFO -- Full search - no stopping at first result
17/07/2021 23:31:36 -- INFO -- Setting the DB from config file: Installed package: True. Using cache DB: False; Replacing results: False
17/07/2021 23:31:36 -- INFO -- Initialising an empty cache: {}; Using it: False
17/07/2021 23:31:36 -- INFO -- -------------------Scoring configurations -------------------------
17/07/2021 23:31:36 -- INFO -- Using biological cut off at 0.1
17/07/2021 23:31:36 -- INFO -- Using substrate only cut off at 0.6
17/07/2021 23:31:36 -- INFO -- Using chemical score cut off at 0.6
17/07/2021 23:31:36 -- INFO -- -------------------MCTS configurations -------------------------
17/07/2021 23:31:36 -- INFO -- Setting the minimal visit count for a node at 1
17/07/2021 23:31:36 -- INFO -- Using RAVE: False
17/07/2021 23:31:36 -- INFO -- -------------------Chemical configurations -------------------------
17/07/2021 23:31:36 -- INFO -- Using explicit hydrogens : True
17/07/2021 23:31:36 -- INFO -- Using detectable compounds as sink as running in biosensor mode.
17/07/2021 23:31:36 -- INFO -- Main layer was set to True. Sanitising state
17/07/2021 23:31:59 -- INFO -- Main layer was set to True. Sanitising state
17/07/2021 23:31:59 -- INFO -- Starting move obtention process with compound Tyrosol_4-sulfate ([H]OC([H])([H])C([H])([H])c1c([H])c([H])c(OS(=O)(=O)O[H])c([H])c1[H]) at 1626557519.2737572
17/07/2021 23:31:59 -- INFO -- 3 available rules
17/07/2021 23:31:59 -- INFO -- For compound Tyrosol_4-sulfate, matching moves are [VCRXMIQBQGCAAL-UHFFFAOYSA-N-MNXR106882_MNXM2415_8-0]
17/07/2021 23:31:59 -- INFO -- Calculated moves in 0.5380277633666992 for compound VCRXMIQBQGCAAL-UHFFFAOYSA-N - without caching
17/07/2021 23:31:59 -- INFO -- ---------------Beginning of search informations------------------ 
UCT policy is : Biochemical_UCT_1 
Rollout policy is : Rollout_policy_random_uniform_on_biochemical_multiplication_score 
Rewarding policy is : Penalty is -1 and full state reward is 2 
Maximum number of iterations 1000 
Tree search started running at 23h 31min 59s 
Your tree search is currently running ... 
 

17/07/2021 23:31:59 -- INFO -- Performing iteration 0 out of 1000
17/07/2021 23:31:59 -- INFO -- Adding a child with move VCRXMIQBQGCAAL-UHFFFAOYSA-N-MNXR106882_MNXM2415_8-0 to node 
Count: 0/ Score : 0/ Children: 0/ Terminal : False
|Tyrosol_4-sulfate|
17/07/2021 23:31:59 -- INFO -- Pathway is found at iteration 0
17/07/2021 23:31:59 -- INFO -- Udapted solved Node 	Move name: VCRXMIQBQGCAAL-UHFFFAOYSA-N-MNXR106882_MNXM2415_8-0/ Biological score : 0.95/ Chemical score: 0.6
	Count: 1/ Score : 0/ Children: 0/ Terminal : True
	|QAOWNCQODCNURD-UHFFFAOYSA-N- solved|YCCILVSKPBXVIP-UHFFFAOYSA-N- solved| for the first time at iteration 0
17/07/2021 23:31:59 -- INFO -- Udapted solved Node Count: 1/ Score : 0/ Children: 1/ Terminal : False
|Tyrosol_4-sulfate| for the first time at iteration 0
17/07/2021 23:32:01 -- INFO -- Performing iteration 100 out of 1000
17/07/2021 23:32:03 -- INFO -- Performing iteration 200 out of 1000
17/07/2021 23:32:05 -- INFO -- Performing iteration 300 out of 1000
17/07/2021 23:32:07 -- INFO -- Performing iteration 400 out of 1000
17/07/2021 23:32:09 -- INFO -- Performing iteration 500 out of 1000
17/07/2021 23:32:10 -- INFO -- Performing iteration 600 out of 1000
17/07/2021 23:32:12 -- INFO -- Performing iteration 700 out of 1000
17/07/2021 23:32:14 -- INFO -- Performing iteration 800 out of 1000
17/07/2021 23:32:16 -- INFO -- Performing iteration 900 out of 1000
17/07/2021 23:32:18 -- INFO -- ---------------End of search informations------------------ 
Tree search finished running at 23h 32min 18s 
Your tree search took 1.8e+01s 
 
Time was spent in selection: 2.8e-02s, expansion: 8.6e-02s, rollout: 0.0e+00s, update: 5.1e-02s 
CONGRATULATIONS, THATS A WIN
17/07/2021 23:32:18 -- INFO -- At the end of this tree search, the cache contains 0
17/07/2021 23:32:18 -- WARNING -- RECAP TIME_EXECUTION=18.25
17/07/2021 23:32:18 -- WARNING -- RECAP STOP_REASON=iteration
17/07/2021 23:32:18 -- WARNING -- RECAP NUMBER_ITERATION=999
17/07/2021 23:32:18 -- INFO -- According to Wikipedia, choosing the pathway with the most visists 
 This could be replaced by the best score
17/07/2021 23:32:18 -- INFO -- Found 1 pathways for Tyrosol_4-sulfate
17/07/2021 23:32:18 -- INFO -- 1 pathways were found
17/07/2021 23:32:18 -- INFO -- At the end of this tree search, the cache contains 0
