18/07/2021 02:07:35 -- WARNING -- Setting the seed at 1234
18/07/2021 02:07:35 -- INFO -- Stating global parameters from configuration file
18/07/2021 02:07:35 -- INFO -- Using retrosynthesis: False - using biosensor True
18/07/2021 02:07:35 -- INFO -- Full search - no stopping at first result
18/07/2021 02:07:35 -- INFO -- Setting the DB from config file: Installed package: True. Using cache DB: False; Replacing results: False
18/07/2021 02:07:35 -- INFO -- Initialising an empty cache: {}; Using it: False
18/07/2021 02:07:35 -- INFO -- -------------------Scoring configurations -------------------------
18/07/2021 02:07:35 -- INFO -- Using biological cut off at 0.1
18/07/2021 02:07:35 -- INFO -- Using substrate only cut off at 0.6
18/07/2021 02:07:35 -- INFO -- Using chemical score cut off at 0.6
18/07/2021 02:07:35 -- INFO -- -------------------MCTS configurations -------------------------
18/07/2021 02:07:35 -- INFO -- Setting the minimal visit count for a node at 1
18/07/2021 02:07:35 -- INFO -- Using RAVE: False
18/07/2021 02:07:35 -- INFO -- -------------------Chemical configurations -------------------------
18/07/2021 02:07:35 -- INFO -- Using explicit hydrogens : True
18/07/2021 02:07:35 -- INFO -- Using detectable compounds as sink as running in biosensor mode.
18/07/2021 02:07:35 -- INFO -- Main layer was set to True. Sanitising state
18/07/2021 02:08:00 -- INFO -- Main layer was set to True. Sanitising state
18/07/2021 02:08:00 -- INFO -- Starting move obtention process with compound Caffeic_acid_4-O-glucuronide ([H]OC(=O)C([H])=C([H])c1c([H])c([H])c(OC2([H])OC([H])(C(=O)O[H])C([H])(O[H])C([H])(O[H])C2([H])O[H])c(O[H])c1[H]) at 1626566880.9977813
18/07/2021 02:08:01 -- INFO -- 0 available rules
18/07/2021 02:08:01 -- INFO -- For compound Caffeic_acid_4-O-glucuronide, matching moves are []
18/07/2021 02:08:01 -- INFO -- Calculated moves in 0.3648335933685303 for compound LTGOIJNQWZWJRF-UHFFFAOYSA-N - without caching
18/07/2021 02:08:01 -- INFO -- ---------------Beginning of search informations------------------ 
UCT policy is : Biochemical_UCT_1 
Rollout policy is : Rollout_policy_random_uniform_on_biochemical_multiplication_score 
Rewarding policy is : Penalty is -1 and full state reward is 2 
Maximum number of iterations 1000 
Tree search started running at 2h 8min 1s 
Your tree search is currently running ... 
 

18/07/2021 02:08:01 -- INFO -- Performing iteration 0 out of 1000
18/07/2021 02:08:02 -- INFO -- Performing iteration 100 out of 1000
18/07/2021 02:08:04 -- INFO -- Performing iteration 200 out of 1000
18/07/2021 02:08:06 -- INFO -- Performing iteration 300 out of 1000
18/07/2021 02:08:08 -- INFO -- Performing iteration 400 out of 1000
18/07/2021 02:08:10 -- INFO -- Performing iteration 500 out of 1000
18/07/2021 02:08:11 -- INFO -- Performing iteration 600 out of 1000
18/07/2021 02:08:13 -- INFO -- Performing iteration 700 out of 1000
18/07/2021 02:08:15 -- INFO -- Performing iteration 800 out of 1000
18/07/2021 02:08:16 -- INFO -- Performing iteration 900 out of 1000
18/07/2021 02:08:18 -- INFO -- ---------------End of search informations------------------ 
Tree search finished running at 2h 8min 18s 
Your tree search took 1.7e+01s 
 
Time was spent in selection: 1.1e-03s, expansion: 7.2e-04s, rollout: 0.0e+00s, update: 1.2e-02s 
You just lost the game
18/07/2021 02:08:18 -- INFO -- At the end of this tree search, the cache contains 0
18/07/2021 02:08:18 -- WARNING -- RECAP TIME_EXECUTION=16.87
18/07/2021 02:08:18 -- WARNING -- RECAP STOP_REASON=iteration
18/07/2021 02:08:18 -- WARNING -- RECAP NUMBER_ITERATION=999
18/07/2021 02:08:18 -- INFO -- According to Wikipedia, choosing the pathway with the most visists 
 This could be replaced by the best score
18/07/2021 02:08:18 -- INFO -- No pathway was found for this compound
18/07/2021 02:08:18 -- INFO -- 0 pathways were found
18/07/2021 02:08:18 -- INFO -- At the end of this tree search, the cache contains 0
