18/07/2021 02:07:35 -- WARNING -- Setting the seed at 1234
18/07/2021 02:07:36 -- INFO -- Stating global parameters from configuration file
18/07/2021 02:07:36 -- INFO -- Using retrosynthesis: False - using biosensor True
18/07/2021 02:07:36 -- INFO -- Full search - no stopping at first result
18/07/2021 02:07:36 -- INFO -- Setting the DB from config file: Installed package: True. Using cache DB: False; Replacing results: False
18/07/2021 02:07:36 -- INFO -- Initialising an empty cache: {}; Using it: False
18/07/2021 02:07:36 -- INFO -- -------------------Scoring configurations -------------------------
18/07/2021 02:07:36 -- INFO -- Using biological cut off at 0.1
18/07/2021 02:07:36 -- INFO -- Using substrate only cut off at 0.6
18/07/2021 02:07:36 -- INFO -- Using chemical score cut off at 0.6
18/07/2021 02:07:36 -- INFO -- -------------------MCTS configurations -------------------------
18/07/2021 02:07:36 -- INFO -- Setting the minimal visit count for a node at 1
18/07/2021 02:07:36 -- INFO -- Using RAVE: False
18/07/2021 02:07:36 -- INFO -- -------------------Chemical configurations -------------------------
18/07/2021 02:07:36 -- INFO -- Using explicit hydrogens : True
18/07/2021 02:07:36 -- INFO -- Using detectable compounds as sink as running in biosensor mode.
18/07/2021 02:07:36 -- INFO -- Main layer was set to True. Sanitising state
18/07/2021 02:07:59 -- INFO -- Main layer was set to True. Sanitising state
18/07/2021 02:07:59 -- INFO -- Starting move obtention process with compound Isoferulic_acid_3-O-glucuronide ([H]OC(=O)C([H])=C([H])c1c([H])c([H])c(OC([H])([H])[H])c(OC2([H])OC([H])(C(=O)O[H])C([H])(O[H])C([H])(O[H])C2([H])O[H])c1[H]) at 1626566879.1639285
18/07/2021 02:07:59 -- INFO -- 28 available rules
18/07/2021 02:07:59 -- INFO -- For compound Isoferulic_acid_3-O-glucuronide, matching moves are [SHJZLGVIOYFHCB-UHFFFAOYSA-N-MNXR112308_MNXM7210_6-0]
18/07/2021 02:07:59 -- INFO -- Calculated moves in 0.6008241176605225 for compound SHJZLGVIOYFHCB-UHFFFAOYSA-N - without caching
18/07/2021 02:07:59 -- INFO -- ---------------Beginning of search informations------------------ 
UCT policy is : Biochemical_UCT_1 
Rollout policy is : Rollout_policy_random_uniform_on_biochemical_multiplication_score 
Rewarding policy is : Penalty is -1 and full state reward is 2 
Maximum number of iterations 1000 
Tree search started running at 2h 7min 59s 
Your tree search is currently running ... 
 

18/07/2021 02:07:59 -- INFO -- Performing iteration 0 out of 1000
18/07/2021 02:07:59 -- INFO -- Adding a child with move SHJZLGVIOYFHCB-UHFFFAOYSA-N-MNXR112308_MNXM7210_6-0 to node 
Count: 0/ Score : 0/ Children: 0/ Terminal : False
|Isoferulic_acid_3-O-glucuronide|
18/07/2021 02:07:59 -- INFO -- Pathway is found at iteration 0
18/07/2021 02:07:59 -- INFO -- Udapted solved Node 	Move name: SHJZLGVIOYFHCB-UHFFFAOYSA-N-MNXR112308_MNXM7210_6-0/ Biological score : 1.48/ Chemical score: 0.63
	Count: 1/ Score : 0/ Children: 0/ Terminal : True
	|HDYANYHVCAPMJV-UHFFFAOYSA-N- solved|QURCVMIEKCOAJU-UHFFFAOYSA-N- solved| for the first time at iteration 0
18/07/2021 02:07:59 -- INFO -- Udapted solved Node Count: 1/ Score : 0/ Children: 1/ Terminal : False
|Isoferulic_acid_3-O-glucuronide| for the first time at iteration 0
18/07/2021 02:08:01 -- INFO -- Performing iteration 100 out of 1000
18/07/2021 02:08:02 -- INFO -- Performing iteration 200 out of 1000
18/07/2021 02:08:04 -- INFO -- Performing iteration 300 out of 1000
18/07/2021 02:08:05 -- INFO -- Performing iteration 400 out of 1000
18/07/2021 02:08:07 -- INFO -- Performing iteration 500 out of 1000
18/07/2021 02:08:08 -- INFO -- Performing iteration 600 out of 1000
18/07/2021 02:08:10 -- INFO -- Performing iteration 700 out of 1000
18/07/2021 02:08:12 -- INFO -- Performing iteration 800 out of 1000
18/07/2021 02:08:13 -- INFO -- Performing iteration 900 out of 1000
18/07/2021 02:08:15 -- INFO -- ---------------End of search informations------------------ 
Tree search finished running at 2h 8min 15s 
Your tree search took 1.5e+01s 
 
Time was spent in selection: 2.6e-02s, expansion: 9.9e-02s, rollout: 0.0e+00s, update: 5.9e-02s 
CONGRATULATIONS, THATS A WIN
18/07/2021 02:08:15 -- INFO -- At the end of this tree search, the cache contains 0
18/07/2021 02:08:15 -- WARNING -- RECAP TIME_EXECUTION=15.51
18/07/2021 02:08:15 -- WARNING -- RECAP STOP_REASON=iteration
18/07/2021 02:08:15 -- WARNING -- RECAP NUMBER_ITERATION=999
18/07/2021 02:08:15 -- INFO -- According to Wikipedia, choosing the pathway with the most visists 
 This could be replaced by the best score
18/07/2021 02:08:15 -- INFO -- Found 1 pathways for Isoferulic_acid_3-O-glucuronide
18/07/2021 02:08:15 -- INFO -- 1 pathways were found
18/07/2021 02:08:15 -- INFO -- At the end of this tree search, the cache contains 0
