17/07/2021 12:28:40 -- WARNING -- Setting the seed at 1234
17/07/2021 12:28:40 -- INFO -- Stating global parameters from configuration file
17/07/2021 12:28:40 -- INFO -- Using retrosynthesis: False - using biosensor True
17/07/2021 12:28:40 -- INFO -- Full search - no stopping at first result
17/07/2021 12:28:40 -- INFO -- Setting the DB from config file: Installed package: True. Using cache DB: False; Replacing results: False
17/07/2021 12:28:40 -- INFO -- Initialising an empty cache: {}; Using it: False
17/07/2021 12:28:40 -- INFO -- -------------------Scoring configurations -------------------------
17/07/2021 12:28:40 -- INFO -- Using biological cut off at 0.1
17/07/2021 12:28:40 -- INFO -- Using substrate only cut off at 0.6
17/07/2021 12:28:40 -- INFO -- Using chemical score cut off at 0.6
17/07/2021 12:28:40 -- INFO -- -------------------MCTS configurations -------------------------
17/07/2021 12:28:40 -- INFO -- Setting the minimal visit count for a node at 1
17/07/2021 12:28:40 -- INFO -- Using RAVE: False
17/07/2021 12:28:40 -- INFO -- -------------------Chemical configurations -------------------------
17/07/2021 12:28:40 -- INFO -- Using explicit hydrogens : True
17/07/2021 12:28:40 -- INFO -- Using detectable compounds as sink as running in biosensor mode.
17/07/2021 12:28:40 -- WARNING -- Removed compound from the detectable set to force enzymatic detection
17/07/2021 12:28:40 -- INFO -- Main layer was set to True. Sanitising state
17/07/2021 12:29:00 -- INFO -- Main layer was set to True. Sanitising state
17/07/2021 12:29:00 -- INFO -- Starting move obtention process with compound cis-4-Hydroxyequol ([H]Oc1c([H])c([H])c(C2([H])C([H])([H])Oc3c([H])c(O[H])c([H])c([H])c3C2([H])O[H])c([H])c1[H]) at 1626517740.8003886
17/07/2021 12:29:01 -- INFO -- 20 available rules
17/07/2021 12:29:01 -- INFO -- For compound cis-4-Hydroxyequol, matching moves are []
17/07/2021 12:29:01 -- INFO -- Calculated moves in 0.47855281829833984 for compound YOSDNAMJVOLJKI-UHFFFAOYSA-N - without caching
17/07/2021 12:29:01 -- INFO -- ---------------Beginning of search informations------------------ 
UCT policy is : Biochemical_UCT_1 
Rollout policy is : Rollout_policy_random_uniform_on_biochemical_multiplication_score 
Rewarding policy is : Penalty is -1 and full state reward is 2 
Maximum number of iterations 1000 
Tree search started running at 12h 29min 1s 
Your tree search is currently running ... 
 

17/07/2021 12:29:01 -- INFO -- Performing iteration 0 out of 1000
17/07/2021 12:29:02 -- INFO -- Performing iteration 100 out of 1000
17/07/2021 12:29:03 -- INFO -- Performing iteration 200 out of 1000
17/07/2021 12:29:04 -- INFO -- Performing iteration 300 out of 1000
17/07/2021 12:29:06 -- INFO -- Performing iteration 400 out of 1000
17/07/2021 12:29:07 -- INFO -- Performing iteration 500 out of 1000
17/07/2021 12:29:09 -- INFO -- Performing iteration 600 out of 1000
17/07/2021 12:29:10 -- INFO -- Performing iteration 700 out of 1000
17/07/2021 12:29:11 -- INFO -- Performing iteration 800 out of 1000
17/07/2021 12:29:13 -- INFO -- Performing iteration 900 out of 1000
17/07/2021 12:29:14 -- INFO -- ---------------End of search informations------------------ 
Tree search finished running at 12h 29min 14s 
Your tree search took 1.4e+01s 
 
Time was spent in selection: 1.0e-03s, expansion: 7.1e-04s, rollout: 0.0e+00s, update: 1.3e-02s 
You just lost the game
17/07/2021 12:29:14 -- INFO -- At the end of this tree search, the cache contains 0
17/07/2021 12:29:14 -- WARNING -- RECAP TIME_EXECUTION=13.54
17/07/2021 12:29:14 -- WARNING -- RECAP STOP_REASON=iteration
17/07/2021 12:29:14 -- WARNING -- RECAP NUMBER_ITERATION=999
17/07/2021 12:29:14 -- INFO -- According to Wikipedia, choosing the pathway with the most visists 
 This could be replaced by the best score
17/07/2021 12:29:14 -- INFO -- No pathway was found for this compound
17/07/2021 12:29:14 -- INFO -- 0 pathways were found
17/07/2021 12:29:14 -- INFO -- At the end of this tree search, the cache contains 0
