17/07/2021 23:31:36 -- WARNING -- Setting the seed at 1234
17/07/2021 23:31:36 -- INFO -- Stating global parameters from configuration file
17/07/2021 23:31:36 -- INFO -- Using retrosynthesis: False - using biosensor True
17/07/2021 23:31:36 -- INFO -- Full search - no stopping at first result
17/07/2021 23:31:36 -- INFO -- Setting the DB from config file: Installed package: True. Using cache DB: False; Replacing results: False
17/07/2021 23:31:36 -- INFO -- Initialising an empty cache: {}; Using it: False
17/07/2021 23:31:36 -- INFO -- -------------------Scoring configurations -------------------------
17/07/2021 23:31:36 -- INFO -- Using biological cut off at 0.1
17/07/2021 23:31:36 -- INFO -- Using substrate only cut off at 0.6
17/07/2021 23:31:36 -- INFO -- Using chemical score cut off at 0.6
17/07/2021 23:31:36 -- INFO -- -------------------MCTS configurations -------------------------
17/07/2021 23:31:36 -- INFO -- Setting the minimal visit count for a node at 1
17/07/2021 23:31:36 -- INFO -- Using RAVE: False
17/07/2021 23:31:36 -- INFO -- -------------------Chemical configurations -------------------------
17/07/2021 23:31:36 -- INFO -- Using explicit hydrogens : True
17/07/2021 23:31:36 -- INFO -- Using detectable compounds as sink as running in biosensor mode.
17/07/2021 23:31:36 -- INFO -- Main layer was set to True. Sanitising state
17/07/2021 23:31:59 -- INFO -- Main layer was set to True. Sanitising state
17/07/2021 23:31:59 -- INFO -- Starting move obtention process with compound Urolithin_B_3-O-glucuronide ([H]OC(=O)C1([H])OC([H])(Oc2c([H])c([H])c3c(oc(=O)c4c([H])c([H])c([H])c([H])c43)c2[H])C([H])(O[H])C([H])(O[H])C1([H])O[H]) at 1626557519.0515263
17/07/2021 23:31:59 -- INFO -- 18 available rules
17/07/2021 23:31:59 -- INFO -- For compound Urolithin_B_3-O-glucuronide, matching moves are [MHBWCULXQBVPQT-UHFFFAOYSA-N-rxnAdd113_cpd02215_6_6-0, MHBWCULXQBVPQT-UHFFFAOYSA-N-MNXR108276_MNXM2393_6-0, MHBWCULXQBVPQT-UHFFFAOYSA-N-MNXR119264_MNXM2393_6-0]
17/07/2021 23:31:59 -- INFO -- Calculated moves in 0.6879370212554932 for compound MHBWCULXQBVPQT-UHFFFAOYSA-N - without caching
17/07/2021 23:31:59 -- INFO -- ---------------Beginning of search informations------------------ 
UCT policy is : Biochemical_UCT_1 
Rollout policy is : Rollout_policy_random_uniform_on_biochemical_multiplication_score 
Rewarding policy is : Penalty is -1 and full state reward is 2 
Maximum number of iterations 1000 
Tree search started running at 23h 31min 59s 
Your tree search is currently running ... 
 

17/07/2021 23:31:59 -- INFO -- Performing iteration 0 out of 1000
17/07/2021 23:31:59 -- INFO -- Adding a child with move MHBWCULXQBVPQT-UHFFFAOYSA-N-rxnAdd113_cpd02215_6_6-0 to node 
Count: 0/ Score : 0/ Children: 0/ Terminal : False
|Urolithin_B_3-O-glucuronide|
17/07/2021 23:31:59 -- INFO -- Pathway is found at iteration 0
17/07/2021 23:31:59 -- INFO -- Udapted solved Node 	Move name: MHBWCULXQBVPQT-UHFFFAOYSA-N-rxnAdd113_cpd02215_6_6-0/ Biological score : 4.02/ Chemical score: 0.62
	Count: 1/ Score : 0/ Children: 0/ Terminal : True
	|AEMOLEFTQBMNLQ-UHFFFAOYSA-N- solved|WXUQMTRHPNOXBV-UHFFFAOYSA-N- solved| for the first time at iteration 0
17/07/2021 23:31:59 -- INFO -- Udapted solved Node Count: 1/ Score : 0/ Children: 1/ Terminal : False
|Urolithin_B_3-O-glucuronide| for the first time at iteration 0
17/07/2021 23:31:59 -- INFO -- Adding a child with move MHBWCULXQBVPQT-UHFFFAOYSA-N-MNXR108276_MNXM2393_6-0 to node 
Count: 1/ Score : 10.0/ Children: 1/ Terminal : False
|Urolithin_B_3-O-glucuronide|
17/07/2021 23:32:00 -- INFO -- Adding a child with move MHBWCULXQBVPQT-UHFFFAOYSA-N-MNXR119264_MNXM2393_6-0 to node 
Count: 2/ Score : 6.0/ Children: 2/ Terminal : False
|Urolithin_B_3-O-glucuronide|
17/07/2021 23:32:00 -- INFO -- Starting move obtention process with compound IJFUJQMSSOFMIC-UHFFFAOYSA-N ([H]OC(=O)C1([H])OC([H])(OC2([H])C([H])(Oc3c([H])c([H])c4c(oc(=O)c5c([H])c([H])c([H])c([H])c54)c3[H])OC([H])(C(=O)O[H])C([H])(O[H])C2([H])O[H])C([H])(O[H])C([H])(O[H])C1([H])O[H]) at 1626557520.1056
17/07/2021 23:32:00 -- INFO -- 12 available rules
17/07/2021 23:32:00 -- INFO -- For compound IJFUJQMSSOFMIC-UHFFFAOYSA-N, matching moves are [IJFUJQMSSOFMIC-UHFFFAOYSA-N-rxnAdd87_cpd09263_6_6-0, IJFUJQMSSOFMIC-UHFFFAOYSA-N-MNXR119264_MNXM2129_6-0]
17/07/2021 23:32:00 -- INFO -- Calculated moves in 0.5783541202545166 for compound IJFUJQMSSOFMIC-UHFFFAOYSA-N - without caching
17/07/2021 23:32:00 -- INFO -- Starting move obtention process with compound XLYOFNOQVPJJNP-UHFFFAOYSA-N ([H]O[H]) at 1626557520.7078297
17/07/2021 23:32:01 -- INFO -- 0 available rules
17/07/2021 23:32:01 -- INFO -- For compound XLYOFNOQVPJJNP-UHFFFAOYSA-N, matching moves are []
17/07/2021 23:32:01 -- INFO -- Calculated moves in 0.33964037895202637 for compound XLYOFNOQVPJJNP-UHFFFAOYSA-N - without caching
17/07/2021 23:32:01 -- INFO -- Pathway is found at iteration 2
17/07/2021 23:32:01 -- INFO -- Udapted solved Node 	Move name: MHBWCULXQBVPQT-UHFFFAOYSA-N-MNXR108276_MNXM2393_6-0/ Biological score : 2.6/ Chemical score: 0.62
	Count: 1/ Score : 0/ Children: 0/ Terminal : True
	|HDYANYHVCAPMJV-UHFFFAOYSA-N- solved|WXUQMTRHPNOXBV-UHFFFAOYSA-N- solved| for the first time at iteration 2
17/07/2021 23:32:01 -- INFO -- Adding a child with move IJFUJQMSSOFMIC-UHFFFAOYSA-N-rxnAdd87_cpd09263_6_6-0 to node 
	Move name: MHBWCULXQBVPQT-UHFFFAOYSA-N-MNXR119264_MNXM2393_6-0/ Biological score : 1.69/ Chemical score: 0.62
	Count: 0/ Score : 0/ Children: 0/ Terminal : False
	|IJFUJQMSSOFMIC-UHFFFAOYSA-N|XLYOFNOQVPJJNP-UHFFFAOYSA-N|
17/07/2021 23:32:01 -- INFO -- Starting move obtention process with compound GPRLSGONYQIRFK-UHFFFAOYSA-N ([H+]) at 1626557521.27377
17/07/2021 23:32:01 -- INFO -- 0 available rules
17/07/2021 23:32:01 -- INFO -- For compound GPRLSGONYQIRFK-UHFFFAOYSA-N, matching moves are []
17/07/2021 23:32:01 -- INFO -- Calculated moves in 0.3259458541870117 for compound GPRLSGONYQIRFK-UHFFFAOYSA-N - without caching
17/07/2021 23:32:01 -- INFO -- Starting move obtention process with compound XLYOFNOQVPJJNP-UHFFFAOYSA-N ([H]O[H]) at 1626557521.6312733
17/07/2021 23:32:02 -- INFO -- 0 available rules
17/07/2021 23:32:02 -- INFO -- For compound XLYOFNOQVPJJNP-UHFFFAOYSA-N, matching moves are []
17/07/2021 23:32:02 -- INFO -- Calculated moves in 0.37302064895629883 for compound XLYOFNOQVPJJNP-UHFFFAOYSA-N - without caching
17/07/2021 23:32:02 -- INFO -- Pathway is found at iteration 4
17/07/2021 23:32:02 -- INFO -- Udapted solved Node 		Move name: IJFUJQMSSOFMIC-UHFFFAOYSA-N-rxnAdd87_cpd09263_6_6-0/ Biological score : 4.02/ Chemical score: 0.64
		Count: 1/ Score : 0/ Children: 0/ Terminal : True
		|AEMOLEFTQBMNLQ-UHFFFAOYSA-N- solved|GPRLSGONYQIRFK-UHFFFAOYSA-N|WXUQMTRHPNOXBV-UHFFFAOYSA-N- solved|XLYOFNOQVPJJNP-UHFFFAOYSA-N| for the first time at iteration 4
17/07/2021 23:32:02 -- INFO -- Udapted solved Node 	Move name: MHBWCULXQBVPQT-UHFFFAOYSA-N-MNXR119264_MNXM2393_6-0/ Biological score : 1.69/ Chemical score: 0.62
	Count: 1/ Score : 0/ Children: 1/ Terminal : False
	|IJFUJQMSSOFMIC-UHFFFAOYSA-N|XLYOFNOQVPJJNP-UHFFFAOYSA-N| for the first time at iteration 4
17/07/2021 23:32:02 -- INFO -- Looping move in node |IJFUJQMSSOFMIC-UHFFFAOYSA-N|XLYOFNOQVPJJNP-UHFFFAOYSA-N|-1 for move IJFUJQMSSOFMIC-UHFFFAOYSA-N-MNXR119264_MNXM2129_6-0
17/07/2021 23:32:02 -- INFO -- Starting move obtention process with compound IJFUJQMSSOFMIC-UHFFFAOYSA-N ([H]OC(=O)C1([H])OC([H])(OC2([H])C([H])(Oc3c([H])c([H])c4c(oc(=O)c5c([H])c([H])c([H])c([H])c54)c3[H])OC([H])(C(=O)O[H])C([H])(O[H])C2([H])O[H])C([H])(O[H])C([H])(O[H])C1([H])O[H]) at 1626557522.212105
17/07/2021 23:32:02 -- INFO -- 10 available rules
17/07/2021 23:32:02 -- INFO -- For compound IJFUJQMSSOFMIC-UHFFFAOYSA-N, matching moves are [IJFUJQMSSOFMIC-UHFFFAOYSA-N-MNXR119264_MNXM2129_8-0]
17/07/2021 23:32:02 -- INFO -- Calculated moves in 0.5378789901733398 for compound IJFUJQMSSOFMIC-UHFFFAOYSA-N - without caching
17/07/2021 23:32:02 -- INFO -- Starting move obtention process with compound XLYOFNOQVPJJNP-UHFFFAOYSA-N ([H]O[H]) at 1626557522.7680788
17/07/2021 23:32:03 -- INFO -- 0 available rules
17/07/2021 23:32:03 -- INFO -- For compound XLYOFNOQVPJJNP-UHFFFAOYSA-N, matching moves are []
17/07/2021 23:32:03 -- INFO -- Calculated moves in 0.3084893226623535 for compound XLYOFNOQVPJJNP-UHFFFAOYSA-N - without caching
17/07/2021 23:32:03 -- INFO -- Starting move obtention process with compound MHBWCULXQBVPQT-UHFFFAOYSA-N ([H]OC(=O)C1([H])OC([H])(Oc2c([H])c([H])c3c(oc(=O)c4c([H])c([H])c([H])c([H])c43)c2[H])C([H])(O[H])C([H])(O[H])C1([H])O[H]) at 1626557523.1138906
17/07/2021 23:32:03 -- INFO -- 18 available rules
17/07/2021 23:32:03 -- INFO -- For compound MHBWCULXQBVPQT-UHFFFAOYSA-N, matching moves are [MHBWCULXQBVPQT-UHFFFAOYSA-N-rxnAdd113_cpd02215_6_6-0, MHBWCULXQBVPQT-UHFFFAOYSA-N-MNXR108276_MNXM2393_6-0, MHBWCULXQBVPQT-UHFFFAOYSA-N-MNXR119264_MNXM2393_6-0]
17/07/2021 23:32:03 -- INFO -- Calculated moves in 0.6748414039611816 for compound MHBWCULXQBVPQT-UHFFFAOYSA-N - without caching
17/07/2021 23:32:03 -- INFO -- Starting move obtention process with compound XLYOFNOQVPJJNP-UHFFFAOYSA-N ([H]O[H]) at 1626557523.7996187
17/07/2021 23:32:04 -- INFO -- 0 available rules
17/07/2021 23:32:04 -- INFO -- For compound XLYOFNOQVPJJNP-UHFFFAOYSA-N, matching moves are []
17/07/2021 23:32:04 -- INFO -- Calculated moves in 0.3723132610321045 for compound XLYOFNOQVPJJNP-UHFFFAOYSA-N - without caching
17/07/2021 23:32:04 -- INFO -- Rollout results are 2, True
17/07/2021 23:32:05 -- INFO -- Performing iteration 100 out of 1000
17/07/2021 23:32:07 -- INFO -- Performing iteration 200 out of 1000
17/07/2021 23:32:10 -- INFO -- Performing iteration 300 out of 1000
17/07/2021 23:32:12 -- INFO -- Performing iteration 400 out of 1000
17/07/2021 23:32:14 -- INFO -- Performing iteration 500 out of 1000
17/07/2021 23:32:16 -- INFO -- Performing iteration 600 out of 1000
17/07/2021 23:32:18 -- INFO -- Performing iteration 700 out of 1000
17/07/2021 23:32:20 -- INFO -- Performing iteration 800 out of 1000
17/07/2021 23:32:21 -- INFO -- Performing iteration 900 out of 1000
17/07/2021 23:32:22 -- INFO -- ---------------End of search informations------------------ 
Tree search finished running at 23h 32min 22s 
Your tree search took 2.2e+01s 
 
Time was spent in selection: 4.0e-02s, expansion: 2.1e+00s, rollout: 2.0e+00s, update: 1.2e-01s 
CONGRATULATIONS, THATS A WIN
17/07/2021 23:32:22 -- INFO -- At the end of this tree search, the cache contains 0
17/07/2021 23:32:22 -- WARNING -- RECAP TIME_EXECUTION=22.45
17/07/2021 23:32:22 -- WARNING -- RECAP STOP_REASON=iteration
17/07/2021 23:32:22 -- WARNING -- RECAP NUMBER_ITERATION=999
17/07/2021 23:32:22 -- INFO -- According to Wikipedia, choosing the pathway with the most visists 
 This could be replaced by the best score
17/07/2021 23:32:22 -- INFO -- Found 3 pathways for Urolithin_B_3-O-glucuronide
17/07/2021 23:32:22 -- INFO -- 3 pathways were found
17/07/2021 23:32:22 -- INFO -- At the end of this tree search, the cache contains 0
