17/07/2021 01:20:20 -- WARNING -- Setting the seed at 1234
17/07/2021 01:20:20 -- INFO -- Stating global parameters from configuration file
17/07/2021 01:20:20 -- INFO -- Using retrosynthesis: False - using biosensor True
17/07/2021 01:20:20 -- INFO -- Full search - no stopping at first result
17/07/2021 01:20:20 -- INFO -- Setting the DB from config file: Installed package: True. Using cache DB: False; Replacing results: False
17/07/2021 01:20:20 -- INFO -- Initialising an empty cache: {}; Using it: False
17/07/2021 01:20:20 -- INFO -- -------------------Scoring configurations -------------------------
17/07/2021 01:20:20 -- INFO -- Using biological cut off at 0.1
17/07/2021 01:20:20 -- INFO -- Using substrate only cut off at 0.6
17/07/2021 01:20:20 -- INFO -- Using chemical score cut off at 0.6
17/07/2021 01:20:20 -- INFO -- -------------------MCTS configurations -------------------------
17/07/2021 01:20:20 -- INFO -- Setting the minimal visit count for a node at 1
17/07/2021 01:20:20 -- INFO -- Using RAVE: False
17/07/2021 01:20:20 -- INFO -- -------------------Chemical configurations -------------------------
17/07/2021 01:20:20 -- INFO -- Using explicit hydrogens : True
17/07/2021 01:20:20 -- INFO -- Using detectable compounds as sink as running in biosensor mode.
17/07/2021 01:20:20 -- WARNING -- Removed compound from the detectable set to force enzymatic detection
17/07/2021 01:20:20 -- INFO -- Main layer was set to True. Sanitising state
17/07/2021 01:20:43 -- INFO -- Main layer was set to True. Sanitising state
17/07/2021 01:20:43 -- INFO -- Starting move obtention process with compound (-)-Epigallocatechin_3-O-gallate ([H]Oc1c([H])c(O[H])c2c(c1[H])OC([H])(c1c([H])c(O[H])c(O[H])c(O[H])c1[H])C([H])(OC(=O)c1c([H])c(O[H])c(O[H])c(O[H])c1[H])C2([H])[H]) at 1626477643.8561506
17/07/2021 01:20:44 -- INFO -- 154 available rules
17/07/2021 01:20:46 -- INFO -- For compound (-)-Epigallocatechin_3-O-gallate, matching moves are [WMBWREPUVVBILR-UHFFFAOYSA-N-rxnAdd58_cpd06623_6_6-0, WMBWREPUVVBILR-UHFFFAOYSA-N-MNXR119276_MNXM30289_8-0]
17/07/2021 01:20:46 -- INFO -- Calculated moves in 2.5586671829223633 for compound WMBWREPUVVBILR-UHFFFAOYSA-N - without caching
17/07/2021 01:20:46 -- INFO -- ---------------Beginning of search informations------------------ 
UCT policy is : Biochemical_UCT_1 
Rollout policy is : Rollout_policy_random_uniform_on_biochemical_multiplication_score 
Rewarding policy is : Penalty is -1 and full state reward is 2 
Maximum number of iterations 1000 
Tree search started running at 1h 20min 46s 
Your tree search is currently running ... 
 

17/07/2021 01:20:46 -- INFO -- Performing iteration 0 out of 1000
17/07/2021 01:20:46 -- INFO -- Adding a child with move WMBWREPUVVBILR-UHFFFAOYSA-N-rxnAdd58_cpd06623_6_6-0 to node 
Count: 0/ Score : 0/ Children: 0/ Terminal : False
|(-)-Epigallocatechin_3-O-gallate|
17/07/2021 01:20:46 -- INFO -- Pathway is found at iteration 0
17/07/2021 01:20:46 -- INFO -- Udapted solved Node 	Move name: WMBWREPUVVBILR-UHFFFAOYSA-N-rxnAdd58_cpd06623_6_6-0/ Biological score : 4.02/ Chemical score: 1.0
	Count: 1/ Score : 0/ Children: 0/ Terminal : True
	|LNTHITQWFMADLM-UHFFFAOYSA-N- solved|XMOCLSLCDHWDHP-UHFFFAOYSA-N- solved| for the first time at iteration 0
17/07/2021 01:20:46 -- INFO -- Udapted solved Node Count: 1/ Score : 0/ Children: 1/ Terminal : False
|(-)-Epigallocatechin_3-O-gallate| for the first time at iteration 0
17/07/2021 01:20:46 -- INFO -- Adding a child with move WMBWREPUVVBILR-UHFFFAOYSA-N-MNXR119276_MNXM30289_8-0 to node 
Count: 1/ Score : 10.0/ Children: 1/ Terminal : False
|(-)-Epigallocatechin_3-O-gallate|
17/07/2021 01:20:46 -- INFO -- Pathway is found at iteration 2
17/07/2021 01:20:46 -- INFO -- Udapted solved Node 	Move name: WMBWREPUVVBILR-UHFFFAOYSA-N-MNXR119276_MNXM30289_8-0/ Biological score : 2.26/ Chemical score: 1.0
	Count: 1/ Score : 0/ Children: 0/ Terminal : True
	|GDVRUDXLQBVIKP-UHFFFAOYSA-N- solved|XMOCLSLCDHWDHP-UHFFFAOYSA-N- solved| for the first time at iteration 2
17/07/2021 01:20:48 -- INFO -- Performing iteration 100 out of 1000
17/07/2021 01:20:49 -- INFO -- Performing iteration 200 out of 1000
17/07/2021 01:20:51 -- INFO -- Performing iteration 300 out of 1000
17/07/2021 01:20:53 -- INFO -- Performing iteration 400 out of 1000
17/07/2021 01:20:54 -- INFO -- Performing iteration 500 out of 1000
17/07/2021 01:20:56 -- INFO -- Performing iteration 600 out of 1000
17/07/2021 01:20:57 -- INFO -- Performing iteration 700 out of 1000
17/07/2021 01:20:59 -- INFO -- Performing iteration 800 out of 1000
17/07/2021 01:21:00 -- INFO -- Performing iteration 900 out of 1000
17/07/2021 01:21:02 -- INFO -- ---------------End of search informations------------------ 
Tree search finished running at 1h 21min 2s 
Your tree search took 1.7e+01s 
 
Time was spent in selection: 3.0e-02s, expansion: 2.0e-01s, rollout: 0.0e+00s, update: 8.3e-02s 
CONGRATULATIONS, THATS A WIN
17/07/2021 01:21:02 -- INFO -- At the end of this tree search, the cache contains 0
17/07/2021 01:21:02 -- WARNING -- RECAP TIME_EXECUTION=16.25
17/07/2021 01:21:02 -- WARNING -- RECAP STOP_REASON=iteration
17/07/2021 01:21:02 -- WARNING -- RECAP NUMBER_ITERATION=999
17/07/2021 01:21:02 -- INFO -- According to Wikipedia, choosing the pathway with the most visists 
 This could be replaced by the best score
17/07/2021 01:21:02 -- INFO -- Found 2 pathways for (-)-Epigallocatechin_3-O-gallate
17/07/2021 01:21:02 -- INFO -- 2 pathways were found
17/07/2021 01:21:02 -- INFO -- At the end of this tree search, the cache contains 0
