16/07/2021 23:31:42 -- WARNING -- Setting the seed at 1234
16/07/2021 23:31:42 -- INFO -- Stating global parameters from configuration file
16/07/2021 23:31:42 -- INFO -- Using retrosynthesis: False - using biosensor True
16/07/2021 23:31:42 -- INFO -- Full search - no stopping at first result
16/07/2021 23:31:42 -- INFO -- Setting the DB from config file: Installed package: True. Using cache DB: False; Replacing results: False
16/07/2021 23:31:42 -- INFO -- Initialising an empty cache: {}; Using it: False
16/07/2021 23:31:42 -- INFO -- -------------------Scoring configurations -------------------------
16/07/2021 23:31:42 -- INFO -- Using biological cut off at 0.1
16/07/2021 23:31:42 -- INFO -- Using substrate only cut off at 0.6
16/07/2021 23:31:42 -- INFO -- Using chemical score cut off at 0.6
16/07/2021 23:31:42 -- INFO -- -------------------MCTS configurations -------------------------
16/07/2021 23:31:42 -- INFO -- Setting the minimal visit count for a node at 1
16/07/2021 23:31:42 -- INFO -- Using RAVE: False
16/07/2021 23:31:42 -- INFO -- -------------------Chemical configurations -------------------------
16/07/2021 23:31:42 -- INFO -- Using explicit hydrogens : True
16/07/2021 23:31:42 -- INFO -- Using detectable compounds as sink as running in biosensor mode.
16/07/2021 23:31:42 -- WARNING -- Removed compound from the detectable set to force enzymatic detection
16/07/2021 23:31:42 -- INFO -- Main layer was set to True. Sanitising state
16/07/2021 23:32:04 -- INFO -- Main layer was set to True. Sanitising state
16/07/2021 23:32:04 -- INFO -- Starting move obtention process with compound Cyanidin_3-O-(6''-malonyl-glucoside) ([H]OC(=O)C([H])([H])C(=O)OC([H])([H])C1([H])OC([H])(Oc2c(-c3c([H])c([H])c(O[H])c(O[H])c3[H])[o+]c3c([H])c(O[H])c([H])c(O[H])c3c2[H])C([H])(O[H])C([H])(O[H])C1([H])O[H]) at 1626471124.3429537
16/07/2021 23:32:04 -- INFO -- 363 available rules
16/07/2021 23:32:10 -- INFO -- For compound Cyanidin_3-O-(6''-malonyl-glucoside), matching moves are [ROQLTZUOXIQBDO-UHFFFAOYSA-O-rxnAdd2_cpd09274_5_6-0, ROQLTZUOXIQBDO-UHFFFAOYSA-O-rxnAdd15_cpd05511_6_6-0, ROQLTZUOXIQBDO-UHFFFAOYSA-O-rxnAdd18_cpd08920_4_6-0, ROQLTZUOXIQBDO-UHFFFAOYSA-O-rxnAdd28_cpd08921_4_6-0, ROQLTZUOXIQBDO-UHFFFAOYSA-O-MNXR111468_MNXM5109_8-0, ROQLTZUOXIQBDO-UHFFFAOYSA-O-MNXR111468_MNXM5109_6-0, ROQLTZUOXIQBDO-UHFFFAOYSA-O-MNXR111460_MNXM1584_6-0, ROQLTZUOXIQBDO-UHFFFAOYSA-O-MNXR119287_MNXM26990_8-0, ROQLTZUOXIQBDO-UHFFFAOYSA-O-MNXR111457_MNXM1584_8-0, ROQLTZUOXIQBDO-UHFFFAOYSA-O-MNXR110327_MNXM1584_8-0]
16/07/2021 23:32:10 -- INFO -- Calculated moves in 5.68487286567688 for compound ROQLTZUOXIQBDO-UHFFFAOYSA-O - without caching
16/07/2021 23:32:10 -- INFO -- ---------------Beginning of search informations------------------ 
UCT policy is : Biochemical_UCT_1 
Rollout policy is : Rollout_policy_random_uniform_on_biochemical_multiplication_score 
Rewarding policy is : Penalty is -1 and full state reward is 2 
Maximum number of iterations 1000 
Tree search started running at 23h 32min 10s 
Your tree search is currently running ... 
 

16/07/2021 23:32:10 -- INFO -- Performing iteration 0 out of 1000
16/07/2021 23:32:10 -- INFO -- Adding a child with move ROQLTZUOXIQBDO-UHFFFAOYSA-O-rxnAdd2_cpd09274_5_6-0 to node 
Count: 0/ Score : 0/ Children: 0/ Terminal : False
|Cyanidin_3-O-(6''-malonyl-glucoside)|
16/07/2021 23:32:10 -- INFO -- Pathway is found at iteration 0
16/07/2021 23:32:10 -- INFO -- Udapted solved Node 	Move name: ROQLTZUOXIQBDO-UHFFFAOYSA-O-rxnAdd2_cpd09274_5_6-0/ Biological score : 4.02/ Chemical score: 1.0
	Count: 1/ Score : 0/ Children: 0/ Terminal : True
	|BJEPYKJPYRNKOW-UHFFFAOYSA-N- solved|VEVZSMAEJFVWIL-UHFFFAOYSA-O- solved|WQZGKKKJIJFFOK-UHFFFAOYSA-N- solved| for the first time at iteration 0
16/07/2021 23:32:10 -- INFO -- Udapted solved Node Count: 1/ Score : 0/ Children: 1/ Terminal : False
|Cyanidin_3-O-(6''-malonyl-glucoside)| for the first time at iteration 0
16/07/2021 23:32:10 -- INFO -- Adding a child with move ROQLTZUOXIQBDO-UHFFFAOYSA-O-rxnAdd15_cpd05511_6_6-0 to node 
Count: 1/ Score : 10.0/ Children: 1/ Terminal : False
|Cyanidin_3-O-(6''-malonyl-glucoside)|
16/07/2021 23:32:10 -- INFO -- Starting move obtention process with compound OHOQATLPDOXOOC-UHFFFAOYSA-N ([H]OC(=O)C([H])([H])C(=O)OC([H])([H])C1([H])OC([H])(O[H])C([H])(O[H])C([H])(O[H])C1([H])O[H]) at 1626471130.4028306
16/07/2021 23:32:10 -- INFO -- 15 available rules
16/07/2021 23:32:11 -- INFO -- For compound OHOQATLPDOXOOC-UHFFFAOYSA-N, matching moves are [OHOQATLPDOXOOC-UHFFFAOYSA-N-MNXR117701_MNXM13911_8-0]
16/07/2021 23:32:11 -- INFO -- Calculated moves in 0.941016674041748 for compound OHOQATLPDOXOOC-UHFFFAOYSA-N - without caching
16/07/2021 23:32:11 -- INFO -- Adding a child with move ROQLTZUOXIQBDO-UHFFFAOYSA-O-rxnAdd18_cpd08920_4_6-0 to node 
Count: 2/ Score : 6.0/ Children: 2/ Terminal : False
|Cyanidin_3-O-(6''-malonyl-glucoside)|
16/07/2021 23:32:11 -- INFO -- Starting move obtention process with compound OHOQATLPDOXOOC-UHFFFAOYSA-N ([H]OC(=O)C([H])([H])C(=O)OC([H])([H])C1([H])OC([H])(O[H])C([H])(O[H])C([H])(O[H])C1([H])O[H]) at 1626471131.4927347
16/07/2021 23:32:11 -- INFO -- 15 available rules
16/07/2021 23:32:12 -- INFO -- For compound OHOQATLPDOXOOC-UHFFFAOYSA-N, matching moves are [OHOQATLPDOXOOC-UHFFFAOYSA-N-MNXR117701_MNXM13911_8-0]
16/07/2021 23:32:12 -- INFO -- Calculated moves in 0.9563806056976318 for compound OHOQATLPDOXOOC-UHFFFAOYSA-N - without caching
16/07/2021 23:32:12 -- INFO -- Pathway is found at iteration 2
16/07/2021 23:32:12 -- INFO -- Udapted solved Node 	Move name: ROQLTZUOXIQBDO-UHFFFAOYSA-O-rxnAdd15_cpd05511_6_6-0/ Biological score : 4.02/ Chemical score: 0.75
	Count: 1/ Score : 0/ Children: 0/ Terminal : True
	|OHOQATLPDOXOOC-UHFFFAOYSA-N|VEVZSMAEJFVWIL-UHFFFAOYSA-O- solved| for the first time at iteration 2
16/07/2021 23:32:12 -- INFO -- Adding a child with move ROQLTZUOXIQBDO-UHFFFAOYSA-O-rxnAdd28_cpd08921_4_6-0 to node 
Count: 3/ Score : 7.33/ Children: 3/ Terminal : False
|Cyanidin_3-O-(6''-malonyl-glucoside)|
16/07/2021 23:32:12 -- INFO -- Starting move obtention process with compound CURLTUGMZLYLDI-UHFFFAOYSA-N (O=C=O) at 1626471132.6801758
16/07/2021 23:32:12 -- INFO -- 11 available rules
16/07/2021 23:32:13 -- INFO -- For compound CURLTUGMZLYLDI-UHFFFAOYSA-N, matching moves are [CURLTUGMZLYLDI-UHFFFAOYSA-N-MNXR96884_MNXM13_6-0, CURLTUGMZLYLDI-UHFFFAOYSA-N-MNXR96961_MNXM13_14-0, CURLTUGMZLYLDI-UHFFFAOYSA-N-MNXR96481_MNXM13_14-0, CURLTUGMZLYLDI-UHFFFAOYSA-N-MNXR106403_MNXM13_14-0, CURLTUGMZLYLDI-UHFFFAOYSA-N-MNXR95786_MNXM13_14-0]
16/07/2021 23:32:13 -- INFO -- Calculated moves in 0.45668745040893555 for compound CURLTUGMZLYLDI-UHFFFAOYSA-N - without caching
16/07/2021 23:32:13 -- INFO -- Starting move obtention process with compound OHOQATLPDOXOOC-UHFFFAOYSA-N ([H]OC(=O)C([H])([H])C(=O)OC([H])([H])C1([H])OC([H])(O[H])C([H])(O[H])C([H])(O[H])C1([H])O[H]) at 1626471133.1511145
16/07/2021 23:32:13 -- INFO -- 15 available rules
16/07/2021 23:32:14 -- INFO -- For compound OHOQATLPDOXOOC-UHFFFAOYSA-N, matching moves are [OHOQATLPDOXOOC-UHFFFAOYSA-N-MNXR117701_MNXM13911_8-0]
16/07/2021 23:32:14 -- INFO -- Calculated moves in 0.8855793476104736 for compound OHOQATLPDOXOOC-UHFFFAOYSA-N - without caching
16/07/2021 23:32:14 -- INFO -- Adding a child with move ROQLTZUOXIQBDO-UHFFFAOYSA-O-MNXR111460_MNXM1584_6-0 to node 
Count: 4/ Score : 6.0/ Children: 4/ Terminal : False
|Cyanidin_3-O-(6''-malonyl-glucoside)|
16/07/2021 23:32:14 -- INFO -- Starting move obtention process with compound LWRJVVDEEAUXHT-UHFFFAOYSA-O ([H]OC(=O)C([H])([H])C(=O)OC([H])([H])C1([H])OC([H])(Oc2c(-c3c([H])c([H])c(O[H])c(O[H])c3[H])[o+]c3c([H])c(O[H])c([H])c(O[H])c3c2[H])C([H])(OC2([H])OC([H])(C([H])([H])O[H])C([H])(O[H])C([H])(O[H])C2([H])O[H])C([H])(O[H])C1([H])O[H]) at 1626471134.1579041
16/07/2021 23:32:14 -- INFO -- 347 available rules
16/07/2021 23:32:16 -- INFO -- For compound LWRJVVDEEAUXHT-UHFFFAOYSA-O, matching moves are [LWRJVVDEEAUXHT-UHFFFAOYSA-O-rxnAdd2_cpd09274_5_6-0, LWRJVVDEEAUXHT-UHFFFAOYSA-O-MNXR119309_MNXM1146_6-0, LWRJVVDEEAUXHT-UHFFFAOYSA-O-rxnAdd18_cpd08920_4_6-0, LWRJVVDEEAUXHT-UHFFFAOYSA-O-rxnAdd28_cpd08921_4_6-0, LWRJVVDEEAUXHT-UHFFFAOYSA-O-MNXR118719_MNXM2735_8-0, LWRJVVDEEAUXHT-UHFFFAOYSA-O-MNXR118690_MNXM1146_8-0, LWRJVVDEEAUXHT-UHFFFAOYSA-O-MNXR120374_MNXM24447_6-0, LWRJVVDEEAUXHT-UHFFFAOYSA-O-MNXR120373_MNXM24447_6-0, LWRJVVDEEAUXHT-UHFFFAOYSA-O-MNXR118691_MNXM1584_6-0, LWRJVVDEEAUXHT-UHFFFAOYSA-O-MNXR111460_MNXM20335_6-0]
16/07/2021 23:32:16 -- INFO -- Calculated moves in 2.831704616546631 for compound LWRJVVDEEAUXHT-UHFFFAOYSA-O - without caching
16/07/2021 23:32:17 -- INFO -- Starting move obtention process with compound XCCTYIAWTASOJW-UHFFFAOYSA-N ([H]Oc1nc(=O)n(C2([H])OC([H])(C([H])([H])OP(=O)(O[H])OP(=O)(O[H])O[H])C([H])(O[H])C2([H])O[H])c([H])c1[H]) at 1626471137.0052433
16/07/2021 23:32:17 -- INFO -- 1334 available rules
16/07/2021 23:32:22 -- INFO -- For compound XCCTYIAWTASOJW-UHFFFAOYSA-N, matching moves are [XCCTYIAWTASOJW-UHFFFAOYSA-N-MNXR106729_MNXM495_6-0, XCCTYIAWTASOJW-UHFFFAOYSA-N-MNXR111799_MNXM5568_16-0, XCCTYIAWTASOJW-UHFFFAOYSA-N-MNXR111798_MNXM5568_16-0, XCCTYIAWTASOJW-UHFFFAOYSA-N-MNXR105328_MNXM495_6-0, XCCTYIAWTASOJW-UHFFFAOYSA-N-MNXR119521_MNXM47_6-0, XCCTYIAWTASOJW-UHFFFAOYSA-N-MNXR134292_MNXM495_6-0, XCCTYIAWTASOJW-UHFFFAOYSA-N-MNXR97039_MNXM288_6-0, XCCTYIAWTASOJW-UHFFFAOYSA-N-MNXR107788_MNXM495_6-0, XCCTYIAWTASOJW-UHFFFAOYSA-N-MNXR105330_MNXM495_6-0, XCCTYIAWTASOJW-UHFFFAOYSA-N-MNXR103374_MNXM495_8-0]
16/07/2021 23:32:22 -- INFO -- Calculated moves in 5.669441223144531 for compound XCCTYIAWTASOJW-UHFFFAOYSA-N - without caching
16/07/2021 23:32:22 -- INFO -- Pathway is found at iteration 4
16/07/2021 23:32:22 -- INFO -- Udapted solved Node 	Move name: ROQLTZUOXIQBDO-UHFFFAOYSA-O-rxnAdd18_cpd08920_4_6-0/ Biological score : 4.02/ Chemical score: 0.71
	Count: 1/ Score : 0/ Children: 0/ Terminal : True
	|OHOQATLPDOXOOC-UHFFFAOYSA-N|QCDYQQDYXPDABM-UHFFFAOYSA-N- solved|YQUVCSBJEUQKSH-UHFFFAOYSA-N- solved| for the first time at iteration 4
16/07/2021 23:32:22 -- INFO -- Adding a child with move ROQLTZUOXIQBDO-UHFFFAOYSA-O-MNXR111468_MNXM5109_8-0 to node 
Count: 5/ Score : 6.8/ Children: 5/ Terminal : False
|Cyanidin_3-O-(6''-malonyl-glucoside)|
16/07/2021 23:32:22 -- INFO -- Adding a child with move ROQLTZUOXIQBDO-UHFFFAOYSA-O-MNXR111468_MNXM5109_6-0 to node 
Count: 6/ Score : 6.0/ Children: 6/ Terminal : False
|Cyanidin_3-O-(6''-malonyl-glucoside)|
16/07/2021 23:32:22 -- INFO -- Starting move obtention process with compound HXNCCSKDUQGCKB-UHFFFAOYSA-O ([H]OC(=O)C([H])([H])C(=O)OC([H])([H])C1([H])OC([H])(Oc2c(-c3c([H])c([H])c(O[H])c(O[H])c3[H])[o+]c3c([H])c(O[H])c([H])c(O[H])c3c2[H])C([H])(O[H])C([H])(O[H])C1([H])OC(=O)C([H])([H])C(=O)O[H]) at 1626471142.8807018
16/07/2021 23:32:23 -- INFO -- 314 available rules
16/07/2021 23:32:26 -- INFO -- For compound HXNCCSKDUQGCKB-UHFFFAOYSA-O, matching moves are [HXNCCSKDUQGCKB-UHFFFAOYSA-O-rxnAdd2_cpd09274_5_6-0, HXNCCSKDUQGCKB-UHFFFAOYSA-O-rxnAdd15_cpd05511_6_6-0, HXNCCSKDUQGCKB-UHFFFAOYSA-O-rxnAdd18_cpd08920_4_6-0, HXNCCSKDUQGCKB-UHFFFAOYSA-O-rxnAdd28_cpd08921_4_6-0, HXNCCSKDUQGCKB-UHFFFAOYSA-O-MNXR111468_MNXM47955_6-0, HXNCCSKDUQGCKB-UHFFFAOYSA-O-MNXR111468_MNXM5109_6-0, HXNCCSKDUQGCKB-UHFFFAOYSA-O-MNXR111460_MNXM1584_6-0, HXNCCSKDUQGCKB-UHFFFAOYSA-O-MNXR119287_MNXM26990_8-0, HXNCCSKDUQGCKB-UHFFFAOYSA-O-MNXR111457_MNXM1584_8-0, HXNCCSKDUQGCKB-UHFFFAOYSA-O-MNXR110327_MNXM1584_8-0]
16/07/2021 23:32:26 -- INFO -- Calculated moves in 3.333214282989502 for compound HXNCCSKDUQGCKB-UHFFFAOYSA-O - without caching
16/07/2021 23:32:26 -- INFO -- Pathway is found at iteration 6
16/07/2021 23:32:26 -- INFO -- Udapted solved Node 	Move name: ROQLTZUOXIQBDO-UHFFFAOYSA-O-rxnAdd28_cpd08921_4_6-0/ Biological score : 4.02/ Chemical score: 0.66
	Count: 1/ Score : 0/ Children: 0/ Terminal : True
	|CFFZDZCDUFSOFZ-UHFFFAOYSA-N- solved|CURLTUGMZLYLDI-UHFFFAOYSA-N|OHOQATLPDOXOOC-UHFFFAOYSA-N|QCDYQQDYXPDABM-UHFFFAOYSA-N- solved| for the first time at iteration 6
16/07/2021 23:32:26 -- INFO -- Adding a child with move ROQLTZUOXIQBDO-UHFFFAOYSA-O-MNXR119287_MNXM26990_8-0 to node 
Count: 7/ Score : 6.57/ Children: 7/ Terminal : False
|Cyanidin_3-O-(6''-malonyl-glucoside)|
16/07/2021 23:32:26 -- INFO -- Adding a child with move ROQLTZUOXIQBDO-UHFFFAOYSA-O-MNXR111457_MNXM1584_8-0 to node 
Count: 8/ Score : 6.0/ Children: 8/ Terminal : False
|Cyanidin_3-O-(6''-malonyl-glucoside)|
16/07/2021 23:32:26 -- INFO -- Starting move obtention process with compound XBASGINDWROQJV-UHFFFAOYSA-O ([H]OC(=O)C([H])([H])C(=O)OC([H])([H])C1([H])OC([H])(Oc2c(-c3c([H])c([H])c(O[H])c(O[H])c3[H])[o+]c3c([H])c(O[H])c([H])c(OC4([H])OC([H])(C([H])([H])O[H])C([H])(O[H])C([H])(O[H])C4([H])O[H])c3c2[H])C([H])(O[H])C([H])(O[H])C1([H])O[H]) at 1626471146.4606962
16/07/2021 23:32:26 -- INFO -- 357 available rules
16/07/2021 23:32:29 -- INFO -- For compound XBASGINDWROQJV-UHFFFAOYSA-O, matching moves are [XBASGINDWROQJV-UHFFFAOYSA-O-rxnAdd2_cpd09274_5_6-0, XBASGINDWROQJV-UHFFFAOYSA-O-rxnAdd13_cpd05546_6_6-0, XBASGINDWROQJV-UHFFFAOYSA-O-rxnAdd15_cpd05511_6_6-0, XBASGINDWROQJV-UHFFFAOYSA-O-MNXR119309_MNXM1146_6-0, XBASGINDWROQJV-UHFFFAOYSA-O-MNXR118719_MNXM2735_8-0, XBASGINDWROQJV-UHFFFAOYSA-O-MNXR118690_MNXM1146_8-0, XBASGINDWROQJV-UHFFFAOYSA-O-MNXR111460_MNXM1584_6-0, XBASGINDWROQJV-UHFFFAOYSA-O-MNXR111460_MNXM1584_6-1, XBASGINDWROQJV-UHFFFAOYSA-O-MNXR111468_MNXM5109_8-0, XBASGINDWROQJV-UHFFFAOYSA-O-MNXR111468_MNXM5109_8-1]
16/07/2021 23:32:29 -- INFO -- Calculated moves in 3.476675033569336 for compound XBASGINDWROQJV-UHFFFAOYSA-O - without caching
16/07/2021 23:32:29 -- INFO -- Starting move obtention process with compound XCCTYIAWTASOJW-UHFFFAOYSA-N ([H]Oc1nc(=O)n(C2([H])OC([H])(C([H])([H])OP(=O)(O[H])OP(=O)(O[H])O[H])C([H])(O[H])C2([H])O[H])c([H])c1[H]) at 1626471149.950349
16/07/2021 23:32:30 -- INFO -- 1334 available rules
16/07/2021 23:32:35 -- INFO -- For compound XCCTYIAWTASOJW-UHFFFAOYSA-N, matching moves are [XCCTYIAWTASOJW-UHFFFAOYSA-N-MNXR106729_MNXM495_6-0, XCCTYIAWTASOJW-UHFFFAOYSA-N-MNXR111799_MNXM5568_16-0, XCCTYIAWTASOJW-UHFFFAOYSA-N-MNXR111798_MNXM5568_16-0, XCCTYIAWTASOJW-UHFFFAOYSA-N-MNXR105328_MNXM495_6-0, XCCTYIAWTASOJW-UHFFFAOYSA-N-MNXR119521_MNXM47_6-0, XCCTYIAWTASOJW-UHFFFAOYSA-N-MNXR134292_MNXM495_6-0, XCCTYIAWTASOJW-UHFFFAOYSA-N-MNXR97039_MNXM288_6-0, XCCTYIAWTASOJW-UHFFFAOYSA-N-MNXR107788_MNXM495_6-0, XCCTYIAWTASOJW-UHFFFAOYSA-N-MNXR105330_MNXM495_6-0, XCCTYIAWTASOJW-UHFFFAOYSA-N-MNXR103374_MNXM495_8-0]
16/07/2021 23:32:35 -- INFO -- Calculated moves in 5.113079309463501 for compound XCCTYIAWTASOJW-UHFFFAOYSA-N - without caching
16/07/2021 23:32:35 -- INFO -- Starting move obtention process with compound LWRJVVDEEAUXHT-UHFFFAOYSA-O ([H]OC(=O)C([H])([H])C(=O)OC([H])([H])C1([H])OC([H])(Oc2c(-c3c([H])c([H])c(O[H])c(O[H])c3[H])[o+]c3c([H])c(O[H])c([H])c(O[H])c3c2[H])C([H])(OC2([H])OC([H])(C([H])([H])O[H])C([H])(O[H])C([H])(O[H])C2([H])O[H])C([H])(O[H])C1([H])O[H]) at 1626471155.0950904
16/07/2021 23:32:35 -- INFO -- 337 available rules
16/07/2021 23:32:38 -- INFO -- For compound LWRJVVDEEAUXHT-UHFFFAOYSA-O, matching moves are [LWRJVVDEEAUXHT-UHFFFAOYSA-O-rxnAdd9_cpd09273_5_6-0, LWRJVVDEEAUXHT-UHFFFAOYSA-O-MNXR110563_MNXM1146_6-0, LWRJVVDEEAUXHT-UHFFFAOYSA-O-MNXR118719_MNXM2735_12-0, LWRJVVDEEAUXHT-UHFFFAOYSA-O-MNXR118690_MNXM1146_12-0, LWRJVVDEEAUXHT-UHFFFAOYSA-O-MNXR118692_MNXM1474_6-0, LWRJVVDEEAUXHT-UHFFFAOYSA-O-MNXR111462_MNXM8522_6-0, LWRJVVDEEAUXHT-UHFFFAOYSA-O-MNXR119279_MNXM22691_8-0, LWRJVVDEEAUXHT-UHFFFAOYSA-O-MNXR122054_MNXM1584_6-0, LWRJVVDEEAUXHT-UHFFFAOYSA-O-MNXR111460_MNXM1584_6-0, LWRJVVDEEAUXHT-UHFFFAOYSA-O-MNXR111468_MNXM5109_8-0]
16/07/2021 23:32:38 -- INFO -- Calculated moves in 3.0244030952453613 for compound LWRJVVDEEAUXHT-UHFFFAOYSA-O - without caching
16/07/2021 23:32:38 -- INFO -- Starting move obtention process with compound XCCTYIAWTASOJW-UHFFFAOYSA-N ([H]Oc1nc(=O)n(C2([H])OC([H])(C([H])([H])OP(=O)(O[H])OP(=O)(O[H])O[H])C([H])(O[H])C2([H])O[H])c([H])c1[H]) at 1626471158.133757
16/07/2021 23:32:38 -- INFO -- 1324 available rules
16/07/2021 23:32:43 -- INFO -- For compound XCCTYIAWTASOJW-UHFFFAOYSA-N, matching moves are [XCCTYIAWTASOJW-UHFFFAOYSA-N-MNXR106729_MNXM495_8-0, XCCTYIAWTASOJW-UHFFFAOYSA-N-MNXR134292_MNXM495_8-0, XCCTYIAWTASOJW-UHFFFAOYSA-N-MNXR111798_MNXM5568_6-0, XCCTYIAWTASOJW-UHFFFAOYSA-N-MNXR111799_MNXM5568_14-0, XCCTYIAWTASOJW-UHFFFAOYSA-N-MNXR107788_MNXM495_8-0, XCCTYIAWTASOJW-UHFFFAOYSA-N-MNXR105330_MNXM495_8-0, XCCTYIAWTASOJW-UHFFFAOYSA-N-MNXR105328_MNXM495_8-0, XCCTYIAWTASOJW-UHFFFAOYSA-N-MNXR97207_MNXM492_6-0, XCCTYIAWTASOJW-UHFFFAOYSA-N-MNXR103374_MNXM495_6-0, XCCTYIAWTASOJW-UHFFFAOYSA-N-MNXR114764_MNXM899_6-0]
16/07/2021 23:32:43 -- INFO -- Calculated moves in 5.0055153369903564 for compound XCCTYIAWTASOJW-UHFFFAOYSA-N - without caching
16/07/2021 23:32:43 -- INFO -- Starting move obtention process with compound FCSXVXDGKRUCHK-UHFFFAOYSA-N ([H]Oc1nc(=O)n(C2([H])OC([H])(C([H])([H])OP(=O)(O[H])OP(=O)(O[H])O[H])C([H])(OC([H])([H])[H])C2([H])O[H])c([H])c1[H]) at 1626471163.1656063
16/07/2021 23:32:43 -- INFO -- 1310 available rules
16/07/2021 23:32:50 -- INFO -- For compound FCSXVXDGKRUCHK-UHFFFAOYSA-N, matching moves are [FCSXVXDGKRUCHK-UHFFFAOYSA-N-MNXR106729_MNXM495_6-0, FCSXVXDGKRUCHK-UHFFFAOYSA-N-MNXR105328_MNXM495_6-0, FCSXVXDGKRUCHK-UHFFFAOYSA-N-MNXR134292_MNXM495_6-0, FCSXVXDGKRUCHK-UHFFFAOYSA-N-MNXR97039_MNXM288_6-0, FCSXVXDGKRUCHK-UHFFFAOYSA-N-MNXR107788_MNXM495_6-0, FCSXVXDGKRUCHK-UHFFFAOYSA-N-MNXR105330_MNXM495_6-0, FCSXVXDGKRUCHK-UHFFFAOYSA-N-MNXR114764_MNXM163797_6-0, FCSXVXDGKRUCHK-UHFFFAOYSA-N-MNXR103374_MNXM495_8-0, FCSXVXDGKRUCHK-UHFFFAOYSA-N-MNXR105161_MNXM288_6-0, FCSXVXDGKRUCHK-UHFFFAOYSA-N-MNXR100807_MNXM495_8-0]
16/07/2021 23:32:50 -- INFO -- Calculated moves in 7.604913234710693 for compound FCSXVXDGKRUCHK-UHFFFAOYSA-N - without caching
16/07/2021 23:32:50 -- INFO -- Starting move obtention process with compound GPRLSGONYQIRFK-UHFFFAOYSA-N ([H+]) at 1626471170.798323
16/07/2021 23:32:51 -- INFO -- 0 available rules
16/07/2021 23:32:51 -- INFO -- For compound GPRLSGONYQIRFK-UHFFFAOYSA-N, matching moves are []
16/07/2021 23:32:51 -- INFO -- Calculated moves in 0.33827733993530273 for compound GPRLSGONYQIRFK-UHFFFAOYSA-N - without caching
16/07/2021 23:32:51 -- INFO -- Starting move obtention process with compound LWRJVVDEEAUXHT-UHFFFAOYSA-O ([H]OC(=O)C([H])([H])C(=O)OC([H])([H])C1([H])OC([H])(Oc2c(-c3c([H])c([H])c(O[H])c(O[H])c3[H])[o+]c3c([H])c(O[H])c([H])c(O[H])c3c2[H])C([H])(OC2([H])OC([H])(C([H])([H])O[H])C([H])(O[H])C([H])(O[H])C2([H])O[H])C([H])(O[H])C1([H])O[H]) at 1626471171.1460538
16/07/2021 23:32:51 -- INFO -- 337 available rules
16/07/2021 23:32:53 -- INFO -- For compound LWRJVVDEEAUXHT-UHFFFAOYSA-O, matching moves are [LWRJVVDEEAUXHT-UHFFFAOYSA-O-rxnAdd2_cpd09274_5_6-0, LWRJVVDEEAUXHT-UHFFFAOYSA-O-MNXR119309_MNXM1146_6-0, LWRJVVDEEAUXHT-UHFFFAOYSA-O-rxnAdd18_cpd08920_4_6-0, LWRJVVDEEAUXHT-UHFFFAOYSA-O-rxnAdd28_cpd08921_4_6-0, LWRJVVDEEAUXHT-UHFFFAOYSA-O-MNXR118719_MNXM2735_8-0, LWRJVVDEEAUXHT-UHFFFAOYSA-O-MNXR118690_MNXM1146_8-0, LWRJVVDEEAUXHT-UHFFFAOYSA-O-MNXR120374_MNXM24447_6-0, LWRJVVDEEAUXHT-UHFFFAOYSA-O-MNXR120373_MNXM24447_6-0, LWRJVVDEEAUXHT-UHFFFAOYSA-O-MNXR118691_MNXM1584_6-0, LWRJVVDEEAUXHT-UHFFFAOYSA-O-MNXR111460_MNXM20335_6-0]
16/07/2021 23:32:53 -- INFO -- Calculated moves in 2.337725877761841 for compound LWRJVVDEEAUXHT-UHFFFAOYSA-O - without caching
16/07/2021 23:32:53 -- INFO -- Starting move obtention process with compound FCSXVXDGKRUCHK-UHFFFAOYSA-N ([H]Oc1nc(=O)n(C2([H])OC([H])(C([H])([H])OP(=O)(O[H])OP(=O)(O[H])O[H])C([H])(OC([H])([H])[H])C2([H])O[H])c([H])c1[H]) at 1626471173.5183856
16/07/2021 23:32:53 -- INFO -- 1300 available rules
16/07/2021 23:33:02 -- INFO -- For compound FCSXVXDGKRUCHK-UHFFFAOYSA-N, matching moves are [FCSXVXDGKRUCHK-UHFFFAOYSA-N-MNXR106729_MNXM495_8-0, FCSXVXDGKRUCHK-UHFFFAOYSA-N-MNXR134292_MNXM495_8-0, FCSXVXDGKRUCHK-UHFFFAOYSA-N-MNXR107788_MNXM495_8-0, FCSXVXDGKRUCHK-UHFFFAOYSA-N-MNXR105330_MNXM495_8-0, FCSXVXDGKRUCHK-UHFFFAOYSA-N-MNXR105328_MNXM495_8-0, FCSXVXDGKRUCHK-UHFFFAOYSA-N-MNXR103374_MNXM495_6-0, FCSXVXDGKRUCHK-UHFFFAOYSA-N-MNXR97039_MNXM288_8-0, FCSXVXDGKRUCHK-UHFFFAOYSA-N-MNXR100807_MNXM495_6-0]
16/07/2021 23:33:02 -- INFO -- Calculated moves in 9.298007011413574 for compound FCSXVXDGKRUCHK-UHFFFAOYSA-N - without caching
16/07/2021 23:33:02 -- INFO -- Starting move obtention process with compound GPRLSGONYQIRFK-UHFFFAOYSA-N ([H+]) at 1626471182.8411064
16/07/2021 23:33:03 -- INFO -- 0 available rules
16/07/2021 23:33:03 -- INFO -- For compound GPRLSGONYQIRFK-UHFFFAOYSA-N, matching moves are []
16/07/2021 23:33:03 -- INFO -- Calculated moves in 0.34751176834106445 for compound GPRLSGONYQIRFK-UHFFFAOYSA-N - without caching
16/07/2021 23:33:03 -- INFO -- Rollout results are 2, True
16/07/2021 23:33:03 -- INFO -- Udapted solved Node 	Move name: ROQLTZUOXIQBDO-UHFFFAOYSA-O-MNXR111460_MNXM1584_6-0/ Biological score : 1.97/ Chemical score: 0.72
	Count: 1/ Score : 0/ Children: 0/ Terminal : False
	|LWRJVVDEEAUXHT-UHFFFAOYSA-O|XCCTYIAWTASOJW-UHFFFAOYSA-N| for the first time at iteration 8
16/07/2021 23:33:03 -- INFO -- Adding a child with move ROQLTZUOXIQBDO-UHFFFAOYSA-O-MNXR110327_MNXM1584_8-0 to node 
Count: 9/ Score : 5.56/ Children: 9/ Terminal : False
|Cyanidin_3-O-(6''-malonyl-glucoside)|
16/07/2021 23:33:03 -- INFO -- Starting move obtention process with compound BDMIRTMMFJHYGK-UHFFFAOYSA-N ([H]OC(=O)C([H])([H])C(=O)OC([H])([H])C1([H])OC([H])(OP(=O)(O[H])OP(=O)(O[H])OC([H])([H])C2([H])OC([H])(n3c([H])c([H])c(O[H])nc3=O)C([H])(O[H])C2([H])O[H])C([H])(O[H])C([H])(O[H])C1([H])O[H]) at 1626471183.307693
16/07/2021 23:33:03 -- INFO -- 1158 available rules
16/07/2021 23:33:04 -- INFO -- For compound BDMIRTMMFJHYGK-UHFFFAOYSA-N, matching moves are [BDMIRTMMFJHYGK-UHFFFAOYSA-N-MNXR119309_MNXM655_6-0, BDMIRTMMFJHYGK-UHFFFAOYSA-N-MNXR136880_MNXM52_6-0, BDMIRTMMFJHYGK-UHFFFAOYSA-N-MNXR105055_MNXM87_6-0, BDMIRTMMFJHYGK-UHFFFAOYSA-N-MNXR122577_MNXM89795_6-0, BDMIRTMMFJHYGK-UHFFFAOYSA-N-MNXR122575_MNXM89795_6-0, BDMIRTMMFJHYGK-UHFFFAOYSA-N-MNXR111486_MNXM162273_6-0, BDMIRTMMFJHYGK-UHFFFAOYSA-N-MNXR111604_MNXM52_8-0, BDMIRTMMFJHYGK-UHFFFAOYSA-N-MNXR108613_MNXM52_8-0, BDMIRTMMFJHYGK-UHFFFAOYSA-N-MNXR108275_MNXM52_8-0, BDMIRTMMFJHYGK-UHFFFAOYSA-N-MNXR108264_MNXM52_8-0]
16/07/2021 23:33:04 -- INFO -- Calculated moves in 1.174691915512085 for compound BDMIRTMMFJHYGK-UHFFFAOYSA-N - without caching
16/07/2021 23:33:04 -- INFO -- Starting move obtention process with compound LWRJVVDEEAUXHT-UHFFFAOYSA-O ([H]OC(=O)C([H])([H])C(=O)OC([H])([H])C1([H])OC([H])(Oc2c(-c3c([H])c([H])c(O[H])c(O[H])c3[H])[o+]c3c([H])c(O[H])c([H])c(O[H])c3c2[H])C([H])(OC2([H])OC([H])(C([H])([H])O[H])C([H])(O[H])C([H])(O[H])C2([H])O[H])C([H])(O[H])C1([H])O[H]) at 1626471184.5304997
16/07/2021 23:33:04 -- INFO -- 337 available rules
16/07/2021 23:33:07 -- INFO -- For compound LWRJVVDEEAUXHT-UHFFFAOYSA-O, matching moves are [LWRJVVDEEAUXHT-UHFFFAOYSA-O-rxnAdd9_cpd09273_5_6-0, LWRJVVDEEAUXHT-UHFFFAOYSA-O-MNXR110563_MNXM1146_6-0, LWRJVVDEEAUXHT-UHFFFAOYSA-O-MNXR118719_MNXM2735_12-0, LWRJVVDEEAUXHT-UHFFFAOYSA-O-MNXR118690_MNXM1146_12-0, LWRJVVDEEAUXHT-UHFFFAOYSA-O-MNXR118692_MNXM1474_6-0, LWRJVVDEEAUXHT-UHFFFAOYSA-O-MNXR111462_MNXM8522_6-0, LWRJVVDEEAUXHT-UHFFFAOYSA-O-MNXR119279_MNXM22691_8-0, LWRJVVDEEAUXHT-UHFFFAOYSA-O-MNXR122054_MNXM1584_6-0, LWRJVVDEEAUXHT-UHFFFAOYSA-O-MNXR111460_MNXM1584_6-0, LWRJVVDEEAUXHT-UHFFFAOYSA-O-MNXR111468_MNXM5109_8-0]
16/07/2021 23:33:07 -- INFO -- Calculated moves in 2.9561593532562256 for compound LWRJVVDEEAUXHT-UHFFFAOYSA-O - without caching
16/07/2021 23:33:07 -- INFO -- Starting move obtention process with compound XCCTYIAWTASOJW-UHFFFAOYSA-N ([H]Oc1nc(=O)n(C2([H])OC([H])(C([H])([H])OP(=O)(O[H])OP(=O)(O[H])O[H])C([H])(O[H])C2([H])O[H])c([H])c1[H]) at 1626471187.5049958
16/07/2021 23:33:07 -- INFO -- 1324 available rules
16/07/2021 23:33:12 -- INFO -- For compound XCCTYIAWTASOJW-UHFFFAOYSA-N, matching moves are [XCCTYIAWTASOJW-UHFFFAOYSA-N-MNXR106729_MNXM495_6-0, XCCTYIAWTASOJW-UHFFFAOYSA-N-MNXR111799_MNXM5568_16-0, XCCTYIAWTASOJW-UHFFFAOYSA-N-MNXR111798_MNXM5568_16-0, XCCTYIAWTASOJW-UHFFFAOYSA-N-MNXR105328_MNXM495_6-0, XCCTYIAWTASOJW-UHFFFAOYSA-N-MNXR119521_MNXM47_6-0, XCCTYIAWTASOJW-UHFFFAOYSA-N-MNXR134292_MNXM495_6-0, XCCTYIAWTASOJW-UHFFFAOYSA-N-MNXR97039_MNXM288_6-0, XCCTYIAWTASOJW-UHFFFAOYSA-N-MNXR107788_MNXM495_6-0, XCCTYIAWTASOJW-UHFFFAOYSA-N-MNXR105330_MNXM495_6-0, XCCTYIAWTASOJW-UHFFFAOYSA-N-MNXR103374_MNXM495_8-0]
16/07/2021 23:33:12 -- INFO -- Calculated moves in 5.097803115844727 for compound XCCTYIAWTASOJW-UHFFFAOYSA-N - without caching
16/07/2021 23:33:12 -- INFO -- Starting move obtention process with compound XCCTYIAWTASOJW-UHFFFAOYSA-N ([H]Oc1nc(=O)n(C2([H])OC([H])(C([H])([H])OP(=O)(O[H])OP(=O)(O[H])O[H])C([H])(O[H])C2([H])O[H])c([H])c1[H]) at 1626471192.673756
16/07/2021 23:33:13 -- INFO -- 1324 available rules
16/07/2021 23:33:17 -- INFO -- For compound XCCTYIAWTASOJW-UHFFFAOYSA-N, matching moves are [XCCTYIAWTASOJW-UHFFFAOYSA-N-MNXR106729_MNXM495_8-0, XCCTYIAWTASOJW-UHFFFAOYSA-N-MNXR134292_MNXM495_8-0, XCCTYIAWTASOJW-UHFFFAOYSA-N-MNXR111798_MNXM5568_6-0, XCCTYIAWTASOJW-UHFFFAOYSA-N-MNXR111799_MNXM5568_14-0, XCCTYIAWTASOJW-UHFFFAOYSA-N-MNXR107788_MNXM495_8-0, XCCTYIAWTASOJW-UHFFFAOYSA-N-MNXR105330_MNXM495_8-0, XCCTYIAWTASOJW-UHFFFAOYSA-N-MNXR105328_MNXM495_8-0, XCCTYIAWTASOJW-UHFFFAOYSA-N-MNXR97207_MNXM492_6-0, XCCTYIAWTASOJW-UHFFFAOYSA-N-MNXR103374_MNXM495_6-0, XCCTYIAWTASOJW-UHFFFAOYSA-N-MNXR114764_MNXM899_6-0]
16/07/2021 23:33:17 -- INFO -- Calculated moves in 5.195348024368286 for compound XCCTYIAWTASOJW-UHFFFAOYSA-N - without caching
16/07/2021 23:33:17 -- INFO -- Rollout results are 2, True
16/07/2021 23:33:17 -- INFO -- Pathway is found at iteration 10
16/07/2021 23:33:17 -- INFO -- Udapted solved Node 	Move name: ROQLTZUOXIQBDO-UHFFFAOYSA-O-MNXR111468_MNXM5109_8-0/ Biological score : 1.52/ Chemical score: 1.0
	Count: 1/ Score : 0/ Children: 0/ Terminal : True
	|CXGHPQSURHQOBH-UHFFFAOYSA-O- solved|RGJOEKWQDUBAIZ-UHFFFAOYSA-N- solved| for the first time at iteration 10
16/07/2021 23:33:18 -- INFO -- Pathway is found at iteration 12
16/07/2021 23:33:18 -- INFO -- Udapted solved Node 	Move name: ROQLTZUOXIQBDO-UHFFFAOYSA-O-MNXR111468_MNXM5109_6-0/ Biological score : 1.52/ Chemical score: 1.0
	Count: 1/ Score : 0/ Children: 0/ Terminal : True
	|HXNCCSKDUQGCKB-UHFFFAOYSA-O|RGJOEKWQDUBAIZ-UHFFFAOYSA-N- solved| for the first time at iteration 12
16/07/2021 23:33:18 -- INFO -- Pathway is found at iteration 14
16/07/2021 23:33:18 -- INFO -- Udapted solved Node 	Move name: ROQLTZUOXIQBDO-UHFFFAOYSA-O-MNXR119287_MNXM26990_8-0/ Biological score : 0.48/ Chemical score: 0.75
	Count: 1/ Score : 0/ Children: 0/ Terminal : True
	|LTYOQGRJFJAKNA-UHFFFAOYSA-N- solved|RKWHWFONKJEUEF-UHFFFAOYSA-O- solved| for the first time at iteration 14
16/07/2021 23:33:18 -- INFO -- Adding a child with move XBASGINDWROQJV-UHFFFAOYSA-O-rxnAdd2_cpd09274_5_6-0 to node 
	Move name: ROQLTZUOXIQBDO-UHFFFAOYSA-O-MNXR111457_MNXM1584_8-0/ Biological score : 0.3/ Chemical score: 0.72
	Count: 0/ Score : 0/ Children: 0/ Terminal : False
	|XBASGINDWROQJV-UHFFFAOYSA-O|XCCTYIAWTASOJW-UHFFFAOYSA-N|
16/07/2021 23:33:18 -- INFO -- Starting move obtention process with compound XCCTYIAWTASOJW-UHFFFAOYSA-N ([H]Oc1nc(=O)n(C2([H])OC([H])(C([H])([H])OP(=O)(O[H])OP(=O)(O[H])O[H])C([H])(O[H])C2([H])O[H])c([H])c1[H]) at 1626471198.2669451
16/07/2021 23:33:18 -- INFO -- 1324 available rules
16/07/2021 23:33:23 -- INFO -- For compound XCCTYIAWTASOJW-UHFFFAOYSA-N, matching moves are [XCCTYIAWTASOJW-UHFFFAOYSA-N-MNXR106729_MNXM495_8-0, XCCTYIAWTASOJW-UHFFFAOYSA-N-MNXR134292_MNXM495_8-0, XCCTYIAWTASOJW-UHFFFAOYSA-N-MNXR111798_MNXM5568_6-0, XCCTYIAWTASOJW-UHFFFAOYSA-N-MNXR111799_MNXM5568_14-0, XCCTYIAWTASOJW-UHFFFAOYSA-N-MNXR107788_MNXM495_8-0, XCCTYIAWTASOJW-UHFFFAOYSA-N-MNXR105330_MNXM495_8-0, XCCTYIAWTASOJW-UHFFFAOYSA-N-MNXR105328_MNXM495_8-0, XCCTYIAWTASOJW-UHFFFAOYSA-N-MNXR97207_MNXM492_6-0, XCCTYIAWTASOJW-UHFFFAOYSA-N-MNXR103374_MNXM495_6-0, XCCTYIAWTASOJW-UHFFFAOYSA-N-MNXR114764_MNXM899_6-0]
16/07/2021 23:33:23 -- INFO -- Calculated moves in 5.094136714935303 for compound XCCTYIAWTASOJW-UHFFFAOYSA-N - without caching
16/07/2021 23:33:23 -- INFO -- Pathway is found at iteration 16
16/07/2021 23:33:23 -- INFO -- Udapted solved Node 		Move name: XBASGINDWROQJV-UHFFFAOYSA-O-rxnAdd2_cpd09274_5_6-0/ Biological score : 4.02/ Chemical score: 0.94
		Count: 1/ Score : 0/ Children: 0/ Terminal : True
		|BJEPYKJPYRNKOW-UHFFFAOYSA-N- solved|PWORRIQTGXEXBH-UHFFFAOYSA-O- solved|WQZGKKKJIJFFOK-UHFFFAOYSA-N- solved|XCCTYIAWTASOJW-UHFFFAOYSA-N| for the first time at iteration 16
16/07/2021 23:33:23 -- INFO -- Udapted solved Node 	Move name: ROQLTZUOXIQBDO-UHFFFAOYSA-O-MNXR111457_MNXM1584_8-0/ Biological score : 0.3/ Chemical score: 0.72
	Count: 1/ Score : 0/ Children: 1/ Terminal : False
	|XBASGINDWROQJV-UHFFFAOYSA-O|XCCTYIAWTASOJW-UHFFFAOYSA-N| for the first time at iteration 16
16/07/2021 23:33:23 -- INFO -- Adding a child with move XBASGINDWROQJV-UHFFFAOYSA-O-rxnAdd13_cpd05546_6_6-0 to node 
	Move name: ROQLTZUOXIQBDO-UHFFFAOYSA-O-MNXR111457_MNXM1584_8-0/ Biological score : 0.3/ Chemical score: 0.72
	Count: 1/ Score : 10.0/ Children: 1/ Terminal : False
	|XBASGINDWROQJV-UHFFFAOYSA-O|XCCTYIAWTASOJW-UHFFFAOYSA-N|
16/07/2021 23:33:23 -- INFO -- Starting move obtention process with compound OHOQATLPDOXOOC-UHFFFAOYSA-N ([H]OC(=O)C([H])([H])C(=O)OC([H])([H])C1([H])OC([H])(O[H])C([H])(O[H])C([H])(O[H])C1([H])O[H]) at 1626471203.5782974
16/07/2021 23:33:23 -- INFO -- 15 available rules
16/07/2021 23:33:24 -- INFO -- For compound OHOQATLPDOXOOC-UHFFFAOYSA-N, matching moves are [OHOQATLPDOXOOC-UHFFFAOYSA-N-MNXR117701_MNXM13911_8-0]
16/07/2021 23:33:24 -- INFO -- Calculated moves in 0.8167402744293213 for compound OHOQATLPDOXOOC-UHFFFAOYSA-N - without caching
16/07/2021 23:33:24 -- INFO -- Starting move obtention process with compound XCCTYIAWTASOJW-UHFFFAOYSA-N ([H]Oc1nc(=O)n(C2([H])OC([H])(C([H])([H])OP(=O)(O[H])OP(=O)(O[H])O[H])C([H])(O[H])C2([H])O[H])c([H])c1[H]) at 1626471204.419693
16/07/2021 23:33:24 -- INFO -- 1324 available rules
16/07/2021 23:33:29 -- INFO -- For compound XCCTYIAWTASOJW-UHFFFAOYSA-N, matching moves are [XCCTYIAWTASOJW-UHFFFAOYSA-N-MNXR106729_MNXM495_6-0, XCCTYIAWTASOJW-UHFFFAOYSA-N-MNXR111799_MNXM5568_16-0, XCCTYIAWTASOJW-UHFFFAOYSA-N-MNXR111798_MNXM5568_16-0, XCCTYIAWTASOJW-UHFFFAOYSA-N-MNXR105328_MNXM495_6-0, XCCTYIAWTASOJW-UHFFFAOYSA-N-MNXR119521_MNXM47_6-0, XCCTYIAWTASOJW-UHFFFAOYSA-N-MNXR134292_MNXM495_6-0, XCCTYIAWTASOJW-UHFFFAOYSA-N-MNXR97039_MNXM288_6-0, XCCTYIAWTASOJW-UHFFFAOYSA-N-MNXR107788_MNXM495_6-0, XCCTYIAWTASOJW-UHFFFAOYSA-N-MNXR105330_MNXM495_6-0, XCCTYIAWTASOJW-UHFFFAOYSA-N-MNXR103374_MNXM495_8-0]
16/07/2021 23:33:29 -- INFO -- Calculated moves in 5.182108640670776 for compound XCCTYIAWTASOJW-UHFFFAOYSA-N - without caching
16/07/2021 23:33:29 -- INFO -- Pathway is found at iteration 18
16/07/2021 23:33:29 -- INFO -- Udapted solved Node 	Move name: ROQLTZUOXIQBDO-UHFFFAOYSA-O-MNXR110327_MNXM1584_8-0/ Biological score : 0.3/ Chemical score: 0.72
	Count: 1/ Score : 0/ Children: 0/ Terminal : True
	|BDMIRTMMFJHYGK-UHFFFAOYSA-N|VEVZSMAEJFVWIL-UHFFFAOYSA-O- solved| for the first time at iteration 18
16/07/2021 23:33:30 -- INFO -- Adding a child with move LWRJVVDEEAUXHT-UHFFFAOYSA-O-rxnAdd2_cpd09274_5_6-0 to node 
	Move name: ROQLTZUOXIQBDO-UHFFFAOYSA-O-MNXR111460_MNXM1584_6-0/ Biological score : 1.97/ Chemical score: 0.72
	Count: 2/ Score : 2.0/ Children: 0/ Terminal : False
	|LWRJVVDEEAUXHT-UHFFFAOYSA-O|XCCTYIAWTASOJW-UHFFFAOYSA-N|
16/07/2021 23:33:30 -- INFO -- Starting move obtention process with compound XCCTYIAWTASOJW-UHFFFAOYSA-N ([H]Oc1nc(=O)n(C2([H])OC([H])(C([H])([H])OP(=O)(O[H])OP(=O)(O[H])O[H])C([H])(O[H])C2([H])O[H])c([H])c1[H]) at 1626471210.4550982
16/07/2021 23:33:30 -- INFO -- 1324 available rules
16/07/2021 23:33:35 -- INFO -- For compound XCCTYIAWTASOJW-UHFFFAOYSA-N, matching moves are [XCCTYIAWTASOJW-UHFFFAOYSA-N-MNXR106729_MNXM495_6-0, XCCTYIAWTASOJW-UHFFFAOYSA-N-MNXR111799_MNXM5568_16-0, XCCTYIAWTASOJW-UHFFFAOYSA-N-MNXR111798_MNXM5568_16-0, XCCTYIAWTASOJW-UHFFFAOYSA-N-MNXR105328_MNXM495_6-0, XCCTYIAWTASOJW-UHFFFAOYSA-N-MNXR119521_MNXM47_6-0, XCCTYIAWTASOJW-UHFFFAOYSA-N-MNXR134292_MNXM495_6-0, XCCTYIAWTASOJW-UHFFFAOYSA-N-MNXR97039_MNXM288_6-0, XCCTYIAWTASOJW-UHFFFAOYSA-N-MNXR107788_MNXM495_6-0, XCCTYIAWTASOJW-UHFFFAOYSA-N-MNXR105330_MNXM495_6-0, XCCTYIAWTASOJW-UHFFFAOYSA-N-MNXR103374_MNXM495_8-0]
16/07/2021 23:33:35 -- INFO -- Calculated moves in 4.9566895961761475 for compound XCCTYIAWTASOJW-UHFFFAOYSA-N - without caching
16/07/2021 23:33:35 -- INFO -- Pathway is found at iteration 73
16/07/2021 23:33:35 -- INFO -- Udapted solved Node 		Move name: LWRJVVDEEAUXHT-UHFFFAOYSA-O-rxnAdd2_cpd09274_5_6-0/ Biological score : 4.02/ Chemical score: 0.9
		Count: 1/ Score : 0/ Children: 0/ Terminal : True
		|BJEPYKJPYRNKOW-UHFFFAOYSA-N- solved|HIWPGCMGAMJNRG-UHFFFAOYSA-N- solved|VEVZSMAEJFVWIL-UHFFFAOYSA-O- solved|XCCTYIAWTASOJW-UHFFFAOYSA-N| for the first time at iteration 73
16/07/2021 23:33:35 -- INFO -- Adding a child with move LWRJVVDEEAUXHT-UHFFFAOYSA-O-rxnAdd18_cpd08920_4_6-0 to node 
	Move name: ROQLTZUOXIQBDO-UHFFFAOYSA-O-MNXR111460_MNXM1584_6-0/ Biological score : 1.97/ Chemical score: 0.72
	Count: 3/ Score : 4.67/ Children: 1/ Terminal : False
	|LWRJVVDEEAUXHT-UHFFFAOYSA-O|XCCTYIAWTASOJW-UHFFFAOYSA-N|
16/07/2021 23:33:35 -- INFO -- Starting move obtention process with compound XCCTYIAWTASOJW-UHFFFAOYSA-N ([H]Oc1nc(=O)n(C2([H])OC([H])(C([H])([H])OP(=O)(O[H])OP(=O)(O[H])O[H])C([H])(O[H])C2([H])O[H])c([H])c1[H]) at 1626471215.8402379
16/07/2021 23:33:36 -- INFO -- 1324 available rules
16/07/2021 23:33:40 -- INFO -- For compound XCCTYIAWTASOJW-UHFFFAOYSA-N, matching moves are [XCCTYIAWTASOJW-UHFFFAOYSA-N-MNXR106729_MNXM495_8-0, XCCTYIAWTASOJW-UHFFFAOYSA-N-MNXR134292_MNXM495_8-0, XCCTYIAWTASOJW-UHFFFAOYSA-N-MNXR111798_MNXM5568_6-0, XCCTYIAWTASOJW-UHFFFAOYSA-N-MNXR111799_MNXM5568_14-0, XCCTYIAWTASOJW-UHFFFAOYSA-N-MNXR107788_MNXM495_8-0, XCCTYIAWTASOJW-UHFFFAOYSA-N-MNXR105330_MNXM495_8-0, XCCTYIAWTASOJW-UHFFFAOYSA-N-MNXR105328_MNXM495_8-0, XCCTYIAWTASOJW-UHFFFAOYSA-N-MNXR97207_MNXM492_6-0, XCCTYIAWTASOJW-UHFFFAOYSA-N-MNXR103374_MNXM495_6-0, XCCTYIAWTASOJW-UHFFFAOYSA-N-MNXR114764_MNXM899_6-0]
16/07/2021 23:33:40 -- INFO -- Calculated moves in 5.053973913192749 for compound XCCTYIAWTASOJW-UHFFFAOYSA-N - without caching
16/07/2021 23:33:40 -- INFO -- Starting move obtention process with compound XSZSLANVYCNEPE-UHFFFAOYSA-N ([H]OC(=O)C([H])([H])C(=O)OC([H])([H])C1([H])OC([H])(O[H])C([H])(OC2([H])OC([H])(C([H])([H])O[H])C([H])(O[H])C([H])(O[H])C2([H])O[H])C([H])(O[H])C1([H])O[H]) at 1626471220.9178975
16/07/2021 23:33:41 -- INFO -- 96 available rules
16/07/2021 23:33:42 -- INFO -- For compound XSZSLANVYCNEPE-UHFFFAOYSA-N, matching moves are [XSZSLANVYCNEPE-UHFFFAOYSA-N-MNXR115837_MNXM6639_8-0, XSZSLANVYCNEPE-UHFFFAOYSA-N-MNXR117307_MNXM8048_6-0, XSZSLANVYCNEPE-UHFFFAOYSA-N-MNXR117701_MNXM13911_8-0, XSZSLANVYCNEPE-UHFFFAOYSA-N-MNXR122230_MNXM878_6-0, XSZSLANVYCNEPE-UHFFFAOYSA-N-MNXR122230_MNXM878_6-1, XSZSLANVYCNEPE-UHFFFAOYSA-N-MNXR122230_MNXM878_6-2, XSZSLANVYCNEPE-UHFFFAOYSA-N-MNXR122230_MNXM878_6-3]
16/07/2021 23:33:42 -- INFO -- Calculated moves in 1.489086627960205 for compound XSZSLANVYCNEPE-UHFFFAOYSA-N - without caching
16/07/2021 23:33:42 -- INFO -- Performing iteration 100 out of 1000
16/07/2021 23:33:42 -- INFO -- Adding a child with move LWRJVVDEEAUXHT-UHFFFAOYSA-O-rxnAdd28_cpd08921_4_6-0 to node 
	Move name: ROQLTZUOXIQBDO-UHFFFAOYSA-O-MNXR111460_MNXM1584_6-0/ Biological score : 1.97/ Chemical score: 0.72
	Count: 4/ Score : 4.0/ Children: 2/ Terminal : False
	|LWRJVVDEEAUXHT-UHFFFAOYSA-O|XCCTYIAWTASOJW-UHFFFAOYSA-N|
16/07/2021 23:33:42 -- INFO -- Starting move obtention process with compound CURLTUGMZLYLDI-UHFFFAOYSA-N (O=C=O) at 1626471222.813088
16/07/2021 23:33:43 -- INFO -- 11 available rules
16/07/2021 23:33:43 -- INFO -- For compound CURLTUGMZLYLDI-UHFFFAOYSA-N, matching moves are [CURLTUGMZLYLDI-UHFFFAOYSA-N-MNXR96884_MNXM13_6-0, CURLTUGMZLYLDI-UHFFFAOYSA-N-MNXR96961_MNXM13_14-0, CURLTUGMZLYLDI-UHFFFAOYSA-N-MNXR96481_MNXM13_14-0, CURLTUGMZLYLDI-UHFFFAOYSA-N-MNXR106403_MNXM13_14-0, CURLTUGMZLYLDI-UHFFFAOYSA-N-MNXR95786_MNXM13_14-0]
16/07/2021 23:33:43 -- INFO -- Calculated moves in 0.494128942489624 for compound CURLTUGMZLYLDI-UHFFFAOYSA-N - without caching
16/07/2021 23:33:43 -- INFO -- Starting move obtention process with compound XCCTYIAWTASOJW-UHFFFAOYSA-N ([H]Oc1nc(=O)n(C2([H])OC([H])(C([H])([H])OP(=O)(O[H])OP(=O)(O[H])O[H])C([H])(O[H])C2([H])O[H])c([H])c1[H]) at 1626471223.3307722
16/07/2021 23:33:43 -- INFO -- 1324 available rules
16/07/2021 23:33:48 -- INFO -- For compound XCCTYIAWTASOJW-UHFFFAOYSA-N, matching moves are [XCCTYIAWTASOJW-UHFFFAOYSA-N-MNXR106729_MNXM495_6-0, XCCTYIAWTASOJW-UHFFFAOYSA-N-MNXR111799_MNXM5568_16-0, XCCTYIAWTASOJW-UHFFFAOYSA-N-MNXR111798_MNXM5568_16-0, XCCTYIAWTASOJW-UHFFFAOYSA-N-MNXR105328_MNXM495_6-0, XCCTYIAWTASOJW-UHFFFAOYSA-N-MNXR119521_MNXM47_6-0, XCCTYIAWTASOJW-UHFFFAOYSA-N-MNXR134292_MNXM495_6-0, XCCTYIAWTASOJW-UHFFFAOYSA-N-MNXR97039_MNXM288_6-0, XCCTYIAWTASOJW-UHFFFAOYSA-N-MNXR107788_MNXM495_6-0, XCCTYIAWTASOJW-UHFFFAOYSA-N-MNXR105330_MNXM495_6-0, XCCTYIAWTASOJW-UHFFFAOYSA-N-MNXR103374_MNXM495_8-0]
16/07/2021 23:33:48 -- INFO -- Calculated moves in 5.017903089523315 for compound XCCTYIAWTASOJW-UHFFFAOYSA-N - without caching
16/07/2021 23:33:48 -- INFO -- Starting move obtention process with compound XSZSLANVYCNEPE-UHFFFAOYSA-N ([H]OC(=O)C([H])([H])C(=O)OC([H])([H])C1([H])OC([H])(O[H])C([H])(OC2([H])OC([H])(C([H])([H])O[H])C([H])(O[H])C([H])(O[H])C2([H])O[H])C([H])(O[H])C1([H])O[H]) at 1626471228.37214
16/07/2021 23:33:48 -- INFO -- 96 available rules
16/07/2021 23:33:49 -- INFO -- For compound XSZSLANVYCNEPE-UHFFFAOYSA-N, matching moves are [XSZSLANVYCNEPE-UHFFFAOYSA-N-MNXR115837_MNXM6639_8-0, XSZSLANVYCNEPE-UHFFFAOYSA-N-MNXR117307_MNXM8048_6-0, XSZSLANVYCNEPE-UHFFFAOYSA-N-MNXR117701_MNXM13911_8-0, XSZSLANVYCNEPE-UHFFFAOYSA-N-MNXR122230_MNXM878_6-0, XSZSLANVYCNEPE-UHFFFAOYSA-N-MNXR122230_MNXM878_6-1, XSZSLANVYCNEPE-UHFFFAOYSA-N-MNXR122230_MNXM878_6-2, XSZSLANVYCNEPE-UHFFFAOYSA-N-MNXR122230_MNXM878_6-3]
16/07/2021 23:33:49 -- INFO -- Calculated moves in 1.5086145401000977 for compound XSZSLANVYCNEPE-UHFFFAOYSA-N - without caching
16/07/2021 23:33:49 -- INFO -- Pathway is found at iteration 116
16/07/2021 23:33:50 -- INFO -- Udapted solved Node 		Move name: LWRJVVDEEAUXHT-UHFFFAOYSA-O-rxnAdd18_cpd08920_4_6-0/ Biological score : 4.02/ Chemical score: 0.71
		Count: 1/ Score : 0/ Children: 0/ Terminal : True
		|QCDYQQDYXPDABM-UHFFFAOYSA-N- solved|XCCTYIAWTASOJW-UHFFFAOYSA-N|XSZSLANVYCNEPE-UHFFFAOYSA-N|YQUVCSBJEUQKSH-UHFFFAOYSA-N- solved| for the first time at iteration 116
16/07/2021 23:33:50 -- INFO -- Looping move in node |LWRJVVDEEAUXHT-UHFFFAOYSA-O|XCCTYIAWTASOJW-UHFFFAOYSA-N|-1 for move LWRJVVDEEAUXHT-UHFFFAOYSA-O-MNXR119309_MNXM1146_6-0
16/07/2021 23:33:50 -- INFO -- Starting move obtention process with compound LWRJVVDEEAUXHT-UHFFFAOYSA-O ([H]OC(=O)C([H])([H])C(=O)OC([H])([H])C1([H])OC([H])(Oc2c(-c3c([H])c([H])c(O[H])c(O[H])c3[H])[o+]c3c([H])c(O[H])c([H])c(O[H])c3c2[H])C([H])(OC2([H])OC([H])(C([H])([H])O[H])C([H])(O[H])C([H])(O[H])C2([H])O[H])C([H])(O[H])C1([H])O[H]) at 1626471230.2398946
16/07/2021 23:33:50 -- INFO -- 337 available rules
16/07/2021 23:33:52 -- INFO -- For compound LWRJVVDEEAUXHT-UHFFFAOYSA-O, matching moves are [LWRJVVDEEAUXHT-UHFFFAOYSA-O-rxnAdd2_cpd09274_5_6-0, LWRJVVDEEAUXHT-UHFFFAOYSA-O-MNXR119309_MNXM1146_6-0, LWRJVVDEEAUXHT-UHFFFAOYSA-O-rxnAdd18_cpd08920_4_6-0, LWRJVVDEEAUXHT-UHFFFAOYSA-O-rxnAdd28_cpd08921_4_6-0, LWRJVVDEEAUXHT-UHFFFAOYSA-O-MNXR118719_MNXM2735_8-0, LWRJVVDEEAUXHT-UHFFFAOYSA-O-MNXR118690_MNXM1146_8-0, LWRJVVDEEAUXHT-UHFFFAOYSA-O-MNXR120374_MNXM24447_6-0, LWRJVVDEEAUXHT-UHFFFAOYSA-O-MNXR120373_MNXM24447_6-0, LWRJVVDEEAUXHT-UHFFFAOYSA-O-MNXR118691_MNXM1584_6-0, LWRJVVDEEAUXHT-UHFFFAOYSA-O-MNXR111460_MNXM20335_6-0]
16/07/2021 23:33:52 -- INFO -- Calculated moves in 2.360657215118408 for compound LWRJVVDEEAUXHT-UHFFFAOYSA-O - without caching
16/07/2021 23:33:52 -- INFO -- Starting move obtention process with compound XCCTYIAWTASOJW-UHFFFAOYSA-N ([H]Oc1nc(=O)n(C2([H])OC([H])(C([H])([H])OP(=O)(O[H])OP(=O)(O[H])O[H])C([H])(O[H])C2([H])O[H])c([H])c1[H]) at 1626471232.6227689
16/07/2021 23:33:53 -- INFO -- 1324 available rules
16/07/2021 23:33:57 -- INFO -- For compound XCCTYIAWTASOJW-UHFFFAOYSA-N, matching moves are [XCCTYIAWTASOJW-UHFFFAOYSA-N-MNXR106729_MNXM495_8-0, XCCTYIAWTASOJW-UHFFFAOYSA-N-MNXR134292_MNXM495_8-0, XCCTYIAWTASOJW-UHFFFAOYSA-N-MNXR111798_MNXM5568_6-0, XCCTYIAWTASOJW-UHFFFAOYSA-N-MNXR111799_MNXM5568_14-0, XCCTYIAWTASOJW-UHFFFAOYSA-N-MNXR107788_MNXM495_8-0, XCCTYIAWTASOJW-UHFFFAOYSA-N-MNXR105330_MNXM495_8-0, XCCTYIAWTASOJW-UHFFFAOYSA-N-MNXR105328_MNXM495_8-0, XCCTYIAWTASOJW-UHFFFAOYSA-N-MNXR97207_MNXM492_6-0, XCCTYIAWTASOJW-UHFFFAOYSA-N-MNXR103374_MNXM495_6-0, XCCTYIAWTASOJW-UHFFFAOYSA-N-MNXR114764_MNXM899_6-0]
16/07/2021 23:33:57 -- INFO -- Calculated moves in 4.9761962890625 for compound XCCTYIAWTASOJW-UHFFFAOYSA-N - without caching
16/07/2021 23:33:57 -- INFO -- Starting move obtention process with compound LWRJVVDEEAUXHT-UHFFFAOYSA-O ([H]OC(=O)C([H])([H])C(=O)OC([H])([H])C1([H])OC([H])(Oc2c(-c3c([H])c([H])c(O[H])c(O[H])c3[H])[o+]c3c([H])c(O[H])c([H])c(O[H])c3c2[H])C([H])(OC2([H])OC([H])(C([H])([H])O[H])C([H])(O[H])C([H])(O[H])C2([H])O[H])C([H])(O[H])C1([H])O[H]) at 1626471237.636604
16/07/2021 23:33:57 -- INFO -- 337 available rules
16/07/2021 23:34:00 -- INFO -- For compound LWRJVVDEEAUXHT-UHFFFAOYSA-O, matching moves are [LWRJVVDEEAUXHT-UHFFFAOYSA-O-rxnAdd9_cpd09273_5_6-0, LWRJVVDEEAUXHT-UHFFFAOYSA-O-MNXR110563_MNXM1146_6-0, LWRJVVDEEAUXHT-UHFFFAOYSA-O-MNXR118719_MNXM2735_12-0, LWRJVVDEEAUXHT-UHFFFAOYSA-O-MNXR118690_MNXM1146_12-0, LWRJVVDEEAUXHT-UHFFFAOYSA-O-MNXR118692_MNXM1474_6-0, LWRJVVDEEAUXHT-UHFFFAOYSA-O-MNXR111462_MNXM8522_6-0, LWRJVVDEEAUXHT-UHFFFAOYSA-O-MNXR119279_MNXM22691_8-0, LWRJVVDEEAUXHT-UHFFFAOYSA-O-MNXR122054_MNXM1584_6-0, LWRJVVDEEAUXHT-UHFFFAOYSA-O-MNXR111460_MNXM1584_6-0, LWRJVVDEEAUXHT-UHFFFAOYSA-O-MNXR111468_MNXM5109_8-0]
16/07/2021 23:34:00 -- INFO -- Calculated moves in 2.93992280960083 for compound LWRJVVDEEAUXHT-UHFFFAOYSA-O - without caching
16/07/2021 23:34:00 -- INFO -- Starting move obtention process with compound XLYOFNOQVPJJNP-UHFFFAOYSA-N ([H]O[H]) at 1626471240.5929112
16/07/2021 23:34:00 -- INFO -- 0 available rules
16/07/2021 23:34:00 -- INFO -- For compound XLYOFNOQVPJJNP-UHFFFAOYSA-N, matching moves are []
16/07/2021 23:34:00 -- INFO -- Calculated moves in 0.3626871109008789 for compound XLYOFNOQVPJJNP-UHFFFAOYSA-N - without caching
16/07/2021 23:34:00 -- INFO -- Starting move obtention process with compound ZWIADYZPOWUWEW-UHFFFAOYSA-N ([H]N=c1nc(O[H])n(C2([H])OC([H])(C([H])([H])OP(=O)(O[H])OP(=O)(O[H])O[H])C([H])(O[H])C2([H])O[H])c([H])c1[H]) at 1626471240.9675274
16/07/2021 23:34:01 -- INFO -- 142 available rules
16/07/2021 23:34:02 -- INFO -- For compound ZWIADYZPOWUWEW-UHFFFAOYSA-N, matching moves are [ZWIADYZPOWUWEW-UHFFFAOYSA-N-MNXR106406_MNXM56896_8-0, ZWIADYZPOWUWEW-UHFFFAOYSA-N-MNXR106405_MNXM56896_8-0, ZWIADYZPOWUWEW-UHFFFAOYSA-N-MNXR97039_MNXM338_6-0, ZWIADYZPOWUWEW-UHFFFAOYSA-N-MNXR103376_MNXM338_8-0]
16/07/2021 23:34:02 -- INFO -- Calculated moves in 1.3468482494354248 for compound ZWIADYZPOWUWEW-UHFFFAOYSA-N - without caching
16/07/2021 23:34:02 -- INFO -- Starting move obtention process with compound LWRJVVDEEAUXHT-UHFFFAOYSA-O ([H]OC(=O)C([H])([H])C(=O)OC([H])([H])C1([H])OC([H])(Oc2c(-c3c([H])c([H])c(O[H])c(O[H])c3[H])[o+]c3c([H])c(O[H])c([H])c(O[H])c3c2[H])C([H])(OC2([H])OC([H])(C([H])([H])O[H])C([H])(O[H])C([H])(O[H])C2([H])O[H])C([H])(O[H])C1([H])O[H]) at 1626471242.3467362
16/07/2021 23:34:02 -- INFO -- 337 available rules
16/07/2021 23:34:04 -- INFO -- For compound LWRJVVDEEAUXHT-UHFFFAOYSA-O, matching moves are [LWRJVVDEEAUXHT-UHFFFAOYSA-O-rxnAdd2_cpd09274_5_6-0, LWRJVVDEEAUXHT-UHFFFAOYSA-O-MNXR119309_MNXM1146_6-0, LWRJVVDEEAUXHT-UHFFFAOYSA-O-rxnAdd18_cpd08920_4_6-0, LWRJVVDEEAUXHT-UHFFFAOYSA-O-rxnAdd28_cpd08921_4_6-0, LWRJVVDEEAUXHT-UHFFFAOYSA-O-MNXR118719_MNXM2735_8-0, LWRJVVDEEAUXHT-UHFFFAOYSA-O-MNXR118690_MNXM1146_8-0, LWRJVVDEEAUXHT-UHFFFAOYSA-O-MNXR120374_MNXM24447_6-0, LWRJVVDEEAUXHT-UHFFFAOYSA-O-MNXR120373_MNXM24447_6-0, LWRJVVDEEAUXHT-UHFFFAOYSA-O-MNXR118691_MNXM1584_6-0, LWRJVVDEEAUXHT-UHFFFAOYSA-O-MNXR111460_MNXM20335_6-0]
16/07/2021 23:34:04 -- INFO -- Calculated moves in 2.2159507274627686 for compound LWRJVVDEEAUXHT-UHFFFAOYSA-O - without caching
16/07/2021 23:34:04 -- INFO -- Starting move obtention process with compound XCCTYIAWTASOJW-UHFFFAOYSA-N ([H]Oc1nc(=O)n(C2([H])OC([H])(C([H])([H])OP(=O)(O[H])OP(=O)(O[H])O[H])C([H])(O[H])C2([H])O[H])c([H])c1[H]) at 1626471244.5940094
16/07/2021 23:34:04 -- INFO -- 1334 available rules
16/07/2021 23:34:09 -- INFO -- For compound XCCTYIAWTASOJW-UHFFFAOYSA-N, matching moves are [XCCTYIAWTASOJW-UHFFFAOYSA-N-MNXR106729_MNXM495_6-0, XCCTYIAWTASOJW-UHFFFAOYSA-N-MNXR111799_MNXM5568_16-0, XCCTYIAWTASOJW-UHFFFAOYSA-N-MNXR111798_MNXM5568_16-0, XCCTYIAWTASOJW-UHFFFAOYSA-N-MNXR105328_MNXM495_6-0, XCCTYIAWTASOJW-UHFFFAOYSA-N-MNXR119521_MNXM47_6-0, XCCTYIAWTASOJW-UHFFFAOYSA-N-MNXR134292_MNXM495_6-0, XCCTYIAWTASOJW-UHFFFAOYSA-N-MNXR97039_MNXM288_6-0, XCCTYIAWTASOJW-UHFFFAOYSA-N-MNXR107788_MNXM495_6-0, XCCTYIAWTASOJW-UHFFFAOYSA-N-MNXR105330_MNXM495_6-0, XCCTYIAWTASOJW-UHFFFAOYSA-N-MNXR103374_MNXM495_8-0]
16/07/2021 23:34:09 -- INFO -- Calculated moves in 5.242080926895142 for compound XCCTYIAWTASOJW-UHFFFAOYSA-N - without caching
16/07/2021 23:34:09 -- INFO -- Starting move obtention process with compound XLYOFNOQVPJJNP-UHFFFAOYSA-N ([H]O[H]) at 1626471249.8651454
16/07/2021 23:34:10 -- INFO -- 0 available rules
16/07/2021 23:34:10 -- INFO -- For compound XLYOFNOQVPJJNP-UHFFFAOYSA-N, matching moves are []
16/07/2021 23:34:10 -- INFO -- Calculated moves in 0.3534660339355469 for compound XLYOFNOQVPJJNP-UHFFFAOYSA-N - without caching
16/07/2021 23:34:10 -- INFO -- Rollout results are 2, True
16/07/2021 23:34:10 -- INFO -- Adding a child with move XCCTYIAWTASOJW-UHFFFAOYSA-N-MNXR106729_MNXM495_6-0 to node 
	Move name: ROQLTZUOXIQBDO-UHFFFAOYSA-O-MNXR111460_MNXM1584_6-0/ Biological score : 1.97/ Chemical score: 0.72
	Count: 6/ Score : 4.67/ Children: 3/ Terminal : False
	|LWRJVVDEEAUXHT-UHFFFAOYSA-O|XCCTYIAWTASOJW-UHFFFAOYSA-N|
16/07/2021 23:34:10 -- INFO -- Starting move obtention process with compound LWRJVVDEEAUXHT-UHFFFAOYSA-O ([H]OC(=O)C([H])([H])C(=O)OC([H])([H])C1([H])OC([H])(Oc2c(-c3c([H])c([H])c(O[H])c(O[H])c3[H])[o+]c3c([H])c(O[H])c([H])c(O[H])c3c2[H])C([H])(OC2([H])OC([H])(C([H])([H])O[H])C([H])(O[H])C([H])(O[H])C2([H])O[H])C([H])(O[H])C1([H])O[H]) at 1626471250.616491
16/07/2021 23:34:10 -- INFO -- 337 available rules
16/07/2021 23:34:13 -- INFO -- For compound LWRJVVDEEAUXHT-UHFFFAOYSA-O, matching moves are [LWRJVVDEEAUXHT-UHFFFAOYSA-O-rxnAdd9_cpd09273_5_6-0, LWRJVVDEEAUXHT-UHFFFAOYSA-O-MNXR110563_MNXM1146_6-0, LWRJVVDEEAUXHT-UHFFFAOYSA-O-MNXR118719_MNXM2735_12-0, LWRJVVDEEAUXHT-UHFFFAOYSA-O-MNXR118690_MNXM1146_12-0, LWRJVVDEEAUXHT-UHFFFAOYSA-O-MNXR118692_MNXM1474_6-0, LWRJVVDEEAUXHT-UHFFFAOYSA-O-MNXR111462_MNXM8522_6-0, LWRJVVDEEAUXHT-UHFFFAOYSA-O-MNXR119279_MNXM22691_8-0, LWRJVVDEEAUXHT-UHFFFAOYSA-O-MNXR122054_MNXM1584_6-0, LWRJVVDEEAUXHT-UHFFFAOYSA-O-MNXR111460_MNXM1584_6-0, LWRJVVDEEAUXHT-UHFFFAOYSA-O-MNXR111468_MNXM5109_8-0]
16/07/2021 23:34:13 -- INFO -- Calculated moves in 2.944774627685547 for compound LWRJVVDEEAUXHT-UHFFFAOYSA-O - without caching
16/07/2021 23:34:13 -- INFO -- Starting move obtention process with compound PGAVKCOVUIYSFO-UHFFFAOYSA-N ([H]Oc1nc(=O)n(C2([H])OC([H])(C([H])([H])OP(=O)(O[H])OP(=O)(O[H])OP(=O)(O[H])O[H])C([H])(O[H])C2([H])O[H])c([H])c1[H]) at 1626471253.5771868
16/07/2021 23:34:13 -- INFO -- 1329 available rules
16/07/2021 23:34:17 -- INFO -- For compound PGAVKCOVUIYSFO-UHFFFAOYSA-N, matching moves are [PGAVKCOVUIYSFO-UHFFFAOYSA-N-MNXR106729_MNXM423_6-0, PGAVKCOVUIYSFO-UHFFFAOYSA-N-MNXR106729_MNXM495_6-0, PGAVKCOVUIYSFO-UHFFFAOYSA-N-MNXR111799_MNXM6129_16-0, PGAVKCOVUIYSFO-UHFFFAOYSA-N-MNXR105328_MNXM423_6-0, PGAVKCOVUIYSFO-UHFFFAOYSA-N-MNXR105328_MNXM495_6-0, PGAVKCOVUIYSFO-UHFFFAOYSA-N-MNXR134292_MNXM423_6-0, PGAVKCOVUIYSFO-UHFFFAOYSA-N-MNXR119521_MNXM47_6-0, PGAVKCOVUIYSFO-UHFFFAOYSA-N-MNXR134292_MNXM495_6-0, PGAVKCOVUIYSFO-UHFFFAOYSA-N-MNXR97039_MNXM288_6-0, PGAVKCOVUIYSFO-UHFFFAOYSA-N-MNXR107788_MNXM423_6-0]
16/07/2021 23:34:17 -- INFO -- Calculated moves in 4.231993198394775 for compound PGAVKCOVUIYSFO-UHFFFAOYSA-N - without caching
16/07/2021 23:34:18 -- INFO -- Adding a child with move XCCTYIAWTASOJW-UHFFFAOYSA-N-MNXR111799_MNXM5568_16-0 to node 
	Move name: ROQLTZUOXIQBDO-UHFFFAOYSA-O-MNXR111460_MNXM1584_6-0/ Biological score : 1.97/ Chemical score: 0.72
	Count: 7/ Score : 4.29/ Children: 4/ Terminal : False
	|LWRJVVDEEAUXHT-UHFFFAOYSA-O|XCCTYIAWTASOJW-UHFFFAOYSA-N|
16/07/2021 23:34:18 -- INFO -- Starting move obtention process with compound LWRJVVDEEAUXHT-UHFFFAOYSA-O ([H]OC(=O)C([H])([H])C(=O)OC([H])([H])C1([H])OC([H])(Oc2c(-c3c([H])c([H])c(O[H])c(O[H])c3[H])[o+]c3c([H])c(O[H])c([H])c(O[H])c3c2[H])C([H])(OC2([H])OC([H])(C([H])([H])O[H])C([H])(O[H])C([H])(O[H])C2([H])O[H])C([H])(O[H])C1([H])O[H]) at 1626471258.252521
16/07/2021 23:34:18 -- INFO -- 337 available rules
16/07/2021 23:34:20 -- INFO -- For compound LWRJVVDEEAUXHT-UHFFFAOYSA-O, matching moves are [LWRJVVDEEAUXHT-UHFFFAOYSA-O-rxnAdd2_cpd09274_5_6-0, LWRJVVDEEAUXHT-UHFFFAOYSA-O-MNXR119309_MNXM1146_6-0, LWRJVVDEEAUXHT-UHFFFAOYSA-O-rxnAdd18_cpd08920_4_6-0, LWRJVVDEEAUXHT-UHFFFAOYSA-O-rxnAdd28_cpd08921_4_6-0, LWRJVVDEEAUXHT-UHFFFAOYSA-O-MNXR118719_MNXM2735_8-0, LWRJVVDEEAUXHT-UHFFFAOYSA-O-MNXR118690_MNXM1146_8-0, LWRJVVDEEAUXHT-UHFFFAOYSA-O-MNXR120374_MNXM24447_6-0, LWRJVVDEEAUXHT-UHFFFAOYSA-O-MNXR120373_MNXM24447_6-0, LWRJVVDEEAUXHT-UHFFFAOYSA-O-MNXR118691_MNXM1584_6-0, LWRJVVDEEAUXHT-UHFFFAOYSA-O-MNXR111460_MNXM20335_6-0]
16/07/2021 23:34:20 -- INFO -- Calculated moves in 2.2934184074401855 for compound LWRJVVDEEAUXHT-UHFFFAOYSA-O - without caching
16/07/2021 23:34:20 -- INFO -- Starting move obtention process with compound PGAVKCOVUIYSFO-UHFFFAOYSA-N ([H]Oc1nc(=O)n(C2([H])OC([H])(C([H])([H])OP(=O)(O[H])OP(=O)(O[H])OP(=O)(O[H])O[H])C([H])(O[H])C2([H])O[H])c([H])c1[H]) at 1626471260.5630395
16/07/2021 23:34:20 -- INFO -- 1329 available rules
16/07/2021 23:34:24 -- INFO -- For compound PGAVKCOVUIYSFO-UHFFFAOYSA-N, matching moves are [PGAVKCOVUIYSFO-UHFFFAOYSA-N-MNXR106729_MNXM423_6-0, PGAVKCOVUIYSFO-UHFFFAOYSA-N-MNXR106729_MNXM495_6-0, PGAVKCOVUIYSFO-UHFFFAOYSA-N-MNXR111799_MNXM6129_16-0, PGAVKCOVUIYSFO-UHFFFAOYSA-N-MNXR105328_MNXM423_6-0, PGAVKCOVUIYSFO-UHFFFAOYSA-N-MNXR105328_MNXM495_6-0, PGAVKCOVUIYSFO-UHFFFAOYSA-N-MNXR134292_MNXM423_6-0, PGAVKCOVUIYSFO-UHFFFAOYSA-N-MNXR119521_MNXM47_6-0, PGAVKCOVUIYSFO-UHFFFAOYSA-N-MNXR134292_MNXM495_6-0, PGAVKCOVUIYSFO-UHFFFAOYSA-N-MNXR97039_MNXM288_6-0, PGAVKCOVUIYSFO-UHFFFAOYSA-N-MNXR107788_MNXM423_6-0]
16/07/2021 23:34:24 -- INFO -- Calculated moves in 4.4154212474823 for compound PGAVKCOVUIYSFO-UHFFFAOYSA-N - without caching
16/07/2021 23:34:25 -- INFO -- Starting move obtention process with compound XTWYTFMLZFPYCI-UHFFFAOYSA-N ([H]OC1([H])C([H])(n2c([H])nc3c(N([H])[H])nc([H])nc32)OC([H])(C([H])([H])OP(=O)(O[H])OP(=O)(O[H])O[H])C1([H])O[H]) at 1626471265.0163515
16/07/2021 23:34:25 -- INFO -- 544 available rules
16/07/2021 23:34:25 -- INFO -- Self generating rule for compound XTWYTFMLZFPYCI-UHFFFAOYSA-N and rule MNXR111799_MNXM5568_16, set 0. Move is discarded in MainProcess
16/07/2021 23:34:26 -- INFO -- Self generating rule for compound XTWYTFMLZFPYCI-UHFFFAOYSA-N and rule MNXR111799_MNXM5568_14, set 0. Move is discarded in MainProcess
16/07/2021 23:34:27 -- INFO -- For compound XTWYTFMLZFPYCI-UHFFFAOYSA-N, matching moves are [XTWYTFMLZFPYCI-UHFFFAOYSA-N-MNXR106729_MNXM495_6-0, XTWYTFMLZFPYCI-UHFFFAOYSA-N-MNXR111798_MNXM5568_16-0, XTWYTFMLZFPYCI-UHFFFAOYSA-N-MNXR105328_MNXM495_6-0, XTWYTFMLZFPYCI-UHFFFAOYSA-N-MNXR134292_MNXM495_6-0, XTWYTFMLZFPYCI-UHFFFAOYSA-N-MNXR125040_MNXM1906_8-0, XTWYTFMLZFPYCI-UHFFFAOYSA-N-MNXR107788_MNXM495_6-0, XTWYTFMLZFPYCI-UHFFFAOYSA-N-MNXR105330_MNXM495_6-0, XTWYTFMLZFPYCI-UHFFFAOYSA-N-MNXR101883_MNXM8_8-0, XTWYTFMLZFPYCI-UHFFFAOYSA-N-MNXR95432_MNXM212_8-0, XTWYTFMLZFPYCI-UHFFFAOYSA-N-MNXR103374_MNXM495_8-0]
16/07/2021 23:34:27 -- INFO -- Calculated moves in 2.7546520233154297 for compound XTWYTFMLZFPYCI-UHFFFAOYSA-N - without caching
16/07/2021 23:34:27 -- INFO -- Pathway is found at iteration 183
16/07/2021 23:34:27 -- INFO -- Udapted solved Node 		Move name: LWRJVVDEEAUXHT-UHFFFAOYSA-O-rxnAdd28_cpd08921_4_6-0/ Biological score : 4.02/ Chemical score: 0.67
		Count: 1/ Score : 0/ Children: 0/ Terminal : True
		|CFFZDZCDUFSOFZ-UHFFFAOYSA-N- solved|CURLTUGMZLYLDI-UHFFFAOYSA-N|QCDYQQDYXPDABM-UHFFFAOYSA-N- solved|XCCTYIAWTASOJW-UHFFFAOYSA-N|XSZSLANVYCNEPE-UHFFFAOYSA-N| for the first time at iteration 183
16/07/2021 23:34:28 -- INFO -- Performing iteration 200 out of 1000
16/07/2021 23:34:28 -- INFO -- Adding a child with move XCCTYIAWTASOJW-UHFFFAOYSA-N-MNXR111798_MNXM5568_16-0 to node 
	Move name: ROQLTZUOXIQBDO-UHFFFAOYSA-O-MNXR111460_MNXM1584_6-0/ Biological score : 1.97/ Chemical score: 0.72
	Count: 8/ Score : 5.0/ Children: 5/ Terminal : False
	|LWRJVVDEEAUXHT-UHFFFAOYSA-O|XCCTYIAWTASOJW-UHFFFAOYSA-N|
16/07/2021 23:34:28 -- INFO -- Starting move obtention process with compound DJJCXFVJDGTHFX-UHFFFAOYSA-N ([H]Oc1nc(=O)n(C2([H])OC([H])(C([H])([H])OP(=O)(O[H])O[H])C([H])(O[H])C2([H])O[H])c([H])c1[H]) at 1626471268.2489707
16/07/2021 23:34:28 -- INFO -- 1226 available rules
16/07/2021 23:34:36 -- INFO -- For compound DJJCXFVJDGTHFX-UHFFFAOYSA-N, matching moves are [DJJCXFVJDGTHFX-UHFFFAOYSA-N-MNXR97039_MNXM288_6-0, DJJCXFVJDGTHFX-UHFFFAOYSA-N-MNXR119521_MNXM47_6-0, DJJCXFVJDGTHFX-UHFFFAOYSA-N-MNXR111792_MNXM6123_8-0, DJJCXFVJDGTHFX-UHFFFAOYSA-N-MNXR118559_MNXM114601_8-0, DJJCXFVJDGTHFX-UHFFFAOYSA-N-MNXR133927_MNXM38120_8-0, DJJCXFVJDGTHFX-UHFFFAOYSA-N-MNXR94932_MNXM288_6-0, DJJCXFVJDGTHFX-UHFFFAOYSA-N-MNXR107736_MNXM298_6-0, DJJCXFVJDGTHFX-UHFFFAOYSA-N-MNXR105161_MNXM288_8-0]
16/07/2021 23:34:36 -- INFO -- Calculated moves in 8.748601198196411 for compound DJJCXFVJDGTHFX-UHFFFAOYSA-N - without caching
16/07/2021 23:34:37 -- INFO -- Starting move obtention process with compound LWRJVVDEEAUXHT-UHFFFAOYSA-O ([H]OC(=O)C([H])([H])C(=O)OC([H])([H])C1([H])OC([H])(Oc2c(-c3c([H])c([H])c(O[H])c(O[H])c3[H])[o+]c3c([H])c(O[H])c([H])c(O[H])c3c2[H])C([H])(OC2([H])OC([H])(C([H])([H])O[H])C([H])(O[H])C([H])(O[H])C2([H])O[H])C([H])(O[H])C1([H])O[H]) at 1626471277.0165164
16/07/2021 23:34:37 -- INFO -- 337 available rules
16/07/2021 23:34:40 -- INFO -- For compound LWRJVVDEEAUXHT-UHFFFAOYSA-O, matching moves are [LWRJVVDEEAUXHT-UHFFFAOYSA-O-rxnAdd9_cpd09273_5_6-0, LWRJVVDEEAUXHT-UHFFFAOYSA-O-MNXR110563_MNXM1146_6-0, LWRJVVDEEAUXHT-UHFFFAOYSA-O-MNXR118719_MNXM2735_12-0, LWRJVVDEEAUXHT-UHFFFAOYSA-O-MNXR118690_MNXM1146_12-0, LWRJVVDEEAUXHT-UHFFFAOYSA-O-MNXR118692_MNXM1474_6-0, LWRJVVDEEAUXHT-UHFFFAOYSA-O-MNXR111462_MNXM8522_6-0, LWRJVVDEEAUXHT-UHFFFAOYSA-O-MNXR119279_MNXM22691_8-0, LWRJVVDEEAUXHT-UHFFFAOYSA-O-MNXR122054_MNXM1584_6-0, LWRJVVDEEAUXHT-UHFFFAOYSA-O-MNXR111460_MNXM1584_6-0, LWRJVVDEEAUXHT-UHFFFAOYSA-O-MNXR111468_MNXM5109_8-0]
16/07/2021 23:34:40 -- INFO -- Calculated moves in 3.0242459774017334 for compound LWRJVVDEEAUXHT-UHFFFAOYSA-O - without caching
16/07/2021 23:34:40 -- INFO -- Starting move obtention process with compound ZKHQWZAMYRWXGA-UHFFFAOYSA-N ([H]OC1([H])C([H])(n2c([H])nc3c(N([H])[H])nc([H])nc32)OC([H])(C([H])([H])OP(=O)(O[H])OP(=O)(O[H])OP(=O)(O[H])O[H])C1([H])O[H]) at 1626471280.0582047
16/07/2021 23:34:40 -- INFO -- 526 available rules
16/07/2021 23:34:40 -- INFO -- Self generating rule for compound ZKHQWZAMYRWXGA-UHFFFAOYSA-N and rule MNXR111799_MNXM6129_16, set 0. Move is discarded in MainProcess
16/07/2021 23:34:40 -- INFO -- Self generating rule for compound ZKHQWZAMYRWXGA-UHFFFAOYSA-N and rule MNXR111799_MNXM6129_14, set 0. Move is discarded in MainProcess
16/07/2021 23:34:41 -- INFO -- For compound ZKHQWZAMYRWXGA-UHFFFAOYSA-N, matching moves are [ZKHQWZAMYRWXGA-UHFFFAOYSA-N-MNXR106729_MNXM423_6-0, ZKHQWZAMYRWXGA-UHFFFAOYSA-N-MNXR106729_MNXM495_6-0, ZKHQWZAMYRWXGA-UHFFFAOYSA-N-MNXR105328_MNXM423_6-0, ZKHQWZAMYRWXGA-UHFFFAOYSA-N-MNXR105328_MNXM495_6-0, ZKHQWZAMYRWXGA-UHFFFAOYSA-N-MNXR125040_MNXM1906_8-0, ZKHQWZAMYRWXGA-UHFFFAOYSA-N-MNXR134292_MNXM423_6-0, ZKHQWZAMYRWXGA-UHFFFAOYSA-N-MNXR134292_MNXM495_6-0, ZKHQWZAMYRWXGA-UHFFFAOYSA-N-MNXR107788_MNXM423_6-0, ZKHQWZAMYRWXGA-UHFFFAOYSA-N-MNXR105330_MNXM423_6-0, ZKHQWZAMYRWXGA-UHFFFAOYSA-N-MNXR107788_MNXM495_6-0]
16/07/2021 23:34:41 -- INFO -- Calculated moves in 1.6791372299194336 for compound ZKHQWZAMYRWXGA-UHFFFAOYSA-N - without caching
16/07/2021 23:34:42 -- INFO -- Adding a child with move XCCTYIAWTASOJW-UHFFFAOYSA-N-MNXR105328_MNXM495_6-0 to node 
	Move name: ROQLTZUOXIQBDO-UHFFFAOYSA-O-MNXR111460_MNXM1584_6-0/ Biological score : 1.97/ Chemical score: 0.72
	Count: 9/ Score : 4.67/ Children: 6/ Terminal : False
	|LWRJVVDEEAUXHT-UHFFFAOYSA-O|XCCTYIAWTASOJW-UHFFFAOYSA-N|
16/07/2021 23:34:42 -- INFO -- Starting move obtention process with compound LWRJVVDEEAUXHT-UHFFFAOYSA-O ([H]OC(=O)C([H])([H])C(=O)OC([H])([H])C1([H])OC([H])(Oc2c(-c3c([H])c([H])c(O[H])c(O[H])c3[H])[o+]c3c([H])c(O[H])c([H])c(O[H])c3c2[H])C([H])(OC2([H])OC([H])(C([H])([H])O[H])C([H])(O[H])C([H])(O[H])C2([H])O[H])C([H])(O[H])C1([H])O[H]) at 1626471282.0694659
16/07/2021 23:34:42 -- INFO -- 337 available rules
16/07/2021 23:34:44 -- INFO -- For compound LWRJVVDEEAUXHT-UHFFFAOYSA-O, matching moves are [LWRJVVDEEAUXHT-UHFFFAOYSA-O-rxnAdd2_cpd09274_5_6-0, LWRJVVDEEAUXHT-UHFFFAOYSA-O-MNXR119309_MNXM1146_6-0, LWRJVVDEEAUXHT-UHFFFAOYSA-O-rxnAdd18_cpd08920_4_6-0, LWRJVVDEEAUXHT-UHFFFAOYSA-O-rxnAdd28_cpd08921_4_6-0, LWRJVVDEEAUXHT-UHFFFAOYSA-O-MNXR118719_MNXM2735_8-0, LWRJVVDEEAUXHT-UHFFFAOYSA-O-MNXR118690_MNXM1146_8-0, LWRJVVDEEAUXHT-UHFFFAOYSA-O-MNXR120374_MNXM24447_6-0, LWRJVVDEEAUXHT-UHFFFAOYSA-O-MNXR120373_MNXM24447_6-0, LWRJVVDEEAUXHT-UHFFFAOYSA-O-MNXR118691_MNXM1584_6-0, LWRJVVDEEAUXHT-UHFFFAOYSA-O-MNXR111460_MNXM20335_6-0]
16/07/2021 23:34:44 -- INFO -- Calculated moves in 2.3459439277648926 for compound LWRJVVDEEAUXHT-UHFFFAOYSA-O - without caching
16/07/2021 23:34:44 -- INFO -- Starting move obtention process with compound PGAVKCOVUIYSFO-UHFFFAOYSA-N ([H]Oc1nc(=O)n(C2([H])OC([H])(C([H])([H])OP(=O)(O[H])OP(=O)(O[H])OP(=O)(O[H])O[H])C([H])(O[H])C2([H])O[H])c([H])c1[H]) at 1626471284.433065
16/07/2021 23:34:44 -- INFO -- 1329 available rules
16/07/2021 23:34:48 -- INFO -- For compound PGAVKCOVUIYSFO-UHFFFAOYSA-N, matching moves are [PGAVKCOVUIYSFO-UHFFFAOYSA-N-MNXR106729_MNXM423_6-0, PGAVKCOVUIYSFO-UHFFFAOYSA-N-MNXR106729_MNXM495_6-0, PGAVKCOVUIYSFO-UHFFFAOYSA-N-MNXR111799_MNXM6129_16-0, PGAVKCOVUIYSFO-UHFFFAOYSA-N-MNXR105328_MNXM423_6-0, PGAVKCOVUIYSFO-UHFFFAOYSA-N-MNXR105328_MNXM495_6-0, PGAVKCOVUIYSFO-UHFFFAOYSA-N-MNXR134292_MNXM423_6-0, PGAVKCOVUIYSFO-UHFFFAOYSA-N-MNXR119521_MNXM47_6-0, PGAVKCOVUIYSFO-UHFFFAOYSA-N-MNXR134292_MNXM495_6-0, PGAVKCOVUIYSFO-UHFFFAOYSA-N-MNXR97039_MNXM288_6-0, PGAVKCOVUIYSFO-UHFFFAOYSA-N-MNXR107788_MNXM423_6-0]
16/07/2021 23:34:48 -- INFO -- Calculated moves in 4.340842247009277 for compound PGAVKCOVUIYSFO-UHFFFAOYSA-N - without caching
16/07/2021 23:34:48 -- INFO -- Pathway is found at iteration 229
16/07/2021 23:34:48 -- INFO -- Udapted solved Node 		Move name: XCCTYIAWTASOJW-UHFFFAOYSA-N-MNXR106729_MNXM495_6-0/ Biological score : 4.02/ Chemical score: 0.68
		Count: 1/ Score : 0/ Children: 0/ Terminal : True
		|LWRJVVDEEAUXHT-UHFFFAOYSA-O|PGAVKCOVUIYSFO-UHFFFAOYSA-N|RFSUNEUAIZKAJO-UHFFFAOYSA-N- solved| for the first time at iteration 229
16/07/2021 23:34:49 -- INFO -- Adding a child with move XCCTYIAWTASOJW-UHFFFAOYSA-N-MNXR134292_MNXM495_6-0 to node 
	Move name: ROQLTZUOXIQBDO-UHFFFAOYSA-O-MNXR111460_MNXM1584_6-0/ Biological score : 1.97/ Chemical score: 0.72
	Count: 10/ Score : 5.2/ Children: 7/ Terminal : False
	|LWRJVVDEEAUXHT-UHFFFAOYSA-O|XCCTYIAWTASOJW-UHFFFAOYSA-N|
16/07/2021 23:34:49 -- INFO -- Starting move obtention process with compound LWRJVVDEEAUXHT-UHFFFAOYSA-O ([H]OC(=O)C([H])([H])C(=O)OC([H])([H])C1([H])OC([H])(Oc2c(-c3c([H])c([H])c(O[H])c(O[H])c3[H])[o+]c3c([H])c(O[H])c([H])c(O[H])c3c2[H])C([H])(OC2([H])OC([H])(C([H])([H])O[H])C([H])(O[H])C([H])(O[H])C2([H])O[H])C([H])(O[H])C1([H])O[H]) at 1626471289.1264157
16/07/2021 23:34:49 -- INFO -- 337 available rules
16/07/2021 23:34:52 -- INFO -- For compound LWRJVVDEEAUXHT-UHFFFAOYSA-O, matching moves are [LWRJVVDEEAUXHT-UHFFFAOYSA-O-rxnAdd9_cpd09273_5_6-0, LWRJVVDEEAUXHT-UHFFFAOYSA-O-MNXR110563_MNXM1146_6-0, LWRJVVDEEAUXHT-UHFFFAOYSA-O-MNXR118719_MNXM2735_12-0, LWRJVVDEEAUXHT-UHFFFAOYSA-O-MNXR118690_MNXM1146_12-0, LWRJVVDEEAUXHT-UHFFFAOYSA-O-MNXR118692_MNXM1474_6-0, LWRJVVDEEAUXHT-UHFFFAOYSA-O-MNXR111462_MNXM8522_6-0, LWRJVVDEEAUXHT-UHFFFAOYSA-O-MNXR119279_MNXM22691_8-0, LWRJVVDEEAUXHT-UHFFFAOYSA-O-MNXR122054_MNXM1584_6-0, LWRJVVDEEAUXHT-UHFFFAOYSA-O-MNXR111460_MNXM1584_6-0, LWRJVVDEEAUXHT-UHFFFAOYSA-O-MNXR111468_MNXM5109_8-0]
16/07/2021 23:34:52 -- INFO -- Calculated moves in 2.913696050643921 for compound LWRJVVDEEAUXHT-UHFFFAOYSA-O - without caching
16/07/2021 23:34:52 -- INFO -- Starting move obtention process with compound PGAVKCOVUIYSFO-UHFFFAOYSA-N ([H]Oc1nc(=O)n(C2([H])OC([H])(C([H])([H])OP(=O)(O[H])OP(=O)(O[H])OP(=O)(O[H])O[H])C([H])(O[H])C2([H])O[H])c([H])c1[H]) at 1626471292.0550945
16/07/2021 23:34:52 -- INFO -- 1329 available rules
16/07/2021 23:34:56 -- INFO -- For compound PGAVKCOVUIYSFO-UHFFFAOYSA-N, matching moves are [PGAVKCOVUIYSFO-UHFFFAOYSA-N-MNXR106729_MNXM423_6-0, PGAVKCOVUIYSFO-UHFFFAOYSA-N-MNXR106729_MNXM495_6-0, PGAVKCOVUIYSFO-UHFFFAOYSA-N-MNXR111799_MNXM6129_16-0, PGAVKCOVUIYSFO-UHFFFAOYSA-N-MNXR105328_MNXM423_6-0, PGAVKCOVUIYSFO-UHFFFAOYSA-N-MNXR105328_MNXM495_6-0, PGAVKCOVUIYSFO-UHFFFAOYSA-N-MNXR134292_MNXM423_6-0, PGAVKCOVUIYSFO-UHFFFAOYSA-N-MNXR119521_MNXM47_6-0, PGAVKCOVUIYSFO-UHFFFAOYSA-N-MNXR134292_MNXM495_6-0, PGAVKCOVUIYSFO-UHFFFAOYSA-N-MNXR97039_MNXM288_6-0, PGAVKCOVUIYSFO-UHFFFAOYSA-N-MNXR107788_MNXM423_6-0]
16/07/2021 23:34:56 -- INFO -- Calculated moves in 4.270143747329712 for compound PGAVKCOVUIYSFO-UHFFFAOYSA-N - without caching
16/07/2021 23:34:56 -- INFO -- Adding a child with move LWRJVVDEEAUXHT-UHFFFAOYSA-O-MNXR118719_MNXM2735_8-0 to node 
	Move name: ROQLTZUOXIQBDO-UHFFFAOYSA-O-MNXR111460_MNXM1584_6-0/ Biological score : 1.97/ Chemical score: 0.72
	Count: 11/ Score : 4.91/ Children: 8/ Terminal : False
	|LWRJVVDEEAUXHT-UHFFFAOYSA-O|XCCTYIAWTASOJW-UHFFFAOYSA-N|
16/07/2021 23:34:56 -- INFO -- Starting move obtention process with compound WMCPQAHOVWETHQ-UHFFFAOYSA-O ([H]OC(=O)C([H])([H])C(=O)OC([H])([H])C1([H])OC([H])(Oc2c(-c3c([H])c([H])c(O[H])c(O[H])c3[H])oc3c([H])c(O[H])c([H])c(=O)c-3c2[H])C([H])(OC2([H])OC([H])(C([H])([H])[O+]=C(O[H])C([H])=C([H])c3c([H])c([H])c(O[H])c([H])c3[H])C([H])(O[H])C([H])(O[H])C2([H])O[H])C([H])(O[H])C1([H])O[H]) at 1626471296.7350295
16/07/2021 23:34:57 -- INFO -- 36 available rules
16/07/2021 23:34:57 -- INFO -- For compound WMCPQAHOVWETHQ-UHFFFAOYSA-O, matching moves are [WMCPQAHOVWETHQ-UHFFFAOYSA-O-MNXR118460_MNXM114555_8-0, WMCPQAHOVWETHQ-UHFFFAOYSA-O-MNXR118460_MNXM114555_6-0, WMCPQAHOVWETHQ-UHFFFAOYSA-O-MNXR118460_MNXM114555_6-1, WMCPQAHOVWETHQ-UHFFFAOYSA-O-MNXR118460_MNXM114555_6-3]
16/07/2021 23:34:57 -- INFO -- Calculated moves in 0.800551176071167 for compound WMCPQAHOVWETHQ-UHFFFAOYSA-O - without caching
16/07/2021 23:34:57 -- INFO -- Starting move obtention process with compound XCCTYIAWTASOJW-UHFFFAOYSA-N ([H]Oc1nc(=O)n(C2([H])OC([H])(C([H])([H])OP(=O)(O[H])OP(=O)(O[H])O[H])C([H])(O[H])C2([H])O[H])c([H])c1[H]) at 1626471297.5599735
16/07/2021 23:34:57 -- INFO -- 1324 available rules
16/07/2021 23:35:02 -- INFO -- For compound XCCTYIAWTASOJW-UHFFFAOYSA-N, matching moves are [XCCTYIAWTASOJW-UHFFFAOYSA-N-MNXR106729_MNXM495_6-0, XCCTYIAWTASOJW-UHFFFAOYSA-N-MNXR111799_MNXM5568_16-0, XCCTYIAWTASOJW-UHFFFAOYSA-N-MNXR111798_MNXM5568_16-0, XCCTYIAWTASOJW-UHFFFAOYSA-N-MNXR105328_MNXM495_6-0, XCCTYIAWTASOJW-UHFFFAOYSA-N-MNXR119521_MNXM47_6-0, XCCTYIAWTASOJW-UHFFFAOYSA-N-MNXR134292_MNXM495_6-0, XCCTYIAWTASOJW-UHFFFAOYSA-N-MNXR97039_MNXM288_6-0, XCCTYIAWTASOJW-UHFFFAOYSA-N-MNXR107788_MNXM495_6-0, XCCTYIAWTASOJW-UHFFFAOYSA-N-MNXR105330_MNXM495_6-0, XCCTYIAWTASOJW-UHFFFAOYSA-N-MNXR103374_MNXM495_8-0]
16/07/2021 23:35:02 -- INFO -- Calculated moves in 4.769951343536377 for compound XCCTYIAWTASOJW-UHFFFAOYSA-N - without caching
16/07/2021 23:35:02 -- INFO -- Starting move obtention process with compound LWRJVVDEEAUXHT-UHFFFAOYSA-O ([H]OC(=O)C([H])([H])C(=O)OC([H])([H])C1([H])OC([H])(Oc2c(-c3c([H])c([H])c(O[H])c(O[H])c3[H])[o+]c3c([H])c(O[H])c([H])c(O[H])c3c2[H])C([H])(OC2([H])OC([H])(C([H])([H])O[H])C([H])(O[H])C([H])(O[H])C2([H])O[H])C([H])(O[H])C1([H])O[H]) at 1626471302.3588042
16/07/2021 23:35:02 -- INFO -- 337 available rules
16/07/2021 23:35:04 -- INFO -- For compound LWRJVVDEEAUXHT-UHFFFAOYSA-O, matching moves are [LWRJVVDEEAUXHT-UHFFFAOYSA-O-rxnAdd2_cpd09274_5_6-0, LWRJVVDEEAUXHT-UHFFFAOYSA-O-MNXR119309_MNXM1146_6-0, LWRJVVDEEAUXHT-UHFFFAOYSA-O-rxnAdd18_cpd08920_4_6-0, LWRJVVDEEAUXHT-UHFFFAOYSA-O-rxnAdd28_cpd08921_4_6-0, LWRJVVDEEAUXHT-UHFFFAOYSA-O-MNXR118719_MNXM2735_8-0, LWRJVVDEEAUXHT-UHFFFAOYSA-O-MNXR118690_MNXM1146_8-0, LWRJVVDEEAUXHT-UHFFFAOYSA-O-MNXR120374_MNXM24447_6-0, LWRJVVDEEAUXHT-UHFFFAOYSA-O-MNXR120373_MNXM24447_6-0, LWRJVVDEEAUXHT-UHFFFAOYSA-O-MNXR118691_MNXM1584_6-0, LWRJVVDEEAUXHT-UHFFFAOYSA-O-MNXR111460_MNXM20335_6-0]
16/07/2021 23:35:04 -- INFO -- Calculated moves in 2.2561264038085938 for compound LWRJVVDEEAUXHT-UHFFFAOYSA-O - without caching
16/07/2021 23:35:04 -- INFO -- Starting move obtention process with compound PGAVKCOVUIYSFO-UHFFFAOYSA-N ([H]Oc1nc(=O)n(C2([H])OC([H])(C([H])([H])OP(=O)(O[H])OP(=O)(O[H])OP(=O)(O[H])O[H])C([H])(O[H])C2([H])O[H])c([H])c1[H]) at 1626471304.6289563
16/07/2021 23:35:05 -- INFO -- 1319 available rules
16/07/2021 23:35:09 -- INFO -- For compound PGAVKCOVUIYSFO-UHFFFAOYSA-N, matching moves are [PGAVKCOVUIYSFO-UHFFFAOYSA-N-MNXR106729_MNXM423_8-0, PGAVKCOVUIYSFO-UHFFFAOYSA-N-MNXR106729_MNXM495_8-0, PGAVKCOVUIYSFO-UHFFFAOYSA-N-MNXR134292_MNXM423_8-0, PGAVKCOVUIYSFO-UHFFFAOYSA-N-MNXR134292_MNXM495_8-0, PGAVKCOVUIYSFO-UHFFFAOYSA-N-MNXR111799_MNXM6129_14-0, PGAVKCOVUIYSFO-UHFFFAOYSA-N-MNXR105330_MNXM423_6-0, PGAVKCOVUIYSFO-UHFFFAOYSA-N-MNXR118559_MNXM38144_8-0, PGAVKCOVUIYSFO-UHFFFAOYSA-N-MNXR107788_MNXM423_8-0, PGAVKCOVUIYSFO-UHFFFAOYSA-N-MNXR105328_MNXM423_8-0, PGAVKCOVUIYSFO-UHFFFAOYSA-N-MNXR107788_MNXM495_6-0]
16/07/2021 23:35:09 -- INFO -- Calculated moves in 4.451775074005127 for compound PGAVKCOVUIYSFO-UHFFFAOYSA-N - without caching
16/07/2021 23:35:09 -- INFO -- Starting move obtention process with compound XTWYTFMLZFPYCI-UHFFFAOYSA-N ([H]OC1([H])C([H])(n2c([H])nc3c(N([H])[H])nc([H])nc32)OC([H])(C([H])([H])OP(=O)(O[H])OP(=O)(O[H])O[H])C1([H])O[H]) at 1626471309.1044362
16/07/2021 23:35:09 -- INFO -- 534 available rules
16/07/2021 23:35:09 -- INFO -- Self generating rule for compound XTWYTFMLZFPYCI-UHFFFAOYSA-N and rule MNXR111799_MNXM5568_16, set 0. Move is discarded in MainProcess
16/07/2021 23:35:09 -- INFO -- Self generating rule for compound XTWYTFMLZFPYCI-UHFFFAOYSA-N and rule MNXR111799_MNXM5568_14, set 0. Move is discarded in MainProcess
16/07/2021 23:35:11 -- INFO -- For compound XTWYTFMLZFPYCI-UHFFFAOYSA-N, matching moves are [XTWYTFMLZFPYCI-UHFFFAOYSA-N-MNXR106729_MNXM495_8-0, XTWYTFMLZFPYCI-UHFFFAOYSA-N-MNXR111798_MNXM5568_6-0, XTWYTFMLZFPYCI-UHFFFAOYSA-N-MNXR134292_MNXM495_8-0, XTWYTFMLZFPYCI-UHFFFAOYSA-N-MNXR125040_MNXM1906_6-0, XTWYTFMLZFPYCI-UHFFFAOYSA-N-MNXR107788_MNXM495_8-0, XTWYTFMLZFPYCI-UHFFFAOYSA-N-MNXR105330_MNXM495_8-0, XTWYTFMLZFPYCI-UHFFFAOYSA-N-MNXR105328_MNXM495_8-0, XTWYTFMLZFPYCI-UHFFFAOYSA-N-MNXR101883_MNXM8_6-0, XTWYTFMLZFPYCI-UHFFFAOYSA-N-MNXR95432_MNXM212_6-0, XTWYTFMLZFPYCI-UHFFFAOYSA-N-MNXR103374_MNXM495_6-0]
16/07/2021 23:35:11 -- INFO -- Calculated moves in 2.2887179851531982 for compound XTWYTFMLZFPYCI-UHFFFAOYSA-N - without caching
16/07/2021 23:35:11 -- INFO -- Starting move obtention process with compound LWRJVVDEEAUXHT-UHFFFAOYSA-O ([H]OC(=O)C([H])([H])C(=O)OC([H])([H])C1([H])OC([H])(Oc2c(-c3c([H])c([H])c(O[H])c(O[H])c3[H])[o+]c3c([H])c(O[H])c([H])c(O[H])c3c2[H])C([H])(OC2([H])OC([H])(C([H])([H])O[H])C([H])(O[H])C([H])(O[H])C2([H])O[H])C([H])(O[H])C1([H])O[H]) at 1626471311.4318004
16/07/2021 23:35:11 -- INFO -- 337 available rules
16/07/2021 23:35:14 -- INFO -- For compound LWRJVVDEEAUXHT-UHFFFAOYSA-O, matching moves are [LWRJVVDEEAUXHT-UHFFFAOYSA-O-rxnAdd9_cpd09273_5_6-0, LWRJVVDEEAUXHT-UHFFFAOYSA-O-MNXR110563_MNXM1146_6-0, LWRJVVDEEAUXHT-UHFFFAOYSA-O-MNXR118719_MNXM2735_12-0, LWRJVVDEEAUXHT-UHFFFAOYSA-O-MNXR118690_MNXM1146_12-0, LWRJVVDEEAUXHT-UHFFFAOYSA-O-MNXR118692_MNXM1474_6-0, LWRJVVDEEAUXHT-UHFFFAOYSA-O-MNXR111462_MNXM8522_6-0, LWRJVVDEEAUXHT-UHFFFAOYSA-O-MNXR119279_MNXM22691_8-0, LWRJVVDEEAUXHT-UHFFFAOYSA-O-MNXR122054_MNXM1584_6-0, LWRJVVDEEAUXHT-UHFFFAOYSA-O-MNXR111460_MNXM1584_6-0, LWRJVVDEEAUXHT-UHFFFAOYSA-O-MNXR111468_MNXM5109_8-0]
16/07/2021 23:35:14 -- INFO -- Calculated moves in 2.916350841522217 for compound LWRJVVDEEAUXHT-UHFFFAOYSA-O - without caching
16/07/2021 23:35:14 -- INFO -- Starting move obtention process with compound XCCTYIAWTASOJW-UHFFFAOYSA-N ([H]Oc1nc(=O)n(C2([H])OC([H])(C([H])([H])OP(=O)(O[H])OP(=O)(O[H])O[H])C([H])(O[H])C2([H])O[H])c([H])c1[H]) at 1626471314.3638852
16/07/2021 23:35:14 -- INFO -- 1334 available rules
16/07/2021 23:35:19 -- INFO -- For compound XCCTYIAWTASOJW-UHFFFAOYSA-N, matching moves are [XCCTYIAWTASOJW-UHFFFAOYSA-N-MNXR106729_MNXM495_6-0, XCCTYIAWTASOJW-UHFFFAOYSA-N-MNXR111799_MNXM5568_16-0, XCCTYIAWTASOJW-UHFFFAOYSA-N-MNXR111798_MNXM5568_16-0, XCCTYIAWTASOJW-UHFFFAOYSA-N-MNXR105328_MNXM495_6-0, XCCTYIAWTASOJW-UHFFFAOYSA-N-MNXR119521_MNXM47_6-0, XCCTYIAWTASOJW-UHFFFAOYSA-N-MNXR134292_MNXM495_6-0, XCCTYIAWTASOJW-UHFFFAOYSA-N-MNXR97039_MNXM288_6-0, XCCTYIAWTASOJW-UHFFFAOYSA-N-MNXR107788_MNXM495_6-0, XCCTYIAWTASOJW-UHFFFAOYSA-N-MNXR105330_MNXM495_6-0, XCCTYIAWTASOJW-UHFFFAOYSA-N-MNXR103374_MNXM495_8-0]
16/07/2021 23:35:19 -- INFO -- Calculated moves in 5.095311880111694 for compound XCCTYIAWTASOJW-UHFFFAOYSA-N - without caching
16/07/2021 23:35:19 -- INFO -- Starting move obtention process with compound XTWYTFMLZFPYCI-UHFFFAOYSA-N ([H]OC1([H])C([H])(n2c([H])nc3c(N([H])[H])nc([H])nc32)OC([H])(C([H])([H])OP(=O)(O[H])OP(=O)(O[H])O[H])C1([H])O[H]) at 1626471319.4819307
16/07/2021 23:35:19 -- INFO -- 534 available rules
16/07/2021 23:35:20 -- INFO -- Self generating rule for compound XTWYTFMLZFPYCI-UHFFFAOYSA-N and rule MNXR111799_MNXM5568_16, set 0. Move is discarded in MainProcess
16/07/2021 23:35:20 -- INFO -- Self generating rule for compound XTWYTFMLZFPYCI-UHFFFAOYSA-N and rule MNXR111799_MNXM5568_14, set 0. Move is discarded in MainProcess
16/07/2021 23:35:21 -- INFO -- For compound XTWYTFMLZFPYCI-UHFFFAOYSA-N, matching moves are [XTWYTFMLZFPYCI-UHFFFAOYSA-N-MNXR106729_MNXM495_6-0, XTWYTFMLZFPYCI-UHFFFAOYSA-N-MNXR111798_MNXM5568_16-0, XTWYTFMLZFPYCI-UHFFFAOYSA-N-MNXR105328_MNXM495_6-0, XTWYTFMLZFPYCI-UHFFFAOYSA-N-MNXR134292_MNXM495_6-0, XTWYTFMLZFPYCI-UHFFFAOYSA-N-MNXR125040_MNXM1906_8-0, XTWYTFMLZFPYCI-UHFFFAOYSA-N-MNXR107788_MNXM495_6-0, XTWYTFMLZFPYCI-UHFFFAOYSA-N-MNXR105330_MNXM495_6-0, XTWYTFMLZFPYCI-UHFFFAOYSA-N-MNXR101883_MNXM8_8-0, XTWYTFMLZFPYCI-UHFFFAOYSA-N-MNXR95432_MNXM212_8-0, XTWYTFMLZFPYCI-UHFFFAOYSA-N-MNXR103374_MNXM495_8-0]
16/07/2021 23:35:21 -- INFO -- Calculated moves in 2.2616994380950928 for compound XTWYTFMLZFPYCI-UHFFFAOYSA-N - without caching
16/07/2021 23:35:21 -- INFO -- Rollout results are 2, True
16/07/2021 23:35:21 -- INFO -- Udapted solved Node 		Move name: XCCTYIAWTASOJW-UHFFFAOYSA-N-MNXR111799_MNXM5568_16-0/ Biological score : 3.11/ Chemical score: 0.61
		Count: 1/ Score : 0/ Children: 0/ Terminal : False
		|LWRJVVDEEAUXHT-UHFFFAOYSA-O|PGAVKCOVUIYSFO-UHFFFAOYSA-N|XTWYTFMLZFPYCI-UHFFFAOYSA-N| for the first time at iteration 273
16/07/2021 23:35:22 -- INFO -- Adding a child with move LWRJVVDEEAUXHT-UHFFFAOYSA-O-rxnAdd2_cpd09274_5_6-0 to node 
		Move name: XCCTYIAWTASOJW-UHFFFAOYSA-N-MNXR111799_MNXM5568_16-0/ Biological score : 3.11/ Chemical score: 0.61
		Count: 1/ Score : 2.0/ Children: 0/ Terminal : False
		|LWRJVVDEEAUXHT-UHFFFAOYSA-O|PGAVKCOVUIYSFO-UHFFFAOYSA-N|XTWYTFMLZFPYCI-UHFFFAOYSA-N|
16/07/2021 23:35:22 -- INFO -- Starting move obtention process with compound PGAVKCOVUIYSFO-UHFFFAOYSA-N ([H]Oc1nc(=O)n(C2([H])OC([H])(C([H])([H])OP(=O)(O[H])OP(=O)(O[H])OP(=O)(O[H])O[H])C([H])(O[H])C2([H])O[H])c([H])c1[H]) at 1626471322.164755
16/07/2021 23:35:22 -- INFO -- 1319 available rules
16/07/2021 23:35:26 -- INFO -- For compound PGAVKCOVUIYSFO-UHFFFAOYSA-N, matching moves are [PGAVKCOVUIYSFO-UHFFFAOYSA-N-MNXR106729_MNXM423_6-0, PGAVKCOVUIYSFO-UHFFFAOYSA-N-MNXR106729_MNXM495_6-0, PGAVKCOVUIYSFO-UHFFFAOYSA-N-MNXR111799_MNXM6129_16-0, PGAVKCOVUIYSFO-UHFFFAOYSA-N-MNXR105328_MNXM423_6-0, PGAVKCOVUIYSFO-UHFFFAOYSA-N-MNXR105328_MNXM495_6-0, PGAVKCOVUIYSFO-UHFFFAOYSA-N-MNXR134292_MNXM423_6-0, PGAVKCOVUIYSFO-UHFFFAOYSA-N-MNXR119521_MNXM47_6-0, PGAVKCOVUIYSFO-UHFFFAOYSA-N-MNXR134292_MNXM495_6-0, PGAVKCOVUIYSFO-UHFFFAOYSA-N-MNXR97039_MNXM288_6-0, PGAVKCOVUIYSFO-UHFFFAOYSA-N-MNXR107788_MNXM423_6-0]
16/07/2021 23:35:26 -- INFO -- Calculated moves in 4.073588609695435 for compound PGAVKCOVUIYSFO-UHFFFAOYSA-N - without caching
16/07/2021 23:35:26 -- INFO -- Starting move obtention process with compound XTWYTFMLZFPYCI-UHFFFAOYSA-N ([H]OC1([H])C([H])(n2c([H])nc3c(N([H])[H])nc([H])nc32)OC([H])(C([H])([H])OP(=O)(O[H])OP(=O)(O[H])O[H])C1([H])O[H]) at 1626471326.2691894
16/07/2021 23:35:26 -- INFO -- 534 available rules
16/07/2021 23:35:26 -- INFO -- Self generating rule for compound XTWYTFMLZFPYCI-UHFFFAOYSA-N and rule MNXR111799_MNXM5568_16, set 0. Move is discarded in MainProcess
16/07/2021 23:35:27 -- INFO -- Self generating rule for compound XTWYTFMLZFPYCI-UHFFFAOYSA-N and rule MNXR111799_MNXM5568_14, set 0. Move is discarded in MainProcess
16/07/2021 23:35:28 -- INFO -- For compound XTWYTFMLZFPYCI-UHFFFAOYSA-N, matching moves are [XTWYTFMLZFPYCI-UHFFFAOYSA-N-MNXR106729_MNXM495_8-0, XTWYTFMLZFPYCI-UHFFFAOYSA-N-MNXR111798_MNXM5568_6-0, XTWYTFMLZFPYCI-UHFFFAOYSA-N-MNXR134292_MNXM495_8-0, XTWYTFMLZFPYCI-UHFFFAOYSA-N-MNXR125040_MNXM1906_6-0, XTWYTFMLZFPYCI-UHFFFAOYSA-N-MNXR107788_MNXM495_8-0, XTWYTFMLZFPYCI-UHFFFAOYSA-N-MNXR105330_MNXM495_8-0, XTWYTFMLZFPYCI-UHFFFAOYSA-N-MNXR105328_MNXM495_8-0, XTWYTFMLZFPYCI-UHFFFAOYSA-N-MNXR101883_MNXM8_6-0, XTWYTFMLZFPYCI-UHFFFAOYSA-N-MNXR95432_MNXM212_6-0, XTWYTFMLZFPYCI-UHFFFAOYSA-N-MNXR103374_MNXM495_6-0]
16/07/2021 23:35:28 -- INFO -- Calculated moves in 2.2882657051086426 for compound XTWYTFMLZFPYCI-UHFFFAOYSA-N - without caching
16/07/2021 23:35:28 -- INFO -- Pathway is found at iteration 295
16/07/2021 23:35:28 -- INFO -- Udapted solved Node 			Move name: LWRJVVDEEAUXHT-UHFFFAOYSA-O-rxnAdd2_cpd09274_5_6-0/ Biological score : 4.02/ Chemical score: 0.9
			Count: 1/ Score : 0/ Children: 0/ Terminal : True
			|BJEPYKJPYRNKOW-UHFFFAOYSA-N- solved|HIWPGCMGAMJNRG-UHFFFAOYSA-N- solved|PGAVKCOVUIYSFO-UHFFFAOYSA-N|VEVZSMAEJFVWIL-UHFFFAOYSA-O- solved|XTWYTFMLZFPYCI-UHFFFAOYSA-N| for the first time at iteration 295
16/07/2021 23:35:28 -- INFO -- Performing iteration 300 out of 1000
16/07/2021 23:35:28 -- INFO -- Adding a child with move LWRJVVDEEAUXHT-UHFFFAOYSA-O-rxnAdd9_cpd09273_5_6-0 to node 
		Move name: XCCTYIAWTASOJW-UHFFFAOYSA-N-MNXR111798_MNXM5568_16-0/ Biological score : 3.11/ Chemical score: 0.61
		Count: 0/ Score : 0/ Children: 0/ Terminal : False
		|DJJCXFVJDGTHFX-UHFFFAOYSA-N|LWRJVVDEEAUXHT-UHFFFAOYSA-O|ZKHQWZAMYRWXGA-UHFFFAOYSA-N|
16/07/2021 23:35:29 -- INFO -- Starting move obtention process with compound DJJCXFVJDGTHFX-UHFFFAOYSA-N ([H]Oc1nc(=O)n(C2([H])OC([H])(C([H])([H])OP(=O)(O[H])O[H])C([H])(O[H])C2([H])O[H])c([H])c1[H]) at 1626471329.1164024
16/07/2021 23:35:29 -- INFO -- 1218 available rules
16/07/2021 23:35:36 -- INFO -- For compound DJJCXFVJDGTHFX-UHFFFAOYSA-N, matching moves are [DJJCXFVJDGTHFX-UHFFFAOYSA-N-MNXR118559_MNXM114601_6-0, DJJCXFVJDGTHFX-UHFFFAOYSA-N-MNXR97207_MNXM492_6-0, DJJCXFVJDGTHFX-UHFFFAOYSA-N-MNXR111792_MNXM6123_12-0, DJJCXFVJDGTHFX-UHFFFAOYSA-N-MNXR133927_MNXM38120_6-0, DJJCXFVJDGTHFX-UHFFFAOYSA-N-MNXR94932_MNXM288_8-0, DJJCXFVJDGTHFX-UHFFFAOYSA-N-MNXR107736_MNXM298_8-0, DJJCXFVJDGTHFX-UHFFFAOYSA-N-MNXR105161_MNXM288_6-0]
16/07/2021 23:35:36 -- INFO -- Calculated moves in 7.743377923965454 for compound DJJCXFVJDGTHFX-UHFFFAOYSA-N - without caching
16/07/2021 23:35:36 -- INFO -- Starting move obtention process with compound ZKHQWZAMYRWXGA-UHFFFAOYSA-N ([H]OC1([H])C([H])(n2c([H])nc3c(N([H])[H])nc([H])nc32)OC([H])(C([H])([H])OP(=O)(O[H])OP(=O)(O[H])OP(=O)(O[H])O[H])C1([H])O[H]) at 1626471336.9053457
16/07/2021 23:35:37 -- INFO -- 516 available rules
16/07/2021 23:35:37 -- INFO -- Self generating rule for compound ZKHQWZAMYRWXGA-UHFFFAOYSA-N and rule MNXR111799_MNXM6129_16, set 0. Move is discarded in MainProcess
16/07/2021 23:35:37 -- INFO -- Self generating rule for compound ZKHQWZAMYRWXGA-UHFFFAOYSA-N and rule MNXR111799_MNXM6129_14, set 0. Move is discarded in MainProcess
16/07/2021 23:35:38 -- INFO -- For compound ZKHQWZAMYRWXGA-UHFFFAOYSA-N, matching moves are [ZKHQWZAMYRWXGA-UHFFFAOYSA-N-MNXR106729_MNXM423_8-0, ZKHQWZAMYRWXGA-UHFFFAOYSA-N-MNXR106729_MNXM495_8-0, ZKHQWZAMYRWXGA-UHFFFAOYSA-N-MNXR125040_MNXM1906_6-0, ZKHQWZAMYRWXGA-UHFFFAOYSA-N-MNXR134292_MNXM423_8-0, ZKHQWZAMYRWXGA-UHFFFAOYSA-N-MNXR134292_MNXM495_8-0, ZKHQWZAMYRWXGA-UHFFFAOYSA-N-MNXR107788_MNXM423_8-0, ZKHQWZAMYRWXGA-UHFFFAOYSA-N-MNXR105330_MNXM423_8-0, ZKHQWZAMYRWXGA-UHFFFAOYSA-N-MNXR105328_MNXM423_8-0, ZKHQWZAMYRWXGA-UHFFFAOYSA-N-MNXR105330_MNXM495_6-0, ZKHQWZAMYRWXGA-UHFFFAOYSA-N-MNXR107788_MNXM495_8-0]
16/07/2021 23:35:38 -- INFO -- Calculated moves in 1.4791843891143799 for compound ZKHQWZAMYRWXGA-UHFFFAOYSA-N - without caching
16/07/2021 23:35:38 -- INFO -- Pathway is found at iteration 317
16/07/2021 23:35:38 -- INFO -- Udapted solved Node 			Move name: LWRJVVDEEAUXHT-UHFFFAOYSA-O-rxnAdd9_cpd09273_5_6-0/ Biological score : 4.02/ Chemical score: 0.87
			Count: 1/ Score : 0/ Children: 0/ Terminal : True
			|BJEPYKJPYRNKOW-UHFFFAOYSA-N- solved|DJJCXFVJDGTHFX-UHFFFAOYSA-N|HIWPGCMGAMJNRG-UHFFFAOYSA-N- solved|VEVZSMAEJFVWIL-UHFFFAOYSA-O- solved|ZKHQWZAMYRWXGA-UHFFFAOYSA-N| for the first time at iteration 317
16/07/2021 23:35:38 -- INFO -- Udapted solved Node 		Move name: XCCTYIAWTASOJW-UHFFFAOYSA-N-MNXR111798_MNXM5568_16-0/ Biological score : 3.11/ Chemical score: 0.61
		Count: 1/ Score : 0/ Children: 1/ Terminal : False
		|DJJCXFVJDGTHFX-UHFFFAOYSA-N|LWRJVVDEEAUXHT-UHFFFAOYSA-O|ZKHQWZAMYRWXGA-UHFFFAOYSA-N| for the first time at iteration 317
16/07/2021 23:35:38 -- INFO -- Looping move in node |DJJCXFVJDGTHFX-UHFFFAOYSA-N|LWRJVVDEEAUXHT-UHFFFAOYSA-O|ZKHQWZAMYRWXGA-UHFFFAOYSA-N|-2 for move LWRJVVDEEAUXHT-UHFFFAOYSA-O-MNXR110563_MNXM1146_6-0
16/07/2021 23:35:38 -- INFO -- Starting move obtention process with compound DJJCXFVJDGTHFX-UHFFFAOYSA-N ([H]Oc1nc(=O)n(C2([H])OC([H])(C([H])([H])OP(=O)(O[H])O[H])C([H])(O[H])C2([H])O[H])c([H])c1[H]) at 1626471338.816983
16/07/2021 23:35:39 -- INFO -- 1219 available rules
16/07/2021 23:35:46 -- INFO -- For compound DJJCXFVJDGTHFX-UHFFFAOYSA-N, matching moves are [DJJCXFVJDGTHFX-UHFFFAOYSA-N-MNXR97039_MNXM288_6-0, DJJCXFVJDGTHFX-UHFFFAOYSA-N-MNXR119521_MNXM47_6-0, DJJCXFVJDGTHFX-UHFFFAOYSA-N-MNXR111792_MNXM6123_8-0, DJJCXFVJDGTHFX-UHFFFAOYSA-N-MNXR118559_MNXM114601_8-0, DJJCXFVJDGTHFX-UHFFFAOYSA-N-MNXR133927_MNXM38120_8-0, DJJCXFVJDGTHFX-UHFFFAOYSA-N-MNXR94932_MNXM288_6-0, DJJCXFVJDGTHFX-UHFFFAOYSA-N-MNXR107736_MNXM298_6-0, DJJCXFVJDGTHFX-UHFFFAOYSA-N-MNXR105161_MNXM288_8-0]
16/07/2021 23:35:46 -- INFO -- Calculated moves in 8.036551237106323 for compound DJJCXFVJDGTHFX-UHFFFAOYSA-N - without caching
16/07/2021 23:35:46 -- INFO -- Starting move obtention process with compound LWRJVVDEEAUXHT-UHFFFAOYSA-O ([H]OC(=O)C([H])([H])C(=O)OC([H])([H])C1([H])OC([H])(Oc2c(-c3c([H])c([H])c(O[H])c(O[H])c3[H])[o+]c3c([H])c(O[H])c([H])c(O[H])c3c2[H])C([H])(OC2([H])OC([H])(C([H])([H])O[H])C([H])(O[H])C([H])(O[H])C2([H])O[H])C([H])(O[H])C1([H])O[H]) at 1626471346.8754466
16/07/2021 23:35:47 -- INFO -- 337 available rules
16/07/2021 23:35:49 -- INFO -- For compound LWRJVVDEEAUXHT-UHFFFAOYSA-O, matching moves are [LWRJVVDEEAUXHT-UHFFFAOYSA-O-rxnAdd2_cpd09274_5_6-0, LWRJVVDEEAUXHT-UHFFFAOYSA-O-MNXR119309_MNXM1146_6-0, LWRJVVDEEAUXHT-UHFFFAOYSA-O-rxnAdd18_cpd08920_4_6-0, LWRJVVDEEAUXHT-UHFFFAOYSA-O-rxnAdd28_cpd08921_4_6-0, LWRJVVDEEAUXHT-UHFFFAOYSA-O-MNXR118719_MNXM2735_8-0, LWRJVVDEEAUXHT-UHFFFAOYSA-O-MNXR118690_MNXM1146_8-0, LWRJVVDEEAUXHT-UHFFFAOYSA-O-MNXR120374_MNXM24447_6-0, LWRJVVDEEAUXHT-UHFFFAOYSA-O-MNXR120373_MNXM24447_6-0, LWRJVVDEEAUXHT-UHFFFAOYSA-O-MNXR118691_MNXM1584_6-0, LWRJVVDEEAUXHT-UHFFFAOYSA-O-MNXR111460_MNXM20335_6-0]
16/07/2021 23:35:49 -- INFO -- Calculated moves in 2.3084211349487305 for compound LWRJVVDEEAUXHT-UHFFFAOYSA-O - without caching
16/07/2021 23:35:49 -- INFO -- Starting move obtention process with compound ZKHQWZAMYRWXGA-UHFFFAOYSA-N ([H]OC1([H])C([H])(n2c([H])nc3c(N([H])[H])nc([H])nc32)OC([H])(C([H])([H])OP(=O)(O[H])OP(=O)(O[H])OP(=O)(O[H])O[H])C1([H])O[H]) at 1626471349.1989815
16/07/2021 23:35:49 -- INFO -- 516 available rules
16/07/2021 23:35:49 -- INFO -- Self generating rule for compound ZKHQWZAMYRWXGA-UHFFFAOYSA-N and rule MNXR111799_MNXM6129_16, set 0. Move is discarded in MainProcess
16/07/2021 23:35:50 -- INFO -- Self generating rule for compound ZKHQWZAMYRWXGA-UHFFFAOYSA-N and rule MNXR111799_MNXM6129_14, set 0. Move is discarded in MainProcess
16/07/2021 23:35:50 -- INFO -- For compound ZKHQWZAMYRWXGA-UHFFFAOYSA-N, matching moves are [ZKHQWZAMYRWXGA-UHFFFAOYSA-N-MNXR106729_MNXM423_6-0, ZKHQWZAMYRWXGA-UHFFFAOYSA-N-MNXR106729_MNXM495_6-0, ZKHQWZAMYRWXGA-UHFFFAOYSA-N-MNXR105328_MNXM423_6-0, ZKHQWZAMYRWXGA-UHFFFAOYSA-N-MNXR105328_MNXM495_6-0, ZKHQWZAMYRWXGA-UHFFFAOYSA-N-MNXR125040_MNXM1906_8-0, ZKHQWZAMYRWXGA-UHFFFAOYSA-N-MNXR134292_MNXM423_6-0, ZKHQWZAMYRWXGA-UHFFFAOYSA-N-MNXR134292_MNXM495_6-0, ZKHQWZAMYRWXGA-UHFFFAOYSA-N-MNXR107788_MNXM423_6-0, ZKHQWZAMYRWXGA-UHFFFAOYSA-N-MNXR105330_MNXM423_6-0, ZKHQWZAMYRWXGA-UHFFFAOYSA-N-MNXR107788_MNXM495_6-0]
16/07/2021 23:35:50 -- INFO -- Calculated moves in 1.3961493968963623 for compound ZKHQWZAMYRWXGA-UHFFFAOYSA-N - without caching
16/07/2021 23:35:50 -- INFO -- Starting move obtention process with compound DJJCXFVJDGTHFX-UHFFFAOYSA-N ([H]Oc1nc(=O)n(C2([H])OC([H])(C([H])([H])OP(=O)(O[H])O[H])C([H])(O[H])C2([H])O[H])c([H])c1[H]) at 1626471350.6493425
16/07/2021 23:35:51 -- INFO -- 1218 available rules
16/07/2021 23:35:58 -- INFO -- For compound DJJCXFVJDGTHFX-UHFFFAOYSA-N, matching moves are [DJJCXFVJDGTHFX-UHFFFAOYSA-N-MNXR118559_MNXM114601_6-0, DJJCXFVJDGTHFX-UHFFFAOYSA-N-MNXR97207_MNXM492_6-0, DJJCXFVJDGTHFX-UHFFFAOYSA-N-MNXR111792_MNXM6123_12-0, DJJCXFVJDGTHFX-UHFFFAOYSA-N-MNXR133927_MNXM38120_6-0, DJJCXFVJDGTHFX-UHFFFAOYSA-N-MNXR94932_MNXM288_8-0, DJJCXFVJDGTHFX-UHFFFAOYSA-N-MNXR107736_MNXM298_8-0, DJJCXFVJDGTHFX-UHFFFAOYSA-N-MNXR105161_MNXM288_6-0]
16/07/2021 23:35:58 -- INFO -- Calculated moves in 8.11849045753479 for compound DJJCXFVJDGTHFX-UHFFFAOYSA-N - without caching
16/07/2021 23:35:58 -- INFO -- Starting move obtention process with compound LWRJVVDEEAUXHT-UHFFFAOYSA-O ([H]OC(=O)C([H])([H])C(=O)OC([H])([H])C1([H])OC([H])(Oc2c(-c3c([H])c([H])c(O[H])c(O[H])c3[H])[o+]c3c([H])c(O[H])c([H])c(O[H])c3c2[H])C([H])(OC2([H])OC([H])(C([H])([H])O[H])C([H])(O[H])C([H])(O[H])C2([H])O[H])C([H])(O[H])C1([H])O[H]) at 1626471358.7926712
16/07/2021 23:35:59 -- INFO -- 337 available rules
16/07/2021 23:36:01 -- INFO -- For compound LWRJVVDEEAUXHT-UHFFFAOYSA-O, matching moves are [LWRJVVDEEAUXHT-UHFFFAOYSA-O-rxnAdd9_cpd09273_5_6-0, LWRJVVDEEAUXHT-UHFFFAOYSA-O-MNXR110563_MNXM1146_6-0, LWRJVVDEEAUXHT-UHFFFAOYSA-O-MNXR118719_MNXM2735_12-0, LWRJVVDEEAUXHT-UHFFFAOYSA-O-MNXR118690_MNXM1146_12-0, LWRJVVDEEAUXHT-UHFFFAOYSA-O-MNXR118692_MNXM1474_6-0, LWRJVVDEEAUXHT-UHFFFAOYSA-O-MNXR111462_MNXM8522_6-0, LWRJVVDEEAUXHT-UHFFFAOYSA-O-MNXR119279_MNXM22691_8-0, LWRJVVDEEAUXHT-UHFFFAOYSA-O-MNXR122054_MNXM1584_6-0, LWRJVVDEEAUXHT-UHFFFAOYSA-O-MNXR111460_MNXM1584_6-0, LWRJVVDEEAUXHT-UHFFFAOYSA-O-MNXR111468_MNXM5109_8-0]
16/07/2021 23:36:01 -- INFO -- Calculated moves in 2.976187229156494 for compound LWRJVVDEEAUXHT-UHFFFAOYSA-O - without caching
16/07/2021 23:36:01 -- INFO -- Starting move obtention process with compound WWMWAMFHUSTZTA-UHFFFAOYSA-N ([H]OC1([H])C([H])(n2c([H])nc3c(N([H])[H])nc([H])nc32)OC([H])(C([H])([H])OP(=O)(O[H])OP(=O)(O[H])OP(=O)(O[H])OP(=O)(O[H])O[H])C1([H])O[H]) at 1626471361.7977085
16/07/2021 23:36:02 -- INFO -- 526 available rules
16/07/2021 23:36:03 -- INFO -- For compound WWMWAMFHUSTZTA-UHFFFAOYSA-N, matching moves are [WWMWAMFHUSTZTA-UHFFFAOYSA-N-MNXR106729_MNXM423_6-0, WWMWAMFHUSTZTA-UHFFFAOYSA-N-MNXR106729_MNXM495_6-0, WWMWAMFHUSTZTA-UHFFFAOYSA-N-MNXR105328_MNXM423_6-0, WWMWAMFHUSTZTA-UHFFFAOYSA-N-MNXR105328_MNXM495_6-0, WWMWAMFHUSTZTA-UHFFFAOYSA-N-MNXR125040_MNXM1906_8-0, WWMWAMFHUSTZTA-UHFFFAOYSA-N-MNXR134292_MNXM423_6-0, WWMWAMFHUSTZTA-UHFFFAOYSA-N-MNXR125040_MNXM2551_8-0, WWMWAMFHUSTZTA-UHFFFAOYSA-N-MNXR134292_MNXM495_6-0, WWMWAMFHUSTZTA-UHFFFAOYSA-N-MNXR107788_MNXM423_6-0, WWMWAMFHUSTZTA-UHFFFAOYSA-N-MNXR105330_MNXM423_6-0]
16/07/2021 23:36:03 -- INFO -- Calculated moves in 1.242377758026123 for compound WWMWAMFHUSTZTA-UHFFFAOYSA-N - without caching
16/07/2021 23:36:03 -- INFO -- Rollout results are 2, True
16/07/2021 23:36:03 -- INFO -- Pathway is found at iteration 361
16/07/2021 23:36:03 -- INFO -- Udapted solved Node 		Move name: XCCTYIAWTASOJW-UHFFFAOYSA-N-MNXR105328_MNXM495_6-0/ Biological score : 2.54/ Chemical score: 0.68
		Count: 1/ Score : 0/ Children: 0/ Terminal : True
		|LWRJVVDEEAUXHT-UHFFFAOYSA-O|PGAVKCOVUIYSFO-UHFFFAOYSA-N|WQZGKKKJIJFFOK-UHFFFAOYSA-N- solved| for the first time at iteration 361
16/07/2021 23:36:03 -- INFO -- Performing iteration 400 out of 1000
16/07/2021 23:36:03 -- INFO -- Pathway is found at iteration 405
16/07/2021 23:36:03 -- INFO -- Udapted solved Node 		Move name: XCCTYIAWTASOJW-UHFFFAOYSA-N-MNXR134292_MNXM495_6-0/ Biological score : 2.28/ Chemical score: 0.68
		Count: 1/ Score : 0/ Children: 0/ Terminal : True
		|JDTUMPKOJBQPKX-UHFFFAOYSA-N- solved|LWRJVVDEEAUXHT-UHFFFAOYSA-O|PGAVKCOVUIYSFO-UHFFFAOYSA-N| for the first time at iteration 405
16/07/2021 23:36:04 -- INFO -- Pathway is found at iteration 448
16/07/2021 23:36:04 -- INFO -- Udapted solved Node 		Move name: LWRJVVDEEAUXHT-UHFFFAOYSA-O-MNXR118719_MNXM2735_8-0/ Biological score : 2.26/ Chemical score: 0.87
		Count: 1/ Score : 0/ Children: 0/ Terminal : True
		|WMCPQAHOVWETHQ-UHFFFAOYSA-O|WQZGKKKJIJFFOK-UHFFFAOYSA-N- solved|XCCTYIAWTASOJW-UHFFFAOYSA-N| for the first time at iteration 448
16/07/2021 23:36:04 -- INFO -- Performing iteration 500 out of 1000
16/07/2021 23:36:05 -- INFO -- Performing iteration 600 out of 1000
16/07/2021 23:36:06 -- INFO -- Performing iteration 700 out of 1000
16/07/2021 23:36:07 -- INFO -- Performing iteration 800 out of 1000
16/07/2021 23:36:08 -- INFO -- Performing iteration 900 out of 1000
16/07/2021 23:36:08 -- INFO -- Adding a child with move ZKHQWZAMYRWXGA-UHFFFAOYSA-N-MNXR106729_MNXM423_6-0 to node 
		Move name: XCCTYIAWTASOJW-UHFFFAOYSA-N-MNXR111798_MNXM5568_16-0/ Biological score : 3.11/ Chemical score: 0.61
		Count: 2/ Score : 6.0/ Children: 1/ Terminal : False
		|DJJCXFVJDGTHFX-UHFFFAOYSA-N|LWRJVVDEEAUXHT-UHFFFAOYSA-O|ZKHQWZAMYRWXGA-UHFFFAOYSA-N|
16/07/2021 23:36:08 -- INFO -- Starting move obtention process with compound DJJCXFVJDGTHFX-UHFFFAOYSA-N ([H]Oc1nc(=O)n(C2([H])OC([H])(C([H])([H])OP(=O)(O[H])O[H])C([H])(O[H])C2([H])O[H])c([H])c1[H]) at 1626471368.906496
16/07/2021 23:36:09 -- INFO -- 1219 available rules
16/07/2021 23:36:16 -- INFO -- For compound DJJCXFVJDGTHFX-UHFFFAOYSA-N, matching moves are [DJJCXFVJDGTHFX-UHFFFAOYSA-N-MNXR97039_MNXM288_6-0, DJJCXFVJDGTHFX-UHFFFAOYSA-N-MNXR119521_MNXM47_6-0, DJJCXFVJDGTHFX-UHFFFAOYSA-N-MNXR111792_MNXM6123_8-0, DJJCXFVJDGTHFX-UHFFFAOYSA-N-MNXR118559_MNXM114601_8-0, DJJCXFVJDGTHFX-UHFFFAOYSA-N-MNXR133927_MNXM38120_8-0, DJJCXFVJDGTHFX-UHFFFAOYSA-N-MNXR94932_MNXM288_6-0, DJJCXFVJDGTHFX-UHFFFAOYSA-N-MNXR107736_MNXM298_6-0, DJJCXFVJDGTHFX-UHFFFAOYSA-N-MNXR105161_MNXM288_8-0]
16/07/2021 23:36:16 -- INFO -- Calculated moves in 8.022438764572144 for compound DJJCXFVJDGTHFX-UHFFFAOYSA-N - without caching
16/07/2021 23:36:16 -- INFO -- Starting move obtention process with compound LWRJVVDEEAUXHT-UHFFFAOYSA-O ([H]OC(=O)C([H])([H])C(=O)OC([H])([H])C1([H])OC([H])(Oc2c(-c3c([H])c([H])c(O[H])c(O[H])c3[H])[o+]c3c([H])c(O[H])c([H])c(O[H])c3c2[H])C([H])(OC2([H])OC([H])(C([H])([H])O[H])C([H])(O[H])C([H])(O[H])C2([H])O[H])C([H])(O[H])C1([H])O[H]) at 1626471376.9560044
16/07/2021 23:36:17 -- INFO -- 337 available rules
16/07/2021 23:36:19 -- INFO -- For compound LWRJVVDEEAUXHT-UHFFFAOYSA-O, matching moves are [LWRJVVDEEAUXHT-UHFFFAOYSA-O-rxnAdd2_cpd09274_5_6-0, LWRJVVDEEAUXHT-UHFFFAOYSA-O-MNXR119309_MNXM1146_6-0, LWRJVVDEEAUXHT-UHFFFAOYSA-O-rxnAdd18_cpd08920_4_6-0, LWRJVVDEEAUXHT-UHFFFAOYSA-O-rxnAdd28_cpd08921_4_6-0, LWRJVVDEEAUXHT-UHFFFAOYSA-O-MNXR118719_MNXM2735_8-0, LWRJVVDEEAUXHT-UHFFFAOYSA-O-MNXR118690_MNXM1146_8-0, LWRJVVDEEAUXHT-UHFFFAOYSA-O-MNXR120374_MNXM24447_6-0, LWRJVVDEEAUXHT-UHFFFAOYSA-O-MNXR120373_MNXM24447_6-0, LWRJVVDEEAUXHT-UHFFFAOYSA-O-MNXR118691_MNXM1584_6-0, LWRJVVDEEAUXHT-UHFFFAOYSA-O-MNXR111460_MNXM20335_6-0]
16/07/2021 23:36:19 -- INFO -- Calculated moves in 2.4165077209472656 for compound LWRJVVDEEAUXHT-UHFFFAOYSA-O - without caching
16/07/2021 23:36:19 -- INFO -- Starting move obtention process with compound XTWYTFMLZFPYCI-UHFFFAOYSA-N ([H]OC1([H])C([H])(n2c([H])nc3c(N([H])[H])nc([H])nc32)OC([H])(C([H])([H])OP(=O)(O[H])OP(=O)(O[H])O[H])C1([H])O[H]) at 1626471379.396097
16/07/2021 23:36:19 -- INFO -- 544 available rules
16/07/2021 23:36:20 -- INFO -- Self generating rule for compound XTWYTFMLZFPYCI-UHFFFAOYSA-N and rule MNXR111799_MNXM5568_16, set 0. Move is discarded in MainProcess
16/07/2021 23:36:20 -- INFO -- Self generating rule for compound XTWYTFMLZFPYCI-UHFFFAOYSA-N and rule MNXR111799_MNXM5568_14, set 0. Move is discarded in MainProcess
16/07/2021 23:36:22 -- INFO -- For compound XTWYTFMLZFPYCI-UHFFFAOYSA-N, matching moves are [XTWYTFMLZFPYCI-UHFFFAOYSA-N-MNXR106729_MNXM495_6-0, XTWYTFMLZFPYCI-UHFFFAOYSA-N-MNXR111798_MNXM5568_16-0, XTWYTFMLZFPYCI-UHFFFAOYSA-N-MNXR105328_MNXM495_6-0, XTWYTFMLZFPYCI-UHFFFAOYSA-N-MNXR134292_MNXM495_6-0, XTWYTFMLZFPYCI-UHFFFAOYSA-N-MNXR125040_MNXM1906_8-0, XTWYTFMLZFPYCI-UHFFFAOYSA-N-MNXR107788_MNXM495_6-0, XTWYTFMLZFPYCI-UHFFFAOYSA-N-MNXR105330_MNXM495_6-0, XTWYTFMLZFPYCI-UHFFFAOYSA-N-MNXR101883_MNXM8_8-0, XTWYTFMLZFPYCI-UHFFFAOYSA-N-MNXR95432_MNXM212_8-0, XTWYTFMLZFPYCI-UHFFFAOYSA-N-MNXR103374_MNXM495_8-0]
16/07/2021 23:36:22 -- INFO -- Calculated moves in 2.607821464538574 for compound XTWYTFMLZFPYCI-UHFFFAOYSA-N - without caching
16/07/2021 23:36:22 -- INFO -- Adding a child with move LWRJVVDEEAUXHT-UHFFFAOYSA-O-rxnAdd18_cpd08920_4_6-0 to node 
		Move name: XCCTYIAWTASOJW-UHFFFAOYSA-N-MNXR111799_MNXM5568_16-0/ Biological score : 3.11/ Chemical score: 0.61
		Count: 2/ Score : 6.0/ Children: 1/ Terminal : False
		|LWRJVVDEEAUXHT-UHFFFAOYSA-O|PGAVKCOVUIYSFO-UHFFFAOYSA-N|XTWYTFMLZFPYCI-UHFFFAOYSA-N|
16/07/2021 23:36:22 -- INFO -- Starting move obtention process with compound PGAVKCOVUIYSFO-UHFFFAOYSA-N ([H]Oc1nc(=O)n(C2([H])OC([H])(C([H])([H])OP(=O)(O[H])OP(=O)(O[H])OP(=O)(O[H])O[H])C([H])(O[H])C2([H])O[H])c([H])c1[H]) at 1626471382.3865962
16/07/2021 23:36:22 -- INFO -- 1319 available rules
16/07/2021 23:36:26 -- INFO -- For compound PGAVKCOVUIYSFO-UHFFFAOYSA-N, matching moves are [PGAVKCOVUIYSFO-UHFFFAOYSA-N-MNXR106729_MNXM423_8-0, PGAVKCOVUIYSFO-UHFFFAOYSA-N-MNXR106729_MNXM495_8-0, PGAVKCOVUIYSFO-UHFFFAOYSA-N-MNXR134292_MNXM423_8-0, PGAVKCOVUIYSFO-UHFFFAOYSA-N-MNXR134292_MNXM495_8-0, PGAVKCOVUIYSFO-UHFFFAOYSA-N-MNXR111799_MNXM6129_14-0, PGAVKCOVUIYSFO-UHFFFAOYSA-N-MNXR105330_MNXM423_6-0, PGAVKCOVUIYSFO-UHFFFAOYSA-N-MNXR118559_MNXM38144_8-0, PGAVKCOVUIYSFO-UHFFFAOYSA-N-MNXR107788_MNXM423_8-0, PGAVKCOVUIYSFO-UHFFFAOYSA-N-MNXR105328_MNXM423_8-0, PGAVKCOVUIYSFO-UHFFFAOYSA-N-MNXR107788_MNXM495_6-0]
16/07/2021 23:36:26 -- INFO -- Calculated moves in 4.340775728225708 for compound PGAVKCOVUIYSFO-UHFFFAOYSA-N - without caching
16/07/2021 23:36:26 -- INFO -- Starting move obtention process with compound XSZSLANVYCNEPE-UHFFFAOYSA-N ([H]OC(=O)C([H])([H])C(=O)OC([H])([H])C1([H])OC([H])(O[H])C([H])(OC2([H])OC([H])(C([H])([H])O[H])C([H])(O[H])C([H])(O[H])C2([H])O[H])C([H])(O[H])C1([H])O[H]) at 1626471386.7528799
16/07/2021 23:36:27 -- INFO -- 96 available rules
16/07/2021 23:36:28 -- INFO -- For compound XSZSLANVYCNEPE-UHFFFAOYSA-N, matching moves are [XSZSLANVYCNEPE-UHFFFAOYSA-N-MNXR115837_MNXM6639_8-0, XSZSLANVYCNEPE-UHFFFAOYSA-N-MNXR117307_MNXM8048_6-0, XSZSLANVYCNEPE-UHFFFAOYSA-N-MNXR117701_MNXM13911_8-0, XSZSLANVYCNEPE-UHFFFAOYSA-N-MNXR122230_MNXM878_6-0, XSZSLANVYCNEPE-UHFFFAOYSA-N-MNXR122230_MNXM878_6-1, XSZSLANVYCNEPE-UHFFFAOYSA-N-MNXR122230_MNXM878_6-2, XSZSLANVYCNEPE-UHFFFAOYSA-N-MNXR122230_MNXM878_6-3]
16/07/2021 23:36:28 -- INFO -- Calculated moves in 1.3876316547393799 for compound XSZSLANVYCNEPE-UHFFFAOYSA-N - without caching
16/07/2021 23:36:28 -- INFO -- Starting move obtention process with compound XTWYTFMLZFPYCI-UHFFFAOYSA-N ([H]OC1([H])C([H])(n2c([H])nc3c(N([H])[H])nc([H])nc32)OC([H])(C([H])([H])OP(=O)(O[H])OP(=O)(O[H])O[H])C1([H])O[H]) at 1626471388.1559992
16/07/2021 23:36:28 -- INFO -- 534 available rules
16/07/2021 23:36:28 -- INFO -- Self generating rule for compound XTWYTFMLZFPYCI-UHFFFAOYSA-N and rule MNXR111799_MNXM5568_16, set 0. Move is discarded in MainProcess
16/07/2021 23:36:29 -- INFO -- Self generating rule for compound XTWYTFMLZFPYCI-UHFFFAOYSA-N and rule MNXR111799_MNXM5568_14, set 0. Move is discarded in MainProcess
16/07/2021 23:36:30 -- INFO -- For compound XTWYTFMLZFPYCI-UHFFFAOYSA-N, matching moves are [XTWYTFMLZFPYCI-UHFFFAOYSA-N-MNXR106729_MNXM495_6-0, XTWYTFMLZFPYCI-UHFFFAOYSA-N-MNXR111798_MNXM5568_16-0, XTWYTFMLZFPYCI-UHFFFAOYSA-N-MNXR105328_MNXM495_6-0, XTWYTFMLZFPYCI-UHFFFAOYSA-N-MNXR134292_MNXM495_6-0, XTWYTFMLZFPYCI-UHFFFAOYSA-N-MNXR125040_MNXM1906_8-0, XTWYTFMLZFPYCI-UHFFFAOYSA-N-MNXR107788_MNXM495_6-0, XTWYTFMLZFPYCI-UHFFFAOYSA-N-MNXR105330_MNXM495_6-0, XTWYTFMLZFPYCI-UHFFFAOYSA-N-MNXR101883_MNXM8_8-0, XTWYTFMLZFPYCI-UHFFFAOYSA-N-MNXR95432_MNXM212_8-0, XTWYTFMLZFPYCI-UHFFFAOYSA-N-MNXR103374_MNXM495_8-0]
16/07/2021 23:36:30 -- INFO -- Calculated moves in 2.3753550052642822 for compound XTWYTFMLZFPYCI-UHFFFAOYSA-N - without caching
16/07/2021 23:36:30 -- INFO -- ---------------End of search informations------------------ 
Tree search finished running at 23h 36min 30s 
Your tree search took 2.6e+02s 
 
Time was spent in selection: 5.3e-02s, expansion: 1.4e+02s, rollout: 1.1e+02s, update: 7.3e-01s 
CONGRATULATIONS, THATS A WIN
16/07/2021 23:36:30 -- INFO -- At the end of this tree search, the cache contains 0
16/07/2021 23:36:30 -- WARNING -- RECAP TIME_EXECUTION=260.66
16/07/2021 23:36:30 -- WARNING -- RECAP STOP_REASON=iteration
16/07/2021 23:36:30 -- WARNING -- RECAP NUMBER_ITERATION=999
16/07/2021 23:36:31 -- INFO -- According to Wikipedia, choosing the pathway with the most visists 
 This could be replaced by the best score
16/07/2021 23:36:32 -- INFO -- Found 18 pathways for Cyanidin_3-O-(6''-malonyl-glucoside)
16/07/2021 23:36:32 -- INFO -- 18 pathways were found
16/07/2021 23:36:32 -- INFO -- At the end of this tree search, the cache contains 0
