17/07/2021 13:50:25 -- WARNING -- Setting the seed at 1234
17/07/2021 13:50:25 -- INFO -- Stating global parameters from configuration file
17/07/2021 13:50:25 -- INFO -- Using retrosynthesis: False - using biosensor True
17/07/2021 13:50:25 -- INFO -- Full search - no stopping at first result
17/07/2021 13:50:25 -- INFO -- Setting the DB from config file: Installed package: True. Using cache DB: False; Replacing results: False
17/07/2021 13:50:25 -- INFO -- Initialising an empty cache: {}; Using it: False
17/07/2021 13:50:25 -- INFO -- -------------------Scoring configurations -------------------------
17/07/2021 13:50:25 -- INFO -- Using biological cut off at 0.1
17/07/2021 13:50:25 -- INFO -- Using substrate only cut off at 0.6
17/07/2021 13:50:25 -- INFO -- Using chemical score cut off at 0.6
17/07/2021 13:50:25 -- INFO -- -------------------MCTS configurations -------------------------
17/07/2021 13:50:25 -- INFO -- Setting the minimal visit count for a node at 1
17/07/2021 13:50:25 -- INFO -- Using RAVE: False
17/07/2021 13:50:25 -- INFO -- -------------------Chemical configurations -------------------------
17/07/2021 13:50:25 -- INFO -- Using explicit hydrogens : True
17/07/2021 13:50:25 -- INFO -- Using detectable compounds as sink as running in biosensor mode.
17/07/2021 13:50:25 -- INFO -- Main layer was set to True. Sanitising state
17/07/2021 13:50:45 -- INFO -- Main layer was set to True. Sanitising state
17/07/2021 13:50:45 -- INFO -- Starting move obtention process with compound Genistein_4'-O-glucuronide ([H]OC(=O)C1([H])OC([H])(Oc2c([H])c([H])c(-c3c([H])oc4c([H])c(O[H])c([H])c(O[H])c4c3=O)c([H])c2[H])C([H])(O[H])C([H])(O[H])C1([H])O[H]) at 1626522645.4222183
17/07/2021 13:50:45 -- INFO -- 55 available rules
17/07/2021 13:50:46 -- INFO -- For compound Genistein_4'-O-glucuronide, matching moves are [NHEBJNCJBWUPCK-UHFFFAOYSA-N-rxnAdd113_cpd02215_6_6-0, NHEBJNCJBWUPCK-UHFFFAOYSA-N-MNXR108276_MNXM2393_6-0, NHEBJNCJBWUPCK-UHFFFAOYSA-N-MNXR119264_MNXM2393_6-0]
17/07/2021 13:50:46 -- INFO -- Calculated moves in 0.7911951541900635 for compound NHEBJNCJBWUPCK-UHFFFAOYSA-N - without caching
17/07/2021 13:50:46 -- INFO -- ---------------Beginning of search informations------------------ 
UCT policy is : Biochemical_UCT_1 
Rollout policy is : Rollout_policy_random_uniform_on_biochemical_multiplication_score 
Rewarding policy is : Penalty is -1 and full state reward is 2 
Maximum number of iterations 1000 
Tree search started running at 13h 50min 46s 
Your tree search is currently running ... 
 

17/07/2021 13:50:46 -- INFO -- Performing iteration 0 out of 1000
17/07/2021 13:50:46 -- INFO -- Adding a child with move NHEBJNCJBWUPCK-UHFFFAOYSA-N-rxnAdd113_cpd02215_6_6-0 to node 
Count: 0/ Score : 0/ Children: 0/ Terminal : False
|Genistein_4'-O-glucuronide|
17/07/2021 13:50:46 -- INFO -- Pathway is found at iteration 0
17/07/2021 13:50:46 -- INFO -- Udapted solved Node 	Move name: NHEBJNCJBWUPCK-UHFFFAOYSA-N-rxnAdd113_cpd02215_6_6-0/ Biological score : 4.02/ Chemical score: 0.76
	Count: 1/ Score : 0/ Children: 0/ Terminal : True
	|AEMOLEFTQBMNLQ-UHFFFAOYSA-N- solved|TZBJGXHYKVUXJN-UHFFFAOYSA-N- solved| for the first time at iteration 0
17/07/2021 13:50:46 -- INFO -- Udapted solved Node Count: 1/ Score : 0/ Children: 1/ Terminal : False
|Genistein_4'-O-glucuronide| for the first time at iteration 0
17/07/2021 13:50:46 -- INFO -- Adding a child with move NHEBJNCJBWUPCK-UHFFFAOYSA-N-MNXR108276_MNXM2393_6-0 to node 
Count: 1/ Score : 10.0/ Children: 1/ Terminal : False
|Genistein_4'-O-glucuronide|
17/07/2021 13:50:46 -- INFO -- Adding a child with move NHEBJNCJBWUPCK-UHFFFAOYSA-N-MNXR119264_MNXM2393_6-0 to node 
Count: 2/ Score : 6.0/ Children: 2/ Terminal : False
|Genistein_4'-O-glucuronide|
17/07/2021 13:50:46 -- INFO -- Starting move obtention process with compound CUVYUVMATFYFOS-UHFFFAOYSA-N ([H]OC(=O)C1([H])OC([H])(OC2([H])C([H])(Oc3c([H])c([H])c(-c4c([H])oc5c([H])c(O[H])c([H])c(O[H])c5c4=O)c([H])c3[H])OC([H])(C(=O)O[H])C([H])(O[H])C2([H])O[H])C([H])(O[H])C([H])(O[H])C1([H])O[H]) at 1626522646.5771291
17/07/2021 13:50:46 -- INFO -- 43 available rules
17/07/2021 13:50:47 -- INFO -- For compound CUVYUVMATFYFOS-UHFFFAOYSA-N, matching moves are [CUVYUVMATFYFOS-UHFFFAOYSA-N-rxnAdd87_cpd09263_6_6-0, CUVYUVMATFYFOS-UHFFFAOYSA-N-MNXR119264_MNXM2129_6-0, CUVYUVMATFYFOS-UHFFFAOYSA-N-MNXR119264_MNXM2393_6-0]
17/07/2021 13:50:47 -- INFO -- Calculated moves in 0.7705905437469482 for compound CUVYUVMATFYFOS-UHFFFAOYSA-N - without caching
17/07/2021 13:50:47 -- INFO -- Starting move obtention process with compound XLYOFNOQVPJJNP-UHFFFAOYSA-N ([H]O[H]) at 1626522647.3653498
17/07/2021 13:50:47 -- INFO -- 0 available rules
17/07/2021 13:50:47 -- INFO -- For compound XLYOFNOQVPJJNP-UHFFFAOYSA-N, matching moves are []
17/07/2021 13:50:47 -- INFO -- Calculated moves in 0.32105350494384766 for compound XLYOFNOQVPJJNP-UHFFFAOYSA-N - without caching
17/07/2021 13:50:47 -- INFO -- Pathway is found at iteration 2
17/07/2021 13:50:47 -- INFO -- Udapted solved Node 	Move name: NHEBJNCJBWUPCK-UHFFFAOYSA-N-MNXR108276_MNXM2393_6-0/ Biological score : 2.6/ Chemical score: 0.76
	Count: 1/ Score : 0/ Children: 0/ Terminal : True
	|HDYANYHVCAPMJV-UHFFFAOYSA-N- solved|TZBJGXHYKVUXJN-UHFFFAOYSA-N- solved| for the first time at iteration 2
17/07/2021 13:50:47 -- INFO -- Adding a child with move CUVYUVMATFYFOS-UHFFFAOYSA-N-rxnAdd87_cpd09263_6_6-0 to node 
	Move name: NHEBJNCJBWUPCK-UHFFFAOYSA-N-MNXR119264_MNXM2393_6-0/ Biological score : 1.69/ Chemical score: 0.76
	Count: 0/ Score : 0/ Children: 0/ Terminal : False
	|CUVYUVMATFYFOS-UHFFFAOYSA-N|XLYOFNOQVPJJNP-UHFFFAOYSA-N|
17/07/2021 13:50:47 -- INFO -- Starting move obtention process with compound GPRLSGONYQIRFK-UHFFFAOYSA-N ([H+]) at 1626522647.9270022
17/07/2021 13:50:48 -- INFO -- 0 available rules
17/07/2021 13:50:48 -- INFO -- For compound GPRLSGONYQIRFK-UHFFFAOYSA-N, matching moves are []
17/07/2021 13:50:48 -- INFO -- Calculated moves in 0.2658960819244385 for compound GPRLSGONYQIRFK-UHFFFAOYSA-N - without caching
17/07/2021 13:50:48 -- INFO -- Starting move obtention process with compound XLYOFNOQVPJJNP-UHFFFAOYSA-N ([H]O[H]) at 1626522648.2090616
17/07/2021 13:50:48 -- INFO -- 0 available rules
17/07/2021 13:50:48 -- INFO -- For compound XLYOFNOQVPJJNP-UHFFFAOYSA-N, matching moves are []
17/07/2021 13:50:48 -- INFO -- Calculated moves in 0.29976391792297363 for compound XLYOFNOQVPJJNP-UHFFFAOYSA-N - without caching
17/07/2021 13:50:48 -- INFO -- Pathway is found at iteration 4
17/07/2021 13:50:48 -- INFO -- Udapted solved Node 		Move name: CUVYUVMATFYFOS-UHFFFAOYSA-N-rxnAdd87_cpd09263_6_6-0/ Biological score : 4.02/ Chemical score: 0.77
		Count: 1/ Score : 0/ Children: 0/ Terminal : True
		|AEMOLEFTQBMNLQ-UHFFFAOYSA-N- solved|GPRLSGONYQIRFK-UHFFFAOYSA-N|TZBJGXHYKVUXJN-UHFFFAOYSA-N- solved|XLYOFNOQVPJJNP-UHFFFAOYSA-N| for the first time at iteration 4
17/07/2021 13:50:48 -- INFO -- Udapted solved Node 	Move name: NHEBJNCJBWUPCK-UHFFFAOYSA-N-MNXR119264_MNXM2393_6-0/ Biological score : 1.69/ Chemical score: 0.76
	Count: 1/ Score : 0/ Children: 1/ Terminal : False
	|CUVYUVMATFYFOS-UHFFFAOYSA-N|XLYOFNOQVPJJNP-UHFFFAOYSA-N| for the first time at iteration 4
17/07/2021 13:50:48 -- INFO -- Looping move in node |CUVYUVMATFYFOS-UHFFFAOYSA-N|XLYOFNOQVPJJNP-UHFFFAOYSA-N|-1 for move CUVYUVMATFYFOS-UHFFFAOYSA-N-MNXR119264_MNXM2129_6-0
17/07/2021 13:50:48 -- INFO -- Starting move obtention process with compound CUVYUVMATFYFOS-UHFFFAOYSA-N ([H]OC(=O)C1([H])OC([H])(OC2([H])C([H])(Oc3c([H])c([H])c(-c4c([H])oc5c([H])c(O[H])c([H])c(O[H])c5c4=O)c([H])c3[H])OC([H])(C(=O)O[H])C([H])(O[H])C2([H])O[H])C([H])(O[H])C([H])(O[H])C1([H])O[H]) at 1626522648.7001784
17/07/2021 13:50:48 -- INFO -- 40 available rules
17/07/2021 13:50:49 -- INFO -- For compound CUVYUVMATFYFOS-UHFFFAOYSA-N, matching moves are [CUVYUVMATFYFOS-UHFFFAOYSA-N-MNXR119264_MNXM2129_8-0, CUVYUVMATFYFOS-UHFFFAOYSA-N-MNXR119264_MNXM2393_8-0]
17/07/2021 13:50:49 -- INFO -- Calculated moves in 0.6260418891906738 for compound CUVYUVMATFYFOS-UHFFFAOYSA-N - without caching
17/07/2021 13:50:49 -- INFO -- Starting move obtention process with compound XLYOFNOQVPJJNP-UHFFFAOYSA-N ([H]O[H]) at 1626522649.3433585
17/07/2021 13:50:49 -- INFO -- 0 available rules
17/07/2021 13:50:49 -- INFO -- For compound XLYOFNOQVPJJNP-UHFFFAOYSA-N, matching moves are []
17/07/2021 13:50:49 -- INFO -- Calculated moves in 0.35535717010498047 for compound XLYOFNOQVPJJNP-UHFFFAOYSA-N - without caching
17/07/2021 13:50:49 -- INFO -- Starting move obtention process with compound NOPNBPKFXDFRMC-UHFFFAOYSA-N ([H]OC(=O)C1([H])OC([H])(OC2([H])C([H])(OC3([H])C([H])(Oc4c([H])c([H])c(-c5c([H])oc6c([H])c(O[H])c([H])c(O[H])c6c5=O)c([H])c4[H])OC([H])(C(=O)O[H])C([H])(O[H])C3([H])O[H])OC([H])(C(=O)O[H])C([H])(O[H])C2([H])O[H])C([H])(O[H])C([H])(O[H])C1([H])O[H]) at 1626522649.7231007
17/07/2021 13:50:50 -- INFO -- 43 available rules
17/07/2021 13:50:50 -- INFO -- For compound NOPNBPKFXDFRMC-UHFFFAOYSA-N, matching moves are [NOPNBPKFXDFRMC-UHFFFAOYSA-N-rxnAdd87_cpd09263_6_6-0, NOPNBPKFXDFRMC-UHFFFAOYSA-N-MNXR119264_MNXM2129_6-0, NOPNBPKFXDFRMC-UHFFFAOYSA-N-MNXR119264_MNXM2393_6-0]
17/07/2021 13:50:50 -- INFO -- Calculated moves in 0.7405903339385986 for compound NOPNBPKFXDFRMC-UHFFFAOYSA-N - without caching
17/07/2021 13:50:50 -- INFO -- Starting move obtention process with compound XLYOFNOQVPJJNP-UHFFFAOYSA-N ([H]O[H]) at 1626522650.4808438
17/07/2021 13:50:50 -- INFO -- 0 available rules
17/07/2021 13:50:50 -- INFO -- For compound XLYOFNOQVPJJNP-UHFFFAOYSA-N, matching moves are []
17/07/2021 13:50:50 -- INFO -- Calculated moves in 0.3213937282562256 for compound XLYOFNOQVPJJNP-UHFFFAOYSA-N - without caching
17/07/2021 13:50:50 -- INFO -- Starting move obtention process with compound GPRLSGONYQIRFK-UHFFFAOYSA-N ([H+]) at 1626522650.821395
17/07/2021 13:50:51 -- INFO -- 0 available rules
17/07/2021 13:50:51 -- INFO -- For compound GPRLSGONYQIRFK-UHFFFAOYSA-N, matching moves are []
17/07/2021 13:50:51 -- INFO -- Calculated moves in 0.31116437911987305 for compound GPRLSGONYQIRFK-UHFFFAOYSA-N - without caching
17/07/2021 13:50:51 -- INFO -- Starting move obtention process with compound IMNADAQGVSDVMI-UHFFFAOYSA-N ([H]OC(=O)C1([H])OC([H])(OC2([H])C([H])(O[H])OC([H])(C(=O)O[H])C([H])(O[H])C2([H])O[H])C([H])(O[H])C([H])(O[H])C1([H])O[H]) at 1626522651.1409087
17/07/2021 13:50:51 -- INFO -- 47 available rules
17/07/2021 13:50:51 -- INFO -- For compound IMNADAQGVSDVMI-UHFFFAOYSA-N, matching moves are [IMNADAQGVSDVMI-UHFFFAOYSA-N-rxnAdd87_r_1_cpd00164_4_6-0, IMNADAQGVSDVMI-UHFFFAOYSA-N-rxnAdd113_r_1_cpd00164_4_6-0, IMNADAQGVSDVMI-UHFFFAOYSA-N-MNXR107016_MNXM241_6-0]
17/07/2021 13:50:51 -- INFO -- Calculated moves in 0.6615464687347412 for compound IMNADAQGVSDVMI-UHFFFAOYSA-N - without caching
17/07/2021 13:50:51 -- INFO -- Starting move obtention process with compound XLYOFNOQVPJJNP-UHFFFAOYSA-N ([H]O[H]) at 1626522651.8247588
17/07/2021 13:50:52 -- INFO -- 0 available rules
17/07/2021 13:50:52 -- INFO -- For compound XLYOFNOQVPJJNP-UHFFFAOYSA-N, matching moves are []
17/07/2021 13:50:52 -- INFO -- Calculated moves in 0.32120633125305176 for compound XLYOFNOQVPJJNP-UHFFFAOYSA-N - without caching
17/07/2021 13:50:52 -- INFO -- Rollout results are 2, True
17/07/2021 13:50:52 -- INFO -- Looping move in node |CUVYUVMATFYFOS-UHFFFAOYSA-N|XLYOFNOQVPJJNP-UHFFFAOYSA-N|-1 for move CUVYUVMATFYFOS-UHFFFAOYSA-N-MNXR119264_MNXM2393_6-0
17/07/2021 13:50:52 -- INFO -- Starting move obtention process with compound CUVYUVMATFYFOS-UHFFFAOYSA-N ([H]OC(=O)C1([H])OC([H])(OC2([H])C([H])(Oc3c([H])c([H])c(-c4c([H])oc5c([H])c(O[H])c([H])c(O[H])c5c4=O)c([H])c3[H])OC([H])(C(=O)O[H])C([H])(O[H])C2([H])O[H])C([H])(O[H])C([H])(O[H])C1([H])O[H]) at 1626522652.4458585
17/07/2021 13:50:52 -- INFO -- 41 available rules
17/07/2021 13:50:53 -- INFO -- For compound CUVYUVMATFYFOS-UHFFFAOYSA-N, matching moves are [CUVYUVMATFYFOS-UHFFFAOYSA-N-rxnAdd87_cpd09263_6_6-0, CUVYUVMATFYFOS-UHFFFAOYSA-N-MNXR119264_MNXM2129_6-0, CUVYUVMATFYFOS-UHFFFAOYSA-N-MNXR119264_MNXM2393_6-0]
17/07/2021 13:50:53 -- INFO -- Calculated moves in 0.7893204689025879 for compound CUVYUVMATFYFOS-UHFFFAOYSA-N - without caching
17/07/2021 13:50:53 -- INFO -- Starting move obtention process with compound XLYOFNOQVPJJNP-UHFFFAOYSA-N ([H]O[H]) at 1626522653.2507284
17/07/2021 13:50:53 -- INFO -- 0 available rules
17/07/2021 13:50:53 -- INFO -- For compound XLYOFNOQVPJJNP-UHFFFAOYSA-N, matching moves are []
17/07/2021 13:50:53 -- INFO -- Calculated moves in 0.3224790096282959 for compound XLYOFNOQVPJJNP-UHFFFAOYSA-N - without caching
17/07/2021 13:50:53 -- INFO -- Starting move obtention process with compound GPRLSGONYQIRFK-UHFFFAOYSA-N ([H+]) at 1626522653.6105084
17/07/2021 13:50:53 -- INFO -- 0 available rules
17/07/2021 13:50:53 -- INFO -- For compound GPRLSGONYQIRFK-UHFFFAOYSA-N, matching moves are []
17/07/2021 13:50:53 -- INFO -- Calculated moves in 0.32800960540771484 for compound GPRLSGONYQIRFK-UHFFFAOYSA-N - without caching
17/07/2021 13:50:53 -- INFO -- Starting move obtention process with compound XLYOFNOQVPJJNP-UHFFFAOYSA-N ([H]O[H]) at 1626522653.961885
17/07/2021 13:50:54 -- INFO -- 0 available rules
17/07/2021 13:50:54 -- INFO -- For compound XLYOFNOQVPJJNP-UHFFFAOYSA-N, matching moves are []
17/07/2021 13:50:54 -- INFO -- Calculated moves in 0.30200695991516113 for compound XLYOFNOQVPJJNP-UHFFFAOYSA-N - without caching
17/07/2021 13:50:54 -- INFO -- Rollout results are 2, True
17/07/2021 13:50:55 -- INFO -- Performing iteration 100 out of 1000
17/07/2021 13:50:56 -- INFO -- Performing iteration 200 out of 1000
17/07/2021 13:50:58 -- INFO -- Performing iteration 300 out of 1000
17/07/2021 13:51:00 -- INFO -- Performing iteration 400 out of 1000
17/07/2021 13:51:01 -- INFO -- Performing iteration 500 out of 1000
17/07/2021 13:51:03 -- INFO -- Performing iteration 600 out of 1000
17/07/2021 13:51:04 -- INFO -- Performing iteration 700 out of 1000
17/07/2021 13:51:05 -- INFO -- Performing iteration 800 out of 1000
17/07/2021 13:51:06 -- INFO -- Performing iteration 900 out of 1000
17/07/2021 13:51:07 -- INFO -- ---------------End of search informations------------------ 
Tree search finished running at 13h 51min 7s 
Your tree search took 2.1e+01s 
 
Time was spent in selection: 3.1e-02s, expansion: 2.1e+00s, rollout: 5.3e+00s, update: 1.3e-01s 
CONGRATULATIONS, THATS A WIN
17/07/2021 13:51:07 -- INFO -- At the end of this tree search, the cache contains 0
17/07/2021 13:51:07 -- WARNING -- RECAP TIME_EXECUTION=20.91
17/07/2021 13:51:07 -- WARNING -- RECAP STOP_REASON=iteration
17/07/2021 13:51:07 -- WARNING -- RECAP NUMBER_ITERATION=999
17/07/2021 13:51:07 -- INFO -- According to Wikipedia, choosing the pathway with the most visists 
 This could be replaced by the best score
17/07/2021 13:51:07 -- INFO -- Found 3 pathways for Genistein_4'-O-glucuronide
17/07/2021 13:51:07 -- INFO -- 3 pathways were found
17/07/2021 13:51:07 -- INFO -- At the end of this tree search, the cache contains 0
