17/07/2021 10:02:23 -- WARNING -- Setting the seed at 1234
17/07/2021 10:02:23 -- INFO -- Stating global parameters from configuration file
17/07/2021 10:02:23 -- INFO -- Using retrosynthesis: False - using biosensor True
17/07/2021 10:02:23 -- INFO -- Full search - no stopping at first result
17/07/2021 10:02:23 -- INFO -- Setting the DB from config file: Installed package: True. Using cache DB: False; Replacing results: False
17/07/2021 10:02:23 -- INFO -- Initialising an empty cache: {}; Using it: False
17/07/2021 10:02:23 -- INFO -- -------------------Scoring configurations -------------------------
17/07/2021 10:02:23 -- INFO -- Using biological cut off at 0.1
17/07/2021 10:02:23 -- INFO -- Using substrate only cut off at 0.6
17/07/2021 10:02:23 -- INFO -- Using chemical score cut off at 0.6
17/07/2021 10:02:23 -- INFO -- -------------------MCTS configurations -------------------------
17/07/2021 10:02:23 -- INFO -- Setting the minimal visit count for a node at 1
17/07/2021 10:02:23 -- INFO -- Using RAVE: False
17/07/2021 10:02:23 -- INFO -- -------------------Chemical configurations -------------------------
17/07/2021 10:02:23 -- INFO -- Using explicit hydrogens : True
17/07/2021 10:02:23 -- INFO -- Using detectable compounds as sink as running in biosensor mode.
17/07/2021 10:02:23 -- INFO -- Main layer was set to True. Sanitising state
17/07/2021 10:02:46 -- INFO -- Main layer was set to True. Sanitising state
17/07/2021 10:02:46 -- INFO -- Starting move obtention process with compound 4'-Methoxy-2',3,7-trihydroxyisoflavanone ([H]Oc1c([H])c([H])c2c(c1[H])OC([H])([H])C(O[H])(c1c([H])c([H])c(OC([H])([H])[H])c([H])c1O[H])C2=O) at 1626508966.7203352
17/07/2021 10:02:47 -- INFO -- 4 available rules
17/07/2021 10:02:47 -- INFO -- For compound 4'-Methoxy-2',3,7-trihydroxyisoflavanone, matching moves are []
17/07/2021 10:02:47 -- INFO -- Calculated moves in 0.48853540420532227 for compound KZBMBIHZXUQFOR-UHFFFAOYSA-N - without caching
17/07/2021 10:02:47 -- INFO -- ---------------Beginning of search informations------------------ 
UCT policy is : Biochemical_UCT_1 
Rollout policy is : Rollout_policy_random_uniform_on_biochemical_multiplication_score 
Rewarding policy is : Penalty is -1 and full state reward is 2 
Maximum number of iterations 1000 
Tree search started running at 10h 2min 47s 
Your tree search is currently running ... 
 

17/07/2021 10:02:47 -- INFO -- Performing iteration 0 out of 1000
17/07/2021 10:02:49 -- INFO -- Performing iteration 100 out of 1000
17/07/2021 10:02:50 -- INFO -- Performing iteration 200 out of 1000
17/07/2021 10:02:52 -- INFO -- Performing iteration 300 out of 1000
17/07/2021 10:02:54 -- INFO -- Performing iteration 400 out of 1000
17/07/2021 10:02:56 -- INFO -- Performing iteration 500 out of 1000
17/07/2021 10:02:58 -- INFO -- Performing iteration 600 out of 1000
17/07/2021 10:03:00 -- INFO -- Performing iteration 700 out of 1000
17/07/2021 10:03:01 -- INFO -- Performing iteration 800 out of 1000
17/07/2021 10:03:03 -- INFO -- Performing iteration 900 out of 1000
17/07/2021 10:03:05 -- INFO -- ---------------End of search informations------------------ 
Tree search finished running at 10h 3min 5s 
Your tree search took 1.8e+01s 
 
Time was spent in selection: 1.1e-03s, expansion: 8.2e-04s, rollout: 0.0e+00s, update: 1.4e-02s 
You just lost the game
17/07/2021 10:03:05 -- INFO -- At the end of this tree search, the cache contains 0
17/07/2021 10:03:05 -- WARNING -- RECAP TIME_EXECUTION=18.15
17/07/2021 10:03:05 -- WARNING -- RECAP STOP_REASON=iteration
17/07/2021 10:03:05 -- WARNING -- RECAP NUMBER_ITERATION=999
17/07/2021 10:03:05 -- INFO -- According to Wikipedia, choosing the pathway with the most visists 
 This could be replaced by the best score
17/07/2021 10:03:05 -- INFO -- No pathway was found for this compound
17/07/2021 10:03:05 -- INFO -- 0 pathways were found
17/07/2021 10:03:05 -- INFO -- At the end of this tree search, the cache contains 0
