17/07/2021 19:44:34 -- WARNING -- Setting the seed at 1234
17/07/2021 19:44:34 -- INFO -- Stating global parameters from configuration file
17/07/2021 19:44:34 -- INFO -- Using retrosynthesis: False - using biosensor True
17/07/2021 19:44:34 -- INFO -- Full search - no stopping at first result
17/07/2021 19:44:34 -- INFO -- Setting the DB from config file: Installed package: True. Using cache DB: False; Replacing results: False
17/07/2021 19:44:34 -- INFO -- Initialising an empty cache: {}; Using it: False
17/07/2021 19:44:34 -- INFO -- -------------------Scoring configurations -------------------------
17/07/2021 19:44:34 -- INFO -- Using biological cut off at 0.1
17/07/2021 19:44:34 -- INFO -- Using substrate only cut off at 0.6
17/07/2021 19:44:34 -- INFO -- Using chemical score cut off at 0.6
17/07/2021 19:44:34 -- INFO -- -------------------MCTS configurations -------------------------
17/07/2021 19:44:34 -- INFO -- Setting the minimal visit count for a node at 1
17/07/2021 19:44:34 -- INFO -- Using RAVE: False
17/07/2021 19:44:34 -- INFO -- -------------------Chemical configurations -------------------------
17/07/2021 19:44:34 -- INFO -- Using explicit hydrogens : True
17/07/2021 19:44:34 -- INFO -- Using detectable compounds as sink as running in biosensor mode.
17/07/2021 19:44:34 -- INFO -- Main layer was set to True. Sanitising state
17/07/2021 19:44:54 -- INFO -- Main layer was set to True. Sanitising state
17/07/2021 19:44:54 -- INFO -- Starting move obtention process with compound Urolithin_A_3,8-O-diglucuronide ([H]OC(=O)C1([H])OC([H])(Oc2c([H])c([H])c3c(oc(=O)c4c([H])c(OC5([H])OC([H])(C(=O)O[H])C([H])(O[H])C([H])(O[H])C5([H])O[H])c([H])c([H])c43)c2[H])C([H])(O[H])C([H])(O[H])C1([H])O[H]) at 1626543894.3614144
17/07/2021 19:44:54 -- INFO -- 18 available rules
17/07/2021 19:44:55 -- INFO -- For compound Urolithin_A_3,8-O-diglucuronide, matching moves are [SXMJSEFKPOZNAT-UHFFFAOYSA-N-rxnAdd113_cpd02215_6_6-0, SXMJSEFKPOZNAT-UHFFFAOYSA-N-rxnAdd113_cpd02215_6_6-1, SXMJSEFKPOZNAT-UHFFFAOYSA-N-MNXR108276_MNXM2393_6-0, SXMJSEFKPOZNAT-UHFFFAOYSA-N-MNXR108276_MNXM2393_6-1, SXMJSEFKPOZNAT-UHFFFAOYSA-N-MNXR119264_MNXM2393_6-0, SXMJSEFKPOZNAT-UHFFFAOYSA-N-MNXR119264_MNXM2393_6-1]
17/07/2021 19:44:55 -- INFO -- Calculated moves in 0.7324042320251465 for compound SXMJSEFKPOZNAT-UHFFFAOYSA-N - without caching
17/07/2021 19:44:55 -- INFO -- ---------------Beginning of search informations------------------ 
UCT policy is : Biochemical_UCT_1 
Rollout policy is : Rollout_policy_random_uniform_on_biochemical_multiplication_score 
Rewarding policy is : Penalty is -1 and full state reward is 2 
Maximum number of iterations 1000 
Tree search started running at 19h 44min 55s 
Your tree search is currently running ... 
 

17/07/2021 19:44:55 -- INFO -- Performing iteration 0 out of 1000
17/07/2021 19:44:55 -- INFO -- Adding a child with move SXMJSEFKPOZNAT-UHFFFAOYSA-N-rxnAdd113_cpd02215_6_6-0 to node 
Count: 0/ Score : 0/ Children: 0/ Terminal : False
|Urolithin_A_3,8-O-diglucuronide|
17/07/2021 19:44:55 -- INFO -- Starting move obtention process with compound KXBXNRJGUDTJQS-UHFFFAOYSA-N ([H]OC(=O)C1([H])OC([H])(Oc2c([H])c([H])c3c(oc(=O)c4c([H])c(O[H])c([H])c([H])c43)c2[H])C([H])(O[H])C([H])(O[H])C1([H])O[H]) at 1626543895.2016156
17/07/2021 19:44:55 -- INFO -- 30 available rules
17/07/2021 19:44:55 -- INFO -- For compound KXBXNRJGUDTJQS-UHFFFAOYSA-N, matching moves are [KXBXNRJGUDTJQS-UHFFFAOYSA-N-rxnAdd113_cpd02215_6_6-0, KXBXNRJGUDTJQS-UHFFFAOYSA-N-MNXR108276_MNXM2393_6-0, KXBXNRJGUDTJQS-UHFFFAOYSA-N-MNXR119264_MNXM2393_6-0]
17/07/2021 19:44:55 -- INFO -- Calculated moves in 0.7287640571594238 for compound KXBXNRJGUDTJQS-UHFFFAOYSA-N - without caching
17/07/2021 19:44:55 -- INFO -- Pathway is found at iteration 0
17/07/2021 19:44:56 -- INFO -- Udapted solved Node 	Move name: SXMJSEFKPOZNAT-UHFFFAOYSA-N-rxnAdd113_cpd02215_6_6-0/ Biological score : 4.02/ Chemical score: 0.62
	Count: 1/ Score : 0/ Children: 0/ Terminal : True
	|AEMOLEFTQBMNLQ-UHFFFAOYSA-N- solved|KXBXNRJGUDTJQS-UHFFFAOYSA-N| for the first time at iteration 0
17/07/2021 19:44:56 -- INFO -- Udapted solved Node Count: 1/ Score : 0/ Children: 1/ Terminal : False
|Urolithin_A_3,8-O-diglucuronide| for the first time at iteration 0
17/07/2021 19:44:56 -- INFO -- Adding a child with move SXMJSEFKPOZNAT-UHFFFAOYSA-N-rxnAdd113_cpd02215_6_6-1 to node 
Count: 1/ Score : 10.0/ Children: 1/ Terminal : False
|Urolithin_A_3,8-O-diglucuronide|
17/07/2021 19:44:56 -- INFO -- Starting move obtention process with compound QMPHAAMUHRNZSL-UHFFFAOYSA-N ([H]OC(=O)C1([H])OC([H])(Oc2c([H])c([H])c3c(c2[H])c(=O)oc2c([H])c(O[H])c([H])c([H])c23)C([H])(O[H])C([H])(O[H])C1([H])O[H]) at 1626543896.112101
17/07/2021 19:44:56 -- INFO -- 30 available rules
17/07/2021 19:44:56 -- INFO -- For compound QMPHAAMUHRNZSL-UHFFFAOYSA-N, matching moves are [QMPHAAMUHRNZSL-UHFFFAOYSA-N-rxnAdd113_cpd02215_6_6-0, QMPHAAMUHRNZSL-UHFFFAOYSA-N-MNXR108276_MNXM2393_6-0, QMPHAAMUHRNZSL-UHFFFAOYSA-N-MNXR119264_MNXM2393_6-0]
17/07/2021 19:44:56 -- INFO -- Calculated moves in 0.6333913803100586 for compound QMPHAAMUHRNZSL-UHFFFAOYSA-N - without caching
17/07/2021 19:44:56 -- INFO -- Adding a child with move SXMJSEFKPOZNAT-UHFFFAOYSA-N-MNXR108276_MNXM2393_6-0 to node 
Count: 2/ Score : 6.0/ Children: 2/ Terminal : False
|Urolithin_A_3,8-O-diglucuronide|
17/07/2021 19:44:56 -- INFO -- Starting move obtention process with compound KXBXNRJGUDTJQS-UHFFFAOYSA-N ([H]OC(=O)C1([H])OC([H])(Oc2c([H])c([H])c3c(oc(=O)c4c([H])c(O[H])c([H])c([H])c43)c2[H])C([H])(O[H])C([H])(O[H])C1([H])O[H]) at 1626543896.8459918
17/07/2021 19:44:57 -- INFO -- 30 available rules
17/07/2021 19:44:57 -- INFO -- For compound KXBXNRJGUDTJQS-UHFFFAOYSA-N, matching moves are [KXBXNRJGUDTJQS-UHFFFAOYSA-N-rxnAdd113_cpd02215_6_6-0, KXBXNRJGUDTJQS-UHFFFAOYSA-N-MNXR108276_MNXM2393_6-0, KXBXNRJGUDTJQS-UHFFFAOYSA-N-MNXR119264_MNXM2393_6-0]
17/07/2021 19:44:57 -- INFO -- Calculated moves in 0.7560164928436279 for compound KXBXNRJGUDTJQS-UHFFFAOYSA-N - without caching
17/07/2021 19:44:57 -- INFO -- Pathway is found at iteration 2
17/07/2021 19:44:57 -- INFO -- Udapted solved Node 	Move name: SXMJSEFKPOZNAT-UHFFFAOYSA-N-rxnAdd113_cpd02215_6_6-1/ Biological score : 4.02/ Chemical score: 0.62
	Count: 1/ Score : 0/ Children: 0/ Terminal : True
	|AEMOLEFTQBMNLQ-UHFFFAOYSA-N- solved|QMPHAAMUHRNZSL-UHFFFAOYSA-N| for the first time at iteration 2
17/07/2021 19:44:57 -- INFO -- Adding a child with move SXMJSEFKPOZNAT-UHFFFAOYSA-N-MNXR108276_MNXM2393_6-1 to node 
Count: 3/ Score : 7.33/ Children: 3/ Terminal : False
|Urolithin_A_3,8-O-diglucuronide|
17/07/2021 19:44:57 -- INFO -- Starting move obtention process with compound QMPHAAMUHRNZSL-UHFFFAOYSA-N ([H]OC(=O)C1([H])OC([H])(Oc2c([H])c([H])c3c(c2[H])c(=O)oc2c([H])c(O[H])c([H])c([H])c23)C([H])(O[H])C([H])(O[H])C1([H])O[H]) at 1626543897.8555703
17/07/2021 19:44:58 -- INFO -- 30 available rules
17/07/2021 19:44:58 -- INFO -- For compound QMPHAAMUHRNZSL-UHFFFAOYSA-N, matching moves are [QMPHAAMUHRNZSL-UHFFFAOYSA-N-rxnAdd113_cpd02215_6_6-0, QMPHAAMUHRNZSL-UHFFFAOYSA-N-MNXR108276_MNXM2393_6-0, QMPHAAMUHRNZSL-UHFFFAOYSA-N-MNXR119264_MNXM2393_6-0]
17/07/2021 19:44:58 -- INFO -- Calculated moves in 0.905623197555542 for compound QMPHAAMUHRNZSL-UHFFFAOYSA-N - without caching
17/07/2021 19:44:58 -- INFO -- Adding a child with move SXMJSEFKPOZNAT-UHFFFAOYSA-N-MNXR119264_MNXM2393_6-0 to node 
Count: 4/ Score : 6.0/ Children: 4/ Terminal : False
|Urolithin_A_3,8-O-diglucuronide|
17/07/2021 19:44:58 -- INFO -- Starting move obtention process with compound FZYOREVNVSJZRZ-UHFFFAOYSA-N ([H]OC(=O)C1([H])OC([H])(Oc2c([H])c([H])c3c(oc(=O)c4c([H])c(OC5([H])OC([H])(C(=O)O[H])C([H])(O[H])C([H])(O[H])C5([H])OC5([H])OC([H])(C(=O)O[H])C([H])(O[H])C([H])(O[H])C5([H])O[H])c([H])c([H])c43)c2[H])C([H])(O[H])C([H])(O[H])C1([H])O[H]) at 1626543898.8761785
17/07/2021 19:44:59 -- INFO -- 12 available rules
17/07/2021 19:44:59 -- INFO -- For compound FZYOREVNVSJZRZ-UHFFFAOYSA-N, matching moves are [FZYOREVNVSJZRZ-UHFFFAOYSA-N-rxnAdd87_cpd09263_6_6-0, FZYOREVNVSJZRZ-UHFFFAOYSA-N-MNXR119264_MNXM2129_6-0]
17/07/2021 19:44:59 -- INFO -- Calculated moves in 0.5450892448425293 for compound FZYOREVNVSJZRZ-UHFFFAOYSA-N - without caching
17/07/2021 19:44:59 -- INFO -- Starting move obtention process with compound XLYOFNOQVPJJNP-UHFFFAOYSA-N ([H]O[H]) at 1626543899.4345024
17/07/2021 19:44:59 -- INFO -- 0 available rules
17/07/2021 19:44:59 -- INFO -- For compound XLYOFNOQVPJJNP-UHFFFAOYSA-N, matching moves are []
17/07/2021 19:44:59 -- INFO -- Calculated moves in 0.2925107479095459 for compound XLYOFNOQVPJJNP-UHFFFAOYSA-N - without caching
17/07/2021 19:44:59 -- INFO -- Pathway is found at iteration 4
17/07/2021 19:44:59 -- INFO -- Udapted solved Node 	Move name: SXMJSEFKPOZNAT-UHFFFAOYSA-N-MNXR108276_MNXM2393_6-0/ Biological score : 2.6/ Chemical score: 0.62
	Count: 1/ Score : 0/ Children: 0/ Terminal : True
	|HDYANYHVCAPMJV-UHFFFAOYSA-N- solved|KXBXNRJGUDTJQS-UHFFFAOYSA-N| for the first time at iteration 4
17/07/2021 19:44:59 -- INFO -- Adding a child with move SXMJSEFKPOZNAT-UHFFFAOYSA-N-MNXR119264_MNXM2393_6-1 to node 
Count: 5/ Score : 6.8/ Children: 5/ Terminal : False
|Urolithin_A_3,8-O-diglucuronide|
17/07/2021 19:44:59 -- INFO -- Starting move obtention process with compound IUSBUQYULXKWAI-UHFFFAOYSA-N ([H]OC(=O)C1([H])OC([H])(Oc2c([H])c([H])c3c(c2[H])c(=O)oc2c([H])c(OC4([H])OC([H])(C(=O)O[H])C([H])(O[H])C([H])(O[H])C4([H])OC4([H])OC([H])(C(=O)O[H])C([H])(O[H])C([H])(O[H])C4([H])O[H])c([H])c([H])c23)C([H])(O[H])C([H])(O[H])C1([H])O[H]) at 1626543899.8732042
17/07/2021 19:45:00 -- INFO -- 12 available rules
17/07/2021 19:45:00 -- INFO -- For compound IUSBUQYULXKWAI-UHFFFAOYSA-N, matching moves are [IUSBUQYULXKWAI-UHFFFAOYSA-N-rxnAdd87_cpd09263_6_6-0, IUSBUQYULXKWAI-UHFFFAOYSA-N-MNXR119264_MNXM2129_6-0]
17/07/2021 19:45:00 -- INFO -- Calculated moves in 0.5248181819915771 for compound IUSBUQYULXKWAI-UHFFFAOYSA-N - without caching
17/07/2021 19:45:00 -- INFO -- Starting move obtention process with compound XLYOFNOQVPJJNP-UHFFFAOYSA-N ([H]O[H]) at 1626543900.421046
17/07/2021 19:45:00 -- INFO -- 0 available rules
17/07/2021 19:45:00 -- INFO -- For compound XLYOFNOQVPJJNP-UHFFFAOYSA-N, matching moves are []
17/07/2021 19:45:00 -- INFO -- Calculated moves in 0.3864731788635254 for compound XLYOFNOQVPJJNP-UHFFFAOYSA-N - without caching
17/07/2021 19:45:00 -- INFO -- Pathway is found at iteration 6
17/07/2021 19:45:00 -- INFO -- Udapted solved Node 	Move name: SXMJSEFKPOZNAT-UHFFFAOYSA-N-MNXR108276_MNXM2393_6-1/ Biological score : 2.6/ Chemical score: 0.62
	Count: 1/ Score : 0/ Children: 0/ Terminal : True
	|HDYANYHVCAPMJV-UHFFFAOYSA-N- solved|QMPHAAMUHRNZSL-UHFFFAOYSA-N| for the first time at iteration 6
17/07/2021 19:45:00 -- INFO -- Adding a child with move FZYOREVNVSJZRZ-UHFFFAOYSA-N-rxnAdd87_cpd09263_6_6-0 to node 
	Move name: SXMJSEFKPOZNAT-UHFFFAOYSA-N-MNXR119264_MNXM2393_6-0/ Biological score : 1.69/ Chemical score: 0.62
	Count: 0/ Score : 0/ Children: 0/ Terminal : False
	|FZYOREVNVSJZRZ-UHFFFAOYSA-N|XLYOFNOQVPJJNP-UHFFFAOYSA-N|
17/07/2021 19:45:01 -- INFO -- Starting move obtention process with compound GPRLSGONYQIRFK-UHFFFAOYSA-N ([H+]) at 1626543901.031407
17/07/2021 19:45:01 -- INFO -- 0 available rules
17/07/2021 19:45:01 -- INFO -- For compound GPRLSGONYQIRFK-UHFFFAOYSA-N, matching moves are []
17/07/2021 19:45:01 -- INFO -- Calculated moves in 0.37487006187438965 for compound GPRLSGONYQIRFK-UHFFFAOYSA-N - without caching
17/07/2021 19:45:01 -- INFO -- Starting move obtention process with compound KXBXNRJGUDTJQS-UHFFFAOYSA-N ([H]OC(=O)C1([H])OC([H])(Oc2c([H])c([H])c3c(oc(=O)c4c([H])c(O[H])c([H])c([H])c43)c2[H])C([H])(O[H])C([H])(O[H])C1([H])O[H]) at 1626543901.4163938
17/07/2021 19:45:01 -- INFO -- 30 available rules
17/07/2021 19:45:02 -- INFO -- For compound KXBXNRJGUDTJQS-UHFFFAOYSA-N, matching moves are [KXBXNRJGUDTJQS-UHFFFAOYSA-N-rxnAdd113_cpd02215_6_6-0, KXBXNRJGUDTJQS-UHFFFAOYSA-N-MNXR108276_MNXM2393_6-0, KXBXNRJGUDTJQS-UHFFFAOYSA-N-MNXR119264_MNXM2393_6-0]
17/07/2021 19:45:02 -- INFO -- Calculated moves in 0.6317849159240723 for compound KXBXNRJGUDTJQS-UHFFFAOYSA-N - without caching
17/07/2021 19:45:02 -- INFO -- Starting move obtention process with compound XLYOFNOQVPJJNP-UHFFFAOYSA-N ([H]O[H]) at 1626543902.0639882
17/07/2021 19:45:02 -- INFO -- 0 available rules
17/07/2021 19:45:02 -- INFO -- For compound XLYOFNOQVPJJNP-UHFFFAOYSA-N, matching moves are []
17/07/2021 19:45:02 -- INFO -- Calculated moves in 0.33886289596557617 for compound XLYOFNOQVPJJNP-UHFFFAOYSA-N - without caching
17/07/2021 19:45:02 -- INFO -- Pathway is found at iteration 8
17/07/2021 19:45:02 -- INFO -- Udapted solved Node 		Move name: FZYOREVNVSJZRZ-UHFFFAOYSA-N-rxnAdd87_cpd09263_6_6-0/ Biological score : 4.02/ Chemical score: 0.64
		Count: 1/ Score : 0/ Children: 0/ Terminal : True
		|AEMOLEFTQBMNLQ-UHFFFAOYSA-N- solved|GPRLSGONYQIRFK-UHFFFAOYSA-N|KXBXNRJGUDTJQS-UHFFFAOYSA-N|XLYOFNOQVPJJNP-UHFFFAOYSA-N| for the first time at iteration 8
17/07/2021 19:45:02 -- INFO -- Udapted solved Node 	Move name: SXMJSEFKPOZNAT-UHFFFAOYSA-N-MNXR119264_MNXM2393_6-0/ Biological score : 1.69/ Chemical score: 0.62
	Count: 1/ Score : 0/ Children: 1/ Terminal : False
	|FZYOREVNVSJZRZ-UHFFFAOYSA-N|XLYOFNOQVPJJNP-UHFFFAOYSA-N| for the first time at iteration 8
17/07/2021 19:45:02 -- INFO -- Looping move in node |FZYOREVNVSJZRZ-UHFFFAOYSA-N|XLYOFNOQVPJJNP-UHFFFAOYSA-N|-1 for move FZYOREVNVSJZRZ-UHFFFAOYSA-N-MNXR119264_MNXM2129_6-0
17/07/2021 19:45:02 -- INFO -- Starting move obtention process with compound FZYOREVNVSJZRZ-UHFFFAOYSA-N ([H]OC(=O)C1([H])OC([H])(Oc2c([H])c([H])c3c(oc(=O)c4c([H])c(OC5([H])OC([H])(C(=O)O[H])C([H])(O[H])C([H])(O[H])C5([H])OC5([H])OC([H])(C(=O)O[H])C([H])(O[H])C([H])(O[H])C5([H])O[H])c([H])c([H])c43)c2[H])C([H])(O[H])C([H])(O[H])C1([H])O[H]) at 1626543902.6043682
17/07/2021 19:45:02 -- INFO -- 10 available rules
17/07/2021 19:45:03 -- INFO -- For compound FZYOREVNVSJZRZ-UHFFFAOYSA-N, matching moves are [FZYOREVNVSJZRZ-UHFFFAOYSA-N-MNXR119264_MNXM2129_8-0]
17/07/2021 19:45:03 -- INFO -- Calculated moves in 0.5655605792999268 for compound FZYOREVNVSJZRZ-UHFFFAOYSA-N - without caching
17/07/2021 19:45:03 -- INFO -- Starting move obtention process with compound XLYOFNOQVPJJNP-UHFFFAOYSA-N ([H]O[H]) at 1626543903.1841679
17/07/2021 19:45:03 -- INFO -- 0 available rules
17/07/2021 19:45:03 -- INFO -- For compound XLYOFNOQVPJJNP-UHFFFAOYSA-N, matching moves are []
17/07/2021 19:45:03 -- INFO -- Calculated moves in 0.43483567237854004 for compound XLYOFNOQVPJJNP-UHFFFAOYSA-N - without caching
17/07/2021 19:45:03 -- INFO -- Starting move obtention process with compound SXMJSEFKPOZNAT-UHFFFAOYSA-N ([H]OC(=O)C1([H])OC([H])(Oc2c([H])c([H])c3c(oc(=O)c4c([H])c(OC5([H])OC([H])(C(=O)O[H])C([H])(O[H])C([H])(O[H])C5([H])O[H])c([H])c([H])c43)c2[H])C([H])(O[H])C([H])(O[H])C1([H])O[H]) at 1626543903.6615164
17/07/2021 19:45:03 -- INFO -- 18 available rules
17/07/2021 19:45:04 -- INFO -- For compound SXMJSEFKPOZNAT-UHFFFAOYSA-N, matching moves are [SXMJSEFKPOZNAT-UHFFFAOYSA-N-rxnAdd113_cpd02215_6_6-0, SXMJSEFKPOZNAT-UHFFFAOYSA-N-rxnAdd113_cpd02215_6_6-1, SXMJSEFKPOZNAT-UHFFFAOYSA-N-MNXR108276_MNXM2393_6-0, SXMJSEFKPOZNAT-UHFFFAOYSA-N-MNXR108276_MNXM2393_6-1, SXMJSEFKPOZNAT-UHFFFAOYSA-N-MNXR119264_MNXM2393_6-0, SXMJSEFKPOZNAT-UHFFFAOYSA-N-MNXR119264_MNXM2393_6-1]
17/07/2021 19:45:04 -- INFO -- Calculated moves in 0.8287253379821777 for compound SXMJSEFKPOZNAT-UHFFFAOYSA-N - without caching
17/07/2021 19:45:04 -- INFO -- Starting move obtention process with compound XLYOFNOQVPJJNP-UHFFFAOYSA-N ([H]O[H]) at 1626543904.5038025
17/07/2021 19:45:04 -- INFO -- 0 available rules
17/07/2021 19:45:04 -- INFO -- For compound XLYOFNOQVPJJNP-UHFFFAOYSA-N, matching moves are []
17/07/2021 19:45:04 -- INFO -- Calculated moves in 0.36292147636413574 for compound XLYOFNOQVPJJNP-UHFFFAOYSA-N - without caching
17/07/2021 19:45:04 -- INFO -- Rollout results are 2, True
17/07/2021 19:45:04 -- INFO -- Adding a child with move IUSBUQYULXKWAI-UHFFFAOYSA-N-rxnAdd87_cpd09263_6_6-0 to node 
	Move name: SXMJSEFKPOZNAT-UHFFFAOYSA-N-MNXR119264_MNXM2393_6-1/ Biological score : 1.69/ Chemical score: 0.62
	Count: 0/ Score : 0/ Children: 0/ Terminal : False
	|IUSBUQYULXKWAI-UHFFFAOYSA-N|XLYOFNOQVPJJNP-UHFFFAOYSA-N|
17/07/2021 19:45:05 -- INFO -- Starting move obtention process with compound GPRLSGONYQIRFK-UHFFFAOYSA-N ([H+]) at 1626543905.018037
17/07/2021 19:45:05 -- INFO -- 0 available rules
17/07/2021 19:45:05 -- INFO -- For compound GPRLSGONYQIRFK-UHFFFAOYSA-N, matching moves are []
17/07/2021 19:45:05 -- INFO -- Calculated moves in 0.34682774543762207 for compound GPRLSGONYQIRFK-UHFFFAOYSA-N - without caching
17/07/2021 19:45:05 -- INFO -- Starting move obtention process with compound QMPHAAMUHRNZSL-UHFFFAOYSA-N ([H]OC(=O)C1([H])OC([H])(Oc2c([H])c([H])c3c(c2[H])c(=O)oc2c([H])c(O[H])c([H])c([H])c23)C([H])(O[H])C([H])(O[H])C1([H])O[H]) at 1626543905.3752797
17/07/2021 19:45:05 -- INFO -- 30 available rules
17/07/2021 19:45:06 -- INFO -- For compound QMPHAAMUHRNZSL-UHFFFAOYSA-N, matching moves are [QMPHAAMUHRNZSL-UHFFFAOYSA-N-rxnAdd113_cpd02215_6_6-0, QMPHAAMUHRNZSL-UHFFFAOYSA-N-MNXR108276_MNXM2393_6-0, QMPHAAMUHRNZSL-UHFFFAOYSA-N-MNXR119264_MNXM2393_6-0]
17/07/2021 19:45:06 -- INFO -- Calculated moves in 0.8098673820495605 for compound QMPHAAMUHRNZSL-UHFFFAOYSA-N - without caching
17/07/2021 19:45:06 -- INFO -- Starting move obtention process with compound XLYOFNOQVPJJNP-UHFFFAOYSA-N ([H]O[H]) at 1626543906.2135024
17/07/2021 19:45:06 -- INFO -- 0 available rules
17/07/2021 19:45:06 -- INFO -- For compound XLYOFNOQVPJJNP-UHFFFAOYSA-N, matching moves are []
17/07/2021 19:45:06 -- INFO -- Calculated moves in 0.44893813133239746 for compound XLYOFNOQVPJJNP-UHFFFAOYSA-N - without caching
17/07/2021 19:45:06 -- INFO -- Pathway is found at iteration 10
17/07/2021 19:45:06 -- INFO -- Udapted solved Node 		Move name: IUSBUQYULXKWAI-UHFFFAOYSA-N-rxnAdd87_cpd09263_6_6-0/ Biological score : 4.02/ Chemical score: 0.64
		Count: 1/ Score : 0/ Children: 0/ Terminal : True
		|AEMOLEFTQBMNLQ-UHFFFAOYSA-N- solved|GPRLSGONYQIRFK-UHFFFAOYSA-N|QMPHAAMUHRNZSL-UHFFFAOYSA-N|XLYOFNOQVPJJNP-UHFFFAOYSA-N| for the first time at iteration 10
17/07/2021 19:45:06 -- INFO -- Udapted solved Node 	Move name: SXMJSEFKPOZNAT-UHFFFAOYSA-N-MNXR119264_MNXM2393_6-1/ Biological score : 1.69/ Chemical score: 0.62
	Count: 1/ Score : 0/ Children: 1/ Terminal : False
	|IUSBUQYULXKWAI-UHFFFAOYSA-N|XLYOFNOQVPJJNP-UHFFFAOYSA-N| for the first time at iteration 10
17/07/2021 19:45:06 -- INFO -- Looping move in node |IUSBUQYULXKWAI-UHFFFAOYSA-N|XLYOFNOQVPJJNP-UHFFFAOYSA-N|-1 for move IUSBUQYULXKWAI-UHFFFAOYSA-N-MNXR119264_MNXM2129_6-0
17/07/2021 19:45:06 -- INFO -- Starting move obtention process with compound IUSBUQYULXKWAI-UHFFFAOYSA-N ([H]OC(=O)C1([H])OC([H])(Oc2c([H])c([H])c3c(c2[H])c(=O)oc2c([H])c(OC4([H])OC([H])(C(=O)O[H])C([H])(O[H])C([H])(O[H])C4([H])OC4([H])OC([H])(C(=O)O[H])C([H])(O[H])C([H])(O[H])C4([H])O[H])c([H])c([H])c23)C([H])(O[H])C([H])(O[H])C1([H])O[H]) at 1626543906.8851538
17/07/2021 19:45:07 -- INFO -- 10 available rules
17/07/2021 19:45:07 -- INFO -- For compound IUSBUQYULXKWAI-UHFFFAOYSA-N, matching moves are [IUSBUQYULXKWAI-UHFFFAOYSA-N-MNXR119264_MNXM2129_8-0]
17/07/2021 19:45:07 -- INFO -- Calculated moves in 0.5928544998168945 for compound IUSBUQYULXKWAI-UHFFFAOYSA-N - without caching
17/07/2021 19:45:07 -- INFO -- Starting move obtention process with compound XLYOFNOQVPJJNP-UHFFFAOYSA-N ([H]O[H]) at 1626543907.4927485
17/07/2021 19:45:07 -- INFO -- 0 available rules
17/07/2021 19:45:07 -- INFO -- For compound XLYOFNOQVPJJNP-UHFFFAOYSA-N, matching moves are []
17/07/2021 19:45:07 -- INFO -- Calculated moves in 0.3468031883239746 for compound XLYOFNOQVPJJNP-UHFFFAOYSA-N - without caching
17/07/2021 19:45:07 -- INFO -- Starting move obtention process with compound SXMJSEFKPOZNAT-UHFFFAOYSA-N ([H]OC(=O)C1([H])OC([H])(Oc2c([H])c([H])c3c(oc(=O)c4c([H])c(OC5([H])OC([H])(C(=O)O[H])C([H])(O[H])C([H])(O[H])C5([H])O[H])c([H])c([H])c43)c2[H])C([H])(O[H])C([H])(O[H])C1([H])O[H]) at 1626543907.8766966
17/07/2021 19:45:08 -- INFO -- 18 available rules
17/07/2021 19:45:08 -- INFO -- For compound SXMJSEFKPOZNAT-UHFFFAOYSA-N, matching moves are [SXMJSEFKPOZNAT-UHFFFAOYSA-N-rxnAdd113_cpd02215_6_6-0, SXMJSEFKPOZNAT-UHFFFAOYSA-N-rxnAdd113_cpd02215_6_6-1, SXMJSEFKPOZNAT-UHFFFAOYSA-N-MNXR108276_MNXM2393_6-0, SXMJSEFKPOZNAT-UHFFFAOYSA-N-MNXR108276_MNXM2393_6-1, SXMJSEFKPOZNAT-UHFFFAOYSA-N-MNXR119264_MNXM2393_6-0, SXMJSEFKPOZNAT-UHFFFAOYSA-N-MNXR119264_MNXM2393_6-1]
17/07/2021 19:45:08 -- INFO -- Calculated moves in 0.8386609554290771 for compound SXMJSEFKPOZNAT-UHFFFAOYSA-N - without caching
17/07/2021 19:45:08 -- INFO -- Starting move obtention process with compound XLYOFNOQVPJJNP-UHFFFAOYSA-N ([H]O[H]) at 1626543908.7418194
17/07/2021 19:45:09 -- INFO -- 0 available rules
17/07/2021 19:45:09 -- INFO -- For compound XLYOFNOQVPJJNP-UHFFFAOYSA-N, matching moves are []
17/07/2021 19:45:09 -- INFO -- Calculated moves in 0.3644225597381592 for compound XLYOFNOQVPJJNP-UHFFFAOYSA-N - without caching
17/07/2021 19:45:09 -- INFO -- Rollout results are 2, True
17/07/2021 19:45:10 -- INFO -- Performing iteration 100 out of 1000
17/07/2021 19:45:11 -- INFO -- Performing iteration 200 out of 1000
17/07/2021 19:45:12 -- INFO -- Performing iteration 300 out of 1000
17/07/2021 19:45:14 -- INFO -- Performing iteration 400 out of 1000
17/07/2021 19:45:14 -- INFO -- Performing iteration 500 out of 1000
17/07/2021 19:45:16 -- INFO -- Performing iteration 600 out of 1000
17/07/2021 19:45:17 -- INFO -- Performing iteration 700 out of 1000
17/07/2021 19:45:18 -- INFO -- Performing iteration 800 out of 1000
17/07/2021 19:45:19 -- INFO -- Performing iteration 900 out of 1000
17/07/2021 19:45:19 -- INFO -- ---------------End of search informations------------------ 
Tree search finished running at 19h 45min 19s 
Your tree search took 2.5e+01s 
 
Time was spent in selection: 3.9e-02s, expansion: 8.7e+00s, rollout: 4.5e+00s, update: 2.8e-01s 
CONGRATULATIONS, THATS A WIN
17/07/2021 19:45:19 -- INFO -- At the end of this tree search, the cache contains 0
17/07/2021 19:45:19 -- WARNING -- RECAP TIME_EXECUTION=24.78
17/07/2021 19:45:19 -- WARNING -- RECAP STOP_REASON=iteration
17/07/2021 19:45:19 -- WARNING -- RECAP NUMBER_ITERATION=999
17/07/2021 19:45:20 -- INFO -- According to Wikipedia, choosing the pathway with the most visists 
 This could be replaced by the best score
17/07/2021 19:45:20 -- INFO -- Found 6 pathways for Urolithin_A_3,8-O-diglucuronide
17/07/2021 19:45:20 -- INFO -- 6 pathways were found
17/07/2021 19:45:20 -- INFO -- At the end of this tree search, the cache contains 0
