17/07/2021 01:20:20 -- WARNING -- Setting the seed at 1234
17/07/2021 01:20:20 -- INFO -- Stating global parameters from configuration file
17/07/2021 01:20:20 -- INFO -- Using retrosynthesis: False - using biosensor True
17/07/2021 01:20:20 -- INFO -- Full search - no stopping at first result
17/07/2021 01:20:20 -- INFO -- Setting the DB from config file: Installed package: True. Using cache DB: False; Replacing results: False
17/07/2021 01:20:20 -- INFO -- Initialising an empty cache: {}; Using it: False
17/07/2021 01:20:20 -- INFO -- -------------------Scoring configurations -------------------------
17/07/2021 01:20:20 -- INFO -- Using biological cut off at 0.1
17/07/2021 01:20:20 -- INFO -- Using substrate only cut off at 0.6
17/07/2021 01:20:20 -- INFO -- Using chemical score cut off at 0.6
17/07/2021 01:20:20 -- INFO -- -------------------MCTS configurations -------------------------
17/07/2021 01:20:20 -- INFO -- Setting the minimal visit count for a node at 1
17/07/2021 01:20:20 -- INFO -- Using RAVE: False
17/07/2021 01:20:20 -- INFO -- -------------------Chemical configurations -------------------------
17/07/2021 01:20:20 -- INFO -- Using explicit hydrogens : True
17/07/2021 01:20:20 -- INFO -- Using detectable compounds as sink as running in biosensor mode.
17/07/2021 01:20:20 -- WARNING -- Removed compound from the detectable set to force enzymatic detection
17/07/2021 01:20:20 -- INFO -- Main layer was set to True. Sanitising state
17/07/2021 01:20:42 -- INFO -- Main layer was set to True. Sanitising state
17/07/2021 01:20:42 -- INFO -- Starting move obtention process with compound Phloretin ([H]Oc1c([H])c([H])c(C([H])([H])C([H])([H])C(=O)c2c(O[H])c([H])c(O[H])c([H])c2O[H])c([H])c1[H]) at 1626477642.492963
17/07/2021 01:20:42 -- INFO -- 108 available rules
17/07/2021 01:20:43 -- INFO -- For compound Phloretin, matching moves are []
17/07/2021 01:20:43 -- INFO -- Calculated moves in 0.880852460861206 for compound VGEREEWJJVICBM-UHFFFAOYSA-N - without caching
17/07/2021 01:20:43 -- INFO -- ---------------Beginning of search informations------------------ 
UCT policy is : Biochemical_UCT_1 
Rollout policy is : Rollout_policy_random_uniform_on_biochemical_multiplication_score 
Rewarding policy is : Penalty is -1 and full state reward is 2 
Maximum number of iterations 1000 
Tree search started running at 1h 20min 43s 
Your tree search is currently running ... 
 

17/07/2021 01:20:43 -- INFO -- Performing iteration 0 out of 1000
17/07/2021 01:20:44 -- INFO -- Performing iteration 100 out of 1000
17/07/2021 01:20:45 -- INFO -- Performing iteration 200 out of 1000
17/07/2021 01:20:47 -- INFO -- Performing iteration 300 out of 1000
17/07/2021 01:20:49 -- INFO -- Performing iteration 400 out of 1000
17/07/2021 01:20:51 -- INFO -- Performing iteration 500 out of 1000
17/07/2021 01:20:52 -- INFO -- Performing iteration 600 out of 1000
17/07/2021 01:20:54 -- INFO -- Performing iteration 700 out of 1000
17/07/2021 01:20:56 -- INFO -- Performing iteration 800 out of 1000
17/07/2021 01:20:57 -- INFO -- Performing iteration 900 out of 1000
17/07/2021 01:20:59 -- INFO -- ---------------End of search informations------------------ 
Tree search finished running at 1h 20min 59s 
Your tree search took 1.7e+01s 
 
Time was spent in selection: 1.2e-03s, expansion: 1.3e-03s, rollout: 0.0e+00s, update: 1.4e-02s 
You just lost the game
17/07/2021 01:20:59 -- INFO -- At the end of this tree search, the cache contains 0
17/07/2021 01:20:59 -- WARNING -- RECAP TIME_EXECUTION=16.37
17/07/2021 01:20:59 -- WARNING -- RECAP STOP_REASON=iteration
17/07/2021 01:20:59 -- WARNING -- RECAP NUMBER_ITERATION=999
17/07/2021 01:20:59 -- INFO -- According to Wikipedia, choosing the pathway with the most visists 
 This could be replaced by the best score
17/07/2021 01:20:59 -- INFO -- No pathway was found for this compound
17/07/2021 01:20:59 -- INFO -- 0 pathways were found
17/07/2021 01:20:59 -- INFO -- At the end of this tree search, the cache contains 0
