18/07/2021 01:28:42 -- WARNING -- Setting the seed at 1234
18/07/2021 01:28:42 -- INFO -- Stating global parameters from configuration file
18/07/2021 01:28:42 -- INFO -- Using retrosynthesis: False - using biosensor True
18/07/2021 01:28:42 -- INFO -- Full search - no stopping at first result
18/07/2021 01:28:42 -- INFO -- Setting the DB from config file: Installed package: True. Using cache DB: False; Replacing results: False
18/07/2021 01:28:42 -- INFO -- Initialising an empty cache: {}; Using it: False
18/07/2021 01:28:42 -- INFO -- -------------------Scoring configurations -------------------------
18/07/2021 01:28:42 -- INFO -- Using biological cut off at 0.1
18/07/2021 01:28:42 -- INFO -- Using substrate only cut off at 0.6
18/07/2021 01:28:42 -- INFO -- Using chemical score cut off at 0.6
18/07/2021 01:28:42 -- INFO -- -------------------MCTS configurations -------------------------
18/07/2021 01:28:42 -- INFO -- Setting the minimal visit count for a node at 1
18/07/2021 01:28:42 -- INFO -- Using RAVE: False
18/07/2021 01:28:42 -- INFO -- -------------------Chemical configurations -------------------------
18/07/2021 01:28:42 -- INFO -- Using explicit hydrogens : True
18/07/2021 01:28:42 -- INFO -- Using detectable compounds as sink as running in biosensor mode.
18/07/2021 01:28:42 -- WARNING -- Removed compound from the detectable set to force enzymatic detection
18/07/2021 01:28:42 -- INFO -- Main layer was set to True. Sanitising state
18/07/2021 01:29:03 -- INFO -- Main layer was set to True. Sanitising state
18/07/2021 01:29:04 -- INFO -- Starting move obtention process with compound 4,5-Dicaffeoylquinic_acid ([H]OC(=O)C1(O[H])C([H])([H])C([H])(O[H])C([H])(OC(=O)C([H])=C([H])c2c([H])c([H])c(O[H])c(O[H])c2[H])C([H])(OC(=O)C([H])=C([H])c2c([H])c([H])c(O[H])c(O[H])c2[H])C1([H])[H]) at 1626564544.0248003
18/07/2021 01:29:04 -- INFO -- 33 available rules
18/07/2021 01:29:04 -- INFO -- For compound 4,5-Dicaffeoylquinic_acid, matching moves are [UFCLZKMFXSILNL-UHFFFAOYSA-N-rxnAdd149_cpd07354_6_6-0, UFCLZKMFXSILNL-UHFFFAOYSA-N-rxnAdd171_cpd02595_6_6-0, UFCLZKMFXSILNL-UHFFFAOYSA-N-rxnAdd151_cpd01683_6_6-0]
18/07/2021 01:29:04 -- INFO -- Calculated moves in 0.9488422870635986 for compound UFCLZKMFXSILNL-UHFFFAOYSA-N - without caching
18/07/2021 01:29:04 -- INFO -- ---------------Beginning of search informations------------------ 
UCT policy is : Biochemical_UCT_1 
Rollout policy is : Rollout_policy_random_uniform_on_biochemical_multiplication_score 
Rewarding policy is : Penalty is -1 and full state reward is 2 
Maximum number of iterations 1000 
Tree search started running at 1h 29min 4s 
Your tree search is currently running ... 
 

18/07/2021 01:29:04 -- INFO -- Performing iteration 0 out of 1000
18/07/2021 01:29:05 -- INFO -- Adding a child with move UFCLZKMFXSILNL-UHFFFAOYSA-N-rxnAdd149_cpd07354_6_6-0 to node 
Count: 0/ Score : 0/ Children: 0/ Terminal : False
|4,5-Dicaffeoylquinic_acid|
18/07/2021 01:29:05 -- INFO -- Starting move obtention process with compound GPRLSGONYQIRFK-UHFFFAOYSA-N ([H+]) at 1626564545.1333828
18/07/2021 01:29:05 -- INFO -- 0 available rules
18/07/2021 01:29:05 -- INFO -- For compound GPRLSGONYQIRFK-UHFFFAOYSA-N, matching moves are []
18/07/2021 01:29:05 -- INFO -- Calculated moves in 0.46207427978515625 for compound GPRLSGONYQIRFK-UHFFFAOYSA-N - without caching
18/07/2021 01:29:05 -- INFO -- Pathway is found at iteration 0
18/07/2021 01:29:05 -- INFO -- Udapted solved Node 	Move name: UFCLZKMFXSILNL-UHFFFAOYSA-N-rxnAdd149_cpd07354_6_6-0/ Biological score : 4.02/ Chemical score: 1.0
	Count: 1/ Score : 0/ Children: 0/ Terminal : True
	|AAWZDTNXLSGCEK-UHFFFAOYSA-N- solved|GPRLSGONYQIRFK-UHFFFAOYSA-N|QAIPRVGONGVQAS-UHFFFAOYSA-N- solved| for the first time at iteration 0
18/07/2021 01:29:05 -- INFO -- Udapted solved Node Count: 1/ Score : 0/ Children: 1/ Terminal : False
|4,5-Dicaffeoylquinic_acid| for the first time at iteration 0
18/07/2021 01:29:05 -- INFO -- Adding a child with move UFCLZKMFXSILNL-UHFFFAOYSA-N-rxnAdd171_cpd02595_6_6-0 to node 
Count: 1/ Score : 10.0/ Children: 1/ Terminal : False
|4,5-Dicaffeoylquinic_acid|
18/07/2021 01:29:05 -- INFO -- Starting move obtention process with compound GYFFKZTYYAFCTR-UHFFFAOYSA-N ([H]OC(=O)C1(O[H])C([H])([H])C([H])(O[H])C([H])(OC(=O)C([H])=C([H])c2c([H])c([H])c(O[H])c(O[H])c2[H])C([H])(O[H])C1([H])[H]) at 1626564545.8039596
18/07/2021 01:29:06 -- INFO -- 33 available rules
18/07/2021 01:29:06 -- INFO -- For compound GYFFKZTYYAFCTR-UHFFFAOYSA-N, matching moves are [GYFFKZTYYAFCTR-UHFFFAOYSA-N-rxnAdd151_cpd01683_6_6-0]
18/07/2021 01:29:06 -- INFO -- Calculated moves in 0.8233604431152344 for compound GYFFKZTYYAFCTR-UHFFFAOYSA-N - without caching
18/07/2021 01:29:06 -- INFO -- Adding a child with move UFCLZKMFXSILNL-UHFFFAOYSA-N-rxnAdd151_cpd01683_6_6-0 to node 
Count: 2/ Score : 6.0/ Children: 2/ Terminal : False
|4,5-Dicaffeoylquinic_acid|
18/07/2021 01:29:06 -- INFO -- Pathway is found at iteration 2
18/07/2021 01:29:06 -- INFO -- Udapted solved Node 	Move name: UFCLZKMFXSILNL-UHFFFAOYSA-N-rxnAdd171_cpd02595_6_6-0/ Biological score : 4.02/ Chemical score: 0.89
	Count: 1/ Score : 0/ Children: 0/ Terminal : True
	|GYFFKZTYYAFCTR-UHFFFAOYSA-N|QAIPRVGONGVQAS-UHFFFAOYSA-N- solved| for the first time at iteration 2
18/07/2021 01:29:06 -- INFO -- Pathway is found at iteration 4
18/07/2021 01:29:06 -- INFO -- Udapted solved Node 	Move name: UFCLZKMFXSILNL-UHFFFAOYSA-N-rxnAdd151_cpd01683_6_6-0/ Biological score : 4.02/ Chemical score: 0.86
	Count: 1/ Score : 0/ Children: 0/ Terminal : True
	|CWVRJTMFETXNAD-UHFFFAOYSA-N- solved|QAIPRVGONGVQAS-UHFFFAOYSA-N- solved| for the first time at iteration 4
18/07/2021 01:29:08 -- INFO -- Performing iteration 100 out of 1000
18/07/2021 01:29:10 -- INFO -- Performing iteration 200 out of 1000
18/07/2021 01:29:12 -- INFO -- Performing iteration 300 out of 1000
18/07/2021 01:29:13 -- INFO -- Performing iteration 400 out of 1000
18/07/2021 01:29:15 -- INFO -- Performing iteration 500 out of 1000
18/07/2021 01:29:17 -- INFO -- Performing iteration 600 out of 1000
18/07/2021 01:29:19 -- INFO -- Performing iteration 700 out of 1000
18/07/2021 01:29:21 -- INFO -- Performing iteration 800 out of 1000
18/07/2021 01:29:23 -- INFO -- Performing iteration 900 out of 1000
18/07/2021 01:29:24 -- INFO -- ---------------End of search informations------------------ 
Tree search finished running at 1h 29min 24s 
Your tree search took 2.0e+01s 
 
Time was spent in selection: 3.4e-02s, expansion: 1.6e+00s, rollout: 0.0e+00s, update: 1.0e-01s 
CONGRATULATIONS, THATS A WIN
18/07/2021 01:29:24 -- INFO -- At the end of this tree search, the cache contains 0
18/07/2021 01:29:24 -- WARNING -- RECAP TIME_EXECUTION=19.87
18/07/2021 01:29:24 -- WARNING -- RECAP STOP_REASON=iteration
18/07/2021 01:29:24 -- WARNING -- RECAP NUMBER_ITERATION=999
18/07/2021 01:29:25 -- INFO -- According to Wikipedia, choosing the pathway with the most visists 
 This could be replaced by the best score
18/07/2021 01:29:25 -- INFO -- Found 3 pathways for 4,5-Dicaffeoylquinic_acid
18/07/2021 01:29:25 -- INFO -- 3 pathways were found
18/07/2021 01:29:25 -- INFO -- At the end of this tree search, the cache contains 0
