17/07/2021 12:28:40 -- WARNING -- Setting the seed at 1234
17/07/2021 12:28:40 -- INFO -- Stating global parameters from configuration file
17/07/2021 12:28:40 -- INFO -- Using retrosynthesis: False - using biosensor True
17/07/2021 12:28:40 -- INFO -- Full search - no stopping at first result
17/07/2021 12:28:40 -- INFO -- Setting the DB from config file: Installed package: True. Using cache DB: False; Replacing results: False
17/07/2021 12:28:40 -- INFO -- Initialising an empty cache: {}; Using it: False
17/07/2021 12:28:40 -- INFO -- -------------------Scoring configurations -------------------------
17/07/2021 12:28:40 -- INFO -- Using biological cut off at 0.1
17/07/2021 12:28:40 -- INFO -- Using substrate only cut off at 0.6
17/07/2021 12:28:40 -- INFO -- Using chemical score cut off at 0.6
17/07/2021 12:28:40 -- INFO -- -------------------MCTS configurations -------------------------
17/07/2021 12:28:40 -- INFO -- Setting the minimal visit count for a node at 1
17/07/2021 12:28:40 -- INFO -- Using RAVE: False
17/07/2021 12:28:40 -- INFO -- -------------------Chemical configurations -------------------------
17/07/2021 12:28:40 -- INFO -- Using explicit hydrogens : True
17/07/2021 12:28:40 -- INFO -- Using detectable compounds as sink as running in biosensor mode.
17/07/2021 12:28:40 -- INFO -- Main layer was set to True. Sanitising state
17/07/2021 12:29:01 -- INFO -- Main layer was set to True. Sanitising state
17/07/2021 12:29:01 -- INFO -- Starting move obtention process with compound Angolensin ([H]Oc1c([H])c([H])c(C(=O)C([H])(c2c([H])c([H])c(OC([H])([H])[H])c([H])c2[H])C([H])([H])[H])c(O[H])c1[H]) at 1626517741.235906
17/07/2021 12:29:01 -- INFO -- 8 available rules
17/07/2021 12:29:01 -- INFO -- For compound Angolensin, matching moves are [CCOJFDRSZSSKOG-UHFFFAOYSA-N-rxnAdd177_r_1_cpd90005_4_6-0]
17/07/2021 12:29:01 -- INFO -- Calculated moves in 0.6991922855377197 for compound CCOJFDRSZSSKOG-UHFFFAOYSA-N - without caching
17/07/2021 12:29:01 -- INFO -- ---------------Beginning of search informations------------------ 
UCT policy is : Biochemical_UCT_1 
Rollout policy is : Rollout_policy_random_uniform_on_biochemical_multiplication_score 
Rewarding policy is : Penalty is -1 and full state reward is 2 
Maximum number of iterations 1000 
Tree search started running at 12h 29min 1s 
Your tree search is currently running ... 
 

17/07/2021 12:29:01 -- INFO -- Performing iteration 0 out of 1000
17/07/2021 12:29:01 -- INFO -- Adding a child with move CCOJFDRSZSSKOG-UHFFFAOYSA-N-rxnAdd177_r_1_cpd90005_4_6-0 to node 
Count: 0/ Score : 0/ Children: 0/ Terminal : False
|Angolensin|
17/07/2021 12:29:02 -- INFO -- Starting move obtention process with compound GPRLSGONYQIRFK-UHFFFAOYSA-N ([H+]) at 1626517742.0481179
17/07/2021 12:29:02 -- INFO -- 0 available rules
17/07/2021 12:29:02 -- INFO -- For compound GPRLSGONYQIRFK-UHFFFAOYSA-N, matching moves are []
17/07/2021 12:29:02 -- INFO -- Calculated moves in 0.3725919723510742 for compound GPRLSGONYQIRFK-UHFFFAOYSA-N - without caching
17/07/2021 12:29:02 -- INFO -- Pathway is found at iteration 0
17/07/2021 12:29:02 -- INFO -- Udapted solved Node 	Move name: CCOJFDRSZSSKOG-UHFFFAOYSA-N-rxnAdd177_r_1_cpd90005_4_6-0/ Biological score : 4.02/ Chemical score: 0.85
	Count: 1/ Score : 0/ Children: 0/ Terminal : True
	|GPRLSGONYQIRFK-UHFFFAOYSA-N|HKQYGTCOTHHOMP-UHFFFAOYSA-N- solved| for the first time at iteration 0
17/07/2021 12:29:02 -- INFO -- Udapted solved Node Count: 1/ Score : 0/ Children: 1/ Terminal : False
|Angolensin| for the first time at iteration 0
17/07/2021 12:29:03 -- INFO -- Performing iteration 100 out of 1000
17/07/2021 12:29:05 -- INFO -- Performing iteration 200 out of 1000
17/07/2021 12:29:06 -- INFO -- Performing iteration 300 out of 1000
17/07/2021 12:29:08 -- INFO -- Performing iteration 400 out of 1000
17/07/2021 12:29:09 -- INFO -- Performing iteration 500 out of 1000
17/07/2021 12:29:11 -- INFO -- Performing iteration 600 out of 1000
17/07/2021 12:29:12 -- INFO -- Performing iteration 700 out of 1000
17/07/2021 12:29:14 -- INFO -- Performing iteration 800 out of 1000
17/07/2021 12:29:16 -- INFO -- Performing iteration 900 out of 1000
17/07/2021 12:29:17 -- INFO -- ---------------End of search informations------------------ 
Tree search finished running at 12h 29min 17s 
Your tree search took 1.6e+01s 
 
Time was spent in selection: 2.5e-02s, expansion: 4.9e-01s, rollout: 0.0e+00s, update: 4.1e-02s 
CONGRATULATIONS, THATS A WIN
17/07/2021 12:29:17 -- INFO -- At the end of this tree search, the cache contains 0
17/07/2021 12:29:17 -- WARNING -- RECAP TIME_EXECUTION=15.83
17/07/2021 12:29:17 -- WARNING -- RECAP STOP_REASON=iteration
17/07/2021 12:29:17 -- WARNING -- RECAP NUMBER_ITERATION=999
17/07/2021 12:29:17 -- INFO -- According to Wikipedia, choosing the pathway with the most visists 
 This could be replaced by the best score
17/07/2021 12:29:17 -- INFO -- Found 1 pathways for Angolensin
17/07/2021 12:29:17 -- INFO -- 1 pathways were found
17/07/2021 12:29:17 -- INFO -- At the end of this tree search, the cache contains 0
