18/07/2021 00:24:49 -- WARNING -- Setting the seed at 1234
18/07/2021 00:24:49 -- INFO -- Stating global parameters from configuration file
18/07/2021 00:24:49 -- INFO -- Using retrosynthesis: False - using biosensor True
18/07/2021 00:24:49 -- INFO -- Full search - no stopping at first result
18/07/2021 00:24:49 -- INFO -- Setting the DB from config file: Installed package: True. Using cache DB: False; Replacing results: False
18/07/2021 00:24:49 -- INFO -- Initialising an empty cache: {}; Using it: False
18/07/2021 00:24:49 -- INFO -- -------------------Scoring configurations -------------------------
18/07/2021 00:24:49 -- INFO -- Using biological cut off at 0.1
18/07/2021 00:24:49 -- INFO -- Using substrate only cut off at 0.6
18/07/2021 00:24:49 -- INFO -- Using chemical score cut off at 0.6
18/07/2021 00:24:49 -- INFO -- -------------------MCTS configurations -------------------------
18/07/2021 00:24:49 -- INFO -- Setting the minimal visit count for a node at 1
18/07/2021 00:24:49 -- INFO -- Using RAVE: False
18/07/2021 00:24:49 -- INFO -- -------------------Chemical configurations -------------------------
18/07/2021 00:24:49 -- INFO -- Using explicit hydrogens : True
18/07/2021 00:24:49 -- INFO -- Using detectable compounds as sink as running in biosensor mode.
18/07/2021 00:24:49 -- WARNING -- Removed compound from the detectable set to force enzymatic detection
18/07/2021 00:24:49 -- INFO -- Main layer was set to True. Sanitising state
18/07/2021 00:25:11 -- INFO -- Main layer was set to True. Sanitising state
18/07/2021 00:25:11 -- INFO -- Starting move obtention process with compound 2-Hydroxybenzoic_acid ([H]OC(=O)c1c([H])c([H])c([H])c([H])c1O[H]) at 1626560711.4120111
18/07/2021 00:25:11 -- INFO -- 472 available rules
18/07/2021 00:25:12 -- INFO -- For compound 2-Hydroxybenzoic_acid, matching moves are [YGSDEFSMJLZEOE-UHFFFAOYSA-N-rxnAdd31_cpd00599_2_6-0, YGSDEFSMJLZEOE-UHFFFAOYSA-N-rxnAdd58_r_1_cpd01020_5_6-0, YGSDEFSMJLZEOE-UHFFFAOYSA-N-rxnAdd55_r_1_cpd01020_5_6-0, YGSDEFSMJLZEOE-UHFFFAOYSA-N-rxnAdd42_r_2_cpd01020_5_6-0, YGSDEFSMJLZEOE-UHFFFAOYSA-N-rxnAdd222_r_2_cpd01020_5_6-0, YGSDEFSMJLZEOE-UHFFFAOYSA-N-MNXR106983_MNXM217_6-0, YGSDEFSMJLZEOE-UHFFFAOYSA-N-MNXR112331_MNXM378_6-0, YGSDEFSMJLZEOE-UHFFFAOYSA-N-MNXR119392_MNXM850_6-0, YGSDEFSMJLZEOE-UHFFFAOYSA-N-MNXR110650_MNXM378_8-0, YGSDEFSMJLZEOE-UHFFFAOYSA-N-MNXR134270_MNXM455_6-0]
18/07/2021 00:25:12 -- INFO -- Calculated moves in 1.1235997676849365 for compound YGSDEFSMJLZEOE-UHFFFAOYSA-N - without caching
18/07/2021 00:25:12 -- INFO -- ---------------Beginning of search informations------------------ 
UCT policy is : Biochemical_UCT_1 
Rollout policy is : Rollout_policy_random_uniform_on_biochemical_multiplication_score 
Rewarding policy is : Penalty is -1 and full state reward is 2 
Maximum number of iterations 1000 
Tree search started running at 0h 25min 12s 
Your tree search is currently running ... 
 

18/07/2021 00:25:12 -- INFO -- Performing iteration 0 out of 1000
18/07/2021 00:25:12 -- INFO -- Adding a child with move YGSDEFSMJLZEOE-UHFFFAOYSA-N-rxnAdd31_cpd00599_2_6-0 to node 
Count: 0/ Score : 0/ Children: 0/ Terminal : False
|2-Hydroxybenzoic_acid|
18/07/2021 00:25:12 -- INFO -- Starting move obtention process with compound CURLTUGMZLYLDI-UHFFFAOYSA-N (O=C=O) at 1626560712.6324856
18/07/2021 00:25:12 -- INFO -- 11 available rules
18/07/2021 00:25:13 -- INFO -- For compound CURLTUGMZLYLDI-UHFFFAOYSA-N, matching moves are [CURLTUGMZLYLDI-UHFFFAOYSA-N-MNXR96884_MNXM13_6-0, CURLTUGMZLYLDI-UHFFFAOYSA-N-MNXR96961_MNXM13_14-0, CURLTUGMZLYLDI-UHFFFAOYSA-N-MNXR96481_MNXM13_14-0, CURLTUGMZLYLDI-UHFFFAOYSA-N-MNXR106403_MNXM13_14-0, CURLTUGMZLYLDI-UHFFFAOYSA-N-MNXR95786_MNXM13_14-0]
18/07/2021 00:25:13 -- INFO -- Calculated moves in 0.48708128929138184 for compound CURLTUGMZLYLDI-UHFFFAOYSA-N - without caching
18/07/2021 00:25:13 -- INFO -- Pathway is found at iteration 0
18/07/2021 00:25:13 -- INFO -- Udapted solved Node 	Move name: YGSDEFSMJLZEOE-UHFFFAOYSA-N-rxnAdd31_cpd00599_2_6-0/ Biological score : 4.02/ Chemical score: 1.0
	Count: 1/ Score : 0/ Children: 0/ Terminal : True
	|CURLTUGMZLYLDI-UHFFFAOYSA-N|ISWSIDIOOBJBQZ-UHFFFAOYSA-N- solved| for the first time at iteration 0
18/07/2021 00:25:13 -- INFO -- Udapted solved Node Count: 1/ Score : 0/ Children: 1/ Terminal : False
|2-Hydroxybenzoic_acid| for the first time at iteration 0
18/07/2021 00:25:13 -- INFO -- Adding a child with move YGSDEFSMJLZEOE-UHFFFAOYSA-N-rxnAdd58_r_1_cpd01020_5_6-0 to node 
Count: 1/ Score : 10.0/ Children: 1/ Terminal : False
|2-Hydroxybenzoic_acid|
18/07/2021 00:25:13 -- INFO -- Starting move obtention process with compound ZTBAWVISNNNMRZ-UHFFFAOYSA-N ([H]Oc1c([H])c(O[H])c2c(c1[H])OC([H])(c1c([H])c(O[H])c(O[H])c(O[H])c1[H])C([H])(OC(=O)c1c([H])c([H])c([H])c([H])c1O[H])C2([H])[H]) at 1626560713.2825963
18/07/2021 00:25:13 -- INFO -- 147 available rules
18/07/2021 00:25:14 -- INFO -- For compound ZTBAWVISNNNMRZ-UHFFFAOYSA-N, matching moves are []
18/07/2021 00:25:14 -- INFO -- Calculated moves in 1.0004291534423828 for compound ZTBAWVISNNNMRZ-UHFFFAOYSA-N - without caching
18/07/2021 00:25:14 -- INFO -- Adding a child with move YGSDEFSMJLZEOE-UHFFFAOYSA-N-rxnAdd55_r_1_cpd01020_5_6-0 to node 
Count: 2/ Score : 6.0/ Children: 2/ Terminal : False
|2-Hydroxybenzoic_acid|
18/07/2021 00:25:14 -- INFO -- Starting move obtention process with compound VPYPBDHIBGOGBN-UHFFFAOYSA-N ([H]Oc1c([H])c(O[H])c2c(c1[H])OC([H])(c1c([H])c([H])c(O[H])c(O[H])c1[H])C([H])(OC(=O)c1c([H])c([H])c([H])c([H])c1O[H])C2([H])[H]) at 1626560714.3615043
18/07/2021 00:25:14 -- INFO -- 195 available rules
18/07/2021 00:25:15 -- INFO -- For compound VPYPBDHIBGOGBN-UHFFFAOYSA-N, matching moves are []
18/07/2021 00:25:15 -- INFO -- Calculated moves in 1.5426828861236572 for compound VPYPBDHIBGOGBN-UHFFFAOYSA-N - without caching
18/07/2021 00:25:15 -- INFO -- Adding a child with move YGSDEFSMJLZEOE-UHFFFAOYSA-N-rxnAdd42_r_2_cpd01020_5_6-0 to node 
Count: 3/ Score : 3.67/ Children: 3/ Terminal : False
|2-Hydroxybenzoic_acid|
18/07/2021 00:25:16 -- INFO -- Adding a child with move YGSDEFSMJLZEOE-UHFFFAOYSA-N-rxnAdd222_r_2_cpd01020_5_6-0 to node 
Count: 4/ Score : 2.5/ Children: 4/ Terminal : False
|2-Hydroxybenzoic_acid|
18/07/2021 00:25:16 -- INFO -- Starting move obtention process with compound DRFQUQUVSKVCEZ-UHFFFAOYSA-N ([H]OC(=O)C1(O[H])C([H])([H])C([H])(O[H])C([H])(O[H])C([H])(OC(=O)c2c([H])c([H])c([H])c([H])c2O[H])C1([H])[H]) at 1626560716.0973315
18/07/2021 00:25:16 -- INFO -- 27 available rules
18/07/2021 00:25:16 -- INFO -- For compound DRFQUQUVSKVCEZ-UHFFFAOYSA-N, matching moves are []
18/07/2021 00:25:16 -- INFO -- Calculated moves in 0.5782487392425537 for compound DRFQUQUVSKVCEZ-UHFFFAOYSA-N - without caching
18/07/2021 00:25:16 -- INFO -- Adding a child with move YGSDEFSMJLZEOE-UHFFFAOYSA-N-MNXR106983_MNXM217_6-0 to node 
Count: 5/ Score : 1.8/ Children: 5/ Terminal : False
|2-Hydroxybenzoic_acid|
18/07/2021 00:25:16 -- INFO -- Starting move obtention process with compound GYGOYLYKQKAZAI-UHFFFAOYSA-N ([H]Oc1c([H])c([H])c([H])c([H])c1C(=O)OP(=O)(O[H])O[H]) at 1626560716.7780683
18/07/2021 00:25:17 -- INFO -- 31 available rules
18/07/2021 00:25:17 -- INFO -- For compound GYGOYLYKQKAZAI-UHFFFAOYSA-N, matching moves are [GYGOYLYKQKAZAI-UHFFFAOYSA-N-MNXR106983_MNXM43631_6-0, GYGOYLYKQKAZAI-UHFFFAOYSA-N-MNXR112331_MNXM378_6-0, GYGOYLYKQKAZAI-UHFFFAOYSA-N-MNXR110650_MNXM378_8-0, GYGOYLYKQKAZAI-UHFFFAOYSA-N-MNXR111303_MNXM378_8-0]
18/07/2021 00:25:17 -- INFO -- Calculated moves in 0.6296017169952393 for compound GYGOYLYKQKAZAI-UHFFFAOYSA-N - without caching
18/07/2021 00:25:17 -- INFO -- Starting move obtention process with compound XLYOFNOQVPJJNP-UHFFFAOYSA-N ([H]O[H]) at 1626560717.4249513
18/07/2021 00:25:17 -- INFO -- 0 available rules
18/07/2021 00:25:17 -- INFO -- For compound XLYOFNOQVPJJNP-UHFFFAOYSA-N, matching moves are []
18/07/2021 00:25:17 -- INFO -- Calculated moves in 0.3285195827484131 for compound XLYOFNOQVPJJNP-UHFFFAOYSA-N - without caching
18/07/2021 00:25:17 -- INFO -- Adding a child with move YGSDEFSMJLZEOE-UHFFFAOYSA-N-MNXR112331_MNXM378_6-0 to node 
Count: 6/ Score : 1.33/ Children: 6/ Terminal : False
|2-Hydroxybenzoic_acid|
18/07/2021 00:25:17 -- INFO -- Starting move obtention process with compound MYMOFIZGZYHOMD-UHFFFAOYSA-N (O=O) at 1626560717.868033
18/07/2021 00:25:18 -- INFO -- 0 available rules
18/07/2021 00:25:18 -- INFO -- For compound MYMOFIZGZYHOMD-UHFFFAOYSA-N, matching moves are []
18/07/2021 00:25:18 -- INFO -- Calculated moves in 0.2967793941497803 for compound MYMOFIZGZYHOMD-UHFFFAOYSA-N - without caching
18/07/2021 00:25:18 -- INFO -- Pathway is found at iteration 6
18/07/2021 00:25:18 -- INFO -- Udapted solved Node 	Move name: YGSDEFSMJLZEOE-UHFFFAOYSA-N-rxnAdd42_r_2_cpd01020_5_6-0/ Biological score : 4.02/ Chemical score: 0.67
	Count: 1/ Score : 0/ Children: 0/ Terminal : True
	|XNHKMZHWRNMFCU-UHFFFAOYSA-N- solved| for the first time at iteration 6
18/07/2021 00:25:18 -- INFO -- Adding a child with move YGSDEFSMJLZEOE-UHFFFAOYSA-N-MNXR119392_MNXM850_6-0 to node 
Count: 7/ Score : 2.57/ Children: 7/ Terminal : False
|2-Hydroxybenzoic_acid|
18/07/2021 00:25:18 -- INFO -- Starting move obtention process with compound XLYOFNOQVPJJNP-UHFFFAOYSA-N ([H]O[H]) at 1626560718.3020542
18/07/2021 00:25:18 -- INFO -- 0 available rules
18/07/2021 00:25:18 -- INFO -- For compound XLYOFNOQVPJJNP-UHFFFAOYSA-N, matching moves are []
18/07/2021 00:25:18 -- INFO -- Calculated moves in 0.3218972682952881 for compound XLYOFNOQVPJJNP-UHFFFAOYSA-N - without caching
18/07/2021 00:25:18 -- INFO -- Adding a child with move YGSDEFSMJLZEOE-UHFFFAOYSA-N-MNXR110650_MNXM378_8-0 to node 
Count: 8/ Score : 2.5/ Children: 8/ Terminal : False
|2-Hydroxybenzoic_acid|
18/07/2021 00:25:18 -- INFO -- Adding a child with move YGSDEFSMJLZEOE-UHFFFAOYSA-N-MNXR134270_MNXM455_6-0 to node 
Count: 9/ Score : 2.11/ Children: 9/ Terminal : False
|2-Hydroxybenzoic_acid|
18/07/2021 00:25:18 -- INFO -- Starting move obtention process with compound SAEFXOJAEDXDBM-UHFFFAOYSA-N ([H]OC(=O)C([H])(N=C(O[H])c1c([H])c([H])c([H])c([H])c1O[H])C([H])([H])O[H]) at 1626560718.7991104
18/07/2021 00:25:19 -- INFO -- 6 available rules
18/07/2021 00:25:19 -- INFO -- For compound SAEFXOJAEDXDBM-UHFFFAOYSA-N, matching moves are [SAEFXOJAEDXDBM-UHFFFAOYSA-N-MNXR134270_MNXM1487_6-0]
18/07/2021 00:25:19 -- INFO -- Calculated moves in 0.39140748977661133 for compound SAEFXOJAEDXDBM-UHFFFAOYSA-N - without caching
18/07/2021 00:25:19 -- INFO -- Looping move in node |GYGOYLYKQKAZAI-UHFFFAOYSA-N|XLYOFNOQVPJJNP-UHFFFAOYSA-N|-1 for move GYGOYLYKQKAZAI-UHFFFAOYSA-N-MNXR106983_MNXM43631_6-0
18/07/2021 00:25:19 -- INFO -- Starting move obtention process with compound GYGOYLYKQKAZAI-UHFFFAOYSA-N ([H]Oc1c([H])c([H])c([H])c([H])c1C(=O)OP(=O)(O[H])O[H]) at 1626560719.2464623
18/07/2021 00:25:19 -- INFO -- 27 available rules
18/07/2021 00:25:19 -- INFO -- For compound GYGOYLYKQKAZAI-UHFFFAOYSA-N, matching moves are [GYGOYLYKQKAZAI-UHFFFAOYSA-N-MNXR110650_MNXM378_6-0, GYGOYLYKQKAZAI-UHFFFAOYSA-N-MNXR111303_MNXM378_6-0]
18/07/2021 00:25:19 -- INFO -- Calculated moves in 0.5609114170074463 for compound GYGOYLYKQKAZAI-UHFFFAOYSA-N - without caching
18/07/2021 00:25:19 -- INFO -- Starting move obtention process with compound XLYOFNOQVPJJNP-UHFFFAOYSA-N ([H]O[H]) at 1626560719.822931
18/07/2021 00:25:20 -- INFO -- 0 available rules
18/07/2021 00:25:20 -- INFO -- For compound XLYOFNOQVPJJNP-UHFFFAOYSA-N, matching moves are []
18/07/2021 00:25:20 -- INFO -- Calculated moves in 0.2896413803100586 for compound XLYOFNOQVPJJNP-UHFFFAOYSA-N - without caching
18/07/2021 00:25:20 -- INFO -- Starting move obtention process with compound XLYOFNOQVPJJNP-UHFFFAOYSA-N ([H]O[H]) at 1626560720.136363
18/07/2021 00:25:20 -- INFO -- 0 available rules
18/07/2021 00:25:20 -- INFO -- For compound XLYOFNOQVPJJNP-UHFFFAOYSA-N, matching moves are []
18/07/2021 00:25:20 -- INFO -- Calculated moves in 0.2592177391052246 for compound XLYOFNOQVPJJNP-UHFFFAOYSA-N - without caching
18/07/2021 00:25:20 -- INFO -- Starting move obtention process with compound XMNDPJAKWPLCMK-UHFFFAOYSA-N ([H]Oc1c([H])c([H])c(O[H])c(C(=O)OP(=O)(O[H])O[H])c1[H]) at 1626560720.40522
18/07/2021 00:25:20 -- INFO -- 29 available rules
18/07/2021 00:25:21 -- INFO -- For compound XMNDPJAKWPLCMK-UHFFFAOYSA-N, matching moves are [XMNDPJAKWPLCMK-UHFFFAOYSA-N-MNXR106983_MNXM43631_6-0, XMNDPJAKWPLCMK-UHFFFAOYSA-N-MNXR131630_MNXM850_6-0, XMNDPJAKWPLCMK-UHFFFAOYSA-N-MNXR107599_MNXM850_6-0, XMNDPJAKWPLCMK-UHFFFAOYSA-N-MNXR111303_MNXM850_8-0, XMNDPJAKWPLCMK-UHFFFAOYSA-N-MNXR111302_MNXM850_8-0]
18/07/2021 00:25:21 -- INFO -- Calculated moves in 0.7114114761352539 for compound XMNDPJAKWPLCMK-UHFFFAOYSA-N - without caching
18/07/2021 00:25:21 -- INFO -- Starting move obtention process with compound XLYOFNOQVPJJNP-UHFFFAOYSA-N ([H]O[H]) at 1626560721.1716964
18/07/2021 00:25:21 -- INFO -- 0 available rules
18/07/2021 00:25:21 -- INFO -- For compound XLYOFNOQVPJJNP-UHFFFAOYSA-N, matching moves are []
18/07/2021 00:25:21 -- INFO -- Calculated moves in 0.3501126766204834 for compound XLYOFNOQVPJJNP-UHFFFAOYSA-N - without caching
18/07/2021 00:25:21 -- INFO -- Rollout results are 2, True
18/07/2021 00:25:21 -- INFO -- Udapted solved Node 	Move name: YGSDEFSMJLZEOE-UHFFFAOYSA-N-MNXR106983_MNXM217_6-0/ Biological score : 3.51/ Chemical score: 0.71
	Count: 1/ Score : 0/ Children: 0/ Terminal : False
	|GYGOYLYKQKAZAI-UHFFFAOYSA-N|XLYOFNOQVPJJNP-UHFFFAOYSA-N| for the first time at iteration 10
18/07/2021 00:25:21 -- INFO -- Adding a child with move GYGOYLYKQKAZAI-UHFFFAOYSA-N-MNXR112331_MNXM378_6-0 to node 
	Move name: YGSDEFSMJLZEOE-UHFFFAOYSA-N-MNXR106983_MNXM217_6-0/ Biological score : 3.51/ Chemical score: 0.71
	Count: 1/ Score : 2.0/ Children: 0/ Terminal : False
	|GYGOYLYKQKAZAI-UHFFFAOYSA-N|XLYOFNOQVPJJNP-UHFFFAOYSA-N|
18/07/2021 00:25:21 -- INFO -- Starting move obtention process with compound MYMOFIZGZYHOMD-UHFFFAOYSA-N (O=O) at 1626560721.726894
18/07/2021 00:25:22 -- INFO -- 0 available rules
18/07/2021 00:25:22 -- INFO -- For compound MYMOFIZGZYHOMD-UHFFFAOYSA-N, matching moves are []
18/07/2021 00:25:22 -- INFO -- Calculated moves in 0.3193783760070801 for compound MYMOFIZGZYHOMD-UHFFFAOYSA-N - without caching
18/07/2021 00:25:22 -- INFO -- Starting move obtention process with compound XLYOFNOQVPJJNP-UHFFFAOYSA-N ([H]O[H]) at 1626560722.0675404
18/07/2021 00:25:22 -- INFO -- 0 available rules
18/07/2021 00:25:22 -- INFO -- For compound XLYOFNOQVPJJNP-UHFFFAOYSA-N, matching moves are []
18/07/2021 00:25:22 -- INFO -- Calculated moves in 0.26517558097839355 for compound XLYOFNOQVPJJNP-UHFFFAOYSA-N - without caching
18/07/2021 00:25:22 -- INFO -- Pathway is found at iteration 11
18/07/2021 00:25:22 -- INFO -- Udapted solved Node 		Move name: GYGOYLYKQKAZAI-UHFFFAOYSA-N-MNXR112331_MNXM378_6-0/ Biological score : 2.47/ Chemical score: 0.62
		Count: 1/ Score : 0/ Children: 0/ Terminal : True
		|ACFIXJIJDZMPPO-UHFFFAOYSA-N- solved|MYMOFIZGZYHOMD-UHFFFAOYSA-N|SYLLWWIXOMLOPY-UHFFFAOYSA-N- solved|XLYOFNOQVPJJNP-UHFFFAOYSA-N| for the first time at iteration 11
18/07/2021 00:25:22 -- INFO -- Pathway is found at iteration 12
18/07/2021 00:25:22 -- INFO -- Udapted solved Node 	Move name: YGSDEFSMJLZEOE-UHFFFAOYSA-N-MNXR112331_MNXM378_6-0/ Biological score : 2.47/ Chemical score: 1.0
	Count: 1/ Score : 0/ Children: 0/ Terminal : True
	|ACFIXJIJDZMPPO-UHFFFAOYSA-N- solved|MYMOFIZGZYHOMD-UHFFFAOYSA-N|WPYMKLBDIGXBTP-UHFFFAOYSA-N- solved| for the first time at iteration 12
18/07/2021 00:25:22 -- INFO -- Pathway is found at iteration 14
18/07/2021 00:25:22 -- INFO -- Udapted solved Node 	Move name: YGSDEFSMJLZEOE-UHFFFAOYSA-N-MNXR119392_MNXM850_6-0/ Biological score : 2.27/ Chemical score: 0.86
	Count: 1/ Score : 0/ Children: 0/ Terminal : True
	|SMQUZDBALVYZAC-UHFFFAOYSA-N- solved|XLYOFNOQVPJJNP-UHFFFAOYSA-N| for the first time at iteration 14
18/07/2021 00:25:22 -- INFO -- Pathway is found at iteration 16
18/07/2021 00:25:22 -- INFO -- Udapted solved Node 	Move name: YGSDEFSMJLZEOE-UHFFFAOYSA-N-MNXR110650_MNXM378_8-0/ Biological score : 1.91/ Chemical score: 1.0
	Count: 1/ Score : 0/ Children: 0/ Terminal : True
	|WVDGHGISNBRCAO-UHFFFAOYSA-N- solved| for the first time at iteration 16
18/07/2021 00:25:22 -- INFO -- Pathway is found at iteration 18
18/07/2021 00:25:22 -- INFO -- Udapted solved Node 	Move name: YGSDEFSMJLZEOE-UHFFFAOYSA-N-MNXR134270_MNXM455_6-0/ Biological score : 1.66/ Chemical score: 0.91
	Count: 1/ Score : 0/ Children: 0/ Terminal : True
	|NBIIXXVUZAFLBC-UHFFFAOYSA-N- solved|SAEFXOJAEDXDBM-UHFFFAOYSA-N| for the first time at iteration 18
18/07/2021 00:25:22 -- INFO -- Adding a child with move GYGOYLYKQKAZAI-UHFFFAOYSA-N-MNXR110650_MNXM378_8-0 to node 
	Move name: YGSDEFSMJLZEOE-UHFFFAOYSA-N-MNXR106983_MNXM217_6-0/ Biological score : 3.51/ Chemical score: 0.71
	Count: 2/ Score : 6.0/ Children: 1/ Terminal : False
	|GYGOYLYKQKAZAI-UHFFFAOYSA-N|XLYOFNOQVPJJNP-UHFFFAOYSA-N|
18/07/2021 00:25:22 -- INFO -- Starting move obtention process with compound LXWOXIYHBGFILD-UHFFFAOYSA-N ([H]OC(=O)c1c([H])c([H])c([H])c(C(=O)OP(=O)(O[H])O[H])c1O[H]) at 1626560722.9044912
18/07/2021 00:25:23 -- INFO -- 39 available rules
18/07/2021 00:25:23 -- INFO -- For compound LXWOXIYHBGFILD-UHFFFAOYSA-N, matching moves are [LXWOXIYHBGFILD-UHFFFAOYSA-N-MNXR106983_MNXM43631_6-0, LXWOXIYHBGFILD-UHFFFAOYSA-N-MNXR110650_MNXM6730_8-0, LXWOXIYHBGFILD-UHFFFAOYSA-N-MNXR121611_MNXM378_6-0, LXWOXIYHBGFILD-UHFFFAOYSA-N-MNXR116709_MNXM378_6-0, LXWOXIYHBGFILD-UHFFFAOYSA-N-MNXR117075_MNXM378_6-0, LXWOXIYHBGFILD-UHFFFAOYSA-N-MNXR109511_MNXM378_6-0, LXWOXIYHBGFILD-UHFFFAOYSA-N-MNXR107840_MNXM378_6-0]
18/07/2021 00:25:23 -- INFO -- Calculated moves in 0.5991044044494629 for compound LXWOXIYHBGFILD-UHFFFAOYSA-N - without caching
18/07/2021 00:25:23 -- INFO -- Starting move obtention process with compound XLYOFNOQVPJJNP-UHFFFAOYSA-N ([H]O[H]) at 1626560723.5183973
18/07/2021 00:25:23 -- INFO -- 0 available rules
18/07/2021 00:25:23 -- INFO -- For compound XLYOFNOQVPJJNP-UHFFFAOYSA-N, matching moves are []
18/07/2021 00:25:23 -- INFO -- Calculated moves in 0.3394780158996582 for compound XLYOFNOQVPJJNP-UHFFFAOYSA-N - without caching
18/07/2021 00:25:23 -- INFO -- Looping move in node |GYGOYLYKQKAZAI-UHFFFAOYSA-N|XLYOFNOQVPJJNP-UHFFFAOYSA-N|-1 for move GYGOYLYKQKAZAI-UHFFFAOYSA-N-MNXR111303_MNXM378_8-0
18/07/2021 00:25:23 -- INFO -- Starting move obtention process with compound GYGOYLYKQKAZAI-UHFFFAOYSA-N ([H]Oc1c([H])c([H])c([H])c([H])c1C(=O)OP(=O)(O[H])O[H]) at 1626560723.9782624
18/07/2021 00:25:24 -- INFO -- 29 available rules
18/07/2021 00:25:24 -- INFO -- For compound GYGOYLYKQKAZAI-UHFFFAOYSA-N, matching moves are [GYGOYLYKQKAZAI-UHFFFAOYSA-N-MNXR106983_MNXM43631_6-0, GYGOYLYKQKAZAI-UHFFFAOYSA-N-MNXR112331_MNXM378_6-0, GYGOYLYKQKAZAI-UHFFFAOYSA-N-MNXR110650_MNXM378_8-0, GYGOYLYKQKAZAI-UHFFFAOYSA-N-MNXR111303_MNXM378_8-0]
18/07/2021 00:25:24 -- INFO -- Calculated moves in 0.5475022792816162 for compound GYGOYLYKQKAZAI-UHFFFAOYSA-N - without caching
18/07/2021 00:25:24 -- INFO -- Starting move obtention process with compound XLYOFNOQVPJJNP-UHFFFAOYSA-N ([H]O[H]) at 1626560724.5470774
18/07/2021 00:25:24 -- INFO -- 0 available rules
18/07/2021 00:25:24 -- INFO -- For compound XLYOFNOQVPJJNP-UHFFFAOYSA-N, matching moves are []
18/07/2021 00:25:24 -- INFO -- Calculated moves in 0.3758358955383301 for compound XLYOFNOQVPJJNP-UHFFFAOYSA-N - without caching
18/07/2021 00:25:24 -- INFO -- Starting move obtention process with compound XLYOFNOQVPJJNP-UHFFFAOYSA-N ([H]O[H]) at 1626560724.9504225
18/07/2021 00:25:25 -- INFO -- 0 available rules
18/07/2021 00:25:25 -- INFO -- For compound XLYOFNOQVPJJNP-UHFFFAOYSA-N, matching moves are []
18/07/2021 00:25:25 -- INFO -- Calculated moves in 0.26858019828796387 for compound XLYOFNOQVPJJNP-UHFFFAOYSA-N - without caching
18/07/2021 00:25:25 -- INFO -- Starting move obtention process with compound YGSDEFSMJLZEOE-UHFFFAOYSA-N ([H]OC(=O)c1c([H])c([H])c([H])c([H])c1O[H]) at 1626560725.2270617
18/07/2021 00:25:25 -- INFO -- 472 available rules
18/07/2021 00:25:26 -- INFO -- For compound YGSDEFSMJLZEOE-UHFFFAOYSA-N, matching moves are [YGSDEFSMJLZEOE-UHFFFAOYSA-N-rxnAdd31_cpd00599_2_6-0, YGSDEFSMJLZEOE-UHFFFAOYSA-N-rxnAdd58_r_1_cpd01020_5_6-0, YGSDEFSMJLZEOE-UHFFFAOYSA-N-rxnAdd55_r_1_cpd01020_5_6-0, YGSDEFSMJLZEOE-UHFFFAOYSA-N-rxnAdd42_r_2_cpd01020_5_6-0, YGSDEFSMJLZEOE-UHFFFAOYSA-N-rxnAdd222_r_2_cpd01020_5_6-0, YGSDEFSMJLZEOE-UHFFFAOYSA-N-MNXR106983_MNXM217_6-0, YGSDEFSMJLZEOE-UHFFFAOYSA-N-MNXR112331_MNXM378_6-0, YGSDEFSMJLZEOE-UHFFFAOYSA-N-MNXR119392_MNXM850_6-0, YGSDEFSMJLZEOE-UHFFFAOYSA-N-MNXR110650_MNXM378_8-0, YGSDEFSMJLZEOE-UHFFFAOYSA-N-MNXR134270_MNXM455_6-0]
18/07/2021 00:25:26 -- INFO -- Calculated moves in 1.0337975025177002 for compound YGSDEFSMJLZEOE-UHFFFAOYSA-N - without caching
18/07/2021 00:25:26 -- INFO -- Rollout results are 2, True
18/07/2021 00:25:26 -- INFO -- Adding a child with move LXWOXIYHBGFILD-UHFFFAOYSA-N-MNXR106983_MNXM43631_6-0 to node 
		Move name: GYGOYLYKQKAZAI-UHFFFAOYSA-N-MNXR110650_MNXM378_8-0/ Biological score : 1.91/ Chemical score: 0.62
		Count: 0/ Score : 0/ Children: 0/ Terminal : False
		|LXWOXIYHBGFILD-UHFFFAOYSA-N|XLYOFNOQVPJJNP-UHFFFAOYSA-N|
18/07/2021 00:25:26 -- INFO -- Starting move obtention process with compound XLYOFNOQVPJJNP-UHFFFAOYSA-N ([H]O[H]) at 1626560726.4841487
18/07/2021 00:25:26 -- INFO -- 0 available rules
18/07/2021 00:25:26 -- INFO -- For compound XLYOFNOQVPJJNP-UHFFFAOYSA-N, matching moves are []
18/07/2021 00:25:26 -- INFO -- Calculated moves in 0.2800450325012207 for compound XLYOFNOQVPJJNP-UHFFFAOYSA-N - without caching
18/07/2021 00:25:26 -- INFO -- Pathway is found at iteration 47
18/07/2021 00:25:26 -- INFO -- Udapted solved Node 			Move name: LXWOXIYHBGFILD-UHFFFAOYSA-N-MNXR106983_MNXM43631_6-0/ Biological score : 3.51/ Chemical score: 0.73
			Count: 1/ Score : 0/ Children: 0/ Terminal : True
			|NBIIXXVUZAFLBC-UHFFFAOYSA-N- solved|WVDGHGISNBRCAO-UHFFFAOYSA-N- solved|XLYOFNOQVPJJNP-UHFFFAOYSA-N| for the first time at iteration 47
18/07/2021 00:25:26 -- INFO -- Udapted solved Node 		Move name: GYGOYLYKQKAZAI-UHFFFAOYSA-N-MNXR110650_MNXM378_8-0/ Biological score : 1.91/ Chemical score: 0.62
		Count: 1/ Score : 0/ Children: 1/ Terminal : False
		|LXWOXIYHBGFILD-UHFFFAOYSA-N|XLYOFNOQVPJJNP-UHFFFAOYSA-N| for the first time at iteration 47
18/07/2021 00:25:27 -- INFO -- Looping move in node |LXWOXIYHBGFILD-UHFFFAOYSA-N|XLYOFNOQVPJJNP-UHFFFAOYSA-N|-2 for move LXWOXIYHBGFILD-UHFFFAOYSA-N-MNXR110650_MNXM6730_8-0
18/07/2021 00:25:27 -- INFO -- Starting move obtention process with compound LXWOXIYHBGFILD-UHFFFAOYSA-N ([H]OC(=O)c1c([H])c([H])c([H])c(C(=O)OP(=O)(O[H])O[H])c1O[H]) at 1626560727.0331495
18/07/2021 00:25:27 -- INFO -- 32 available rules
18/07/2021 00:25:27 -- INFO -- For compound LXWOXIYHBGFILD-UHFFFAOYSA-N, matching moves are [LXWOXIYHBGFILD-UHFFFAOYSA-N-MNXR110650_MNXM6730_6-0]
18/07/2021 00:25:27 -- INFO -- Calculated moves in 0.449260950088501 for compound LXWOXIYHBGFILD-UHFFFAOYSA-N - without caching
18/07/2021 00:25:27 -- INFO -- Starting move obtention process with compound XLYOFNOQVPJJNP-UHFFFAOYSA-N ([H]O[H]) at 1626560727.498701
18/07/2021 00:25:27 -- INFO -- 0 available rules
18/07/2021 00:25:27 -- INFO -- For compound XLYOFNOQVPJJNP-UHFFFAOYSA-N, matching moves are []
18/07/2021 00:25:27 -- INFO -- Calculated moves in 0.3217332363128662 for compound XLYOFNOQVPJJNP-UHFFFAOYSA-N - without caching
18/07/2021 00:25:27 -- INFO -- Starting move obtention process with compound CURLTUGMZLYLDI-UHFFFAOYSA-N (O=C=O) at 1626560727.844849
18/07/2021 00:25:28 -- INFO -- 11 available rules
18/07/2021 00:25:28 -- INFO -- For compound CURLTUGMZLYLDI-UHFFFAOYSA-N, matching moves are [CURLTUGMZLYLDI-UHFFFAOYSA-N-MNXR96884_MNXM13_6-0, CURLTUGMZLYLDI-UHFFFAOYSA-N-MNXR96961_MNXM13_14-0, CURLTUGMZLYLDI-UHFFFAOYSA-N-MNXR96481_MNXM13_14-0, CURLTUGMZLYLDI-UHFFFAOYSA-N-MNXR106403_MNXM13_14-0, CURLTUGMZLYLDI-UHFFFAOYSA-N-MNXR95786_MNXM13_14-0]
18/07/2021 00:25:28 -- INFO -- Calculated moves in 0.41808295249938965 for compound CURLTUGMZLYLDI-UHFFFAOYSA-N - without caching
18/07/2021 00:25:28 -- INFO -- Starting move obtention process with compound GYGOYLYKQKAZAI-UHFFFAOYSA-N ([H]Oc1c([H])c([H])c([H])c([H])c1C(=O)OP(=O)(O[H])O[H]) at 1626560728.281325
18/07/2021 00:25:28 -- INFO -- 31 available rules
18/07/2021 00:25:28 -- INFO -- For compound GYGOYLYKQKAZAI-UHFFFAOYSA-N, matching moves are [GYGOYLYKQKAZAI-UHFFFAOYSA-N-MNXR106983_MNXM43631_6-0, GYGOYLYKQKAZAI-UHFFFAOYSA-N-MNXR112331_MNXM378_6-0, GYGOYLYKQKAZAI-UHFFFAOYSA-N-MNXR110650_MNXM378_8-0, GYGOYLYKQKAZAI-UHFFFAOYSA-N-MNXR111303_MNXM378_8-0]
18/07/2021 00:25:28 -- INFO -- Calculated moves in 0.6305842399597168 for compound GYGOYLYKQKAZAI-UHFFFAOYSA-N - without caching
18/07/2021 00:25:28 -- INFO -- Starting move obtention process with compound XLYOFNOQVPJJNP-UHFFFAOYSA-N ([H]O[H]) at 1626560728.928612
18/07/2021 00:25:29 -- INFO -- 0 available rules
18/07/2021 00:25:29 -- INFO -- For compound XLYOFNOQVPJJNP-UHFFFAOYSA-N, matching moves are []
18/07/2021 00:25:29 -- INFO -- Calculated moves in 0.3231034278869629 for compound XLYOFNOQVPJJNP-UHFFFAOYSA-N - without caching
18/07/2021 00:25:29 -- INFO -- Starting move obtention process with compound CURLTUGMZLYLDI-UHFFFAOYSA-N (O=C=O) at 1626560729.2678394
18/07/2021 00:25:29 -- INFO -- 6 available rules
18/07/2021 00:25:29 -- INFO -- For compound CURLTUGMZLYLDI-UHFFFAOYSA-N, matching moves are [CURLTUGMZLYLDI-UHFFFAOYSA-N-MNXR100482_MNXM13_14-0, CURLTUGMZLYLDI-UHFFFAOYSA-N-MNXR96884_MNXM13_12-0]
18/07/2021 00:25:29 -- INFO -- Calculated moves in 0.4105498790740967 for compound CURLTUGMZLYLDI-UHFFFAOYSA-N - without caching
18/07/2021 00:25:29 -- INFO -- Starting move obtention process with compound LXWOXIYHBGFILD-UHFFFAOYSA-N ([H]OC(=O)c1c([H])c([H])c([H])c(C(=O)OP(=O)(O[H])O[H])c1O[H]) at 1626560729.7010574
18/07/2021 00:25:30 -- INFO -- 39 available rules
18/07/2021 00:25:30 -- INFO -- For compound LXWOXIYHBGFILD-UHFFFAOYSA-N, matching moves are [LXWOXIYHBGFILD-UHFFFAOYSA-N-MNXR106983_MNXM43631_6-0, LXWOXIYHBGFILD-UHFFFAOYSA-N-MNXR110650_MNXM6730_8-0, LXWOXIYHBGFILD-UHFFFAOYSA-N-MNXR121611_MNXM378_6-0, LXWOXIYHBGFILD-UHFFFAOYSA-N-MNXR116709_MNXM378_6-0, LXWOXIYHBGFILD-UHFFFAOYSA-N-MNXR117075_MNXM378_6-0, LXWOXIYHBGFILD-UHFFFAOYSA-N-MNXR109511_MNXM378_6-0, LXWOXIYHBGFILD-UHFFFAOYSA-N-MNXR107840_MNXM378_6-0]
18/07/2021 00:25:30 -- INFO -- Calculated moves in 0.6940927505493164 for compound LXWOXIYHBGFILD-UHFFFAOYSA-N - without caching
18/07/2021 00:25:30 -- INFO -- Starting move obtention process with compound XLYOFNOQVPJJNP-UHFFFAOYSA-N ([H]O[H]) at 1626560730.413628
18/07/2021 00:25:30 -- INFO -- 0 available rules
18/07/2021 00:25:30 -- INFO -- For compound XLYOFNOQVPJJNP-UHFFFAOYSA-N, matching moves are []
18/07/2021 00:25:30 -- INFO -- Calculated moves in 0.3705179691314697 for compound XLYOFNOQVPJJNP-UHFFFAOYSA-N - without caching
18/07/2021 00:25:30 -- INFO -- Starting move obtention process with compound CURLTUGMZLYLDI-UHFFFAOYSA-N (O=C=O) at 1626560730.8139455
18/07/2021 00:25:31 -- INFO -- 9 available rules
18/07/2021 00:25:31 -- INFO -- For compound CURLTUGMZLYLDI-UHFFFAOYSA-N, matching moves are [CURLTUGMZLYLDI-UHFFFAOYSA-N-MNXR96884_MNXM13_6-0, CURLTUGMZLYLDI-UHFFFAOYSA-N-MNXR96961_MNXM13_14-0, CURLTUGMZLYLDI-UHFFFAOYSA-N-MNXR96481_MNXM13_14-0, CURLTUGMZLYLDI-UHFFFAOYSA-N-MNXR106403_MNXM13_14-0, CURLTUGMZLYLDI-UHFFFAOYSA-N-MNXR95786_MNXM13_14-0]
18/07/2021 00:25:31 -- INFO -- Calculated moves in 0.5510685443878174 for compound CURLTUGMZLYLDI-UHFFFAOYSA-N - without caching
18/07/2021 00:25:31 -- INFO -- Starting move obtention process with compound XLYOFNOQVPJJNP-UHFFFAOYSA-N ([H]O[H]) at 1626560731.401048
18/07/2021 00:25:31 -- INFO -- 0 available rules
18/07/2021 00:25:31 -- INFO -- For compound XLYOFNOQVPJJNP-UHFFFAOYSA-N, matching moves are []
18/07/2021 00:25:31 -- INFO -- Calculated moves in 0.3073709011077881 for compound XLYOFNOQVPJJNP-UHFFFAOYSA-N - without caching
18/07/2021 00:25:31 -- INFO -- Rollout results are 2, True
18/07/2021 00:25:32 -- INFO -- Looping move in node |LXWOXIYHBGFILD-UHFFFAOYSA-N|XLYOFNOQVPJJNP-UHFFFAOYSA-N|-2 for move LXWOXIYHBGFILD-UHFFFAOYSA-N-MNXR121611_MNXM378_6-0
18/07/2021 00:25:32 -- INFO -- Starting move obtention process with compound LXWOXIYHBGFILD-UHFFFAOYSA-N ([H]OC(=O)c1c([H])c([H])c([H])c(C(=O)OP(=O)(O[H])O[H])c1O[H]) at 1626560732.0817533
18/07/2021 00:25:32 -- INFO -- 38 available rules
18/07/2021 00:25:32 -- INFO -- For compound LXWOXIYHBGFILD-UHFFFAOYSA-N, matching moves are [LXWOXIYHBGFILD-UHFFFAOYSA-N-MNXR106983_MNXM43631_6-0, LXWOXIYHBGFILD-UHFFFAOYSA-N-MNXR110650_MNXM6730_8-0, LXWOXIYHBGFILD-UHFFFAOYSA-N-MNXR121611_MNXM378_6-0, LXWOXIYHBGFILD-UHFFFAOYSA-N-MNXR116709_MNXM378_6-0, LXWOXIYHBGFILD-UHFFFAOYSA-N-MNXR117075_MNXM378_6-0, LXWOXIYHBGFILD-UHFFFAOYSA-N-MNXR109511_MNXM378_6-0, LXWOXIYHBGFILD-UHFFFAOYSA-N-MNXR107840_MNXM378_6-0]
18/07/2021 00:25:32 -- INFO -- Calculated moves in 0.5920982360839844 for compound LXWOXIYHBGFILD-UHFFFAOYSA-N - without caching
18/07/2021 00:25:32 -- INFO -- Starting move obtention process with compound XLYOFNOQVPJJNP-UHFFFAOYSA-N ([H]O[H]) at 1626560732.692088
18/07/2021 00:25:33 -- INFO -- 0 available rules
18/07/2021 00:25:33 -- INFO -- For compound XLYOFNOQVPJJNP-UHFFFAOYSA-N, matching moves are []
18/07/2021 00:25:33 -- INFO -- Calculated moves in 0.3132779598236084 for compound XLYOFNOQVPJJNP-UHFFFAOYSA-N - without caching
18/07/2021 00:25:33 -- INFO -- Starting move obtention process with compound CURLTUGMZLYLDI-UHFFFAOYSA-N (O=C=O) at 1626560733.025514
18/07/2021 00:25:33 -- INFO -- 11 available rules
18/07/2021 00:25:33 -- INFO -- For compound CURLTUGMZLYLDI-UHFFFAOYSA-N, matching moves are [CURLTUGMZLYLDI-UHFFFAOYSA-N-MNXR96884_MNXM13_6-0, CURLTUGMZLYLDI-UHFFFAOYSA-N-MNXR96961_MNXM13_14-0, CURLTUGMZLYLDI-UHFFFAOYSA-N-MNXR96481_MNXM13_14-0, CURLTUGMZLYLDI-UHFFFAOYSA-N-MNXR106403_MNXM13_14-0, CURLTUGMZLYLDI-UHFFFAOYSA-N-MNXR95786_MNXM13_14-0]
18/07/2021 00:25:33 -- INFO -- Calculated moves in 0.41465091705322266 for compound CURLTUGMZLYLDI-UHFFFAOYSA-N - without caching
18/07/2021 00:25:33 -- INFO -- Starting move obtention process with compound GYGOYLYKQKAZAI-UHFFFAOYSA-N ([H]Oc1c([H])c([H])c([H])c([H])c1C(=O)OP(=O)(O[H])O[H]) at 1626560733.4581602
18/07/2021 00:25:33 -- INFO -- 31 available rules
18/07/2021 00:25:34 -- INFO -- For compound GYGOYLYKQKAZAI-UHFFFAOYSA-N, matching moves are [GYGOYLYKQKAZAI-UHFFFAOYSA-N-MNXR106983_MNXM43631_6-0, GYGOYLYKQKAZAI-UHFFFAOYSA-N-MNXR112331_MNXM378_6-0, GYGOYLYKQKAZAI-UHFFFAOYSA-N-MNXR110650_MNXM378_8-0, GYGOYLYKQKAZAI-UHFFFAOYSA-N-MNXR111303_MNXM378_8-0]
18/07/2021 00:25:34 -- INFO -- Calculated moves in 0.6303150653839111 for compound GYGOYLYKQKAZAI-UHFFFAOYSA-N - without caching
18/07/2021 00:25:34 -- INFO -- Starting move obtention process with compound XLYOFNOQVPJJNP-UHFFFAOYSA-N ([H]O[H]) at 1626560734.1042957
18/07/2021 00:25:34 -- INFO -- 0 available rules
18/07/2021 00:25:34 -- INFO -- For compound XLYOFNOQVPJJNP-UHFFFAOYSA-N, matching moves are []
18/07/2021 00:25:34 -- INFO -- Calculated moves in 0.43459439277648926 for compound XLYOFNOQVPJJNP-UHFFFAOYSA-N - without caching
18/07/2021 00:25:34 -- INFO -- Starting move obtention process with compound GYGOYLYKQKAZAI-UHFFFAOYSA-N ([H]Oc1c([H])c([H])c([H])c([H])c1C(=O)OP(=O)(O[H])O[H]) at 1626560734.567265
18/07/2021 00:25:34 -- INFO -- 27 available rules
18/07/2021 00:25:35 -- INFO -- For compound GYGOYLYKQKAZAI-UHFFFAOYSA-N, matching moves are [GYGOYLYKQKAZAI-UHFFFAOYSA-N-MNXR110650_MNXM378_6-0, GYGOYLYKQKAZAI-UHFFFAOYSA-N-MNXR111303_MNXM378_6-0]
18/07/2021 00:25:35 -- INFO -- Calculated moves in 0.5112247467041016 for compound GYGOYLYKQKAZAI-UHFFFAOYSA-N - without caching
18/07/2021 00:25:35 -- INFO -- Starting move obtention process with compound XLYOFNOQVPJJNP-UHFFFAOYSA-N ([H]O[H]) at 1626560735.0987756
18/07/2021 00:25:35 -- INFO -- 0 available rules
18/07/2021 00:25:35 -- INFO -- For compound XLYOFNOQVPJJNP-UHFFFAOYSA-N, matching moves are []
18/07/2021 00:25:35 -- INFO -- Calculated moves in 0.34243249893188477 for compound XLYOFNOQVPJJNP-UHFFFAOYSA-N - without caching
18/07/2021 00:25:35 -- INFO -- Rollout results are 2, True
18/07/2021 00:25:35 -- INFO -- Performing iteration 100 out of 1000
18/07/2021 00:25:35 -- INFO -- Adding a child with move LXWOXIYHBGFILD-UHFFFAOYSA-N-MNXR116709_MNXM378_6-0 to node 
		Move name: GYGOYLYKQKAZAI-UHFFFAOYSA-N-MNXR110650_MNXM378_8-0/ Biological score : 1.91/ Chemical score: 0.62
		Count: 3/ Score : 4.67/ Children: 1/ Terminal : False
		|LXWOXIYHBGFILD-UHFFFAOYSA-N|XLYOFNOQVPJJNP-UHFFFAOYSA-N|
18/07/2021 00:25:35 -- INFO -- Starting move obtention process with compound NKNPDBWXABWTJH-UHFFFAOYSA-N ([H]Oc1c(C(=O)OP(=O)(O[H])O[H])c([H])c([H])c([H])c1C(=O)OP(=O)(O[H])OC([H])([H])C1([H])OC([H])(n2c([H])nc3c(N([H])[H])nc([H])nc32)C([H])(O[H])C1([H])O[H]) at 1626560735.860232
18/07/2021 00:25:36 -- INFO -- 193 available rules
18/07/2021 00:25:37 -- INFO -- For compound NKNPDBWXABWTJH-UHFFFAOYSA-N, matching moves are [NKNPDBWXABWTJH-UHFFFAOYSA-N-MNXR101883_MNXM8_8-0, NKNPDBWXABWTJH-UHFFFAOYSA-N-MNXR95432_MNXM212_8-0, NKNPDBWXABWTJH-UHFFFAOYSA-N-MNXR96117_MNXM432_6-0, NKNPDBWXABWTJH-UHFFFAOYSA-N-MNXR116709_MNXM7760_6-0, NKNPDBWXABWTJH-UHFFFAOYSA-N-MNXR102378_MNXM45_6-0]
18/07/2021 00:25:37 -- INFO -- Calculated moves in 1.500809907913208 for compound NKNPDBWXABWTJH-UHFFFAOYSA-N - without caching
18/07/2021 00:25:37 -- INFO -- Starting move obtention process with compound XLYOFNOQVPJJNP-UHFFFAOYSA-N ([H]O[H]) at 1626560737.3789217
18/07/2021 00:25:37 -- INFO -- 0 available rules
18/07/2021 00:25:37 -- INFO -- For compound XLYOFNOQVPJJNP-UHFFFAOYSA-N, matching moves are []
18/07/2021 00:25:37 -- INFO -- Calculated moves in 0.35413265228271484 for compound XLYOFNOQVPJJNP-UHFFFAOYSA-N - without caching
18/07/2021 00:25:37 -- INFO -- Starting move obtention process with compound XPPKVPWEQAFLFU-UHFFFAOYSA-N ([H]OP(=O)(O[H])OP(=O)(O[H])O[H]) at 1626560737.7430134
18/07/2021 00:25:38 -- INFO -- 61 available rules
18/07/2021 00:25:38 -- INFO -- For compound XPPKVPWEQAFLFU-UHFFFAOYSA-N, matching moves are [XPPKVPWEQAFLFU-UHFFFAOYSA-N-MNXR102058_MNXM332_6-0, XPPKVPWEQAFLFU-UHFFFAOYSA-N-MNXR102057_MNXM332_6-0]
18/07/2021 00:25:38 -- INFO -- Calculated moves in 0.6928322315216064 for compound XPPKVPWEQAFLFU-UHFFFAOYSA-N - without caching
18/07/2021 00:25:38 -- INFO -- Adding a child with move LXWOXIYHBGFILD-UHFFFAOYSA-N-MNXR117075_MNXM378_6-0 to node 
		Move name: GYGOYLYKQKAZAI-UHFFFAOYSA-N-MNXR110650_MNXM378_8-0/ Biological score : 1.91/ Chemical score: 0.62
		Count: 4/ Score : 4.0/ Children: 2/ Terminal : False
		|LXWOXIYHBGFILD-UHFFFAOYSA-N|XLYOFNOQVPJJNP-UHFFFAOYSA-N|
18/07/2021 00:25:38 -- INFO -- Starting move obtention process with compound VGEWBBYYDIDSHR-UHFFFAOYSA-N ([H]Oc1c(C(=O)OC2([H])OC([H])(C([H])([H])O[H])C([H])(O[H])C([H])(O[H])C2([H])O[H])c([H])c([H])c([H])c1C(=O)OP(=O)(O[H])O[H]) at 1626560738.8309052
18/07/2021 00:25:39 -- INFO -- 37 available rules
18/07/2021 00:25:39 -- INFO -- For compound VGEWBBYYDIDSHR-UHFFFAOYSA-N, matching moves are [VGEWBBYYDIDSHR-UHFFFAOYSA-N-rxnAdd42_cpd00852_5_6-0, VGEWBBYYDIDSHR-UHFFFAOYSA-N-MNXR117075_MNXM21683_6-0, VGEWBBYYDIDSHR-UHFFFAOYSA-N-MNXR119325_MNXM146047_6-0, VGEWBBYYDIDSHR-UHFFFAOYSA-N-MNXR119307_MNXM146047_6-0, VGEWBBYYDIDSHR-UHFFFAOYSA-N-MNXR119305_MNXM146047_6-0]
18/07/2021 00:25:39 -- INFO -- Calculated moves in 0.8076200485229492 for compound VGEWBBYYDIDSHR-UHFFFAOYSA-N - without caching
18/07/2021 00:25:39 -- INFO -- Starting move obtention process with compound XCCTYIAWTASOJW-UHFFFAOYSA-N ([H]Oc1nc(=O)n(C2([H])OC([H])(C([H])([H])OP(=O)(O[H])OP(=O)(O[H])O[H])C([H])(O[H])C2([H])O[H])c([H])c1[H]) at 1626560739.654839
18/07/2021 00:25:39 -- INFO -- 1334 available rules
18/07/2021 00:25:45 -- INFO -- For compound XCCTYIAWTASOJW-UHFFFAOYSA-N, matching moves are [XCCTYIAWTASOJW-UHFFFAOYSA-N-MNXR106729_MNXM495_6-0, XCCTYIAWTASOJW-UHFFFAOYSA-N-MNXR111799_MNXM5568_16-0, XCCTYIAWTASOJW-UHFFFAOYSA-N-MNXR111798_MNXM5568_16-0, XCCTYIAWTASOJW-UHFFFAOYSA-N-MNXR105328_MNXM495_6-0, XCCTYIAWTASOJW-UHFFFAOYSA-N-MNXR119521_MNXM47_6-0, XCCTYIAWTASOJW-UHFFFAOYSA-N-MNXR134292_MNXM495_6-0, XCCTYIAWTASOJW-UHFFFAOYSA-N-MNXR97039_MNXM288_6-0, XCCTYIAWTASOJW-UHFFFAOYSA-N-MNXR107788_MNXM495_6-0, XCCTYIAWTASOJW-UHFFFAOYSA-N-MNXR105330_MNXM495_6-0, XCCTYIAWTASOJW-UHFFFAOYSA-N-MNXR103374_MNXM495_8-0]
18/07/2021 00:25:45 -- INFO -- Calculated moves in 5.487817287445068 for compound XCCTYIAWTASOJW-UHFFFAOYSA-N - without caching
18/07/2021 00:25:45 -- INFO -- Starting move obtention process with compound XLYOFNOQVPJJNP-UHFFFAOYSA-N ([H]O[H]) at 1626560745.1669035
18/07/2021 00:25:45 -- INFO -- 0 available rules
18/07/2021 00:25:45 -- INFO -- For compound XLYOFNOQVPJJNP-UHFFFAOYSA-N, matching moves are []
18/07/2021 00:25:45 -- INFO -- Calculated moves in 0.4198496341705322 for compound XLYOFNOQVPJJNP-UHFFFAOYSA-N - without caching
18/07/2021 00:25:45 -- INFO -- Starting move obtention process with compound NKNPDBWXABWTJH-UHFFFAOYSA-N ([H]Oc1c(C(=O)OP(=O)(O[H])O[H])c([H])c([H])c([H])c1C(=O)OP(=O)(O[H])OC([H])([H])C1([H])OC([H])(n2c([H])nc3c(N([H])[H])nc([H])nc32)C([H])(O[H])C1([H])O[H]) at 1626560745.6076958
18/07/2021 00:25:45 -- INFO -- 188 available rules
18/07/2021 00:25:46 -- INFO -- For compound NKNPDBWXABWTJH-UHFFFAOYSA-N, matching moves are [NKNPDBWXABWTJH-UHFFFAOYSA-N-MNXR101883_MNXM8_6-0, NKNPDBWXABWTJH-UHFFFAOYSA-N-MNXR95432_MNXM212_6-0]
18/07/2021 00:25:46 -- INFO -- Calculated moves in 1.3669624328613281 for compound NKNPDBWXABWTJH-UHFFFAOYSA-N - without caching
18/07/2021 00:25:47 -- INFO -- Starting move obtention process with compound XLYOFNOQVPJJNP-UHFFFAOYSA-N ([H]O[H]) at 1626560747.0109117
18/07/2021 00:25:47 -- INFO -- 0 available rules
18/07/2021 00:25:47 -- INFO -- For compound XLYOFNOQVPJJNP-UHFFFAOYSA-N, matching moves are []
18/07/2021 00:25:47 -- INFO -- Calculated moves in 0.32735443115234375 for compound XLYOFNOQVPJJNP-UHFFFAOYSA-N - without caching
18/07/2021 00:25:47 -- INFO -- Starting move obtention process with compound XPPKVPWEQAFLFU-UHFFFAOYSA-N ([H]OP(=O)(O[H])OP(=O)(O[H])O[H]) at 1626560747.350689
18/07/2021 00:25:47 -- INFO -- 59 available rules
18/07/2021 00:25:48 -- INFO -- For compound XPPKVPWEQAFLFU-UHFFFAOYSA-N, matching moves are []
18/07/2021 00:25:48 -- INFO -- Calculated moves in 0.6653006076812744 for compound XPPKVPWEQAFLFU-UHFFFAOYSA-N - without caching
18/07/2021 00:25:48 -- INFO -- Starting move obtention process with compound XLYOFNOQVPJJNP-UHFFFAOYSA-N ([H]O[H]) at 1626560748.0780349
18/07/2021 00:25:48 -- INFO -- 0 available rules
18/07/2021 00:25:48 -- INFO -- For compound XLYOFNOQVPJJNP-UHFFFAOYSA-N, matching moves are []
18/07/2021 00:25:48 -- INFO -- Calculated moves in 0.35202670097351074 for compound XLYOFNOQVPJJNP-UHFFFAOYSA-N - without caching
18/07/2021 00:25:48 -- INFO -- Starting move obtention process with compound XPPKVPWEQAFLFU-UHFFFAOYSA-N ([H]OP(=O)(O[H])OP(=O)(O[H])O[H]) at 1626560748.4397936
18/07/2021 00:25:48 -- INFO -- 61 available rules
18/07/2021 00:25:49 -- INFO -- For compound XPPKVPWEQAFLFU-UHFFFAOYSA-N, matching moves are [XPPKVPWEQAFLFU-UHFFFAOYSA-N-MNXR102058_MNXM332_6-0, XPPKVPWEQAFLFU-UHFFFAOYSA-N-MNXR102057_MNXM332_6-0]
18/07/2021 00:25:49 -- INFO -- Calculated moves in 0.6415433883666992 for compound XPPKVPWEQAFLFU-UHFFFAOYSA-N - without caching
18/07/2021 00:25:49 -- INFO -- Starting move obtention process with compound YGLMAWBWJKMSHY-UHFFFAOYSA-N ([H]Oc1c(C(=O)OP(=O)(O[H])O[H])c([H])c([H])c([H])c1C(=O)OP(=O)(O[H])OC([H])([H])C1([H])OC([H])(n2c([H])nc3c(O[H])nc([H])nc32)C([H])(O[H])C1([H])O[H]) at 1626560749.0978255
18/07/2021 00:25:49 -- INFO -- 153 available rules
18/07/2021 00:25:50 -- INFO -- For compound YGLMAWBWJKMSHY-UHFFFAOYSA-N, matching moves are [YGLMAWBWJKMSHY-UHFFFAOYSA-N-MNXR111798_MNXM3196_6-0, YGLMAWBWJKMSHY-UHFFFAOYSA-N-MNXR95432_MNXM334_8-0, YGLMAWBWJKMSHY-UHFFFAOYSA-N-MNXR116709_MNXM7760_6-0]
18/07/2021 00:25:50 -- INFO -- Calculated moves in 1.121323823928833 for compound YGLMAWBWJKMSHY-UHFFFAOYSA-N - without caching
18/07/2021 00:25:50 -- INFO -- Rollout results are 2, True
18/07/2021 00:25:50 -- INFO -- Udapted solved Node 			Move name: LXWOXIYHBGFILD-UHFFFAOYSA-N-MNXR116709_MNXM378_6-0/ Biological score : 0.7/ Chemical score: 0.63
			Count: 1/ Score : 0/ Children: 0/ Terminal : False
			|NKNPDBWXABWTJH-UHFFFAOYSA-N|XLYOFNOQVPJJNP-UHFFFAOYSA-N|XPPKVPWEQAFLFU-UHFFFAOYSA-N| for the first time at iteration 142
18/07/2021 00:25:50 -- INFO -- Looping move in node |LXWOXIYHBGFILD-UHFFFAOYSA-N|XLYOFNOQVPJJNP-UHFFFAOYSA-N|-2 for move LXWOXIYHBGFILD-UHFFFAOYSA-N-MNXR109511_MNXM378_6-0
18/07/2021 00:25:50 -- INFO -- Starting move obtention process with compound LXWOXIYHBGFILD-UHFFFAOYSA-N ([H]OC(=O)c1c([H])c([H])c([H])c(C(=O)OP(=O)(O[H])O[H])c1O[H]) at 1626560750.5901499
18/07/2021 00:25:50 -- INFO -- 32 available rules
18/07/2021 00:25:51 -- INFO -- For compound LXWOXIYHBGFILD-UHFFFAOYSA-N, matching moves are [LXWOXIYHBGFILD-UHFFFAOYSA-N-MNXR110650_MNXM6730_6-0]
18/07/2021 00:25:51 -- INFO -- Calculated moves in 0.49318647384643555 for compound LXWOXIYHBGFILD-UHFFFAOYSA-N - without caching
18/07/2021 00:25:51 -- INFO -- Starting move obtention process with compound XLYOFNOQVPJJNP-UHFFFAOYSA-N ([H]O[H]) at 1626560751.1064494
18/07/2021 00:25:51 -- INFO -- 0 available rules
18/07/2021 00:25:51 -- INFO -- For compound XLYOFNOQVPJJNP-UHFFFAOYSA-N, matching moves are []
18/07/2021 00:25:51 -- INFO -- Calculated moves in 0.3415508270263672 for compound XLYOFNOQVPJJNP-UHFFFAOYSA-N - without caching
18/07/2021 00:25:51 -- INFO -- Starting move obtention process with compound CURLTUGMZLYLDI-UHFFFAOYSA-N (O=C=O) at 1626560751.4738367
18/07/2021 00:25:51 -- INFO -- 11 available rules
18/07/2021 00:25:51 -- INFO -- For compound CURLTUGMZLYLDI-UHFFFAOYSA-N, matching moves are [CURLTUGMZLYLDI-UHFFFAOYSA-N-MNXR96884_MNXM13_6-0, CURLTUGMZLYLDI-UHFFFAOYSA-N-MNXR96961_MNXM13_14-0, CURLTUGMZLYLDI-UHFFFAOYSA-N-MNXR96481_MNXM13_14-0, CURLTUGMZLYLDI-UHFFFAOYSA-N-MNXR106403_MNXM13_14-0, CURLTUGMZLYLDI-UHFFFAOYSA-N-MNXR95786_MNXM13_14-0]
18/07/2021 00:25:51 -- INFO -- Calculated moves in 0.46460390090942383 for compound CURLTUGMZLYLDI-UHFFFAOYSA-N - without caching
18/07/2021 00:25:51 -- INFO -- Starting move obtention process with compound GYGOYLYKQKAZAI-UHFFFAOYSA-N ([H]Oc1c([H])c([H])c([H])c([H])c1C(=O)OP(=O)(O[H])O[H]) at 1626560751.9551227
18/07/2021 00:25:52 -- INFO -- 31 available rules
18/07/2021 00:25:52 -- INFO -- For compound GYGOYLYKQKAZAI-UHFFFAOYSA-N, matching moves are [GYGOYLYKQKAZAI-UHFFFAOYSA-N-MNXR106983_MNXM43631_6-0, GYGOYLYKQKAZAI-UHFFFAOYSA-N-MNXR112331_MNXM378_6-0, GYGOYLYKQKAZAI-UHFFFAOYSA-N-MNXR110650_MNXM378_8-0, GYGOYLYKQKAZAI-UHFFFAOYSA-N-MNXR111303_MNXM378_8-0]
18/07/2021 00:25:52 -- INFO -- Calculated moves in 0.6208062171936035 for compound GYGOYLYKQKAZAI-UHFFFAOYSA-N - without caching
18/07/2021 00:25:52 -- INFO -- Starting move obtention process with compound XLYOFNOQVPJJNP-UHFFFAOYSA-N ([H]O[H]) at 1626560752.6018093
18/07/2021 00:25:52 -- INFO -- 0 available rules
18/07/2021 00:25:52 -- INFO -- For compound XLYOFNOQVPJJNP-UHFFFAOYSA-N, matching moves are []
18/07/2021 00:25:52 -- INFO -- Calculated moves in 0.3499460220336914 for compound XLYOFNOQVPJJNP-UHFFFAOYSA-N - without caching
18/07/2021 00:25:52 -- INFO -- Starting move obtention process with compound GYGOYLYKQKAZAI-UHFFFAOYSA-N ([H]Oc1c([H])c([H])c([H])c([H])c1C(=O)OP(=O)(O[H])O[H]) at 1626560752.9779577
18/07/2021 00:25:53 -- INFO -- 27 available rules
18/07/2021 00:25:53 -- INFO -- For compound GYGOYLYKQKAZAI-UHFFFAOYSA-N, matching moves are [GYGOYLYKQKAZAI-UHFFFAOYSA-N-MNXR110650_MNXM378_6-0, GYGOYLYKQKAZAI-UHFFFAOYSA-N-MNXR111303_MNXM378_6-0]
18/07/2021 00:25:53 -- INFO -- Calculated moves in 0.49619436264038086 for compound GYGOYLYKQKAZAI-UHFFFAOYSA-N - without caching
18/07/2021 00:25:53 -- INFO -- Starting move obtention process with compound XLYOFNOQVPJJNP-UHFFFAOYSA-N ([H]O[H]) at 1626560753.4914603
18/07/2021 00:25:53 -- INFO -- 0 available rules
18/07/2021 00:25:53 -- INFO -- For compound XLYOFNOQVPJJNP-UHFFFAOYSA-N, matching moves are []
18/07/2021 00:25:53 -- INFO -- Calculated moves in 0.34792637825012207 for compound XLYOFNOQVPJJNP-UHFFFAOYSA-N - without caching
18/07/2021 00:25:53 -- INFO -- Rollout results are 2, True
18/07/2021 00:25:54 -- INFO -- Performing iteration 200 out of 1000
18/07/2021 00:25:54 -- INFO -- Looping move in node |LXWOXIYHBGFILD-UHFFFAOYSA-N|XLYOFNOQVPJJNP-UHFFFAOYSA-N|-2 for move LXWOXIYHBGFILD-UHFFFAOYSA-N-MNXR107840_MNXM378_6-0
18/07/2021 00:25:54 -- INFO -- Starting move obtention process with compound LXWOXIYHBGFILD-UHFFFAOYSA-N ([H]OC(=O)c1c([H])c([H])c([H])c(C(=O)OP(=O)(O[H])O[H])c1O[H]) at 1626560754.1588612
18/07/2021 00:25:54 -- INFO -- 38 available rules
18/07/2021 00:25:54 -- INFO -- For compound LXWOXIYHBGFILD-UHFFFAOYSA-N, matching moves are [LXWOXIYHBGFILD-UHFFFAOYSA-N-MNXR106983_MNXM43631_6-0, LXWOXIYHBGFILD-UHFFFAOYSA-N-MNXR110650_MNXM6730_8-0, LXWOXIYHBGFILD-UHFFFAOYSA-N-MNXR121611_MNXM378_6-0, LXWOXIYHBGFILD-UHFFFAOYSA-N-MNXR116709_MNXM378_6-0, LXWOXIYHBGFILD-UHFFFAOYSA-N-MNXR117075_MNXM378_6-0, LXWOXIYHBGFILD-UHFFFAOYSA-N-MNXR109511_MNXM378_6-0, LXWOXIYHBGFILD-UHFFFAOYSA-N-MNXR107840_MNXM378_6-0]
18/07/2021 00:25:54 -- INFO -- Calculated moves in 0.6151854991912842 for compound LXWOXIYHBGFILD-UHFFFAOYSA-N - without caching
18/07/2021 00:25:54 -- INFO -- Starting move obtention process with compound XLYOFNOQVPJJNP-UHFFFAOYSA-N ([H]O[H]) at 1626560754.7916217
18/07/2021 00:25:55 -- INFO -- 0 available rules
18/07/2021 00:25:55 -- INFO -- For compound XLYOFNOQVPJJNP-UHFFFAOYSA-N, matching moves are []
18/07/2021 00:25:55 -- INFO -- Calculated moves in 0.32714390754699707 for compound XLYOFNOQVPJJNP-UHFFFAOYSA-N - without caching
18/07/2021 00:25:55 -- INFO -- Starting move obtention process with compound LYDYUJJOZWMTQL-UHFFFAOYSA-N ([H]OC(=NC([H])([H])C([H])([H])SC(=O)c1c([H])c([H])c([H])c(C(=O)OP(=O)(O[H])O[H])c1O[H])C([H])([H])C([H])([H])N=C(O[H])C([H])(O[H])C(C([H])([H])[H])(C([H])([H])[H])C([H])([H])OP(=O)(O[H])OP(=O)(O[H])OC([H])([H])C1([H])OC([H])(n2c([H])nc3c(N([H])[H])nc([H])nc32)C([H])(O[H])C1([H])OP(=O)(O[H])O[H]) at 1626560755.1373317
18/07/2021 00:25:55 -- INFO -- 2919 available rules
18/07/2021 00:26:10 -- WARNING -- 
18/07/2021 00:26:23 -- INFO -- For compound LYDYUJJOZWMTQL-UHFFFAOYSA-N, matching moves are [LYDYUJJOZWMTQL-UHFFFAOYSA-N-MNXR104920_MNXM481_6-0, LYDYUJJOZWMTQL-UHFFFAOYSA-N-MNXR95402_MNXM12_8-0, LYDYUJJOZWMTQL-UHFFFAOYSA-N-MNXR121611_MNXM1629_6-0]
18/07/2021 00:26:23 -- INFO -- Calculated moves in 28.28895926475525 for compound LYDYUJJOZWMTQL-UHFFFAOYSA-N - without caching
18/07/2021 00:26:23 -- INFO -- Starting move obtention process with compound XLYOFNOQVPJJNP-UHFFFAOYSA-N ([H]O[H]) at 1626560783.453143
18/07/2021 00:26:23 -- INFO -- 0 available rules
18/07/2021 00:26:23 -- INFO -- For compound XLYOFNOQVPJJNP-UHFFFAOYSA-N, matching moves are []
18/07/2021 00:26:23 -- INFO -- Calculated moves in 0.42456984519958496 for compound XLYOFNOQVPJJNP-UHFFFAOYSA-N - without caching
18/07/2021 00:26:23 -- INFO -- Starting move obtention process with compound ILEMEQGZEOBGKC-UHFFFAOYSA-N ([H]OC(=NC([H])([H])C([H])([H])SC(=O)c1c([H])c([H])c([H])c(C(=O)OP(=O)(O[H])O[H])c1O[H])C([H])([H])C([H])([H])N=C(O[H])C([H])(O[H])C(C([H])([H])[H])(C([H])([H])[H])C([H])([H])OP(=O)(O[H])OP(=O)(O[H])OC([H])([H])C1([H])OC([H])(n2c([H])nc3c(N([H])[H])nc([H])nc32)C([H])(OC2([H])OC([H])(C([H])([H])OP(=O)(O[H])OP(=O)(O[H])OP(=O)(O[H])O[H])C([H])(O[H])C2([H])O[H])C1([H])OP(=O)(O[H])O[H]) at 1626560783.9068758
18/07/2021 00:26:24 -- INFO -- 2901 available rules
18/07/2021 00:26:48 -- INFO -- For compound ILEMEQGZEOBGKC-UHFFFAOYSA-N, matching moves are [ILEMEQGZEOBGKC-UHFFFAOYSA-N-MNXR104920_MNXM2769_6-0, ILEMEQGZEOBGKC-UHFFFAOYSA-N-MNXR95402_MNXM12_8-0, ILEMEQGZEOBGKC-UHFFFAOYSA-N-MNXR121611_MNXM1629_6-0]
18/07/2021 00:26:48 -- INFO -- Calculated moves in 24.96833562850952 for compound ILEMEQGZEOBGKC-UHFFFAOYSA-N - without caching
18/07/2021 00:26:48 -- INFO -- Starting move obtention process with compound XLYOFNOQVPJJNP-UHFFFAOYSA-N ([H]O[H]) at 1626560808.902238
18/07/2021 00:26:49 -- INFO -- 0 available rules
18/07/2021 00:26:49 -- INFO -- For compound XLYOFNOQVPJJNP-UHFFFAOYSA-N, matching moves are []
18/07/2021 00:26:49 -- INFO -- Calculated moves in 0.3659529685974121 for compound XLYOFNOQVPJJNP-UHFFFAOYSA-N - without caching
18/07/2021 00:26:49 -- INFO -- Rollout results are 2, True
18/07/2021 00:26:49 -- INFO -- Adding a child with move NKNPDBWXABWTJH-UHFFFAOYSA-N-MNXR101883_MNXM8_8-0 to node 
			Move name: LXWOXIYHBGFILD-UHFFFAOYSA-N-MNXR116709_MNXM378_6-0/ Biological score : 0.7/ Chemical score: 0.63
			Count: 1/ Score : 2.0/ Children: 0/ Terminal : False
			|NKNPDBWXABWTJH-UHFFFAOYSA-N|XLYOFNOQVPJJNP-UHFFFAOYSA-N|XPPKVPWEQAFLFU-UHFFFAOYSA-N|
18/07/2021 00:26:49 -- INFO -- Starting move obtention process with compound HAZQLDVBNNDXHL-UHFFFAOYSA-N ([H]Oc1c(C(=O)OP(=O)(O[H])O[H])c([H])c([H])c([H])c1C(=O)OP(=O)(O[H])OC([H])([H])C1([H])OC([H])(n2c([H])nc3c(N([H])[H])nc([H])nc32)C([H])(OP(=O)(O[H])O[H])C1([H])O[H]) at 1626560809.7457263
18/07/2021 00:26:50 -- INFO -- 182 available rules
18/07/2021 00:26:51 -- INFO -- For compound HAZQLDVBNNDXHL-UHFFFAOYSA-N, matching moves are [HAZQLDVBNNDXHL-UHFFFAOYSA-N-MNXR101883_MNXM5_8-0, HAZQLDVBNNDXHL-UHFFFAOYSA-N-MNXR96117_MNXM432_6-0, HAZQLDVBNNDXHL-UHFFFAOYSA-N-MNXR96117_MNXM432_6-1, HAZQLDVBNNDXHL-UHFFFAOYSA-N-MNXR117324_MNXM7028_8-0, HAZQLDVBNNDXHL-UHFFFAOYSA-N-MNXR116709_MNXM7760_6-0, HAZQLDVBNNDXHL-UHFFFAOYSA-N-MNXR102378_MNXM45_6-0, HAZQLDVBNNDXHL-UHFFFAOYSA-N-MNXR102378_MNXM45_6-1]
18/07/2021 00:26:51 -- INFO -- Calculated moves in 1.5911564826965332 for compound HAZQLDVBNNDXHL-UHFFFAOYSA-N - without caching
18/07/2021 00:26:51 -- INFO -- Starting move obtention process with compound QGWNDRXFNXRZMB-UHFFFAOYSA-N ([H]N=c1nc(O[H])c2nc([H])n(C3([H])OC([H])(C([H])([H])OP(=O)(O[H])OP(=O)(O[H])O[H])C([H])(O[H])C3([H])O[H])c2n1[H]) at 1626560811.3632731
18/07/2021 00:26:51 -- INFO -- 433 available rules
18/07/2021 00:26:55 -- INFO -- For compound QGWNDRXFNXRZMB-UHFFFAOYSA-N, matching moves are [QGWNDRXFNXRZMB-UHFFFAOYSA-N-MNXR106729_MNXM495_6-0, QGWNDRXFNXRZMB-UHFFFAOYSA-N-MNXR105328_MNXM495_6-0, QGWNDRXFNXRZMB-UHFFFAOYSA-N-MNXR134292_MNXM495_6-0, QGWNDRXFNXRZMB-UHFFFAOYSA-N-MNXR107788_MNXM495_6-0, QGWNDRXFNXRZMB-UHFFFAOYSA-N-MNXR105330_MNXM495_6-0, QGWNDRXFNXRZMB-UHFFFAOYSA-N-MNXR103374_MNXM495_8-0, QGWNDRXFNXRZMB-UHFFFAOYSA-N-MNXR107736_MNXM1860_6-0, QGWNDRXFNXRZMB-UHFFFAOYSA-N-MNXR100807_MNXM495_8-0, QGWNDRXFNXRZMB-UHFFFAOYSA-N-MNXR102041_MNXM4133_8-0]
18/07/2021 00:26:55 -- INFO -- Calculated moves in 3.802344560623169 for compound QGWNDRXFNXRZMB-UHFFFAOYSA-N - without caching
18/07/2021 00:26:55 -- INFO -- Starting move obtention process with compound XLYOFNOQVPJJNP-UHFFFAOYSA-N ([H]O[H]) at 1626560815.1832197
18/07/2021 00:26:55 -- INFO -- 0 available rules
18/07/2021 00:26:55 -- INFO -- For compound XLYOFNOQVPJJNP-UHFFFAOYSA-N, matching moves are []
18/07/2021 00:26:55 -- INFO -- Calculated moves in 0.35584020614624023 for compound XLYOFNOQVPJJNP-UHFFFAOYSA-N - without caching
18/07/2021 00:26:55 -- INFO -- Starting move obtention process with compound XPPKVPWEQAFLFU-UHFFFAOYSA-N ([H]OP(=O)(O[H])OP(=O)(O[H])O[H]) at 1626560815.5479562
18/07/2021 00:26:55 -- INFO -- 59 available rules
18/07/2021 00:26:56 -- INFO -- For compound XPPKVPWEQAFLFU-UHFFFAOYSA-N, matching moves are []
18/07/2021 00:26:56 -- INFO -- Calculated moves in 0.5869617462158203 for compound XPPKVPWEQAFLFU-UHFFFAOYSA-N - without caching
18/07/2021 00:26:56 -- INFO -- Starting move obtention process with compound HAZQLDVBNNDXHL-UHFFFAOYSA-N ([H]Oc1c(C(=O)OP(=O)(O[H])O[H])c([H])c([H])c([H])c1C(=O)OP(=O)(O[H])OC([H])([H])C1([H])OC([H])(n2c([H])nc3c(N([H])[H])nc([H])nc32)C([H])(OP(=O)(O[H])O[H])C1([H])O[H]) at 1626560816.162724
18/07/2021 00:26:56 -- INFO -- 177 available rules
18/07/2021 00:26:57 -- INFO -- For compound HAZQLDVBNNDXHL-UHFFFAOYSA-N, matching moves are [HAZQLDVBNNDXHL-UHFFFAOYSA-N-MNXR101883_MNXM5_6-0, HAZQLDVBNNDXHL-UHFFFAOYSA-N-MNXR117324_MNXM7028_6-0]
18/07/2021 00:26:57 -- INFO -- Calculated moves in 1.3081159591674805 for compound HAZQLDVBNNDXHL-UHFFFAOYSA-N - without caching
18/07/2021 00:26:57 -- INFO -- Starting move obtention process with compound QGWNDRXFNXRZMB-UHFFFAOYSA-N ([H]N=c1nc(O[H])c2nc([H])n(C3([H])OC([H])(C([H])([H])OP(=O)(O[H])OP(=O)(O[H])O[H])C([H])(O[H])C3([H])O[H])c2n1[H]) at 1626560817.494787
18/07/2021 00:26:57 -- INFO -- 424 available rules
18/07/2021 00:27:01 -- INFO -- For compound QGWNDRXFNXRZMB-UHFFFAOYSA-N, matching moves are [QGWNDRXFNXRZMB-UHFFFAOYSA-N-MNXR106729_MNXM495_8-0, QGWNDRXFNXRZMB-UHFFFAOYSA-N-MNXR134292_MNXM495_8-0, QGWNDRXFNXRZMB-UHFFFAOYSA-N-MNXR107788_MNXM495_8-0, QGWNDRXFNXRZMB-UHFFFAOYSA-N-MNXR105330_MNXM495_8-0, QGWNDRXFNXRZMB-UHFFFAOYSA-N-MNXR105328_MNXM495_8-0, QGWNDRXFNXRZMB-UHFFFAOYSA-N-MNXR103374_MNXM495_6-0, QGWNDRXFNXRZMB-UHFFFAOYSA-N-MNXR107736_MNXM1860_8-0, QGWNDRXFNXRZMB-UHFFFAOYSA-N-MNXR100807_MNXM495_6-0, QGWNDRXFNXRZMB-UHFFFAOYSA-N-MNXR102041_MNXM4133_6-0]
18/07/2021 00:27:01 -- INFO -- Calculated moves in 3.623138427734375 for compound QGWNDRXFNXRZMB-UHFFFAOYSA-N - without caching
18/07/2021 00:27:01 -- INFO -- Starting move obtention process with compound XLYOFNOQVPJJNP-UHFFFAOYSA-N ([H]O[H]) at 1626560821.1408544
18/07/2021 00:27:01 -- INFO -- 0 available rules
18/07/2021 00:27:01 -- INFO -- For compound XLYOFNOQVPJJNP-UHFFFAOYSA-N, matching moves are []
18/07/2021 00:27:01 -- INFO -- Calculated moves in 0.3500065803527832 for compound XLYOFNOQVPJJNP-UHFFFAOYSA-N - without caching
18/07/2021 00:27:01 -- INFO -- Starting move obtention process with compound XPPKVPWEQAFLFU-UHFFFAOYSA-N ([H]OP(=O)(O[H])OP(=O)(O[H])O[H]) at 1626560821.5019596
18/07/2021 00:27:01 -- INFO -- 61 available rules
18/07/2021 00:27:02 -- INFO -- For compound XPPKVPWEQAFLFU-UHFFFAOYSA-N, matching moves are [XPPKVPWEQAFLFU-UHFFFAOYSA-N-MNXR102058_MNXM332_6-0, XPPKVPWEQAFLFU-UHFFFAOYSA-N-MNXR102057_MNXM332_6-0]
18/07/2021 00:27:02 -- INFO -- Calculated moves in 0.7135112285614014 for compound XPPKVPWEQAFLFU-UHFFFAOYSA-N - without caching
18/07/2021 00:27:02 -- INFO -- Starting move obtention process with compound HAZQLDVBNNDXHL-UHFFFAOYSA-N ([H]Oc1c(C(=O)OP(=O)(O[H])O[H])c([H])c([H])c([H])c1C(=O)OP(=O)(O[H])OC([H])([H])C1([H])OC([H])(n2c([H])nc3c(N([H])[H])nc([H])nc32)C([H])(OP(=O)(O[H])O[H])C1([H])O[H]) at 1626560822.246845
18/07/2021 00:27:02 -- INFO -- 180 available rules
18/07/2021 00:27:03 -- INFO -- For compound HAZQLDVBNNDXHL-UHFFFAOYSA-N, matching moves are [HAZQLDVBNNDXHL-UHFFFAOYSA-N-MNXR101883_MNXM5_8-0, HAZQLDVBNNDXHL-UHFFFAOYSA-N-MNXR96117_MNXM432_6-0, HAZQLDVBNNDXHL-UHFFFAOYSA-N-MNXR96117_MNXM432_6-1, HAZQLDVBNNDXHL-UHFFFAOYSA-N-MNXR117324_MNXM7028_8-0, HAZQLDVBNNDXHL-UHFFFAOYSA-N-MNXR116709_MNXM7760_6-0, HAZQLDVBNNDXHL-UHFFFAOYSA-N-MNXR102378_MNXM45_6-0, HAZQLDVBNNDXHL-UHFFFAOYSA-N-MNXR102378_MNXM45_6-1]
18/07/2021 00:27:03 -- INFO -- Calculated moves in 1.515108585357666 for compound HAZQLDVBNNDXHL-UHFFFAOYSA-N - without caching
18/07/2021 00:27:03 -- INFO -- Starting move obtention process with compound XKMLYUALXHKNFT-UHFFFAOYSA-N ([H]N=c1nc(O[H])c2nc([H])n(C3([H])OC([H])(C([H])([H])OP(=O)(O[H])OP(=O)(O[H])OP(=O)(O[H])O[H])C([H])(O[H])C3([H])O[H])c2n1[H]) at 1626560823.7916093
18/07/2021 00:27:04 -- INFO -- 439 available rules
18/07/2021 00:27:05 -- INFO -- For compound XKMLYUALXHKNFT-UHFFFAOYSA-N, matching moves are [XKMLYUALXHKNFT-UHFFFAOYSA-N-MNXR106729_MNXM423_6-0, XKMLYUALXHKNFT-UHFFFAOYSA-N-MNXR106729_MNXM495_6-0, XKMLYUALXHKNFT-UHFFFAOYSA-N-MNXR116903_MNXM3201_8-0, XKMLYUALXHKNFT-UHFFFAOYSA-N-MNXR105328_MNXM423_6-0, XKMLYUALXHKNFT-UHFFFAOYSA-N-MNXR105328_MNXM495_6-0, XKMLYUALXHKNFT-UHFFFAOYSA-N-MNXR134292_MNXM423_6-0, XKMLYUALXHKNFT-UHFFFAOYSA-N-MNXR134292_MNXM495_6-0, XKMLYUALXHKNFT-UHFFFAOYSA-N-MNXR107788_MNXM423_6-0, XKMLYUALXHKNFT-UHFFFAOYSA-N-MNXR105330_MNXM423_6-0, XKMLYUALXHKNFT-UHFFFAOYSA-N-MNXR107788_MNXM495_6-0]
18/07/2021 00:27:05 -- INFO -- Calculated moves in 1.5019593238830566 for compound XKMLYUALXHKNFT-UHFFFAOYSA-N - without caching
18/07/2021 00:27:05 -- INFO -- Starting move obtention process with compound XLYOFNOQVPJJNP-UHFFFAOYSA-N ([H]O[H]) at 1626560825.314364
18/07/2021 00:27:05 -- INFO -- 0 available rules
18/07/2021 00:27:05 -- INFO -- For compound XLYOFNOQVPJJNP-UHFFFAOYSA-N, matching moves are []
18/07/2021 00:27:05 -- INFO -- Calculated moves in 0.32798242568969727 for compound XLYOFNOQVPJJNP-UHFFFAOYSA-N - without caching
18/07/2021 00:27:05 -- INFO -- Starting move obtention process with compound XPPKVPWEQAFLFU-UHFFFAOYSA-N ([H]OP(=O)(O[H])OP(=O)(O[H])O[H]) at 1626560825.6521456
18/07/2021 00:27:05 -- INFO -- 59 available rules
18/07/2021 00:27:06 -- INFO -- For compound XPPKVPWEQAFLFU-UHFFFAOYSA-N, matching moves are []
18/07/2021 00:27:06 -- INFO -- Calculated moves in 0.5848050117492676 for compound XPPKVPWEQAFLFU-UHFFFAOYSA-N - without caching
18/07/2021 00:27:06 -- INFO -- Rollout results are 2, True
18/07/2021 00:27:06 -- INFO -- Udapted solved Node 				Move name: NKNPDBWXABWTJH-UHFFFAOYSA-N-MNXR101883_MNXM8_8-0/ Biological score : 2.35/ Chemical score: 0.63
				Count: 1/ Score : 0/ Children: 0/ Terminal : False
				|HAZQLDVBNNDXHL-UHFFFAOYSA-N|QGWNDRXFNXRZMB-UHFFFAOYSA-N|XLYOFNOQVPJJNP-UHFFFAOYSA-N|XPPKVPWEQAFLFU-UHFFFAOYSA-N| for the first time at iteration 238
18/07/2021 00:27:06 -- INFO -- Looping move in node |VGEWBBYYDIDSHR-UHFFFAOYSA-N|XCCTYIAWTASOJW-UHFFFAOYSA-N|XLYOFNOQVPJJNP-UHFFFAOYSA-N|-3 for move VGEWBBYYDIDSHR-UHFFFAOYSA-N-rxnAdd42_cpd00852_5_6-0
18/07/2021 00:27:06 -- INFO -- Starting move obtention process with compound VGEWBBYYDIDSHR-UHFFFAOYSA-N ([H]Oc1c(C(=O)OC2([H])OC([H])(C([H])([H])O[H])C([H])(O[H])C([H])(O[H])C2([H])O[H])c([H])c([H])c([H])c1C(=O)OP(=O)(O[H])O[H]) at 1626560826.5208106
18/07/2021 00:27:06 -- INFO -- 32 available rules
18/07/2021 00:27:07 -- INFO -- For compound VGEWBBYYDIDSHR-UHFFFAOYSA-N, matching moves are []
18/07/2021 00:27:07 -- INFO -- Calculated moves in 0.6195690631866455 for compound VGEWBBYYDIDSHR-UHFFFAOYSA-N - without caching
18/07/2021 00:27:07 -- INFO -- Starting move obtention process with compound XCCTYIAWTASOJW-UHFFFAOYSA-N ([H]Oc1nc(=O)n(C2([H])OC([H])(C([H])([H])OP(=O)(O[H])OP(=O)(O[H])O[H])C([H])(O[H])C2([H])O[H])c([H])c1[H]) at 1626560827.1555355
18/07/2021 00:27:07 -- INFO -- 1324 available rules
18/07/2021 00:27:12 -- INFO -- For compound XCCTYIAWTASOJW-UHFFFAOYSA-N, matching moves are [XCCTYIAWTASOJW-UHFFFAOYSA-N-MNXR106729_MNXM495_8-0, XCCTYIAWTASOJW-UHFFFAOYSA-N-MNXR134292_MNXM495_8-0, XCCTYIAWTASOJW-UHFFFAOYSA-N-MNXR111798_MNXM5568_6-0, XCCTYIAWTASOJW-UHFFFAOYSA-N-MNXR111799_MNXM5568_14-0, XCCTYIAWTASOJW-UHFFFAOYSA-N-MNXR107788_MNXM495_8-0, XCCTYIAWTASOJW-UHFFFAOYSA-N-MNXR105330_MNXM495_8-0, XCCTYIAWTASOJW-UHFFFAOYSA-N-MNXR105328_MNXM495_8-0, XCCTYIAWTASOJW-UHFFFAOYSA-N-MNXR97207_MNXM492_6-0, XCCTYIAWTASOJW-UHFFFAOYSA-N-MNXR103374_MNXM495_6-0, XCCTYIAWTASOJW-UHFFFAOYSA-N-MNXR114764_MNXM899_6-0]
18/07/2021 00:27:12 -- INFO -- Calculated moves in 4.880173683166504 for compound XCCTYIAWTASOJW-UHFFFAOYSA-N - without caching
18/07/2021 00:27:12 -- INFO -- Starting move obtention process with compound XLYOFNOQVPJJNP-UHFFFAOYSA-N ([H]O[H]) at 1626560832.052496
18/07/2021 00:27:12 -- INFO -- 0 available rules
18/07/2021 00:27:12 -- INFO -- For compound XLYOFNOQVPJJNP-UHFFFAOYSA-N, matching moves are []
18/07/2021 00:27:12 -- INFO -- Calculated moves in 0.32224488258361816 for compound XLYOFNOQVPJJNP-UHFFFAOYSA-N - without caching
18/07/2021 00:27:12 -- INFO -- Starting move obtention process with compound PGAVKCOVUIYSFO-UHFFFAOYSA-N ([H]Oc1nc(=O)n(C2([H])OC([H])(C([H])([H])OP(=O)(O[H])OP(=O)(O[H])OP(=O)(O[H])O[H])C([H])(O[H])C2([H])O[H])c([H])c1[H]) at 1626560832.4474669
18/07/2021 00:27:12 -- INFO -- 1329 available rules
18/07/2021 00:27:16 -- INFO -- For compound PGAVKCOVUIYSFO-UHFFFAOYSA-N, matching moves are [PGAVKCOVUIYSFO-UHFFFAOYSA-N-MNXR106729_MNXM423_6-0, PGAVKCOVUIYSFO-UHFFFAOYSA-N-MNXR106729_MNXM495_6-0, PGAVKCOVUIYSFO-UHFFFAOYSA-N-MNXR111799_MNXM6129_16-0, PGAVKCOVUIYSFO-UHFFFAOYSA-N-MNXR105328_MNXM423_6-0, PGAVKCOVUIYSFO-UHFFFAOYSA-N-MNXR105328_MNXM495_6-0, PGAVKCOVUIYSFO-UHFFFAOYSA-N-MNXR134292_MNXM423_6-0, PGAVKCOVUIYSFO-UHFFFAOYSA-N-MNXR119521_MNXM47_6-0, PGAVKCOVUIYSFO-UHFFFAOYSA-N-MNXR134292_MNXM495_6-0, PGAVKCOVUIYSFO-UHFFFAOYSA-N-MNXR97039_MNXM288_6-0, PGAVKCOVUIYSFO-UHFFFAOYSA-N-MNXR107788_MNXM423_6-0]
18/07/2021 00:27:16 -- INFO -- Calculated moves in 4.080410718917847 for compound PGAVKCOVUIYSFO-UHFFFAOYSA-N - without caching
18/07/2021 00:27:16 -- INFO -- Starting move obtention process with compound VGEWBBYYDIDSHR-UHFFFAOYSA-N ([H]Oc1c(C(=O)OC2([H])OC([H])(C([H])([H])O[H])C([H])(O[H])C([H])(O[H])C2([H])O[H])c([H])c([H])c([H])c1C(=O)OP(=O)(O[H])O[H]) at 1626560836.5535514
18/07/2021 00:27:16 -- INFO -- 37 available rules
18/07/2021 00:27:17 -- INFO -- For compound VGEWBBYYDIDSHR-UHFFFAOYSA-N, matching moves are [VGEWBBYYDIDSHR-UHFFFAOYSA-N-rxnAdd42_cpd00852_5_6-0, VGEWBBYYDIDSHR-UHFFFAOYSA-N-MNXR117075_MNXM21683_6-0, VGEWBBYYDIDSHR-UHFFFAOYSA-N-MNXR119325_MNXM146047_6-0, VGEWBBYYDIDSHR-UHFFFAOYSA-N-MNXR119307_MNXM146047_6-0, VGEWBBYYDIDSHR-UHFFFAOYSA-N-MNXR119305_MNXM146047_6-0]
18/07/2021 00:27:17 -- INFO -- Calculated moves in 0.8195059299468994 for compound VGEWBBYYDIDSHR-UHFFFAOYSA-N - without caching
18/07/2021 00:27:17 -- INFO -- Starting move obtention process with compound XLYOFNOQVPJJNP-UHFFFAOYSA-N ([H]O[H]) at 1626560837.3866231
18/07/2021 00:27:17 -- INFO -- 0 available rules
18/07/2021 00:27:17 -- INFO -- For compound XLYOFNOQVPJJNP-UHFFFAOYSA-N, matching moves are []
18/07/2021 00:27:17 -- INFO -- Calculated moves in 0.3012421131134033 for compound XLYOFNOQVPJJNP-UHFFFAOYSA-N - without caching
18/07/2021 00:27:17 -- INFO -- Rollout results are 2, True
18/07/2021 00:27:17 -- INFO -- Udapted solved Node 			Move name: LXWOXIYHBGFILD-UHFFFAOYSA-N-MNXR117075_MNXM378_6-0/ Biological score : 0.3/ Chemical score: 0.63
			Count: 1/ Score : 0/ Children: 0/ Terminal : False
			|VGEWBBYYDIDSHR-UHFFFAOYSA-N|XCCTYIAWTASOJW-UHFFFAOYSA-N|XLYOFNOQVPJJNP-UHFFFAOYSA-N| for the first time at iteration 258
18/07/2021 00:27:17 -- INFO -- Adding a child with move XCCTYIAWTASOJW-UHFFFAOYSA-N-MNXR106729_MNXM495_6-0 to node 
			Move name: LXWOXIYHBGFILD-UHFFFAOYSA-N-MNXR117075_MNXM378_6-0/ Biological score : 0.3/ Chemical score: 0.63
			Count: 1/ Score : 2.0/ Children: 0/ Terminal : False
			|VGEWBBYYDIDSHR-UHFFFAOYSA-N|XCCTYIAWTASOJW-UHFFFAOYSA-N|XLYOFNOQVPJJNP-UHFFFAOYSA-N|
18/07/2021 00:27:18 -- INFO -- Starting move obtention process with compound PGAVKCOVUIYSFO-UHFFFAOYSA-N ([H]Oc1nc(=O)n(C2([H])OC([H])(C([H])([H])OP(=O)(O[H])OP(=O)(O[H])OP(=O)(O[H])O[H])C([H])(O[H])C2([H])O[H])c([H])c1[H]) at 1626560838.0432198
18/07/2021 00:27:18 -- INFO -- 1329 available rules
18/07/2021 00:27:22 -- INFO -- For compound PGAVKCOVUIYSFO-UHFFFAOYSA-N, matching moves are [PGAVKCOVUIYSFO-UHFFFAOYSA-N-MNXR106729_MNXM423_6-0, PGAVKCOVUIYSFO-UHFFFAOYSA-N-MNXR106729_MNXM495_6-0, PGAVKCOVUIYSFO-UHFFFAOYSA-N-MNXR111799_MNXM6129_16-0, PGAVKCOVUIYSFO-UHFFFAOYSA-N-MNXR105328_MNXM423_6-0, PGAVKCOVUIYSFO-UHFFFAOYSA-N-MNXR105328_MNXM495_6-0, PGAVKCOVUIYSFO-UHFFFAOYSA-N-MNXR134292_MNXM423_6-0, PGAVKCOVUIYSFO-UHFFFAOYSA-N-MNXR119521_MNXM47_6-0, PGAVKCOVUIYSFO-UHFFFAOYSA-N-MNXR134292_MNXM495_6-0, PGAVKCOVUIYSFO-UHFFFAOYSA-N-MNXR97039_MNXM288_6-0, PGAVKCOVUIYSFO-UHFFFAOYSA-N-MNXR107788_MNXM423_6-0]
18/07/2021 00:27:22 -- INFO -- Calculated moves in 4.195918321609497 for compound PGAVKCOVUIYSFO-UHFFFAOYSA-N - without caching
18/07/2021 00:27:22 -- INFO -- Starting move obtention process with compound VGEWBBYYDIDSHR-UHFFFAOYSA-N ([H]Oc1c(C(=O)OC2([H])OC([H])(C([H])([H])O[H])C([H])(O[H])C([H])(O[H])C2([H])O[H])c([H])c([H])c([H])c1C(=O)OP(=O)(O[H])O[H]) at 1626560842.2651474
18/07/2021 00:27:22 -- INFO -- 32 available rules
18/07/2021 00:27:22 -- INFO -- For compound VGEWBBYYDIDSHR-UHFFFAOYSA-N, matching moves are []
18/07/2021 00:27:22 -- INFO -- Calculated moves in 0.6457116603851318 for compound VGEWBBYYDIDSHR-UHFFFAOYSA-N - without caching
18/07/2021 00:27:22 -- INFO -- Starting move obtention process with compound XLYOFNOQVPJJNP-UHFFFAOYSA-N ([H]O[H]) at 1626560842.9362454
18/07/2021 00:27:23 -- INFO -- 0 available rules
18/07/2021 00:27:23 -- INFO -- For compound XLYOFNOQVPJJNP-UHFFFAOYSA-N, matching moves are []
18/07/2021 00:27:23 -- INFO -- Calculated moves in 0.32500386238098145 for compound XLYOFNOQVPJJNP-UHFFFAOYSA-N - without caching
18/07/2021 00:27:23 -- INFO -- Pathway is found at iteration 288
18/07/2021 00:27:23 -- INFO -- Udapted solved Node 				Move name: XCCTYIAWTASOJW-UHFFFAOYSA-N-MNXR106729_MNXM495_6-0/ Biological score : 4.02/ Chemical score: 0.68
				Count: 1/ Score : 0/ Children: 0/ Terminal : True
				|PGAVKCOVUIYSFO-UHFFFAOYSA-N|RFSUNEUAIZKAJO-UHFFFAOYSA-N- solved|VGEWBBYYDIDSHR-UHFFFAOYSA-N|XLYOFNOQVPJJNP-UHFFFAOYSA-N| for the first time at iteration 288
18/07/2021 00:27:23 -- INFO -- Performing iteration 300 out of 1000
18/07/2021 00:27:24 -- INFO -- Performing iteration 400 out of 1000
18/07/2021 00:27:25 -- INFO -- Performing iteration 500 out of 1000
18/07/2021 00:27:25 -- INFO -- Performing iteration 600 out of 1000
18/07/2021 00:27:26 -- INFO -- Performing iteration 700 out of 1000
18/07/2021 00:27:27 -- INFO -- Performing iteration 800 out of 1000
18/07/2021 00:27:28 -- INFO -- Performing iteration 900 out of 1000
18/07/2021 00:27:29 -- INFO -- ---------------End of search informations------------------ 
Tree search finished running at 0h 27min 29s 
Your tree search took 1.4e+02s 
 
Time was spent in selection: 4.3e-02s, expansion: 3.0e+01s, rollout: 9.7e+01s, update: 3.7e-01s 
CONGRATULATIONS, THATS A WIN
18/07/2021 00:27:29 -- INFO -- At the end of this tree search, the cache contains 0
18/07/2021 00:27:29 -- WARNING -- RECAP TIME_EXECUTION=136.48
18/07/2021 00:27:29 -- WARNING -- RECAP STOP_REASON=iteration
18/07/2021 00:27:29 -- WARNING -- RECAP NUMBER_ITERATION=999
18/07/2021 00:27:29 -- INFO -- According to Wikipedia, choosing the pathway with the most visists 
 This could be replaced by the best score
18/07/2021 00:27:29 -- INFO -- Found 9 pathways for 2-Hydroxybenzoic_acid
18/07/2021 00:27:29 -- INFO -- 9 pathways were found
18/07/2021 00:27:29 -- INFO -- At the end of this tree search, the cache contains 0
