18/07/2021 01:28:41 -- WARNING -- Setting the seed at 1234
18/07/2021 01:28:41 -- INFO -- Stating global parameters from configuration file
18/07/2021 01:28:41 -- INFO -- Using retrosynthesis: False - using biosensor True
18/07/2021 01:28:41 -- INFO -- Full search - no stopping at first result
18/07/2021 01:28:41 -- INFO -- Setting the DB from config file: Installed package: True. Using cache DB: False; Replacing results: False
18/07/2021 01:28:41 -- INFO -- Initialising an empty cache: {}; Using it: False
18/07/2021 01:28:41 -- INFO -- -------------------Scoring configurations -------------------------
18/07/2021 01:28:41 -- INFO -- Using biological cut off at 0.1
18/07/2021 01:28:41 -- INFO -- Using substrate only cut off at 0.6
18/07/2021 01:28:41 -- INFO -- Using chemical score cut off at 0.6
18/07/2021 01:28:41 -- INFO -- -------------------MCTS configurations -------------------------
18/07/2021 01:28:41 -- INFO -- Setting the minimal visit count for a node at 1
18/07/2021 01:28:41 -- INFO -- Using RAVE: False
18/07/2021 01:28:41 -- INFO -- -------------------Chemical configurations -------------------------
18/07/2021 01:28:41 -- INFO -- Using explicit hydrogens : True
18/07/2021 01:28:41 -- INFO -- Using detectable compounds as sink as running in biosensor mode.
18/07/2021 01:28:41 -- WARNING -- Removed compound from the detectable set to force enzymatic detection
18/07/2021 01:28:41 -- INFO -- Main layer was set to True. Sanitising state
18/07/2021 01:29:02 -- INFO -- Main layer was set to True. Sanitising state
18/07/2021 01:29:02 -- INFO -- Starting move obtention process with compound 3-Caffeoylquinic_acid ([H]OC(=O)C1(O[H])C([H])([H])C([H])(O[H])C([H])(O[H])C([H])(OC(=O)C([H])=C([H])c2c([H])c([H])c(O[H])c(O[H])c2[H])C1([H])[H]) at 1626564542.4642124
18/07/2021 01:29:02 -- INFO -- 33 available rules
18/07/2021 01:29:03 -- INFO -- For compound 3-Caffeoylquinic_acid, matching moves are [CWVRJTMFETXNAD-UHFFFAOYSA-N-rxnAdd150_cpd00634_6_6-0]
18/07/2021 01:29:03 -- INFO -- Calculated moves in 0.864048957824707 for compound CWVRJTMFETXNAD-UHFFFAOYSA-N - without caching
18/07/2021 01:29:03 -- INFO -- ---------------Beginning of search informations------------------ 
UCT policy is : Biochemical_UCT_1 
Rollout policy is : Rollout_policy_random_uniform_on_biochemical_multiplication_score 
Rewarding policy is : Penalty is -1 and full state reward is 2 
Maximum number of iterations 1000 
Tree search started running at 1h 29min 3s 
Your tree search is currently running ... 
 

18/07/2021 01:29:03 -- INFO -- Performing iteration 0 out of 1000
18/07/2021 01:29:03 -- INFO -- Adding a child with move CWVRJTMFETXNAD-UHFFFAOYSA-N-rxnAdd150_cpd00634_6_6-0 to node 
Count: 0/ Score : 0/ Children: 0/ Terminal : False
|3-Caffeoylquinic_acid|
18/07/2021 01:29:03 -- INFO -- Pathway is found at iteration 0
18/07/2021 01:29:03 -- INFO -- Udapted solved Node 	Move name: CWVRJTMFETXNAD-UHFFFAOYSA-N-rxnAdd150_cpd00634_6_6-0/ Biological score : 4.02/ Chemical score: 1.0
	Count: 1/ Score : 0/ Children: 0/ Terminal : True
	|AAWZDTNXLSGCEK-UHFFFAOYSA-N- solved|QAIPRVGONGVQAS-UHFFFAOYSA-N- solved| for the first time at iteration 0
18/07/2021 01:29:03 -- INFO -- Udapted solved Node Count: 1/ Score : 0/ Children: 1/ Terminal : False
|3-Caffeoylquinic_acid| for the first time at iteration 0
18/07/2021 01:29:04 -- INFO -- Performing iteration 100 out of 1000
18/07/2021 01:29:06 -- INFO -- Performing iteration 200 out of 1000
18/07/2021 01:29:08 -- INFO -- Performing iteration 300 out of 1000
18/07/2021 01:29:10 -- INFO -- Performing iteration 400 out of 1000
18/07/2021 01:29:12 -- INFO -- Performing iteration 500 out of 1000
18/07/2021 01:29:14 -- INFO -- Performing iteration 600 out of 1000
18/07/2021 01:29:15 -- INFO -- Performing iteration 700 out of 1000
18/07/2021 01:29:17 -- INFO -- Performing iteration 800 out of 1000
18/07/2021 01:29:19 -- INFO -- Performing iteration 900 out of 1000
18/07/2021 01:29:21 -- INFO -- ---------------End of search informations------------------ 
Tree search finished running at 1h 29min 21s 
Your tree search took 1.9e+01s 
 
Time was spent in selection: 2.6e-02s, expansion: 1.2e-01s, rollout: 0.0e+00s, update: 4.3e-02s 
CONGRATULATIONS, THATS A WIN
18/07/2021 01:29:21 -- INFO -- At the end of this tree search, the cache contains 0
18/07/2021 01:29:21 -- WARNING -- RECAP TIME_EXECUTION=18.42
18/07/2021 01:29:21 -- WARNING -- RECAP STOP_REASON=iteration
18/07/2021 01:29:21 -- WARNING -- RECAP NUMBER_ITERATION=999
18/07/2021 01:29:21 -- INFO -- According to Wikipedia, choosing the pathway with the most visists 
 This could be replaced by the best score
18/07/2021 01:29:21 -- INFO -- Found 1 pathways for 3-Caffeoylquinic_acid
18/07/2021 01:29:21 -- INFO -- 1 pathways were found
18/07/2021 01:29:21 -- INFO -- At the end of this tree search, the cache contains 0
