17/07/2021 10:02:21 -- WARNING -- Setting the seed at 1234
17/07/2021 10:02:21 -- INFO -- Stating global parameters from configuration file
17/07/2021 10:02:21 -- INFO -- Using retrosynthesis: False - using biosensor True
17/07/2021 10:02:21 -- INFO -- Full search - no stopping at first result
17/07/2021 10:02:21 -- INFO -- Setting the DB from config file: Installed package: True. Using cache DB: False; Replacing results: False
17/07/2021 10:02:21 -- INFO -- Initialising an empty cache: {}; Using it: False
17/07/2021 10:02:21 -- INFO -- -------------------Scoring configurations -------------------------
17/07/2021 10:02:21 -- INFO -- Using biological cut off at 0.1
17/07/2021 10:02:21 -- INFO -- Using substrate only cut off at 0.6
17/07/2021 10:02:21 -- INFO -- Using chemical score cut off at 0.6
17/07/2021 10:02:21 -- INFO -- -------------------MCTS configurations -------------------------
17/07/2021 10:02:21 -- INFO -- Setting the minimal visit count for a node at 1
17/07/2021 10:02:21 -- INFO -- Using RAVE: False
17/07/2021 10:02:21 -- INFO -- -------------------Chemical configurations -------------------------
17/07/2021 10:02:21 -- INFO -- Using explicit hydrogens : True
17/07/2021 10:02:21 -- INFO -- Using detectable compounds as sink as running in biosensor mode.
17/07/2021 10:02:21 -- INFO -- Main layer was set to True. Sanitising state
17/07/2021 10:02:42 -- INFO -- Main layer was set to True. Sanitising state
17/07/2021 10:02:42 -- INFO -- Starting move obtention process with compound 4',6,7-Trihydroxyisoflavanone ([H]Oc1c([H])c([H])c(C2([H])C(=O)c3c([H])c(O[H])c(O[H])c([H])c3OC2([H])[H])c([H])c1[H]) at 1626508962.8229008
17/07/2021 10:02:43 -- INFO -- 22 available rules
17/07/2021 10:02:43 -- INFO -- For compound 4',6,7-Trihydroxyisoflavanone, matching moves are [ZAIJTQZQMCNJHG-UHFFFAOYSA-N-MNXR111304_MNXM5563_6-0]
17/07/2021 10:02:43 -- INFO -- Calculated moves in 0.49706220626831055 for compound ZAIJTQZQMCNJHG-UHFFFAOYSA-N - without caching
17/07/2021 10:02:43 -- INFO -- ---------------Beginning of search informations------------------ 
UCT policy is : Biochemical_UCT_1 
Rollout policy is : Rollout_policy_random_uniform_on_biochemical_multiplication_score 
Rewarding policy is : Penalty is -1 and full state reward is 2 
Maximum number of iterations 1000 
Tree search started running at 10h 2min 43s 
Your tree search is currently running ... 
 

17/07/2021 10:02:43 -- INFO -- Performing iteration 0 out of 1000
17/07/2021 10:02:43 -- INFO -- Adding a child with move ZAIJTQZQMCNJHG-UHFFFAOYSA-N-MNXR111304_MNXM5563_6-0 to node 
Count: 0/ Score : 0/ Children: 0/ Terminal : False
|4',6,7-Trihydroxyisoflavanone|
17/07/2021 10:02:43 -- INFO -- Starting move obtention process with compound MYMOFIZGZYHOMD-UHFFFAOYSA-N (O=O) at 1626508963.4512923
17/07/2021 10:02:43 -- INFO -- 0 available rules
17/07/2021 10:02:43 -- INFO -- For compound MYMOFIZGZYHOMD-UHFFFAOYSA-N, matching moves are []
17/07/2021 10:02:43 -- INFO -- Calculated moves in 0.36356639862060547 for compound MYMOFIZGZYHOMD-UHFFFAOYSA-N - without caching
17/07/2021 10:02:43 -- INFO -- Pathway is found at iteration 0
17/07/2021 10:02:43 -- INFO -- Udapted solved Node 	Move name: ZAIJTQZQMCNJHG-UHFFFAOYSA-N-MNXR111304_MNXM5563_6-0/ Biological score : 0.6/ Chemical score: 0.66
	Count: 1/ Score : 0/ Children: 0/ Terminal : True
	|ACFIXJIJDZMPPO-UHFFFAOYSA-N- solved|JHYXBPPMXZIHKG-UHFFFAOYSA-N- solved|MYMOFIZGZYHOMD-UHFFFAOYSA-N| for the first time at iteration 0
17/07/2021 10:02:43 -- INFO -- Udapted solved Node Count: 1/ Score : 0/ Children: 1/ Terminal : False
|4',6,7-Trihydroxyisoflavanone| for the first time at iteration 0
17/07/2021 10:02:44 -- INFO -- Performing iteration 100 out of 1000
17/07/2021 10:02:46 -- INFO -- Performing iteration 200 out of 1000
17/07/2021 10:02:48 -- INFO -- Performing iteration 300 out of 1000
17/07/2021 10:02:50 -- INFO -- Performing iteration 400 out of 1000
17/07/2021 10:02:52 -- INFO -- Performing iteration 500 out of 1000
17/07/2021 10:02:54 -- INFO -- Performing iteration 600 out of 1000
17/07/2021 10:02:56 -- INFO -- Performing iteration 700 out of 1000
17/07/2021 10:02:58 -- INFO -- Performing iteration 800 out of 1000
17/07/2021 10:02:59 -- INFO -- Performing iteration 900 out of 1000
17/07/2021 10:03:01 -- INFO -- ---------------End of search informations------------------ 
Tree search finished running at 10h 3min 1s 
Your tree search took 1.8e+01s 
 
Time was spent in selection: 2.9e-02s, expansion: 4.9e-01s, rollout: 0.0e+00s, update: 4.9e-02s 
CONGRATULATIONS, THATS A WIN
17/07/2021 10:03:01 -- INFO -- At the end of this tree search, the cache contains 0
17/07/2021 10:03:01 -- WARNING -- RECAP TIME_EXECUTION=17.93
17/07/2021 10:03:01 -- WARNING -- RECAP STOP_REASON=iteration
17/07/2021 10:03:01 -- WARNING -- RECAP NUMBER_ITERATION=999
17/07/2021 10:03:01 -- INFO -- According to Wikipedia, choosing the pathway with the most visists 
 This could be replaced by the best score
17/07/2021 10:03:01 -- INFO -- Found 1 pathways for 4',6,7-Trihydroxyisoflavanone
17/07/2021 10:03:01 -- INFO -- 1 pathways were found
17/07/2021 10:03:01 -- INFO -- At the end of this tree search, the cache contains 0
