17/07/2021 03:28:49 -- WARNING -- Setting the seed at 1234
17/07/2021 03:28:49 -- INFO -- Stating global parameters from configuration file
17/07/2021 03:28:49 -- INFO -- Using retrosynthesis: False - using biosensor True
17/07/2021 03:28:49 -- INFO -- Full search - no stopping at first result
17/07/2021 03:28:49 -- INFO -- Setting the DB from config file: Installed package: True. Using cache DB: False; Replacing results: False
17/07/2021 03:28:49 -- INFO -- Initialising an empty cache: {}; Using it: False
17/07/2021 03:28:49 -- INFO -- -------------------Scoring configurations -------------------------
17/07/2021 03:28:49 -- INFO -- Using biological cut off at 0.1
17/07/2021 03:28:49 -- INFO -- Using substrate only cut off at 0.6
17/07/2021 03:28:49 -- INFO -- Using chemical score cut off at 0.6
17/07/2021 03:28:49 -- INFO -- -------------------MCTS configurations -------------------------
17/07/2021 03:28:49 -- INFO -- Setting the minimal visit count for a node at 1
17/07/2021 03:28:49 -- INFO -- Using RAVE: False
17/07/2021 03:28:49 -- INFO -- -------------------Chemical configurations -------------------------
17/07/2021 03:28:49 -- INFO -- Using explicit hydrogens : True
17/07/2021 03:28:49 -- INFO -- Using detectable compounds as sink as running in biosensor mode.
17/07/2021 03:28:49 -- INFO -- Main layer was set to True. Sanitising state
17/07/2021 03:29:12 -- INFO -- Main layer was set to True. Sanitising state
17/07/2021 03:29:12 -- INFO -- Starting move obtention process with compound 4'-O-Methyl-(-)-epigallocatechin_3'-O-glucuronide ([H]OC(=O)C1([H])OC([H])(Oc2c([H])c(C3([H])Oc4c([H])c(O[H])c([H])c(O[H])c4C([H])([H])C3([H])O[H])c([H])c(O[H])c2OC([H])([H])[H])C([H])(O[H])C([H])(O[H])C1([H])O[H]) at 1626485352.063482
17/07/2021 03:29:12 -- INFO -- 0 available rules
17/07/2021 03:29:12 -- INFO -- For compound 4'-O-Methyl-(-)-epigallocatechin_3'-O-glucuronide, matching moves are []
17/07/2021 03:29:12 -- INFO -- Calculated moves in 0.45084118843078613 for compound DAQFRQALPPBZDR-UHFFFAOYSA-N - without caching
17/07/2021 03:29:12 -- INFO -- ---------------Beginning of search informations------------------ 
UCT policy is : Biochemical_UCT_1 
Rollout policy is : Rollout_policy_random_uniform_on_biochemical_multiplication_score 
Rewarding policy is : Penalty is -1 and full state reward is 2 
Maximum number of iterations 1000 
Tree search started running at 3h 29min 12s 
Your tree search is currently running ... 
 

17/07/2021 03:29:12 -- INFO -- Performing iteration 0 out of 1000
17/07/2021 03:29:13 -- INFO -- Performing iteration 100 out of 1000
17/07/2021 03:29:14 -- INFO -- Performing iteration 200 out of 1000
17/07/2021 03:29:16 -- INFO -- Performing iteration 300 out of 1000
17/07/2021 03:29:17 -- INFO -- Performing iteration 400 out of 1000
17/07/2021 03:29:19 -- INFO -- Performing iteration 500 out of 1000
17/07/2021 03:29:21 -- INFO -- Performing iteration 600 out of 1000
17/07/2021 03:29:22 -- INFO -- Performing iteration 700 out of 1000
17/07/2021 03:29:24 -- INFO -- Performing iteration 800 out of 1000
17/07/2021 03:29:26 -- INFO -- Performing iteration 900 out of 1000
17/07/2021 03:29:28 -- INFO -- ---------------End of search informations------------------ 
Tree search finished running at 3h 29min 28s 
Your tree search took 1.5e+01s 
 
Time was spent in selection: 1.2e-03s, expansion: 6.4e-04s, rollout: 0.0e+00s, update: 1.4e-02s 
You just lost the game
17/07/2021 03:29:28 -- INFO -- At the end of this tree search, the cache contains 0
17/07/2021 03:29:28 -- WARNING -- RECAP TIME_EXECUTION=15.86
17/07/2021 03:29:28 -- WARNING -- RECAP STOP_REASON=iteration
17/07/2021 03:29:28 -- WARNING -- RECAP NUMBER_ITERATION=999
17/07/2021 03:29:28 -- INFO -- According to Wikipedia, choosing the pathway with the most visists 
 This could be replaced by the best score
17/07/2021 03:29:28 -- INFO -- No pathway was found for this compound
17/07/2021 03:29:28 -- INFO -- 0 pathways were found
17/07/2021 03:29:28 -- INFO -- At the end of this tree search, the cache contains 0
