17/07/2021 19:44:34 -- WARNING -- Setting the seed at 1234
17/07/2021 19:44:34 -- INFO -- Stating global parameters from configuration file
17/07/2021 19:44:34 -- INFO -- Using retrosynthesis: False - using biosensor True
17/07/2021 19:44:34 -- INFO -- Full search - no stopping at first result
17/07/2021 19:44:34 -- INFO -- Setting the DB from config file: Installed package: True. Using cache DB: False; Replacing results: False
17/07/2021 19:44:34 -- INFO -- Initialising an empty cache: {}; Using it: False
17/07/2021 19:44:34 -- INFO -- -------------------Scoring configurations -------------------------
17/07/2021 19:44:34 -- INFO -- Using biological cut off at 0.1
17/07/2021 19:44:34 -- INFO -- Using substrate only cut off at 0.6
17/07/2021 19:44:34 -- INFO -- Using chemical score cut off at 0.6
17/07/2021 19:44:34 -- INFO -- -------------------MCTS configurations -------------------------
17/07/2021 19:44:34 -- INFO -- Setting the minimal visit count for a node at 1
17/07/2021 19:44:34 -- INFO -- Using RAVE: False
17/07/2021 19:44:34 -- INFO -- -------------------Chemical configurations -------------------------
17/07/2021 19:44:34 -- INFO -- Using explicit hydrogens : True
17/07/2021 19:44:34 -- INFO -- Using detectable compounds as sink as running in biosensor mode.
17/07/2021 19:44:34 -- INFO -- Main layer was set to True. Sanitising state
17/07/2021 19:44:53 -- INFO -- Main layer was set to True. Sanitising state
17/07/2021 19:44:53 -- INFO -- Starting move obtention process with compound 1,3,5-Trimethoxybenzene ([H]c1c(OC([H])([H])[H])c([H])c(OC([H])([H])[H])c([H])c1OC([H])([H])[H]) at 1626543893.5107193
17/07/2021 19:44:53 -- INFO -- 19 available rules
17/07/2021 19:44:55 -- INFO -- For compound 1,3,5-Trimethoxybenzene, matching moves are [LKUDPHPHKOZXCD-UHFFFAOYSA-N-MNXR122591_MNXM13836_6-0]
17/07/2021 19:44:55 -- INFO -- Calculated moves in 2.2064530849456787 for compound LKUDPHPHKOZXCD-UHFFFAOYSA-N - without caching
17/07/2021 19:44:55 -- INFO -- ---------------Beginning of search informations------------------ 
UCT policy is : Biochemical_UCT_1 
Rollout policy is : Rollout_policy_random_uniform_on_biochemical_multiplication_score 
Rewarding policy is : Penalty is -1 and full state reward is 2 
Maximum number of iterations 1000 
Tree search started running at 19h 44min 55s 
Your tree search is currently running ... 
 

17/07/2021 19:44:55 -- INFO -- Performing iteration 0 out of 1000
17/07/2021 19:44:55 -- INFO -- Adding a child with move LKUDPHPHKOZXCD-UHFFFAOYSA-N-MNXR122591_MNXM13836_6-0 to node 
Count: 0/ Score : 0/ Children: 0/ Terminal : False
|1,3,5-Trimethoxybenzene|
17/07/2021 19:44:55 -- INFO -- Starting move obtention process with compound XQDNFAMOIPNVES-UHFFFAOYSA-N ([H]Oc1c([H])c(OC([H])([H])[H])c([H])c(OC([H])([H])[H])c1[H]) at 1626543895.7952154
17/07/2021 19:44:56 -- INFO -- 161 available rules
17/07/2021 19:44:57 -- INFO -- For compound XQDNFAMOIPNVES-UHFFFAOYSA-N, matching moves are [XQDNFAMOIPNVES-UHFFFAOYSA-N-MNXR122591_MNXM9965_6-0, XQDNFAMOIPNVES-UHFFFAOYSA-N-MNXR122591_MNXM13836_6-0]
17/07/2021 19:44:57 -- INFO -- Calculated moves in 2.031482458114624 for compound XQDNFAMOIPNVES-UHFFFAOYSA-N - without caching
17/07/2021 19:44:57 -- INFO -- Pathway is found at iteration 0
17/07/2021 19:44:57 -- INFO -- Udapted solved Node 	Move name: LKUDPHPHKOZXCD-UHFFFAOYSA-N-MNXR122591_MNXM13836_6-0/ Biological score : 1.86/ Chemical score: 1.0
	Count: 1/ Score : 0/ Children: 0/ Terminal : True
	|MEFKEPWMEQBLKI-UHFFFAOYSA-O- solved|XQDNFAMOIPNVES-UHFFFAOYSA-N| for the first time at iteration 0
17/07/2021 19:44:57 -- INFO -- Udapted solved Node Count: 1/ Score : 0/ Children: 1/ Terminal : False
|1,3,5-Trimethoxybenzene| for the first time at iteration 0
17/07/2021 19:44:59 -- INFO -- Performing iteration 100 out of 1000
17/07/2021 19:45:00 -- INFO -- Performing iteration 200 out of 1000
17/07/2021 19:45:01 -- INFO -- Performing iteration 300 out of 1000
17/07/2021 19:45:02 -- INFO -- Performing iteration 400 out of 1000
17/07/2021 19:45:03 -- INFO -- Performing iteration 500 out of 1000
17/07/2021 19:45:05 -- INFO -- Performing iteration 600 out of 1000
17/07/2021 19:45:06 -- INFO -- Performing iteration 700 out of 1000
17/07/2021 19:45:08 -- INFO -- Performing iteration 800 out of 1000
17/07/2021 19:45:09 -- INFO -- Performing iteration 900 out of 1000
17/07/2021 19:45:11 -- INFO -- ---------------End of search informations------------------ 
Tree search finished running at 19h 45min 11s 
Your tree search took 1.5e+01s 
 
Time was spent in selection: 2.4e-02s, expansion: 2.1e+00s, rollout: 0.0e+00s, update: 6.6e-02s 
CONGRATULATIONS, THATS A WIN
17/07/2021 19:45:11 -- INFO -- At the end of this tree search, the cache contains 0
17/07/2021 19:45:11 -- WARNING -- RECAP TIME_EXECUTION=15.38
17/07/2021 19:45:11 -- WARNING -- RECAP STOP_REASON=iteration
17/07/2021 19:45:11 -- WARNING -- RECAP NUMBER_ITERATION=999
17/07/2021 19:45:11 -- INFO -- According to Wikipedia, choosing the pathway with the most visists 
 This could be replaced by the best score
17/07/2021 19:45:11 -- INFO -- Found 1 pathways for 1,3,5-Trimethoxybenzene
17/07/2021 19:45:11 -- INFO -- 1 pathways were found
17/07/2021 19:45:11 -- INFO -- At the end of this tree search, the cache contains 0
