18/07/2021 02:07:36 -- WARNING -- Setting the seed at 1234
18/07/2021 02:07:36 -- INFO -- Stating global parameters from configuration file
18/07/2021 02:07:36 -- INFO -- Using retrosynthesis: False - using biosensor True
18/07/2021 02:07:36 -- INFO -- Full search - no stopping at first result
18/07/2021 02:07:36 -- INFO -- Setting the DB from config file: Installed package: True. Using cache DB: False; Replacing results: False
18/07/2021 02:07:36 -- INFO -- Initialising an empty cache: {}; Using it: False
18/07/2021 02:07:36 -- INFO -- -------------------Scoring configurations -------------------------
18/07/2021 02:07:36 -- INFO -- Using biological cut off at 0.1
18/07/2021 02:07:36 -- INFO -- Using substrate only cut off at 0.6
18/07/2021 02:07:36 -- INFO -- Using chemical score cut off at 0.6
18/07/2021 02:07:36 -- INFO -- -------------------MCTS configurations -------------------------
18/07/2021 02:07:36 -- INFO -- Setting the minimal visit count for a node at 1
18/07/2021 02:07:36 -- INFO -- Using RAVE: False
18/07/2021 02:07:36 -- INFO -- -------------------Chemical configurations -------------------------
18/07/2021 02:07:36 -- INFO -- Using explicit hydrogens : True
18/07/2021 02:07:36 -- INFO -- Using detectable compounds as sink as running in biosensor mode.
18/07/2021 02:07:36 -- WARNING -- Removed compound from the detectable set to force enzymatic detection
18/07/2021 02:07:36 -- INFO -- Main layer was set to True. Sanitising state
18/07/2021 02:07:58 -- INFO -- Main layer was set to True. Sanitising state
18/07/2021 02:07:58 -- INFO -- Starting move obtention process with compound 2-Hydroxy-2-phenylacetic_acid ([H]OC(=O)C([H])(O[H])c1c([H])c([H])c([H])c([H])c1[H]) at 1626566878.3882062
18/07/2021 02:07:58 -- INFO -- 51 available rules
18/07/2021 02:07:59 -- INFO -- For compound 2-Hydroxy-2-phenylacetic_acid, matching moves are [IWYDHOAUDWTVEP-UHFFFAOYSA-N-MNXR108426_MNXM1698_10-0, IWYDHOAUDWTVEP-UHFFFAOYSA-N-MNXR107658_MNXM1301_6-0, IWYDHOAUDWTVEP-UHFFFAOYSA-N-MNXR108430_MNXM1097_14-0, IWYDHOAUDWTVEP-UHFFFAOYSA-N-MNXR115594_MNXM1301_8-0]
18/07/2021 02:07:59 -- INFO -- Calculated moves in 1.1581289768218994 for compound IWYDHOAUDWTVEP-UHFFFAOYSA-N - without caching
18/07/2021 02:07:59 -- INFO -- ---------------Beginning of search informations------------------ 
UCT policy is : Biochemical_UCT_1 
Rollout policy is : Rollout_policy_random_uniform_on_biochemical_multiplication_score 
Rewarding policy is : Penalty is -1 and full state reward is 2 
Maximum number of iterations 1000 
Tree search started running at 2h 7min 59s 
Your tree search is currently running ... 
 

18/07/2021 02:07:59 -- INFO -- Performing iteration 0 out of 1000
18/07/2021 02:07:59 -- INFO -- Adding a child with move IWYDHOAUDWTVEP-UHFFFAOYSA-N-MNXR108426_MNXM1698_10-0 to node 
Count: 0/ Score : 0/ Children: 0/ Terminal : False
|2-Hydroxy-2-phenylacetic_acid|
18/07/2021 02:07:59 -- INFO -- Starting move obtention process with compound GPRLSGONYQIRFK-UHFFFAOYSA-N ([H+]) at 1626566879.6814187
18/07/2021 02:08:00 -- INFO -- 0 available rules
18/07/2021 02:08:00 -- INFO -- For compound GPRLSGONYQIRFK-UHFFFAOYSA-N, matching moves are []
18/07/2021 02:08:00 -- INFO -- Calculated moves in 0.3559539318084717 for compound GPRLSGONYQIRFK-UHFFFAOYSA-N - without caching
18/07/2021 02:08:00 -- INFO -- Pathway is found at iteration 0
18/07/2021 02:08:00 -- INFO -- Udapted solved Node 	Move name: IWYDHOAUDWTVEP-UHFFFAOYSA-N-MNXR108426_MNXM1698_10-0/ Biological score : 3.49/ Chemical score: 1.0
	Count: 1/ Score : 0/ Children: 0/ Terminal : True
	|BOPGDPNILDQYTO-UHFFFAOYSA-N- solved|FAQJJMHZNSSFSM-UHFFFAOYSA-N- solved|GPRLSGONYQIRFK-UHFFFAOYSA-N| for the first time at iteration 0
18/07/2021 02:08:00 -- INFO -- Udapted solved Node Count: 1/ Score : 0/ Children: 1/ Terminal : False
|2-Hydroxy-2-phenylacetic_acid| for the first time at iteration 0
18/07/2021 02:08:00 -- INFO -- Adding a child with move IWYDHOAUDWTVEP-UHFFFAOYSA-N-MNXR107658_MNXM1301_6-0 to node 
Count: 1/ Score : 10.0/ Children: 1/ Terminal : False
|2-Hydroxy-2-phenylacetic_acid|
18/07/2021 02:08:00 -- INFO -- Starting move obtention process with compound CURLTUGMZLYLDI-UHFFFAOYSA-N (O=C=O) at 1626566880.2266765
18/07/2021 02:08:00 -- INFO -- 11 available rules
18/07/2021 02:08:00 -- INFO -- For compound CURLTUGMZLYLDI-UHFFFAOYSA-N, matching moves are [CURLTUGMZLYLDI-UHFFFAOYSA-N-MNXR96884_MNXM13_6-0, CURLTUGMZLYLDI-UHFFFAOYSA-N-MNXR96961_MNXM13_14-0, CURLTUGMZLYLDI-UHFFFAOYSA-N-MNXR96481_MNXM13_14-0, CURLTUGMZLYLDI-UHFFFAOYSA-N-MNXR106403_MNXM13_14-0, CURLTUGMZLYLDI-UHFFFAOYSA-N-MNXR95786_MNXM13_14-0]
18/07/2021 02:08:00 -- INFO -- Calculated moves in 0.513563871383667 for compound CURLTUGMZLYLDI-UHFFFAOYSA-N - without caching
18/07/2021 02:08:00 -- INFO -- Adding a child with move IWYDHOAUDWTVEP-UHFFFAOYSA-N-MNXR108430_MNXM1097_14-0 to node 
Count: 2/ Score : 6.0/ Children: 2/ Terminal : False
|2-Hydroxy-2-phenylacetic_acid|
18/07/2021 02:08:00 -- INFO -- Starting move obtention process with compound XLYOFNOQVPJJNP-UHFFFAOYSA-N ([H]O[H]) at 1626566880.8816035
18/07/2021 02:08:01 -- INFO -- 0 available rules
18/07/2021 02:08:01 -- INFO -- For compound XLYOFNOQVPJJNP-UHFFFAOYSA-N, matching moves are []
18/07/2021 02:08:01 -- INFO -- Calculated moves in 0.36284852027893066 for compound XLYOFNOQVPJJNP-UHFFFAOYSA-N - without caching
18/07/2021 02:08:01 -- INFO -- Pathway is found at iteration 2
18/07/2021 02:08:01 -- INFO -- Udapted solved Node 	Move name: IWYDHOAUDWTVEP-UHFFFAOYSA-N-MNXR107658_MNXM1301_6-0/ Biological score : 2.8/ Chemical score: 0.79
	Count: 1/ Score : 0/ Children: 0/ Terminal : True
	|CURLTUGMZLYLDI-UHFFFAOYSA-N|HUMNYLRZRPPJDN-UHFFFAOYSA-N- solved|MHAJPDPJQMAIIY-UHFFFAOYSA-N- solved| for the first time at iteration 2
18/07/2021 02:08:01 -- INFO -- Adding a child with move IWYDHOAUDWTVEP-UHFFFAOYSA-N-MNXR115594_MNXM1301_8-0 to node 
Count: 3/ Score : 7.33/ Children: 3/ Terminal : False
|2-Hydroxy-2-phenylacetic_acid|
18/07/2021 02:08:01 -- INFO -- Starting move obtention process with compound GPRLSGONYQIRFK-UHFFFAOYSA-N ([H+]) at 1626566881.4699342
18/07/2021 02:08:01 -- INFO -- 0 available rules
18/07/2021 02:08:01 -- INFO -- For compound GPRLSGONYQIRFK-UHFFFAOYSA-N, matching moves are []
18/07/2021 02:08:01 -- INFO -- Calculated moves in 0.3494434356689453 for compound GPRLSGONYQIRFK-UHFFFAOYSA-N - without caching
18/07/2021 02:08:01 -- INFO -- Pathway is found at iteration 4
18/07/2021 02:08:01 -- INFO -- Udapted solved Node 	Move name: IWYDHOAUDWTVEP-UHFFFAOYSA-N-MNXR108430_MNXM1097_14-0/ Biological score : 1.49/ Chemical score: 1.0
	Count: 1/ Score : 0/ Children: 0/ Terminal : True
	|XLYOFNOQVPJJNP-UHFFFAOYSA-N|YHXHKYRQLYQUIH-UHFFFAOYSA-N- solved| for the first time at iteration 4
18/07/2021 02:08:01 -- INFO -- Pathway is found at iteration 6
18/07/2021 02:08:01 -- INFO -- Udapted solved Node 	Move name: IWYDHOAUDWTVEP-UHFFFAOYSA-N-MNXR115594_MNXM1301_8-0/ Biological score : 0.3/ Chemical score: 0.79
	Count: 1/ Score : 0/ Children: 0/ Terminal : True
	|FAQJJMHZNSSFSM-UHFFFAOYSA-N- solved|GPRLSGONYQIRFK-UHFFFAOYSA-N| for the first time at iteration 6
18/07/2021 02:08:03 -- INFO -- Performing iteration 100 out of 1000
18/07/2021 02:08:04 -- INFO -- Performing iteration 200 out of 1000
18/07/2021 02:08:06 -- INFO -- Performing iteration 300 out of 1000
18/07/2021 02:08:07 -- INFO -- Performing iteration 400 out of 1000
18/07/2021 02:08:09 -- INFO -- Performing iteration 500 out of 1000
18/07/2021 02:08:11 -- INFO -- Performing iteration 600 out of 1000
18/07/2021 02:08:12 -- INFO -- Performing iteration 700 out of 1000
18/07/2021 02:08:14 -- INFO -- Performing iteration 800 out of 1000
18/07/2021 02:08:15 -- INFO -- Performing iteration 900 out of 1000
18/07/2021 02:08:16 -- INFO -- ---------------End of search informations------------------ 
Tree search finished running at 2h 8min 16s 
Your tree search took 1.7e+01s 
 
Time was spent in selection: 3.6e-02s, expansion: 2.0e+00s, rollout: 0.0e+00s, update: 1.2e-01s 
CONGRATULATIONS, THATS A WIN
18/07/2021 02:08:16 -- INFO -- At the end of this tree search, the cache contains 0
18/07/2021 02:08:16 -- WARNING -- RECAP TIME_EXECUTION=17.38
18/07/2021 02:08:16 -- WARNING -- RECAP STOP_REASON=iteration
18/07/2021 02:08:16 -- WARNING -- RECAP NUMBER_ITERATION=999
18/07/2021 02:08:17 -- INFO -- According to Wikipedia, choosing the pathway with the most visists 
 This could be replaced by the best score
18/07/2021 02:08:17 -- INFO -- Found 4 pathways for 2-Hydroxy-2-phenylacetic_acid
18/07/2021 02:08:17 -- INFO -- 4 pathways were found
18/07/2021 02:08:17 -- INFO -- At the end of this tree search, the cache contains 0
