17/07/2021 19:44:35 -- WARNING -- Setting the seed at 1234
17/07/2021 19:44:36 -- INFO -- Stating global parameters from configuration file
17/07/2021 19:44:36 -- INFO -- Using retrosynthesis: False - using biosensor True
17/07/2021 19:44:36 -- INFO -- Full search - no stopping at first result
17/07/2021 19:44:36 -- INFO -- Setting the DB from config file: Installed package: True. Using cache DB: False; Replacing results: False
17/07/2021 19:44:36 -- INFO -- Initialising an empty cache: {}; Using it: False
17/07/2021 19:44:36 -- INFO -- -------------------Scoring configurations -------------------------
17/07/2021 19:44:36 -- INFO -- Using biological cut off at 0.1
17/07/2021 19:44:36 -- INFO -- Using substrate only cut off at 0.6
17/07/2021 19:44:36 -- INFO -- Using chemical score cut off at 0.6
17/07/2021 19:44:36 -- INFO -- -------------------MCTS configurations -------------------------
17/07/2021 19:44:36 -- INFO -- Setting the minimal visit count for a node at 1
17/07/2021 19:44:36 -- INFO -- Using RAVE: False
17/07/2021 19:44:36 -- INFO -- -------------------Chemical configurations -------------------------
17/07/2021 19:44:36 -- INFO -- Using explicit hydrogens : True
17/07/2021 19:44:36 -- INFO -- Using detectable compounds as sink as running in biosensor mode.
17/07/2021 19:44:36 -- WARNING -- Removed compound from the detectable set to force enzymatic detection
17/07/2021 19:44:36 -- INFO -- Main layer was set to True. Sanitising state
17/07/2021 19:44:59 -- INFO -- Main layer was set to True. Sanitising state
17/07/2021 19:44:59 -- INFO -- Starting move obtention process with compound Urolithin_A ([H]Oc1c([H])c([H])c2c(oc(=O)c3c([H])c(O[H])c([H])c([H])c32)c1[H]) at 1626543899.5225408
17/07/2021 19:44:59 -- INFO -- 31 available rules
17/07/2021 19:45:00 -- INFO -- For compound Urolithin_A, matching moves are [RIUPLDUFZCXCHM-UHFFFAOYSA-N-rxnAdd44_r_1_cpd36012_2_6-0]
17/07/2021 19:45:00 -- INFO -- Calculated moves in 0.5783419609069824 for compound RIUPLDUFZCXCHM-UHFFFAOYSA-N - without caching
17/07/2021 19:45:00 -- INFO -- ---------------Beginning of search informations------------------ 
UCT policy is : Biochemical_UCT_1 
Rollout policy is : Rollout_policy_random_uniform_on_biochemical_multiplication_score 
Rewarding policy is : Penalty is -1 and full state reward is 2 
Maximum number of iterations 1000 
Tree search started running at 19h 45min 0s 
Your tree search is currently running ... 
 

17/07/2021 19:45:00 -- INFO -- Performing iteration 0 out of 1000
17/07/2021 19:45:00 -- INFO -- Adding a child with move RIUPLDUFZCXCHM-UHFFFAOYSA-N-rxnAdd44_r_1_cpd36012_2_6-0 to node 
Count: 0/ Score : 0/ Children: 0/ Terminal : False
|Urolithin_A|
17/07/2021 19:45:00 -- INFO -- Starting move obtention process with compound GPRLSGONYQIRFK-UHFFFAOYSA-N ([H+]) at 1626543900.196109
17/07/2021 19:45:00 -- INFO -- 0 available rules
17/07/2021 19:45:00 -- INFO -- For compound GPRLSGONYQIRFK-UHFFFAOYSA-N, matching moves are []
17/07/2021 19:45:00 -- INFO -- Calculated moves in 0.35921525955200195 for compound GPRLSGONYQIRFK-UHFFFAOYSA-N - without caching
17/07/2021 19:45:00 -- INFO -- Pathway is found at iteration 0
17/07/2021 19:45:00 -- INFO -- Udapted solved Node 	Move name: RIUPLDUFZCXCHM-UHFFFAOYSA-N-rxnAdd44_r_1_cpd36012_2_6-0/ Biological score : 4.02/ Chemical score: 1.0
	Count: 1/ Score : 0/ Children: 0/ Terminal : True
	|AFSDNFLWKVMVRB-UHFFFAOYSA-N- solved|GPRLSGONYQIRFK-UHFFFAOYSA-N| for the first time at iteration 0
17/07/2021 19:45:00 -- INFO -- Udapted solved Node Count: 1/ Score : 0/ Children: 1/ Terminal : False
|Urolithin_A| for the first time at iteration 0
17/07/2021 19:45:02 -- INFO -- Performing iteration 100 out of 1000
17/07/2021 19:45:04 -- INFO -- Performing iteration 200 out of 1000
17/07/2021 19:45:06 -- INFO -- Performing iteration 300 out of 1000
17/07/2021 19:45:07 -- INFO -- Performing iteration 400 out of 1000
17/07/2021 19:45:09 -- INFO -- Performing iteration 500 out of 1000
17/07/2021 19:45:11 -- INFO -- Performing iteration 600 out of 1000
17/07/2021 19:45:13 -- INFO -- Performing iteration 700 out of 1000
17/07/2021 19:45:14 -- INFO -- Performing iteration 800 out of 1000
17/07/2021 19:45:16 -- INFO -- Performing iteration 900 out of 1000
17/07/2021 19:45:18 -- INFO -- ---------------End of search informations------------------ 
Tree search finished running at 19h 45min 18s 
Your tree search took 1.8e+01s 
 
Time was spent in selection: 2.9e-02s, expansion: 4.5e-01s, rollout: 0.0e+00s, update: 4.4e-02s 
CONGRATULATIONS, THATS A WIN
17/07/2021 19:45:18 -- INFO -- At the end of this tree search, the cache contains 0
17/07/2021 19:45:18 -- WARNING -- RECAP TIME_EXECUTION=18.33
17/07/2021 19:45:18 -- WARNING -- RECAP STOP_REASON=iteration
17/07/2021 19:45:18 -- WARNING -- RECAP NUMBER_ITERATION=999
17/07/2021 19:45:18 -- INFO -- According to Wikipedia, choosing the pathway with the most visists 
 This could be replaced by the best score
17/07/2021 19:45:18 -- INFO -- Found 1 pathways for Urolithin_A
17/07/2021 19:45:18 -- INFO -- 1 pathways were found
17/07/2021 19:45:18 -- INFO -- At the end of this tree search, the cache contains 0
