17/07/2021 23:31:35 -- WARNING -- Setting the seed at 1234
17/07/2021 23:31:35 -- INFO -- Stating global parameters from configuration file
17/07/2021 23:31:35 -- INFO -- Using retrosynthesis: False - using biosensor True
17/07/2021 23:31:35 -- INFO -- Full search - no stopping at first result
17/07/2021 23:31:35 -- INFO -- Setting the DB from config file: Installed package: True. Using cache DB: False; Replacing results: False
17/07/2021 23:31:35 -- INFO -- Initialising an empty cache: {}; Using it: False
17/07/2021 23:31:35 -- INFO -- -------------------Scoring configurations -------------------------
17/07/2021 23:31:35 -- INFO -- Using biological cut off at 0.1
17/07/2021 23:31:35 -- INFO -- Using substrate only cut off at 0.6
17/07/2021 23:31:35 -- INFO -- Using chemical score cut off at 0.6
17/07/2021 23:31:35 -- INFO -- -------------------MCTS configurations -------------------------
17/07/2021 23:31:35 -- INFO -- Setting the minimal visit count for a node at 1
17/07/2021 23:31:35 -- INFO -- Using RAVE: False
17/07/2021 23:31:35 -- INFO -- -------------------Chemical configurations -------------------------
17/07/2021 23:31:35 -- INFO -- Using explicit hydrogens : True
17/07/2021 23:31:35 -- INFO -- Using detectable compounds as sink as running in biosensor mode.
17/07/2021 23:31:35 -- INFO -- Main layer was set to True. Sanitising state
17/07/2021 23:32:00 -- INFO -- Main layer was set to True. Sanitising state
17/07/2021 23:32:00 -- INFO -- Starting move obtention process with compound Salvianolic_acid_C ([H]OC(=O)C([H])(OC(=O)C([H])=C([H])c1c([H])c([H])c(O[H])c2oc(-c3c([H])c([H])c(O[H])c(O[H])c3[H])c([H])c12)C([H])([H])c1c([H])c([H])c(O[H])c(O[H])c1[H]) at 1626557520.8959756
17/07/2021 23:32:01 -- INFO -- 60 available rules
17/07/2021 23:32:02 -- INFO -- For compound Salvianolic_acid_C, matching moves are [GCJWPRRNLSHTRY-UHFFFAOYSA-N-rxnAdd168_cpd01273_6_6-0, GCJWPRRNLSHTRY-UHFFFAOYSA-N-MNXR121984_MNXM3355_6-0, GCJWPRRNLSHTRY-UHFFFAOYSA-N-MNXR121984_MNXM3355_6-1, GCJWPRRNLSHTRY-UHFFFAOYSA-N-MNXR121980_MNXM8142_8-0]
17/07/2021 23:32:02 -- INFO -- Calculated moves in 1.6124212741851807 for compound GCJWPRRNLSHTRY-UHFFFAOYSA-N - without caching
17/07/2021 23:32:02 -- INFO -- ---------------Beginning of search informations------------------ 
UCT policy is : Biochemical_UCT_1 
Rollout policy is : Rollout_policy_random_uniform_on_biochemical_multiplication_score 
Rewarding policy is : Penalty is -1 and full state reward is 2 
Maximum number of iterations 1000 
Tree search started running at 23h 32min 2s 
Your tree search is currently running ... 
 

17/07/2021 23:32:02 -- INFO -- Performing iteration 0 out of 1000
17/07/2021 23:32:02 -- INFO -- Adding a child with move GCJWPRRNLSHTRY-UHFFFAOYSA-N-rxnAdd168_cpd01273_6_6-0 to node 
Count: 0/ Score : 0/ Children: 0/ Terminal : False
|Salvianolic_acid_C|
17/07/2021 23:32:02 -- INFO -- Starting move obtention process with compound GPRLSGONYQIRFK-UHFFFAOYSA-N ([H+]) at 1626557522.596497
17/07/2021 23:32:02 -- INFO -- 0 available rules
17/07/2021 23:32:02 -- INFO -- For compound GPRLSGONYQIRFK-UHFFFAOYSA-N, matching moves are []
17/07/2021 23:32:02 -- INFO -- Calculated moves in 0.34060025215148926 for compound GPRLSGONYQIRFK-UHFFFAOYSA-N - without caching
17/07/2021 23:32:02 -- INFO -- Starting move obtention process with compound KSKIGSUQYGWNAK-UHFFFAOYSA-N ([H]OC(=O)C([H])=C([H])c1c([H])c([H])c(O[H])c2oc(-c3c([H])c([H])c(O[H])c(O[H])c3[H])c([H])c12) at 1626557522.9459867
17/07/2021 23:32:03 -- INFO -- 0 available rules
17/07/2021 23:32:03 -- INFO -- For compound KSKIGSUQYGWNAK-UHFFFAOYSA-N, matching moves are []
17/07/2021 23:32:03 -- INFO -- Calculated moves in 0.2935924530029297 for compound KSKIGSUQYGWNAK-UHFFFAOYSA-N - without caching
17/07/2021 23:32:03 -- INFO -- Adding a child with move GCJWPRRNLSHTRY-UHFFFAOYSA-N-MNXR121984_MNXM3355_6-0 to node 
Count: 1/ Score : -1.0/ Children: 1/ Terminal : False
|Salvianolic_acid_C|
17/07/2021 23:32:03 -- INFO -- Starting move obtention process with compound MYMOFIZGZYHOMD-UHFFFAOYSA-N (O=O) at 1626557523.3549197
17/07/2021 23:32:03 -- INFO -- 0 available rules
17/07/2021 23:32:03 -- INFO -- For compound MYMOFIZGZYHOMD-UHFFFAOYSA-N, matching moves are []
17/07/2021 23:32:03 -- INFO -- Calculated moves in 0.3466203212738037 for compound MYMOFIZGZYHOMD-UHFFFAOYSA-N - without caching
17/07/2021 23:32:03 -- INFO -- Starting move obtention process with compound ZHSFTYZBTUXVQF-UHFFFAOYSA-N ([H]OC(=O)C([H])(OC(=O)C([H])=C([H])c1c([H])c([H])c(O[H])c2oc(-c3c([H])c([H])c(O[H])c(O[H])c3[H])c([H])c12)C([H])([H])c1c([H])c([H])c(O[H])c([H])c1[H]) at 1626557523.7110772
17/07/2021 23:32:04 -- INFO -- 60 available rules
17/07/2021 23:32:05 -- INFO -- For compound ZHSFTYZBTUXVQF-UHFFFAOYSA-N, matching moves are [ZHSFTYZBTUXVQF-UHFFFAOYSA-N-rxnAdd168_cpd01273_6_6-0, ZHSFTYZBTUXVQF-UHFFFAOYSA-N-MNXR121984_MNXM10183_6-0, ZHSFTYZBTUXVQF-UHFFFAOYSA-N-MNXR121984_MNXM3355_6-0, ZHSFTYZBTUXVQF-UHFFFAOYSA-N-MNXR121980_MNXM8142_8-0]
17/07/2021 23:32:05 -- INFO -- Calculated moves in 1.6072282791137695 for compound ZHSFTYZBTUXVQF-UHFFFAOYSA-N - without caching
17/07/2021 23:32:05 -- INFO -- Adding a child with move GCJWPRRNLSHTRY-UHFFFAOYSA-N-MNXR121984_MNXM3355_6-1 to node 
Count: 2/ Score : -1.0/ Children: 2/ Terminal : False
|Salvianolic_acid_C|
17/07/2021 23:32:05 -- INFO -- Starting move obtention process with compound MYMOFIZGZYHOMD-UHFFFAOYSA-N (O=O) at 1626557525.4948173
17/07/2021 23:32:05 -- INFO -- 0 available rules
17/07/2021 23:32:05 -- INFO -- For compound MYMOFIZGZYHOMD-UHFFFAOYSA-N, matching moves are []
17/07/2021 23:32:05 -- INFO -- Calculated moves in 0.3040151596069336 for compound MYMOFIZGZYHOMD-UHFFFAOYSA-N - without caching
17/07/2021 23:32:05 -- INFO -- Starting move obtention process with compound QAKPZMLVNARWKT-UHFFFAOYSA-N ([H]OC(=O)C([H])(OC(=O)C([H])=C([H])c1c([H])c([H])c(O[H])c2oc(-c3c([H])c([H])c(O[H])c([H])c3[H])c([H])c12)C([H])([H])c1c([H])c([H])c(O[H])c(O[H])c1[H]) at 1626557525.8074203
17/07/2021 23:32:06 -- INFO -- 60 available rules
17/07/2021 23:32:07 -- INFO -- For compound QAKPZMLVNARWKT-UHFFFAOYSA-N, matching moves are [QAKPZMLVNARWKT-UHFFFAOYSA-N-rxnAdd168_cpd01273_6_6-0, QAKPZMLVNARWKT-UHFFFAOYSA-N-MNXR121984_MNXM10183_6-0, QAKPZMLVNARWKT-UHFFFAOYSA-N-MNXR121984_MNXM3355_6-0, QAKPZMLVNARWKT-UHFFFAOYSA-N-MNXR121980_MNXM8142_8-0]
17/07/2021 23:32:07 -- INFO -- Calculated moves in 1.5775203704833984 for compound QAKPZMLVNARWKT-UHFFFAOYSA-N - without caching
17/07/2021 23:32:07 -- INFO -- Pathway is found at iteration 2
17/07/2021 23:32:07 -- INFO -- Udapted solved Node 	Move name: GCJWPRRNLSHTRY-UHFFFAOYSA-N-MNXR121984_MNXM3355_6-0/ Biological score : 2.52/ Chemical score: 0.69
	Count: 1/ Score : 0/ Children: 0/ Terminal : True
	|ACFIXJIJDZMPPO-UHFFFAOYSA-N- solved|MYMOFIZGZYHOMD-UHFFFAOYSA-N|ZHSFTYZBTUXVQF-UHFFFAOYSA-N| for the first time at iteration 2
17/07/2021 23:32:07 -- INFO -- Udapted solved Node Count: 3/ Score : -1.0/ Children: 3/ Terminal : False
|Salvianolic_acid_C| for the first time at iteration 2
17/07/2021 23:32:07 -- INFO -- Adding a child with move GCJWPRRNLSHTRY-UHFFFAOYSA-N-MNXR121980_MNXM8142_8-0 to node 
Count: 3/ Score : 2.67/ Children: 3/ Terminal : False
|Salvianolic_acid_C|
17/07/2021 23:32:07 -- INFO -- Starting move obtention process with compound PAFLSMZLRSPALU-UHFFFAOYSA-N ([H]OC(=O)C([H])(O[H])C([H])([H])c1c([H])c([H])c(O[H])c(O[H])c1[H]) at 1626557527.6309857
17/07/2021 23:32:08 -- INFO -- 232 available rules
17/07/2021 23:32:10 -- INFO -- For compound PAFLSMZLRSPALU-UHFFFAOYSA-N, matching moves are [PAFLSMZLRSPALU-UHFFFAOYSA-N-MNXR121980_MNXM988_8-0, PAFLSMZLRSPALU-UHFFFAOYSA-N-MNXR104661_MNXM114141_6-0, PAFLSMZLRSPALU-UHFFFAOYSA-N-MNXR121984_MNXM3355_6-0, PAFLSMZLRSPALU-UHFFFAOYSA-N-MNXR108085_MNXM645_6-0, PAFLSMZLRSPALU-UHFFFAOYSA-N-MNXR106657_MNXM279_8-0, PAFLSMZLRSPALU-UHFFFAOYSA-N-MNXR109193_MNXM3473_6-0, PAFLSMZLRSPALU-UHFFFAOYSA-N-MNXR109193_MNXM3473_6-1, PAFLSMZLRSPALU-UHFFFAOYSA-N-MNXR108105_MNXM988_6-0, PAFLSMZLRSPALU-UHFFFAOYSA-N-MNXR108103_MNXM988_6-0]
17/07/2021 23:32:10 -- INFO -- Calculated moves in 2.3918306827545166 for compound PAFLSMZLRSPALU-UHFFFAOYSA-N - without caching
17/07/2021 23:32:10 -- INFO -- Starting move obtention process with compound PMZGELVMVSIFLR-UHFFFAOYSA-N ([H]OC(=NC([H])([H])C([H])([H])SC(=O)C([H])=C([H])c1c([H])c([H])c(O[H])c2oc(-c3c([H])c([H])c(O[H])c(O[H])c3[H])c([H])c12)C([H])([H])C([H])([H])N=C(O[H])C([H])(O[H])C(C([H])([H])[H])(C([H])([H])[H])C([H])([H])OP(=O)(O[H])OP(=O)(O[H])OC([H])([H])C1([H])OC([H])(n2c([H])nc3c(N([H])[H])nc([H])nc32)C([H])(O[H])C1([H])OP(=O)(O[H])O[H]) at 1626557530.043708
17/07/2021 23:32:10 -- INFO -- 2895 available rules
17/07/2021 23:32:12 -- INFO -- For compound PMZGELVMVSIFLR-UHFFFAOYSA-N, matching moves are [PMZGELVMVSIFLR-UHFFFAOYSA-N-MNXR120374_MNXM443_8-0, PMZGELVMVSIFLR-UHFFFAOYSA-N-MNXR121980_MNXM264_8-0, PMZGELVMVSIFLR-UHFFFAOYSA-N-MNXR118461_MNXM264_8-0, PMZGELVMVSIFLR-UHFFFAOYSA-N-MNXR118460_MNXM264_8-0, PMZGELVMVSIFLR-UHFFFAOYSA-N-MNXR118458_MNXM264_8-0, PMZGELVMVSIFLR-UHFFFAOYSA-N-MNXR118457_MNXM264_8-0, PMZGELVMVSIFLR-UHFFFAOYSA-N-MNXR118456_MNXM264_8-0, PMZGELVMVSIFLR-UHFFFAOYSA-N-MNXR118455_MNXM264_8-0, PMZGELVMVSIFLR-UHFFFAOYSA-N-MNXR118454_MNXM264_8-0, PMZGELVMVSIFLR-UHFFFAOYSA-N-MNXR118451_MNXM264_8-0]
17/07/2021 23:32:12 -- INFO -- Calculated moves in 2.8889153003692627 for compound PMZGELVMVSIFLR-UHFFFAOYSA-N - without caching
17/07/2021 23:32:13 -- INFO -- Pathway is found at iteration 4
17/07/2021 23:32:13 -- INFO -- Udapted solved Node 	Move name: GCJWPRRNLSHTRY-UHFFFAOYSA-N-MNXR121984_MNXM3355_6-1/ Biological score : 2.52/ Chemical score: 0.69
	Count: 1/ Score : 0/ Children: 0/ Terminal : True
	|ACFIXJIJDZMPPO-UHFFFAOYSA-N- solved|MYMOFIZGZYHOMD-UHFFFAOYSA-N|QAKPZMLVNARWKT-UHFFFAOYSA-N| for the first time at iteration 4
17/07/2021 23:32:13 -- INFO -- Adding a child with move PAFLSMZLRSPALU-UHFFFAOYSA-N-MNXR121984_MNXM3355_6-0 to node 
	Move name: GCJWPRRNLSHTRY-UHFFFAOYSA-N-MNXR121980_MNXM8142_8-0/ Biological score : 2.26/ Chemical score: 0.67
	Count: 0/ Score : 0/ Children: 0/ Terminal : False
	|PAFLSMZLRSPALU-UHFFFAOYSA-N|PMZGELVMVSIFLR-UHFFFAOYSA-N|
17/07/2021 23:32:13 -- INFO -- Starting move obtention process with compound MYMOFIZGZYHOMD-UHFFFAOYSA-N (O=O) at 1626557533.3288376
17/07/2021 23:32:13 -- INFO -- 0 available rules
17/07/2021 23:32:13 -- INFO -- For compound MYMOFIZGZYHOMD-UHFFFAOYSA-N, matching moves are []
17/07/2021 23:32:13 -- INFO -- Calculated moves in 0.32645273208618164 for compound MYMOFIZGZYHOMD-UHFFFAOYSA-N - without caching
17/07/2021 23:32:13 -- INFO -- Starting move obtention process with compound PMZGELVMVSIFLR-UHFFFAOYSA-N ([H]OC(=NC([H])([H])C([H])([H])SC(=O)C([H])=C([H])c1c([H])c([H])c(O[H])c2oc(-c3c([H])c([H])c(O[H])c(O[H])c3[H])c([H])c12)C([H])([H])C([H])([H])N=C(O[H])C([H])(O[H])C(C([H])([H])[H])(C([H])([H])[H])C([H])([H])OP(=O)(O[H])OP(=O)(O[H])OC([H])([H])C1([H])OC([H])(n2c([H])nc3c(N([H])[H])nc([H])nc32)C([H])(O[H])C1([H])OP(=O)(O[H])O[H]) at 1626557533.6655464
17/07/2021 23:32:13 -- INFO -- 2885 available rules
17/07/2021 23:32:16 -- INFO -- For compound PMZGELVMVSIFLR-UHFFFAOYSA-N, matching moves are [PMZGELVMVSIFLR-UHFFFAOYSA-N-MNXR120374_MNXM443_6-0, PMZGELVMVSIFLR-UHFFFAOYSA-N-MNXR118450_MNXM264_8-0, PMZGELVMVSIFLR-UHFFFAOYSA-N-MNXR118438_MNXM264_8-0, PMZGELVMVSIFLR-UHFFFAOYSA-N-MNXR118437_MNXM264_8-0, PMZGELVMVSIFLR-UHFFFAOYSA-N-MNXR118436_MNXM264_8-0, PMZGELVMVSIFLR-UHFFFAOYSA-N-MNXR118434_MNXM264_8-0, PMZGELVMVSIFLR-UHFFFAOYSA-N-MNXR118433_MNXM264_8-0, PMZGELVMVSIFLR-UHFFFAOYSA-N-MNXR118432_MNXM264_8-0, PMZGELVMVSIFLR-UHFFFAOYSA-N-MNXR121980_MNXM264_6-0, PMZGELVMVSIFLR-UHFFFAOYSA-N-MNXR118461_MNXM264_6-0]
17/07/2021 23:32:16 -- INFO -- Calculated moves in 2.6081690788269043 for compound PMZGELVMVSIFLR-UHFFFAOYSA-N - without caching
17/07/2021 23:32:16 -- INFO -- Pathway is found at iteration 6
17/07/2021 23:32:16 -- INFO -- Udapted solved Node 		Move name: PAFLSMZLRSPALU-UHFFFAOYSA-N-MNXR121984_MNXM3355_6-0/ Biological score : 2.52/ Chemical score: 0.64
		Count: 1/ Score : 0/ Children: 0/ Terminal : True
		|ACFIXJIJDZMPPO-UHFFFAOYSA-N- solved|JVGVDSSUAVXRDY-UHFFFAOYSA-N- solved|MYMOFIZGZYHOMD-UHFFFAOYSA-N|PMZGELVMVSIFLR-UHFFFAOYSA-N| for the first time at iteration 6
17/07/2021 23:32:16 -- INFO -- Udapted solved Node 	Move name: GCJWPRRNLSHTRY-UHFFFAOYSA-N-MNXR121980_MNXM8142_8-0/ Biological score : 2.26/ Chemical score: 0.67
	Count: 1/ Score : 0/ Children: 1/ Terminal : False
	|PAFLSMZLRSPALU-UHFFFAOYSA-N|PMZGELVMVSIFLR-UHFFFAOYSA-N| for the first time at iteration 6
17/07/2021 23:32:16 -- INFO -- Adding a child with move PAFLSMZLRSPALU-UHFFFAOYSA-N-MNXR121980_MNXM988_8-0 to node 
	Move name: GCJWPRRNLSHTRY-UHFFFAOYSA-N-MNXR121980_MNXM8142_8-0/ Biological score : 2.26/ Chemical score: 0.67
	Count: 1/ Score : 10.0/ Children: 1/ Terminal : False
	|PAFLSMZLRSPALU-UHFFFAOYSA-N|PMZGELVMVSIFLR-UHFFFAOYSA-N|
17/07/2021 23:32:16 -- INFO -- Starting move obtention process with compound KIMHJUCTTIEANQ-UHFFFAOYSA-N ([H]OC(=O)C([H])(OC(=O)C([H])=C([H])c1c([H])c([H])c(O[H])c([H])c1[H])C([H])([H])c1c([H])c([H])c(O[H])c(O[H])c1[H]) at 1626557536.546157
17/07/2021 23:32:16 -- INFO -- 115 available rules
17/07/2021 23:32:18 -- INFO -- For compound KIMHJUCTTIEANQ-UHFFFAOYSA-N, matching moves are [KIMHJUCTTIEANQ-UHFFFAOYSA-N-rxnAdd168_cpd01273_6_6-0, KIMHJUCTTIEANQ-UHFFFAOYSA-N-MNXR121984_MNXM10183_6-0, KIMHJUCTTIEANQ-UHFFFAOYSA-N-MNXR121984_MNXM3355_6-0, KIMHJUCTTIEANQ-UHFFFAOYSA-N-MNXR121980_MNXM8142_8-0]
17/07/2021 23:32:18 -- INFO -- Calculated moves in 1.9487683773040771 for compound KIMHJUCTTIEANQ-UHFFFAOYSA-N - without caching
17/07/2021 23:32:18 -- INFO -- Starting move obtention process with compound PMZGELVMVSIFLR-UHFFFAOYSA-N ([H]OC(=NC([H])([H])C([H])([H])SC(=O)C([H])=C([H])c1c([H])c([H])c(O[H])c2oc(-c3c([H])c([H])c(O[H])c(O[H])c3[H])c([H])c12)C([H])([H])C([H])([H])N=C(O[H])C([H])(O[H])C(C([H])([H])[H])(C([H])([H])[H])C([H])([H])OP(=O)(O[H])OP(=O)(O[H])OC([H])([H])C1([H])OC([H])(n2c([H])nc3c(N([H])[H])nc([H])nc32)C([H])(O[H])C1([H])OP(=O)(O[H])O[H]) at 1626557538.5078924
17/07/2021 23:32:18 -- INFO -- 2885 available rules
17/07/2021 23:32:20 -- INFO -- For compound PMZGELVMVSIFLR-UHFFFAOYSA-N, matching moves are [PMZGELVMVSIFLR-UHFFFAOYSA-N-MNXR120374_MNXM443_8-0, PMZGELVMVSIFLR-UHFFFAOYSA-N-MNXR121980_MNXM264_8-0, PMZGELVMVSIFLR-UHFFFAOYSA-N-MNXR118461_MNXM264_8-0, PMZGELVMVSIFLR-UHFFFAOYSA-N-MNXR118460_MNXM264_8-0, PMZGELVMVSIFLR-UHFFFAOYSA-N-MNXR118458_MNXM264_8-0, PMZGELVMVSIFLR-UHFFFAOYSA-N-MNXR118457_MNXM264_8-0, PMZGELVMVSIFLR-UHFFFAOYSA-N-MNXR118456_MNXM264_8-0, PMZGELVMVSIFLR-UHFFFAOYSA-N-MNXR118455_MNXM264_8-0, PMZGELVMVSIFLR-UHFFFAOYSA-N-MNXR118454_MNXM264_8-0, PMZGELVMVSIFLR-UHFFFAOYSA-N-MNXR118451_MNXM264_8-0]
17/07/2021 23:32:20 -- INFO -- Calculated moves in 2.460676908493042 for compound PMZGELVMVSIFLR-UHFFFAOYSA-N - without caching
17/07/2021 23:32:21 -- INFO -- Adding a child with move PMZGELVMVSIFLR-UHFFFAOYSA-N-MNXR120374_MNXM443_8-0 to node 
	Move name: GCJWPRRNLSHTRY-UHFFFAOYSA-N-MNXR121980_MNXM8142_8-0/ Biological score : 2.26/ Chemical score: 0.67
	Count: 2/ Score : 6.0/ Children: 2/ Terminal : False
	|PAFLSMZLRSPALU-UHFFFAOYSA-N|PMZGELVMVSIFLR-UHFFFAOYSA-N|
17/07/2021 23:32:21 -- INFO -- Starting move obtention process with compound APTIPJUVKCZGFW-UHFFFAOYSA-N ([H]Oc1c([H])c([H])c(-c2oc3c([H])c(O[H])c([H])c(=O)c-3c([H])c2OC2([H])OC([H])(C([H])([H])OC(=O)C([H])=C([H])c3c([H])c([H])c(O[H])c4oc(-c5c([H])c([H])c(O[H])c(O[H])c5[H])c([H])c34)C([H])(O[H])C([H])(O[H])C2([H])OC2([H])OC([H])([H])C([H])(O[H])C([H])(O[H])C2([H])O[H])c([H])c1[H]) at 1626557541.2999668
17/07/2021 23:32:21 -- INFO -- 130 available rules
17/07/2021 23:32:23 -- INFO -- For compound APTIPJUVKCZGFW-UHFFFAOYSA-N, matching moves are [APTIPJUVKCZGFW-UHFFFAOYSA-N-MNXR118460_MNXM114555_6-0, APTIPJUVKCZGFW-UHFFFAOYSA-N-MNXR118460_MNXM114555_6-1, APTIPJUVKCZGFW-UHFFFAOYSA-N-MNXR118460_MNXM114555_6-2, APTIPJUVKCZGFW-UHFFFAOYSA-N-MNXR118453_MNXM114519_8-0]
17/07/2021 23:32:23 -- INFO -- Calculated moves in 2.525580406188965 for compound APTIPJUVKCZGFW-UHFFFAOYSA-N - without caching
17/07/2021 23:32:23 -- INFO -- Starting move obtention process with compound PAFLSMZLRSPALU-UHFFFAOYSA-N ([H]OC(=O)C([H])(O[H])C([H])([H])c1c([H])c([H])c(O[H])c(O[H])c1[H]) at 1626557543.844912
17/07/2021 23:32:24 -- INFO -- 224 available rules
17/07/2021 23:32:25 -- INFO -- For compound PAFLSMZLRSPALU-UHFFFAOYSA-N, matching moves are [PAFLSMZLRSPALU-UHFFFAOYSA-N-MNXR121980_MNXM988_10-0, PAFLSMZLRSPALU-UHFFFAOYSA-N-MNXR121983_MNXM10183_6-0, PAFLSMZLRSPALU-UHFFFAOYSA-N-MNXR108085_MNXM645_8-0, PAFLSMZLRSPALU-UHFFFAOYSA-N-MNXR108084_MNXM645_6-0, PAFLSMZLRSPALU-UHFFFAOYSA-N-MNXR108084_MNXM645_6-1, PAFLSMZLRSPALU-UHFFFAOYSA-N-MNXR94842_MNXM114141_8-0, PAFLSMZLRSPALU-UHFFFAOYSA-N-MNXR108105_MNXM988_8-0]
17/07/2021 23:32:25 -- INFO -- Calculated moves in 1.8785316944122314 for compound PAFLSMZLRSPALU-UHFFFAOYSA-N - without caching
17/07/2021 23:32:25 -- INFO -- Pathway is found at iteration 16
17/07/2021 23:32:25 -- INFO -- Udapted solved Node 		Move name: PAFLSMZLRSPALU-UHFFFAOYSA-N-MNXR121980_MNXM988_8-0/ Biological score : 2.26/ Chemical score: 0.9
		Count: 1/ Score : 0/ Children: 0/ Terminal : True
		|KIMHJUCTTIEANQ-UHFFFAOYSA-N|PMZGELVMVSIFLR-UHFFFAOYSA-N|RGJOEKWQDUBAIZ-UHFFFAOYSA-N- solved| for the first time at iteration 16
17/07/2021 23:32:25 -- INFO -- Adding a child with move PMZGELVMVSIFLR-UHFFFAOYSA-N-MNXR121980_MNXM264_8-0 to node 
	Move name: GCJWPRRNLSHTRY-UHFFFAOYSA-N-MNXR121980_MNXM8142_8-0/ Biological score : 2.26/ Chemical score: 0.67
	Count: 3/ Score : 7.33/ Children: 3/ Terminal : False
	|PAFLSMZLRSPALU-UHFFFAOYSA-N|PMZGELVMVSIFLR-UHFFFAOYSA-N|
17/07/2021 23:32:25 -- INFO -- Starting move obtention process with compound PAFLSMZLRSPALU-UHFFFAOYSA-N ([H]OC(=O)C([H])(O[H])C([H])([H])c1c([H])c([H])c(O[H])c(O[H])c1[H]) at 1626557545.996372
17/07/2021 23:32:26 -- INFO -- 226 available rules
17/07/2021 23:32:27 -- INFO -- For compound PAFLSMZLRSPALU-UHFFFAOYSA-N, matching moves are [PAFLSMZLRSPALU-UHFFFAOYSA-N-MNXR121980_MNXM988_8-0, PAFLSMZLRSPALU-UHFFFAOYSA-N-MNXR104661_MNXM114141_6-0, PAFLSMZLRSPALU-UHFFFAOYSA-N-MNXR121984_MNXM3355_6-0, PAFLSMZLRSPALU-UHFFFAOYSA-N-MNXR108085_MNXM645_6-0, PAFLSMZLRSPALU-UHFFFAOYSA-N-MNXR106657_MNXM279_8-0, PAFLSMZLRSPALU-UHFFFAOYSA-N-MNXR109193_MNXM3473_6-0, PAFLSMZLRSPALU-UHFFFAOYSA-N-MNXR109193_MNXM3473_6-1, PAFLSMZLRSPALU-UHFFFAOYSA-N-MNXR108105_MNXM988_6-0, PAFLSMZLRSPALU-UHFFFAOYSA-N-MNXR108103_MNXM988_6-0]
17/07/2021 23:32:27 -- INFO -- Calculated moves in 1.8708364963531494 for compound PAFLSMZLRSPALU-UHFFFAOYSA-N - without caching
17/07/2021 23:32:27 -- INFO -- Starting move obtention process with compound ZHSFTYZBTUXVQF-UHFFFAOYSA-N ([H]OC(=O)C([H])(OC(=O)C([H])=C([H])c1c([H])c([H])c(O[H])c2oc(-c3c([H])c([H])c(O[H])c(O[H])c3[H])c([H])c12)C([H])([H])c1c([H])c([H])c(O[H])c([H])c1[H]) at 1626557547.8963478
17/07/2021 23:32:28 -- INFO -- 60 available rules
17/07/2021 23:32:29 -- INFO -- For compound ZHSFTYZBTUXVQF-UHFFFAOYSA-N, matching moves are [ZHSFTYZBTUXVQF-UHFFFAOYSA-N-rxnAdd168_cpd01273_6_6-0, ZHSFTYZBTUXVQF-UHFFFAOYSA-N-MNXR121984_MNXM10183_6-0, ZHSFTYZBTUXVQF-UHFFFAOYSA-N-MNXR121984_MNXM3355_6-0, ZHSFTYZBTUXVQF-UHFFFAOYSA-N-MNXR121980_MNXM8142_8-0]
17/07/2021 23:32:29 -- INFO -- Calculated moves in 1.4828145503997803 for compound ZHSFTYZBTUXVQF-UHFFFAOYSA-N - without caching
17/07/2021 23:32:29 -- INFO -- Adding a child with move PMZGELVMVSIFLR-UHFFFAOYSA-N-MNXR118461_MNXM264_8-0 to node 
	Move name: GCJWPRRNLSHTRY-UHFFFAOYSA-N-MNXR121980_MNXM8142_8-0/ Biological score : 2.26/ Chemical score: 0.67
	Count: 4/ Score : 6.0/ Children: 4/ Terminal : False
	|PAFLSMZLRSPALU-UHFFFAOYSA-N|PMZGELVMVSIFLR-UHFFFAOYSA-N|
17/07/2021 23:32:29 -- INFO -- Starting move obtention process with compound KSVRGMWEHBGHLM-UHFFFAOYSA-N ([H]Oc1c([H])c([H])c(C([H])=C([H])C(=O)OC([H])([H])C2([H])OC([H])(Oc3c(-c4c([H])c([H])c(O[H])c(O[H])c4[H])oc4c([H])c(=O)c([H])c(O[H])c-4c3O[H])C([H])(O[H])C([H])(OC(=O)C([H])=C([H])c3c([H])c([H])c(O[H])c4oc(-c5c([H])c([H])c(O[H])c(O[H])c5[H])c([H])c34)C2([H])O[H])c([H])c1OC([H])([H])[H]) at 1626557549.5432758
17/07/2021 23:32:29 -- INFO -- 142 available rules
17/07/2021 23:32:33 -- INFO -- For compound KSVRGMWEHBGHLM-UHFFFAOYSA-N, matching moves are [KSVRGMWEHBGHLM-UHFFFAOYSA-N-MNXR118461_MNXM114720_8-0, KSVRGMWEHBGHLM-UHFFFAOYSA-N-MNXR118459_MNXM80233_8-0, KSVRGMWEHBGHLM-UHFFFAOYSA-N-MNXR118453_MNXM114519_8-0, KSVRGMWEHBGHLM-UHFFFAOYSA-N-MNXR118461_MNXM80233_6-0, KSVRGMWEHBGHLM-UHFFFAOYSA-N-MNXR118457_MNXM114722_8-0]
17/07/2021 23:32:33 -- INFO -- Calculated moves in 4.305018424987793 for compound KSVRGMWEHBGHLM-UHFFFAOYSA-N - without caching
17/07/2021 23:32:33 -- INFO -- Starting move obtention process with compound PAFLSMZLRSPALU-UHFFFAOYSA-N ([H]OC(=O)C([H])(O[H])C([H])([H])c1c([H])c([H])c(O[H])c(O[H])c1[H]) at 1626557553.864957
17/07/2021 23:32:34 -- INFO -- 224 available rules
17/07/2021 23:32:35 -- INFO -- For compound PAFLSMZLRSPALU-UHFFFAOYSA-N, matching moves are [PAFLSMZLRSPALU-UHFFFAOYSA-N-MNXR121980_MNXM988_10-0, PAFLSMZLRSPALU-UHFFFAOYSA-N-MNXR121983_MNXM10183_6-0, PAFLSMZLRSPALU-UHFFFAOYSA-N-MNXR108085_MNXM645_8-0, PAFLSMZLRSPALU-UHFFFAOYSA-N-MNXR108084_MNXM645_6-0, PAFLSMZLRSPALU-UHFFFAOYSA-N-MNXR108084_MNXM645_6-1, PAFLSMZLRSPALU-UHFFFAOYSA-N-MNXR94842_MNXM114141_8-0, PAFLSMZLRSPALU-UHFFFAOYSA-N-MNXR108105_MNXM988_8-0]
17/07/2021 23:32:35 -- INFO -- Calculated moves in 1.8382782936096191 for compound PAFLSMZLRSPALU-UHFFFAOYSA-N - without caching
17/07/2021 23:32:35 -- INFO -- Pathway is found at iteration 29
17/07/2021 23:32:35 -- INFO -- Udapted solved Node 		Move name: PMZGELVMVSIFLR-UHFFFAOYSA-N-MNXR120374_MNXM443_8-0/ Biological score : 2.26/ Chemical score: 0.87
		Count: 1/ Score : 0/ Children: 0/ Terminal : True
		|APTIPJUVKCZGFW-UHFFFAOYSA-N|PAFLSMZLRSPALU-UHFFFAOYSA-N|RGJOEKWQDUBAIZ-UHFFFAOYSA-N- solved| for the first time at iteration 29
17/07/2021 23:32:35 -- INFO -- Adding a child with move PMZGELVMVSIFLR-UHFFFAOYSA-N-MNXR118460_MNXM264_8-0 to node 
	Move name: GCJWPRRNLSHTRY-UHFFFAOYSA-N-MNXR121980_MNXM8142_8-0/ Biological score : 2.26/ Chemical score: 0.67
	Count: 5/ Score : 6.8/ Children: 5/ Terminal : False
	|PAFLSMZLRSPALU-UHFFFAOYSA-N|PMZGELVMVSIFLR-UHFFFAOYSA-N|
17/07/2021 23:32:35 -- INFO -- Starting move obtention process with compound PAFLSMZLRSPALU-UHFFFAOYSA-N ([H]OC(=O)C([H])(O[H])C([H])([H])c1c([H])c([H])c(O[H])c(O[H])c1[H]) at 1626557555.9770854
17/07/2021 23:32:36 -- INFO -- 226 available rules
17/07/2021 23:32:37 -- INFO -- For compound PAFLSMZLRSPALU-UHFFFAOYSA-N, matching moves are [PAFLSMZLRSPALU-UHFFFAOYSA-N-MNXR121980_MNXM988_8-0, PAFLSMZLRSPALU-UHFFFAOYSA-N-MNXR104661_MNXM114141_6-0, PAFLSMZLRSPALU-UHFFFAOYSA-N-MNXR121984_MNXM3355_6-0, PAFLSMZLRSPALU-UHFFFAOYSA-N-MNXR108085_MNXM645_6-0, PAFLSMZLRSPALU-UHFFFAOYSA-N-MNXR106657_MNXM279_8-0, PAFLSMZLRSPALU-UHFFFAOYSA-N-MNXR109193_MNXM3473_6-0, PAFLSMZLRSPALU-UHFFFAOYSA-N-MNXR109193_MNXM3473_6-1, PAFLSMZLRSPALU-UHFFFAOYSA-N-MNXR108105_MNXM988_6-0, PAFLSMZLRSPALU-UHFFFAOYSA-N-MNXR108103_MNXM988_6-0]
17/07/2021 23:32:37 -- INFO -- Calculated moves in 1.879493236541748 for compound PAFLSMZLRSPALU-UHFFFAOYSA-N - without caching
17/07/2021 23:32:37 -- INFO -- Starting move obtention process with compound YSVDZSSAPOTWON-UHFFFAOYSA-N ([H]Oc1c([H])c([H])c(C([H])=C([H])C(=O)OC([H])([H])C2([H])OC([H])(Oc3c(-c4c([H])c([H])c(O[H])c(O[H])c4[H])oc4c([H])c(=O)c([H])c(O[H])c-4c3O[H])C([H])(O[H])C([H])(OC(=O)C([H])=C([H])c3c([H])c([H])c(O[H])c4oc(-c5c([H])c([H])c(O[H])c(O[H])c5[H])c([H])c34)C2([H])O[H])c([H])c1[H]) at 1626557557.8851383
17/07/2021 23:32:38 -- INFO -- 154 available rules
17/07/2021 23:32:42 -- INFO -- For compound YSVDZSSAPOTWON-UHFFFAOYSA-N, matching moves are [YSVDZSSAPOTWON-UHFFFAOYSA-N-MNXR118460_MNXM114721_8-0, YSVDZSSAPOTWON-UHFFFAOYSA-N-MNXR118458_MNXM114555_8-0, YSVDZSSAPOTWON-UHFFFAOYSA-N-MNXR118460_MNXM114555_6-0, YSVDZSSAPOTWON-UHFFFAOYSA-N-MNXR118457_MNXM114722_8-0, YSVDZSSAPOTWON-UHFFFAOYSA-N-MNXR118452_MNXM114520_10-0]
17/07/2021 23:32:42 -- INFO -- Calculated moves in 4.428715944290161 for compound YSVDZSSAPOTWON-UHFFFAOYSA-N - without caching
17/07/2021 23:32:42 -- INFO -- Adding a child with move PMZGELVMVSIFLR-UHFFFAOYSA-N-MNXR118458_MNXM264_8-0 to node 
	Move name: GCJWPRRNLSHTRY-UHFFFAOYSA-N-MNXR121980_MNXM8142_8-0/ Biological score : 2.26/ Chemical score: 0.67
	Count: 6/ Score : 6.0/ Children: 6/ Terminal : False
	|PAFLSMZLRSPALU-UHFFFAOYSA-N|PMZGELVMVSIFLR-UHFFFAOYSA-N|
17/07/2021 23:32:42 -- INFO -- Starting move obtention process with compound GSYNOJYFEIFKFM-UHFFFAOYSA-N ([H]Oc1c([H])c([H])c(-c2oc3c([H])c(=O)c([H])c(O[H])c-3c(O[H])c2OC2([H])OC([H])(C([H])([H])OC(=O)C([H])=C([H])c3c([H])c([H])c(O[H])c4oc(-c5c([H])c([H])c(O[H])c(O[H])c5[H])c([H])c34)C([H])(O[H])C([H])(O[H])C2([H])O[H])c([H])c1O[H]) at 1626557562.4856153
17/07/2021 23:32:42 -- INFO -- 142 available rules
17/07/2021 23:32:47 -- INFO -- For compound GSYNOJYFEIFKFM-UHFFFAOYSA-N, matching moves are [GSYNOJYFEIFKFM-UHFFFAOYSA-N-MNXR118460_MNXM114555_8-0, GSYNOJYFEIFKFM-UHFFFAOYSA-N-MNXR118458_MNXM114555_8-0, GSYNOJYFEIFKFM-UHFFFAOYSA-N-MNXR118460_MNXM114555_6-0, GSYNOJYFEIFKFM-UHFFFAOYSA-N-MNXR118453_MNXM114519_8-0]
17/07/2021 23:32:47 -- INFO -- Calculated moves in 4.749808311462402 for compound GSYNOJYFEIFKFM-UHFFFAOYSA-N - without caching
17/07/2021 23:32:47 -- INFO -- Starting move obtention process with compound PAFLSMZLRSPALU-UHFFFAOYSA-N ([H]OC(=O)C([H])(O[H])C([H])([H])c1c([H])c([H])c(O[H])c(O[H])c1[H]) at 1626557567.2662756
17/07/2021 23:32:47 -- INFO -- 224 available rules
17/07/2021 23:32:49 -- INFO -- For compound PAFLSMZLRSPALU-UHFFFAOYSA-N, matching moves are [PAFLSMZLRSPALU-UHFFFAOYSA-N-MNXR121980_MNXM988_10-0, PAFLSMZLRSPALU-UHFFFAOYSA-N-MNXR121983_MNXM10183_6-0, PAFLSMZLRSPALU-UHFFFAOYSA-N-MNXR108085_MNXM645_8-0, PAFLSMZLRSPALU-UHFFFAOYSA-N-MNXR108084_MNXM645_6-0, PAFLSMZLRSPALU-UHFFFAOYSA-N-MNXR108084_MNXM645_6-1, PAFLSMZLRSPALU-UHFFFAOYSA-N-MNXR94842_MNXM114141_8-0, PAFLSMZLRSPALU-UHFFFAOYSA-N-MNXR108105_MNXM988_8-0]
17/07/2021 23:32:49 -- INFO -- Calculated moves in 1.987335205078125 for compound PAFLSMZLRSPALU-UHFFFAOYSA-N - without caching
17/07/2021 23:32:49 -- INFO -- Pathway is found at iteration 41
17/07/2021 23:32:49 -- INFO -- Udapted solved Node 		Move name: PMZGELVMVSIFLR-UHFFFAOYSA-N-MNXR121980_MNXM264_8-0/ Biological score : 2.26/ Chemical score: 0.86
		Count: 1/ Score : 0/ Children: 0/ Terminal : True
		|PAFLSMZLRSPALU-UHFFFAOYSA-N|RGJOEKWQDUBAIZ-UHFFFAOYSA-N- solved|ZHSFTYZBTUXVQF-UHFFFAOYSA-N| for the first time at iteration 41
17/07/2021 23:32:49 -- INFO -- Adding a child with move PMZGELVMVSIFLR-UHFFFAOYSA-N-MNXR118457_MNXM264_8-0 to node 
	Move name: GCJWPRRNLSHTRY-UHFFFAOYSA-N-MNXR121980_MNXM8142_8-0/ Biological score : 2.26/ Chemical score: 0.67
	Count: 7/ Score : 6.57/ Children: 7/ Terminal : False
	|PAFLSMZLRSPALU-UHFFFAOYSA-N|PMZGELVMVSIFLR-UHFFFAOYSA-N|
17/07/2021 23:32:49 -- INFO -- Starting move obtention process with compound KDDVWZKCBNIABM-UHFFFAOYSA-N ([H]Oc1c([H])c([H])c(-c2oc3c([H])c(=O)c([H])c(O[H])c-3c(O[H])c2OC2([H])OC([H])(C([H])([H])O[H])C([H])(O[H])C([H])(OC(=O)C([H])=C([H])c3c([H])c([H])c(O[H])c4oc(-c5c([H])c([H])c(O[H])c(O[H])c5[H])c([H])c34)C2([H])O[H])c([H])c1O[H]) at 1626557569.5369852
17/07/2021 23:32:49 -- INFO -- 108 available rules
17/07/2021 23:32:51 -- INFO -- For compound KDDVWZKCBNIABM-UHFFFAOYSA-N, matching moves are [KDDVWZKCBNIABM-UHFFFAOYSA-N-MNXR118457_MNXM114722_8-0, KDDVWZKCBNIABM-UHFFFAOYSA-N-MNXR118451_MNXM114685_8-0, KDDVWZKCBNIABM-UHFFFAOYSA-N-MNXR118460_MNXM114555_6-0]
17/07/2021 23:32:51 -- INFO -- Calculated moves in 2.199145793914795 for compound KDDVWZKCBNIABM-UHFFFAOYSA-N - without caching
17/07/2021 23:32:51 -- INFO -- Starting move obtention process with compound PAFLSMZLRSPALU-UHFFFAOYSA-N ([H]OC(=O)C([H])(O[H])C([H])([H])c1c([H])c([H])c(O[H])c(O[H])c1[H]) at 1626557571.7541478
17/07/2021 23:32:52 -- INFO -- 226 available rules
17/07/2021 23:32:53 -- INFO -- For compound PAFLSMZLRSPALU-UHFFFAOYSA-N, matching moves are [PAFLSMZLRSPALU-UHFFFAOYSA-N-MNXR121980_MNXM988_8-0, PAFLSMZLRSPALU-UHFFFAOYSA-N-MNXR104661_MNXM114141_6-0, PAFLSMZLRSPALU-UHFFFAOYSA-N-MNXR121984_MNXM3355_6-0, PAFLSMZLRSPALU-UHFFFAOYSA-N-MNXR108085_MNXM645_6-0, PAFLSMZLRSPALU-UHFFFAOYSA-N-MNXR106657_MNXM279_8-0, PAFLSMZLRSPALU-UHFFFAOYSA-N-MNXR109193_MNXM3473_6-0, PAFLSMZLRSPALU-UHFFFAOYSA-N-MNXR109193_MNXM3473_6-1, PAFLSMZLRSPALU-UHFFFAOYSA-N-MNXR108105_MNXM988_6-0, PAFLSMZLRSPALU-UHFFFAOYSA-N-MNXR108103_MNXM988_6-0]
17/07/2021 23:32:53 -- INFO -- Calculated moves in 1.8809754848480225 for compound PAFLSMZLRSPALU-UHFFFAOYSA-N - without caching
17/07/2021 23:32:53 -- INFO -- Adding a child with move PMZGELVMVSIFLR-UHFFFAOYSA-N-MNXR118456_MNXM264_8-0 to node 
	Move name: GCJWPRRNLSHTRY-UHFFFAOYSA-N-MNXR121980_MNXM8142_8-0/ Biological score : 2.26/ Chemical score: 0.67
	Count: 8/ Score : 6.0/ Children: 8/ Terminal : False
	|PAFLSMZLRSPALU-UHFFFAOYSA-N|PMZGELVMVSIFLR-UHFFFAOYSA-N|
17/07/2021 23:32:53 -- INFO -- Starting move obtention process with compound LIYZGHJNUHIHMJ-UHFFFAOYSA-N ([H]Oc1c([H])c([H])c(-c2oc3c([H])c(=O)c([H])c(O[H])c-3c(O[H])c2OC2([H])OC([H])(C([H])([H])O[H])C([H])(OC(=O)C([H])=C([H])c3c([H])c([H])c(O[H])c4oc(-c5c([H])c([H])c(O[H])c(O[H])c5[H])c([H])c34)C([H])(O[H])C2([H])O[H])c([H])c1O[H]) at 1626557573.8862076
17/07/2021 23:32:54 -- INFO -- 84 available rules
17/07/2021 23:32:55 -- INFO -- For compound LIYZGHJNUHIHMJ-UHFFFAOYSA-N, matching moves are [LIYZGHJNUHIHMJ-UHFFFAOYSA-N-MNXR118456_MNXM114723_8-0, LIYZGHJNUHIHMJ-UHFFFAOYSA-N-MNXR118450_MNXM114687_8-0, LIYZGHJNUHIHMJ-UHFFFAOYSA-N-MNXR118460_MNXM114555_6-0]
17/07/2021 23:32:55 -- INFO -- Calculated moves in 1.9156713485717773 for compound LIYZGHJNUHIHMJ-UHFFFAOYSA-N - without caching
17/07/2021 23:32:55 -- INFO -- Starting move obtention process with compound PAFLSMZLRSPALU-UHFFFAOYSA-N ([H]OC(=O)C([H])(O[H])C([H])([H])c1c([H])c([H])c(O[H])c(O[H])c1[H]) at 1626557575.8193507
17/07/2021 23:32:56 -- INFO -- 224 available rules
17/07/2021 23:32:57 -- INFO -- For compound PAFLSMZLRSPALU-UHFFFAOYSA-N, matching moves are [PAFLSMZLRSPALU-UHFFFAOYSA-N-MNXR121980_MNXM988_10-0, PAFLSMZLRSPALU-UHFFFAOYSA-N-MNXR121983_MNXM10183_6-0, PAFLSMZLRSPALU-UHFFFAOYSA-N-MNXR108085_MNXM645_8-0, PAFLSMZLRSPALU-UHFFFAOYSA-N-MNXR108084_MNXM645_6-0, PAFLSMZLRSPALU-UHFFFAOYSA-N-MNXR108084_MNXM645_6-1, PAFLSMZLRSPALU-UHFFFAOYSA-N-MNXR94842_MNXM114141_8-0, PAFLSMZLRSPALU-UHFFFAOYSA-N-MNXR108105_MNXM988_8-0]
17/07/2021 23:32:57 -- INFO -- Calculated moves in 1.922928810119629 for compound PAFLSMZLRSPALU-UHFFFAOYSA-N - without caching
17/07/2021 23:32:57 -- INFO -- Pathway is found at iteration 53
17/07/2021 23:32:57 -- INFO -- Udapted solved Node 		Move name: PMZGELVMVSIFLR-UHFFFAOYSA-N-MNXR118461_MNXM264_8-0/ Biological score : 2.26/ Chemical score: 0.86
		Count: 1/ Score : 0/ Children: 0/ Terminal : True
		|KSVRGMWEHBGHLM-UHFFFAOYSA-N|PAFLSMZLRSPALU-UHFFFAOYSA-N|RGJOEKWQDUBAIZ-UHFFFAOYSA-N- solved| for the first time at iteration 53
17/07/2021 23:32:57 -- INFO -- Adding a child with move PMZGELVMVSIFLR-UHFFFAOYSA-N-MNXR118455_MNXM264_8-0 to node 
	Move name: GCJWPRRNLSHTRY-UHFFFAOYSA-N-MNXR121980_MNXM8142_8-0/ Biological score : 2.26/ Chemical score: 0.67
	Count: 9/ Score : 6.44/ Children: 9/ Terminal : False
	|PAFLSMZLRSPALU-UHFFFAOYSA-N|PMZGELVMVSIFLR-UHFFFAOYSA-N|
17/07/2021 23:32:57 -- INFO -- Starting move obtention process with compound AAVCMINDNRMLSM-UHFFFAOYSA-N ([H]Oc1c([H])c([H])c(C([H])=C([H])C(=O)OC([H])([H])C2([H])OC([H])(Oc3c(-c4c([H])c([H])c(O[H])c(OC([H])([H])[H])c4[H])oc4c([H])c(=O)c([H])c(O[H])c-4c3O[H])C([H])(O[H])C([H])(OC(=O)C([H])=C([H])c3c([H])c([H])c(O[H])c4oc(-c5c([H])c([H])c(O[H])c(O[H])c5[H])c([H])c34)C2([H])O[H])c([H])c1OC([H])([H])[H]) at 1626557577.9872863
17/07/2021 23:32:58 -- INFO -- 142 available rules
17/07/2021 23:33:02 -- INFO -- For compound AAVCMINDNRMLSM-UHFFFAOYSA-N, matching moves are [AAVCMINDNRMLSM-UHFFFAOYSA-N-MNXR118461_MNXM114720_8-0, AAVCMINDNRMLSM-UHFFFAOYSA-N-MNXR118459_MNXM80233_8-0, AAVCMINDNRMLSM-UHFFFAOYSA-N-MNXR118453_MNXM114519_8-0, AAVCMINDNRMLSM-UHFFFAOYSA-N-MNXR118461_MNXM80233_6-0, AAVCMINDNRMLSM-UHFFFAOYSA-N-MNXR118457_MNXM114722_8-0]
17/07/2021 23:33:02 -- INFO -- Calculated moves in 4.241767644882202 for compound AAVCMINDNRMLSM-UHFFFAOYSA-N - without caching
17/07/2021 23:33:02 -- INFO -- Starting move obtention process with compound PAFLSMZLRSPALU-UHFFFAOYSA-N ([H]OC(=O)C([H])(O[H])C([H])([H])c1c([H])c([H])c(O[H])c(O[H])c1[H]) at 1626557582.2501786
17/07/2021 23:33:02 -- INFO -- 226 available rules
17/07/2021 23:33:04 -- INFO -- For compound PAFLSMZLRSPALU-UHFFFAOYSA-N, matching moves are [PAFLSMZLRSPALU-UHFFFAOYSA-N-MNXR121980_MNXM988_8-0, PAFLSMZLRSPALU-UHFFFAOYSA-N-MNXR104661_MNXM114141_6-0, PAFLSMZLRSPALU-UHFFFAOYSA-N-MNXR121984_MNXM3355_6-0, PAFLSMZLRSPALU-UHFFFAOYSA-N-MNXR108085_MNXM645_6-0, PAFLSMZLRSPALU-UHFFFAOYSA-N-MNXR106657_MNXM279_8-0, PAFLSMZLRSPALU-UHFFFAOYSA-N-MNXR109193_MNXM3473_6-0, PAFLSMZLRSPALU-UHFFFAOYSA-N-MNXR109193_MNXM3473_6-1, PAFLSMZLRSPALU-UHFFFAOYSA-N-MNXR108105_MNXM988_6-0, PAFLSMZLRSPALU-UHFFFAOYSA-N-MNXR108103_MNXM988_6-0]
17/07/2021 23:33:04 -- INFO -- Calculated moves in 1.8526184558868408 for compound PAFLSMZLRSPALU-UHFFFAOYSA-N - without caching
17/07/2021 23:33:04 -- INFO -- Pathway is found at iteration 66
17/07/2021 23:33:04 -- INFO -- Udapted solved Node 		Move name: PMZGELVMVSIFLR-UHFFFAOYSA-N-MNXR118460_MNXM264_8-0/ Biological score : 2.26/ Chemical score: 0.86
		Count: 1/ Score : 0/ Children: 0/ Terminal : True
		|PAFLSMZLRSPALU-UHFFFAOYSA-N|RGJOEKWQDUBAIZ-UHFFFAOYSA-N- solved|YSVDZSSAPOTWON-UHFFFAOYSA-N| for the first time at iteration 66
17/07/2021 23:33:04 -- INFO -- Pathway is found at iteration 78
17/07/2021 23:33:04 -- INFO -- Udapted solved Node 		Move name: PMZGELVMVSIFLR-UHFFFAOYSA-N-MNXR118458_MNXM264_8-0/ Biological score : 2.26/ Chemical score: 0.86
		Count: 1/ Score : 0/ Children: 0/ Terminal : True
		|GSYNOJYFEIFKFM-UHFFFAOYSA-N|PAFLSMZLRSPALU-UHFFFAOYSA-N|RGJOEKWQDUBAIZ-UHFFFAOYSA-N- solved| for the first time at iteration 78
17/07/2021 23:33:04 -- INFO -- Pathway is found at iteration 89
17/07/2021 23:33:04 -- INFO -- Udapted solved Node 		Move name: PMZGELVMVSIFLR-UHFFFAOYSA-N-MNXR118457_MNXM264_8-0/ Biological score : 2.26/ Chemical score: 0.86
		Count: 1/ Score : 0/ Children: 0/ Terminal : True
		|KDDVWZKCBNIABM-UHFFFAOYSA-N|PAFLSMZLRSPALU-UHFFFAOYSA-N|RGJOEKWQDUBAIZ-UHFFFAOYSA-N- solved| for the first time at iteration 89
17/07/2021 23:33:04 -- INFO -- Performing iteration 100 out of 1000
17/07/2021 23:33:04 -- INFO -- Pathway is found at iteration 103
17/07/2021 23:33:04 -- INFO -- Udapted solved Node 		Move name: PMZGELVMVSIFLR-UHFFFAOYSA-N-MNXR118456_MNXM264_8-0/ Biological score : 2.26/ Chemical score: 0.86
		Count: 1/ Score : 0/ Children: 0/ Terminal : True
		|LIYZGHJNUHIHMJ-UHFFFAOYSA-N|PAFLSMZLRSPALU-UHFFFAOYSA-N|RGJOEKWQDUBAIZ-UHFFFAOYSA-N- solved| for the first time at iteration 103
17/07/2021 23:33:04 -- INFO -- Pathway is found at iteration 115
17/07/2021 23:33:04 -- INFO -- Udapted solved Node 		Move name: PMZGELVMVSIFLR-UHFFFAOYSA-N-MNXR118455_MNXM264_8-0/ Biological score : 2.26/ Chemical score: 0.86
		Count: 1/ Score : 0/ Children: 0/ Terminal : True
		|AAVCMINDNRMLSM-UHFFFAOYSA-N|PAFLSMZLRSPALU-UHFFFAOYSA-N|RGJOEKWQDUBAIZ-UHFFFAOYSA-N- solved| for the first time at iteration 115
17/07/2021 23:33:05 -- INFO -- Performing iteration 200 out of 1000
17/07/2021 23:33:06 -- INFO -- Performing iteration 300 out of 1000
17/07/2021 23:33:07 -- INFO -- Performing iteration 400 out of 1000
17/07/2021 23:33:07 -- INFO -- Performing iteration 500 out of 1000
17/07/2021 23:33:08 -- INFO -- Performing iteration 600 out of 1000
17/07/2021 23:33:09 -- INFO -- Performing iteration 700 out of 1000
17/07/2021 23:33:10 -- INFO -- Performing iteration 800 out of 1000
17/07/2021 23:33:11 -- INFO -- Performing iteration 900 out of 1000
17/07/2021 23:33:11 -- INFO -- ---------------End of search informations------------------ 
Tree search finished running at 23h 33min 11s 
Your tree search took 6.9e+01s 
 
Time was spent in selection: 2.7e-02s, expansion: 6.0e+01s, rollout: 0.0e+00s, update: 4.5e-01s 
CONGRATULATIONS, THATS A WIN
17/07/2021 23:33:11 -- INFO -- At the end of this tree search, the cache contains 0
17/07/2021 23:33:11 -- WARNING -- RECAP TIME_EXECUTION=69.4
17/07/2021 23:33:11 -- WARNING -- RECAP STOP_REASON=iteration
17/07/2021 23:33:11 -- WARNING -- RECAP NUMBER_ITERATION=999
17/07/2021 23:33:12 -- INFO -- According to Wikipedia, choosing the pathway with the most visists 
 This could be replaced by the best score
17/07/2021 23:33:12 -- INFO -- Found 12 pathways for Salvianolic_acid_C
17/07/2021 23:33:12 -- INFO -- 12 pathways were found
17/07/2021 23:33:12 -- INFO -- At the end of this tree search, the cache contains 0
