17/07/2021 07:37:06 -- WARNING -- Setting the seed at 1234
17/07/2021 07:37:06 -- INFO -- Stating global parameters from configuration file
17/07/2021 07:37:06 -- INFO -- Using retrosynthesis: False - using biosensor True
17/07/2021 07:37:06 -- INFO -- Full search - no stopping at first result
17/07/2021 07:37:06 -- INFO -- Setting the DB from config file: Installed package: True. Using cache DB: False; Replacing results: False
17/07/2021 07:37:06 -- INFO -- Initialising an empty cache: {}; Using it: False
17/07/2021 07:37:06 -- INFO -- -------------------Scoring configurations -------------------------
17/07/2021 07:37:06 -- INFO -- Using biological cut off at 0.1
17/07/2021 07:37:06 -- INFO -- Using substrate only cut off at 0.6
17/07/2021 07:37:06 -- INFO -- Using chemical score cut off at 0.6
17/07/2021 07:37:06 -- INFO -- -------------------MCTS configurations -------------------------
17/07/2021 07:37:06 -- INFO -- Setting the minimal visit count for a node at 1
17/07/2021 07:37:06 -- INFO -- Using RAVE: False
17/07/2021 07:37:06 -- INFO -- -------------------Chemical configurations -------------------------
17/07/2021 07:37:06 -- INFO -- Using explicit hydrogens : True
17/07/2021 07:37:06 -- INFO -- Using detectable compounds as sink as running in biosensor mode.
17/07/2021 07:37:06 -- INFO -- Main layer was set to True. Sanitising state
17/07/2021 07:37:28 -- INFO -- Main layer was set to True. Sanitising state
17/07/2021 07:37:28 -- INFO -- Starting move obtention process with compound 3'-Hydroxy-O-desmethylangolensin ([H]Oc1c([H])c([H])c(C([H])(C(=O)c2c([H])c([H])c(O[H])c(O[H])c2O[H])C([H])([H])[H])c([H])c1[H]) at 1626500248.5221994
17/07/2021 07:37:28 -- INFO -- 14 available rules
17/07/2021 07:37:29 -- INFO -- For compound 3'-Hydroxy-O-desmethylangolensin, matching moves are []
17/07/2021 07:37:29 -- INFO -- Calculated moves in 0.5110905170440674 for compound XTSWJTBIEXVATN-UHFFFAOYSA-N - without caching
17/07/2021 07:37:29 -- INFO -- ---------------Beginning of search informations------------------ 
UCT policy is : Biochemical_UCT_1 
Rollout policy is : Rollout_policy_random_uniform_on_biochemical_multiplication_score 
Rewarding policy is : Penalty is -1 and full state reward is 2 
Maximum number of iterations 1000 
Tree search started running at 7h 37min 29s 
Your tree search is currently running ... 
 

17/07/2021 07:37:29 -- INFO -- Performing iteration 0 out of 1000
17/07/2021 07:37:30 -- INFO -- Performing iteration 100 out of 1000
17/07/2021 07:37:31 -- INFO -- Performing iteration 200 out of 1000
17/07/2021 07:37:32 -- INFO -- Performing iteration 300 out of 1000
17/07/2021 07:37:33 -- INFO -- Performing iteration 400 out of 1000
17/07/2021 07:37:34 -- INFO -- Performing iteration 500 out of 1000
17/07/2021 07:37:36 -- INFO -- Performing iteration 600 out of 1000
17/07/2021 07:37:37 -- INFO -- Performing iteration 700 out of 1000
17/07/2021 07:37:38 -- INFO -- Performing iteration 800 out of 1000
17/07/2021 07:37:39 -- INFO -- Performing iteration 900 out of 1000
17/07/2021 07:37:41 -- INFO -- ---------------End of search informations------------------ 
Tree search finished running at 7h 37min 41s 
Your tree search took 1.2e+01s 
 
Time was spent in selection: 1.1e-03s, expansion: 7.3e-04s, rollout: 0.0e+00s, update: 1.4e-02s 
You just lost the game
17/07/2021 07:37:41 -- INFO -- At the end of this tree search, the cache contains 0
17/07/2021 07:37:41 -- WARNING -- RECAP TIME_EXECUTION=12.19
17/07/2021 07:37:41 -- WARNING -- RECAP STOP_REASON=iteration
17/07/2021 07:37:41 -- WARNING -- RECAP NUMBER_ITERATION=999
17/07/2021 07:37:41 -- INFO -- According to Wikipedia, choosing the pathway with the most visists 
 This could be replaced by the best score
17/07/2021 07:37:41 -- INFO -- No pathway was found for this compound
17/07/2021 07:37:41 -- INFO -- 0 pathways were found
17/07/2021 07:37:41 -- INFO -- At the end of this tree search, the cache contains 0
