17/07/2021 10:02:21 -- WARNING -- Setting the seed at 1234
17/07/2021 10:02:21 -- INFO -- Stating global parameters from configuration file
17/07/2021 10:02:21 -- INFO -- Using retrosynthesis: False - using biosensor True
17/07/2021 10:02:21 -- INFO -- Full search - no stopping at first result
17/07/2021 10:02:21 -- INFO -- Setting the DB from config file: Installed package: True. Using cache DB: False; Replacing results: False
17/07/2021 10:02:21 -- INFO -- Initialising an empty cache: {}; Using it: False
17/07/2021 10:02:21 -- INFO -- -------------------Scoring configurations -------------------------
17/07/2021 10:02:21 -- INFO -- Using biological cut off at 0.1
17/07/2021 10:02:21 -- INFO -- Using substrate only cut off at 0.6
17/07/2021 10:02:21 -- INFO -- Using chemical score cut off at 0.6
17/07/2021 10:02:21 -- INFO -- -------------------MCTS configurations -------------------------
17/07/2021 10:02:21 -- INFO -- Setting the minimal visit count for a node at 1
17/07/2021 10:02:21 -- INFO -- Using RAVE: False
17/07/2021 10:02:21 -- INFO -- -------------------Chemical configurations -------------------------
17/07/2021 10:02:21 -- INFO -- Using explicit hydrogens : True
17/07/2021 10:02:21 -- INFO -- Using detectable compounds as sink as running in biosensor mode.
17/07/2021 10:02:21 -- WARNING -- Removed compound from the detectable set to force enzymatic detection
17/07/2021 10:02:21 -- INFO -- Main layer was set to True. Sanitising state
17/07/2021 10:02:40 -- INFO -- Main layer was set to True. Sanitising state
17/07/2021 10:02:40 -- INFO -- Starting move obtention process with compound 6'-Hydroxy-O-desmethylangolensin ([H]Oc1c([H])c([H])c(C([H])(C(=O)c2c(O[H])c([H])c(O[H])c([H])c2O[H])C([H])([H])[H])c([H])c1[H]) at 1626508960.7152526
17/07/2021 10:02:40 -- INFO -- 14 available rules
17/07/2021 10:02:41 -- INFO -- For compound 6'-Hydroxy-O-desmethylangolensin, matching moves are [IEFUAUZFJJOQMC-UHFFFAOYSA-N-rxnAdd180_r_1_cpd90006_4_6-0]
17/07/2021 10:02:41 -- INFO -- Calculated moves in 0.8204724788665771 for compound IEFUAUZFJJOQMC-UHFFFAOYSA-N - without caching
17/07/2021 10:02:41 -- INFO -- ---------------Beginning of search informations------------------ 
UCT policy is : Biochemical_UCT_1 
Rollout policy is : Rollout_policy_random_uniform_on_biochemical_multiplication_score 
Rewarding policy is : Penalty is -1 and full state reward is 2 
Maximum number of iterations 1000 
Tree search started running at 10h 2min 41s 
Your tree search is currently running ... 
 

17/07/2021 10:02:41 -- INFO -- Performing iteration 0 out of 1000
17/07/2021 10:02:41 -- INFO -- Adding a child with move IEFUAUZFJJOQMC-UHFFFAOYSA-N-rxnAdd180_r_1_cpd90006_4_6-0 to node 
Count: 0/ Score : 0/ Children: 0/ Terminal : False
|6'-Hydroxy-O-desmethylangolensin|
17/07/2021 10:02:41 -- INFO -- Starting move obtention process with compound GPRLSGONYQIRFK-UHFFFAOYSA-N ([H+]) at 1626508961.6312928
17/07/2021 10:02:41 -- INFO -- 0 available rules
17/07/2021 10:02:41 -- INFO -- For compound GPRLSGONYQIRFK-UHFFFAOYSA-N, matching moves are []
17/07/2021 10:02:41 -- INFO -- Calculated moves in 0.3340766429901123 for compound GPRLSGONYQIRFK-UHFFFAOYSA-N - without caching
17/07/2021 10:02:41 -- INFO -- Pathway is found at iteration 0
17/07/2021 10:02:42 -- INFO -- Udapted solved Node 	Move name: IEFUAUZFJJOQMC-UHFFFAOYSA-N-rxnAdd180_r_1_cpd90006_4_6-0/ Biological score : 4.02/ Chemical score: 1.0
	Count: 1/ Score : 0/ Children: 0/ Terminal : True
	|GPRLSGONYQIRFK-UHFFFAOYSA-N|TZBJGXHYKVUXJN-UHFFFAOYSA-N- solved| for the first time at iteration 0
17/07/2021 10:02:42 -- INFO -- Udapted solved Node Count: 1/ Score : 0/ Children: 1/ Terminal : False
|6'-Hydroxy-O-desmethylangolensin| for the first time at iteration 0
17/07/2021 10:02:42 -- INFO -- Performing iteration 100 out of 1000
17/07/2021 10:02:43 -- INFO -- Performing iteration 200 out of 1000
17/07/2021 10:02:44 -- INFO -- Performing iteration 300 out of 1000
17/07/2021 10:02:46 -- INFO -- Performing iteration 400 out of 1000
17/07/2021 10:02:47 -- INFO -- Performing iteration 500 out of 1000
17/07/2021 10:02:48 -- INFO -- Performing iteration 600 out of 1000
17/07/2021 10:02:49 -- INFO -- Performing iteration 700 out of 1000
17/07/2021 10:02:50 -- INFO -- Performing iteration 800 out of 1000
17/07/2021 10:02:52 -- INFO -- Performing iteration 900 out of 1000
17/07/2021 10:02:53 -- INFO -- ---------------End of search informations------------------ 
Tree search finished running at 10h 2min 53s 
Your tree search took 1.2e+01s 
 
Time was spent in selection: 2.3e-02s, expansion: 4.4e-01s, rollout: 0.0e+00s, update: 3.5e-02s 
CONGRATULATIONS, THATS A WIN
17/07/2021 10:02:53 -- INFO -- At the end of this tree search, the cache contains 0
17/07/2021 10:02:53 -- WARNING -- RECAP TIME_EXECUTION=12.3
17/07/2021 10:02:53 -- WARNING -- RECAP STOP_REASON=iteration
17/07/2021 10:02:53 -- WARNING -- RECAP NUMBER_ITERATION=999
17/07/2021 10:02:53 -- INFO -- According to Wikipedia, choosing the pathway with the most visists 
 This could be replaced by the best score
17/07/2021 10:02:53 -- INFO -- Found 1 pathways for 6'-Hydroxy-O-desmethylangolensin
17/07/2021 10:02:53 -- INFO -- 1 pathways were found
17/07/2021 10:02:53 -- INFO -- At the end of this tree search, the cache contains 0
