17/07/2021 19:44:34 -- WARNING -- Setting the seed at 1234
17/07/2021 19:44:34 -- INFO -- Stating global parameters from configuration file
17/07/2021 19:44:34 -- INFO -- Using retrosynthesis: False - using biosensor True
17/07/2021 19:44:34 -- INFO -- Full search - no stopping at first result
17/07/2021 19:44:34 -- INFO -- Setting the DB from config file: Installed package: True. Using cache DB: False; Replacing results: False
17/07/2021 19:44:34 -- INFO -- Initialising an empty cache: {}; Using it: False
17/07/2021 19:44:34 -- INFO -- -------------------Scoring configurations -------------------------
17/07/2021 19:44:34 -- INFO -- Using biological cut off at 0.1
17/07/2021 19:44:34 -- INFO -- Using substrate only cut off at 0.6
17/07/2021 19:44:34 -- INFO -- Using chemical score cut off at 0.6
17/07/2021 19:44:34 -- INFO -- -------------------MCTS configurations -------------------------
17/07/2021 19:44:34 -- INFO -- Setting the minimal visit count for a node at 1
17/07/2021 19:44:34 -- INFO -- Using RAVE: False
17/07/2021 19:44:34 -- INFO -- -------------------Chemical configurations -------------------------
17/07/2021 19:44:34 -- INFO -- Using explicit hydrogens : True
17/07/2021 19:44:34 -- INFO -- Using detectable compounds as sink as running in biosensor mode.
17/07/2021 19:44:34 -- INFO -- Main layer was set to True. Sanitising state
17/07/2021 19:44:53 -- INFO -- Main layer was set to True. Sanitising state
17/07/2021 19:44:53 -- INFO -- Starting move obtention process with compound Tigloylgomicin_H ([H]OC1(C([H])([H])[H])C([H])([H])c2c([H])c(OC([H])([H])[H])c(OC([H])([H])[H])c(OC([H])([H])[H])c2-c2c(OC([H])([H])C(C([H])=O)=C([H])C([H])([H])[H])c(OC([H])([H])[H])c(OC([H])([H])[H])c([H])c2C([H])([H])C1([H])C([H])([H])[H]) at 1626543893.9827502
17/07/2021 19:44:54 -- INFO -- 0 available rules
17/07/2021 19:44:54 -- INFO -- For compound Tigloylgomicin_H, matching moves are []
17/07/2021 19:44:54 -- INFO -- Calculated moves in 0.3270902633666992 for compound HKGBQWCXKLHIBG-UHFFFAOYSA-N - without caching
17/07/2021 19:44:54 -- INFO -- ---------------Beginning of search informations------------------ 
UCT policy is : Biochemical_UCT_1 
Rollout policy is : Rollout_policy_random_uniform_on_biochemical_multiplication_score 
Rewarding policy is : Penalty is -1 and full state reward is 2 
Maximum number of iterations 1000 
Tree search started running at 19h 44min 54s 
Your tree search is currently running ... 
 

17/07/2021 19:44:54 -- INFO -- Performing iteration 0 out of 1000
17/07/2021 19:44:55 -- INFO -- Performing iteration 100 out of 1000
17/07/2021 19:44:55 -- INFO -- Performing iteration 200 out of 1000
17/07/2021 19:44:56 -- INFO -- Performing iteration 300 out of 1000
17/07/2021 19:44:57 -- INFO -- Performing iteration 400 out of 1000
17/07/2021 19:44:58 -- INFO -- Performing iteration 500 out of 1000
17/07/2021 19:44:59 -- INFO -- Performing iteration 600 out of 1000
17/07/2021 19:45:01 -- INFO -- Performing iteration 700 out of 1000
17/07/2021 19:45:02 -- INFO -- Performing iteration 800 out of 1000
17/07/2021 19:45:03 -- INFO -- Performing iteration 900 out of 1000
17/07/2021 19:45:04 -- INFO -- ---------------End of search informations------------------ 
Tree search finished running at 19h 45min 4s 
Your tree search took 1.1e+01s 
 
Time was spent in selection: 9.8e-04s, expansion: 6.0e-04s, rollout: 0.0e+00s, update: 9.8e-03s 
You just lost the game
17/07/2021 19:45:04 -- INFO -- At the end of this tree search, the cache contains 0
17/07/2021 19:45:04 -- WARNING -- RECAP TIME_EXECUTION=10.41
17/07/2021 19:45:04 -- WARNING -- RECAP STOP_REASON=iteration
17/07/2021 19:45:04 -- WARNING -- RECAP NUMBER_ITERATION=999
17/07/2021 19:45:04 -- INFO -- According to Wikipedia, choosing the pathway with the most visists 
 This could be replaced by the best score
17/07/2021 19:45:04 -- INFO -- No pathway was found for this compound
17/07/2021 19:45:04 -- INFO -- 0 pathways were found
17/07/2021 19:45:04 -- INFO -- At the end of this tree search, the cache contains 0
