17/07/2021 23:31:36 -- WARNING -- Setting the seed at 1234
17/07/2021 23:31:36 -- INFO -- Stating global parameters from configuration file
17/07/2021 23:31:36 -- INFO -- Using retrosynthesis: False - using biosensor True
17/07/2021 23:31:36 -- INFO -- Full search - no stopping at first result
17/07/2021 23:31:36 -- INFO -- Setting the DB from config file: Installed package: True. Using cache DB: False; Replacing results: False
17/07/2021 23:31:36 -- INFO -- Initialising an empty cache: {}; Using it: False
17/07/2021 23:31:36 -- INFO -- -------------------Scoring configurations -------------------------
17/07/2021 23:31:36 -- INFO -- Using biological cut off at 0.1
17/07/2021 23:31:36 -- INFO -- Using substrate only cut off at 0.6
17/07/2021 23:31:36 -- INFO -- Using chemical score cut off at 0.6
17/07/2021 23:31:36 -- INFO -- -------------------MCTS configurations -------------------------
17/07/2021 23:31:36 -- INFO -- Setting the minimal visit count for a node at 1
17/07/2021 23:31:36 -- INFO -- Using RAVE: False
17/07/2021 23:31:36 -- INFO -- -------------------Chemical configurations -------------------------
17/07/2021 23:31:36 -- INFO -- Using explicit hydrogens : True
17/07/2021 23:31:36 -- INFO -- Using detectable compounds as sink as running in biosensor mode.
17/07/2021 23:31:36 -- INFO -- Main layer was set to True. Sanitising state
17/07/2021 23:31:57 -- INFO -- Main layer was set to True. Sanitising state
17/07/2021 23:31:57 -- INFO -- Starting move obtention process with compound Isopropyl_3-(3,4-dihydroxyphenyl)-2-hydroxypropanoate ([H]Oc1c([H])c([H])c(C([H])([H])C([H])(O[H])C(=O)OC([H])(C([H])([H])[H])C([H])([H])[H])c([H])c1O[H]) at 1626557517.7446787
17/07/2021 23:31:58 -- INFO -- 31 available rules
17/07/2021 23:31:58 -- INFO -- For compound Isopropyl_3-(3,4-dihydroxyphenyl)-2-hydroxypropanoate, matching moves are [ZYFWDUKUSGLMGL-UHFFFAOYSA-N-MNXR121980_MNXM988_6-0]
17/07/2021 23:31:58 -- INFO -- Calculated moves in 0.6986613273620605 for compound ZYFWDUKUSGLMGL-UHFFFAOYSA-N - without caching
17/07/2021 23:31:58 -- INFO -- ---------------Beginning of search informations------------------ 
UCT policy is : Biochemical_UCT_1 
Rollout policy is : Rollout_policy_random_uniform_on_biochemical_multiplication_score 
Rewarding policy is : Penalty is -1 and full state reward is 2 
Maximum number of iterations 1000 
Tree search started running at 23h 31min 58s 
Your tree search is currently running ... 
 

17/07/2021 23:31:58 -- INFO -- Performing iteration 0 out of 1000
17/07/2021 23:31:58 -- INFO -- Adding a child with move ZYFWDUKUSGLMGL-UHFFFAOYSA-N-MNXR121980_MNXM988_6-0 to node 
Count: 0/ Score : 0/ Children: 0/ Terminal : False
|Isopropyl_3-(3,4-dihydroxyphenyl)-2-hydroxypropanoate|
17/07/2021 23:31:58 -- INFO -- Starting move obtention process with compound AOURHCHIJUMQFP-UHFFFAOYSA-N ([H]Oc1c([H])c([H])c(C([H])=C([H])C(=O)OC([H])(C(=O)OC([H])(C([H])([H])[H])C([H])([H])[H])C([H])([H])c2c([H])c([H])c(O[H])c(O[H])c2[H])c([H])c1[H]) at 1626557518.5607138
17/07/2021 23:31:58 -- INFO -- 78 available rules
17/07/2021 23:31:59 -- INFO -- For compound AOURHCHIJUMQFP-UHFFFAOYSA-N, matching moves are [AOURHCHIJUMQFP-UHFFFAOYSA-N-MNXR121984_MNXM10183_6-0, AOURHCHIJUMQFP-UHFFFAOYSA-N-MNXR121984_MNXM3355_6-0, AOURHCHIJUMQFP-UHFFFAOYSA-N-MNXR121980_MNXM8142_6-0]
17/07/2021 23:31:59 -- INFO -- Calculated moves in 1.4232964515686035 for compound AOURHCHIJUMQFP-UHFFFAOYSA-N - without caching
17/07/2021 23:32:00 -- INFO -- Pathway is found at iteration 0
17/07/2021 23:32:00 -- INFO -- Udapted solved Node 	Move name: ZYFWDUKUSGLMGL-UHFFFAOYSA-N-MNXR121980_MNXM988_6-0/ Biological score : 2.26/ Chemical score: 0.65
	Count: 1/ Score : 0/ Children: 0/ Terminal : True
	|AOURHCHIJUMQFP-UHFFFAOYSA-N|RGJOEKWQDUBAIZ-UHFFFAOYSA-N- solved| for the first time at iteration 0
17/07/2021 23:32:00 -- INFO -- Udapted solved Node Count: 1/ Score : 0/ Children: 1/ Terminal : False
|Isopropyl_3-(3,4-dihydroxyphenyl)-2-hydroxypropanoate| for the first time at iteration 0
17/07/2021 23:32:01 -- INFO -- Performing iteration 100 out of 1000
17/07/2021 23:32:03 -- INFO -- Performing iteration 200 out of 1000
17/07/2021 23:32:04 -- INFO -- Performing iteration 300 out of 1000
17/07/2021 23:32:06 -- INFO -- Performing iteration 400 out of 1000
17/07/2021 23:32:08 -- INFO -- Performing iteration 500 out of 1000
17/07/2021 23:32:09 -- INFO -- Performing iteration 600 out of 1000
17/07/2021 23:32:11 -- INFO -- Performing iteration 700 out of 1000
17/07/2021 23:32:12 -- INFO -- Performing iteration 800 out of 1000
17/07/2021 23:32:14 -- INFO -- Performing iteration 900 out of 1000
17/07/2021 23:32:15 -- INFO -- ---------------End of search informations------------------ 
Tree search finished running at 23h 32min 15s 
Your tree search took 1.8e+01s 
 
Time was spent in selection: 2.4e-02s, expansion: 1.6e+00s, rollout: 0.0e+00s, update: 5.2e-02s 
CONGRATULATIONS, THATS A WIN
17/07/2021 23:32:15 -- INFO -- At the end of this tree search, the cache contains 0
17/07/2021 23:32:15 -- WARNING -- RECAP TIME_EXECUTION=17.4
17/07/2021 23:32:15 -- WARNING -- RECAP STOP_REASON=iteration
17/07/2021 23:32:15 -- WARNING -- RECAP NUMBER_ITERATION=999
17/07/2021 23:32:15 -- INFO -- According to Wikipedia, choosing the pathway with the most visists 
 This could be replaced by the best score
17/07/2021 23:32:16 -- INFO -- Found 1 pathways for Isopropyl_3-(3,4-dihydroxyphenyl)-2-hydroxypropanoate
17/07/2021 23:32:16 -- INFO -- 1 pathways were found
17/07/2021 23:32:16 -- INFO -- At the end of this tree search, the cache contains 0
