18/07/2021 02:07:35 -- WARNING -- Setting the seed at 1234
18/07/2021 02:07:35 -- INFO -- Stating global parameters from configuration file
18/07/2021 02:07:35 -- INFO -- Using retrosynthesis: False - using biosensor True
18/07/2021 02:07:35 -- INFO -- Full search - no stopping at first result
18/07/2021 02:07:35 -- INFO -- Setting the DB from config file: Installed package: True. Using cache DB: False; Replacing results: False
18/07/2021 02:07:35 -- INFO -- Initialising an empty cache: {}; Using it: False
18/07/2021 02:07:35 -- INFO -- -------------------Scoring configurations -------------------------
18/07/2021 02:07:35 -- INFO -- Using biological cut off at 0.1
18/07/2021 02:07:35 -- INFO -- Using substrate only cut off at 0.6
18/07/2021 02:07:35 -- INFO -- Using chemical score cut off at 0.6
18/07/2021 02:07:35 -- INFO -- -------------------MCTS configurations -------------------------
18/07/2021 02:07:35 -- INFO -- Setting the minimal visit count for a node at 1
18/07/2021 02:07:35 -- INFO -- Using RAVE: False
18/07/2021 02:07:35 -- INFO -- -------------------Chemical configurations -------------------------
18/07/2021 02:07:35 -- INFO -- Using explicit hydrogens : True
18/07/2021 02:07:35 -- INFO -- Using detectable compounds as sink as running in biosensor mode.
18/07/2021 02:07:35 -- INFO -- Main layer was set to True. Sanitising state
18/07/2021 02:08:00 -- INFO -- Main layer was set to True. Sanitising state
18/07/2021 02:08:00 -- INFO -- Starting move obtention process with compound Caffeoyl_C1-glucuronide ([H]OC(=O)C1([H])OC([H])(OC(=O)C([H])=C([H])c2c([H])c([H])c(O[H])c(O[H])c2[H])C([H])(O[H])C([H])(O[H])C1([H])O[H]) at 1626566880.196027
18/07/2021 02:08:00 -- INFO -- 74 available rules
18/07/2021 02:08:01 -- INFO -- For compound Caffeoyl_C1-glucuronide, matching moves are [VMGJMCCDXJNCOK-UHFFFAOYSA-N-MNXR137911_MNXM163634_6-0, VMGJMCCDXJNCOK-UHFFFAOYSA-N-MNXR137888_MNXM163634_6-0, VMGJMCCDXJNCOK-UHFFFAOYSA-N-MNXR119313_MNXM8980_8-0, VMGJMCCDXJNCOK-UHFFFAOYSA-N-MNXR118719_MNXM8980_8-0, VMGJMCCDXJNCOK-UHFFFAOYSA-N-MNXR119429_MNXM32738_6-0, VMGJMCCDXJNCOK-UHFFFAOYSA-N-MNXR119429_MNXM32738_6-1]
18/07/2021 02:08:01 -- INFO -- Calculated moves in 1.5540087223052979 for compound VMGJMCCDXJNCOK-UHFFFAOYSA-N - without caching
18/07/2021 02:08:01 -- INFO -- ---------------Beginning of search informations------------------ 
UCT policy is : Biochemical_UCT_1 
Rollout policy is : Rollout_policy_random_uniform_on_biochemical_multiplication_score 
Rewarding policy is : Penalty is -1 and full state reward is 2 
Maximum number of iterations 1000 
Tree search started running at 2h 8min 1s 
Your tree search is currently running ... 
 

18/07/2021 02:08:01 -- INFO -- Performing iteration 0 out of 1000
18/07/2021 02:08:01 -- INFO -- Adding a child with move VMGJMCCDXJNCOK-UHFFFAOYSA-N-MNXR137911_MNXM163634_6-0 to node 
Count: 0/ Score : 0/ Children: 0/ Terminal : False
|Caffeoyl_C1-glucuronide|
18/07/2021 02:08:01 -- INFO -- Starting move obtention process with compound YURKPEFJCCGIGL-UHFFFAOYSA-O ([H]OC(=O)C1=C([H])C(=C([H])C([H])=[N+]2c3c([H])c(O[H])c(OC4([H])OC([H])(C([H])([H])O[H])C([H])(O[H])C([H])(O[H])C4([H])OC4([H])OC([H])(C(=O)O[H])C([H])(O[H])C([H])(O[H])C4([H])OC(=O)C([H])=C([H])c4c([H])c([H])c(O[H])c(O[H])c4[H])c([H])c3C([H])([H])C2([H])C(=O)O[H])C([H])([H])C([H])(C(=O)O[H])N1[H]) at 1626566881.865237
18/07/2021 02:08:02 -- INFO -- 88 available rules
18/07/2021 02:08:04 -- INFO -- For compound YURKPEFJCCGIGL-UHFFFAOYSA-O, matching moves are [YURKPEFJCCGIGL-UHFFFAOYSA-O-MNXR137911_MNXM8385_6-0, YURKPEFJCCGIGL-UHFFFAOYSA-O-MNXR137888_MNXM3931_6-0, YURKPEFJCCGIGL-UHFFFAOYSA-O-MNXR118696_MNXM3931_8-0]
18/07/2021 02:08:04 -- INFO -- Calculated moves in 2.241854429244995 for compound YURKPEFJCCGIGL-UHFFFAOYSA-O - without caching
18/07/2021 02:08:04 -- INFO -- Pathway is found at iteration 0
18/07/2021 02:08:04 -- INFO -- Udapted solved Node 	Move name: VMGJMCCDXJNCOK-UHFFFAOYSA-N-MNXR137911_MNXM163634_6-0/ Biological score : 4.01/ Chemical score: 0.66
	Count: 1/ Score : 0/ Children: 0/ Terminal : True
	|AEMOLEFTQBMNLQ-UHFFFAOYSA-N- solved|YURKPEFJCCGIGL-UHFFFAOYSA-O| for the first time at iteration 0
18/07/2021 02:08:04 -- INFO -- Udapted solved Node Count: 1/ Score : 0/ Children: 1/ Terminal : False
|Caffeoyl_C1-glucuronide| for the first time at iteration 0
18/07/2021 02:08:04 -- INFO -- Adding a child with move VMGJMCCDXJNCOK-UHFFFAOYSA-N-MNXR137888_MNXM163634_6-0 to node 
Count: 1/ Score : 10.0/ Children: 1/ Terminal : False
|Caffeoyl_C1-glucuronide|
18/07/2021 02:08:04 -- INFO -- Starting move obtention process with compound YCDGPCKFUSJCCS-UHFFFAOYSA-O ([H]OC(=O)C1=C([H])C(=C([H])C([H])=[N+]2c3c([H])c(O[H])c(OC4([H])OC([H])(C([H])([H])OC(=O)C([H])=C([H])c5c([H])c([H])c(O[H])c(O[H])c5[H])C([H])(O[H])C([H])(O[H])C4([H])O[H])c([H])c3C([H])([H])C2([H])C(=O)O[H])C([H])([H])C([H])(C(=O)O[H])N1[H]) at 1626566884.345291
18/07/2021 02:08:04 -- INFO -- 88 available rules
18/07/2021 02:08:06 -- INFO -- For compound YCDGPCKFUSJCCS-UHFFFAOYSA-O, matching moves are [YCDGPCKFUSJCCS-UHFFFAOYSA-O-MNXR137888_MNXM12079_6-0, YCDGPCKFUSJCCS-UHFFFAOYSA-O-MNXR137911_MNXM4465_6-0, YCDGPCKFUSJCCS-UHFFFAOYSA-O-MNXR122342_MNXM4465_8-0, YCDGPCKFUSJCCS-UHFFFAOYSA-O-MNXR112318_MNXM3931_6-0]
18/07/2021 02:08:06 -- INFO -- Calculated moves in 1.8379101753234863 for compound YCDGPCKFUSJCCS-UHFFFAOYSA-O - without caching
18/07/2021 02:08:06 -- INFO -- Adding a child with move VMGJMCCDXJNCOK-UHFFFAOYSA-N-MNXR119313_MNXM8980_8-0 to node 
Count: 2/ Score : 6.0/ Children: 2/ Terminal : False
|Caffeoyl_C1-glucuronide|
18/07/2021 02:08:06 -- INFO -- Starting move obtention process with compound SWGKAHCIOQPKFW-UHFFFAOYSA-N ([H]OC(=O)C([H])(O[H])C([H])(OC(=O)C([H])=C([H])c1c([H])c([H])c(O[H])c(O[H])c1[H])C(=O)O[H]) at 1626566886.2908773
18/07/2021 02:08:06 -- INFO -- 174 available rules
18/07/2021 02:08:08 -- INFO -- For compound SWGKAHCIOQPKFW-UHFFFAOYSA-N, matching moves are [SWGKAHCIOQPKFW-UHFFFAOYSA-N-MNXR134337_MNXM890_8-0, SWGKAHCIOQPKFW-UHFFFAOYSA-N-MNXR119314_MNXM120600_8-0, SWGKAHCIOQPKFW-UHFFFAOYSA-N-MNXR119313_MNXM120600_8-0, SWGKAHCIOQPKFW-UHFFFAOYSA-N-MNXR121984_MNXM3355_6-0, SWGKAHCIOQPKFW-UHFFFAOYSA-N-MNXR108122_MNXM890_8-0]
18/07/2021 02:08:08 -- INFO -- Calculated moves in 1.7143759727478027 for compound SWGKAHCIOQPKFW-UHFFFAOYSA-N - without caching
18/07/2021 02:08:08 -- INFO -- Pathway is found at iteration 2
18/07/2021 02:08:08 -- INFO -- Udapted solved Node 	Move name: VMGJMCCDXJNCOK-UHFFFAOYSA-N-MNXR137888_MNXM163634_6-0/ Biological score : 4.01/ Chemical score: 0.66
	Count: 1/ Score : 0/ Children: 0/ Terminal : True
	|AEMOLEFTQBMNLQ-UHFFFAOYSA-N- solved|YCDGPCKFUSJCCS-UHFFFAOYSA-O| for the first time at iteration 2
18/07/2021 02:08:08 -- INFO -- Adding a child with move VMGJMCCDXJNCOK-UHFFFAOYSA-N-MNXR118719_MNXM8980_8-0 to node 
Count: 3/ Score : 7.33/ Children: 3/ Terminal : False
|Caffeoyl_C1-glucuronide|
18/07/2021 02:08:08 -- INFO -- Starting move obtention process with compound GZUYFIKEKNKXTA-UHFFFAOYSA-N ([H]OC(=O)C([H])([H])C(=O)OC([H])([H])C1([H])OC([H])(Oc2c(-c3c([H])c(OC4([H])OC([H])(C([H])([H])O[H])C([H])(O[H])C([H])(O[H])C4([H])O[H])c(O[H])c(OC4([H])OC([H])(C([H])([H])OC(=O)C([H])=C([H])c5c([H])c([H])c(O[H])c(O[H])c5[H])C([H])(O[H])C([H])(O[H])C4([H])O[H])c3[H])oc3c([H])c(O[H])c([H])c(=O)c-3c2[H])C([H])(O[H])C([H])(O[H])C1([H])O[H]) at 1626566888.158471
18/07/2021 02:08:08 -- INFO -- 166 available rules
18/07/2021 02:08:15 -- INFO -- For compound GZUYFIKEKNKXTA-UHFFFAOYSA-N, matching moves are [GZUYFIKEKNKXTA-UHFFFAOYSA-N-MNXR118719_MNXM83656_8-0, GZUYFIKEKNKXTA-UHFFFAOYSA-N-MNXR118460_MNXM114555_8-0, GZUYFIKEKNKXTA-UHFFFAOYSA-N-MNXR118460_MNXM114555_8-1, GZUYFIKEKNKXTA-UHFFFAOYSA-N-MNXR118460_MNXM114555_8-2, GZUYFIKEKNKXTA-UHFFFAOYSA-N-MNXR118460_MNXM114555_6-0, GZUYFIKEKNKXTA-UHFFFAOYSA-N-MNXR118460_MNXM114555_6-1, GZUYFIKEKNKXTA-UHFFFAOYSA-N-MNXR118460_MNXM114555_6-2, GZUYFIKEKNKXTA-UHFFFAOYSA-N-MNXR118453_MNXM114519_8-0]
18/07/2021 02:08:15 -- INFO -- Calculated moves in 7.424338340759277 for compound GZUYFIKEKNKXTA-UHFFFAOYSA-N - without caching
18/07/2021 02:08:15 -- INFO -- Adding a child with move VMGJMCCDXJNCOK-UHFFFAOYSA-N-MNXR119429_MNXM32738_6-0 to node 
Count: 4/ Score : 6.0/ Children: 4/ Terminal : False
|Caffeoyl_C1-glucuronide|
18/07/2021 02:08:15 -- INFO -- Starting move obtention process with compound GPRLSGONYQIRFK-UHFFFAOYSA-N ([H+]) at 1626566895.6952593
18/07/2021 02:08:16 -- INFO -- 0 available rules
18/07/2021 02:08:16 -- INFO -- For compound GPRLSGONYQIRFK-UHFFFAOYSA-N, matching moves are []
18/07/2021 02:08:16 -- INFO -- Calculated moves in 0.38083457946777344 for compound GPRLSGONYQIRFK-UHFFFAOYSA-N - without caching
18/07/2021 02:08:16 -- INFO -- Starting move obtention process with compound QJPVKEBTJJKZFP-UHFFFAOYSA-N ([H]OC(=O)C1([H])OC([H])(OC(=O)C([H])=C([H])c2c([H])c([H])c(O[H])c(OC([H])([H])[H])c2[H])C([H])(O[H])C([H])(O[H])C1([H])O[H]) at 1626566896.0860982
18/07/2021 02:08:16 -- INFO -- 99 available rules
18/07/2021 02:08:17 -- INFO -- For compound QJPVKEBTJJKZFP-UHFFFAOYSA-N, matching moves are [QJPVKEBTJJKZFP-UHFFFAOYSA-N-MNXR137911_MNXM163634_6-0, QJPVKEBTJJKZFP-UHFFFAOYSA-N-MNXR137888_MNXM163634_6-0, QJPVKEBTJJKZFP-UHFFFAOYSA-N-MNXR119315_MNXM1304_8-0, QJPVKEBTJJKZFP-UHFFFAOYSA-N-MNXR119313_MNXM8980_8-0, QJPVKEBTJJKZFP-UHFFFAOYSA-N-MNXR118719_MNXM8980_8-0, QJPVKEBTJJKZFP-UHFFFAOYSA-N-MNXR119429_MNXM13920_6-0, QJPVKEBTJJKZFP-UHFFFAOYSA-N-MNXR119429_MNXM32738_6-0]
18/07/2021 02:08:17 -- INFO -- Calculated moves in 1.566131591796875 for compound QJPVKEBTJJKZFP-UHFFFAOYSA-N - without caching
18/07/2021 02:08:17 -- INFO -- Pathway is found at iteration 4
18/07/2021 02:08:17 -- INFO -- Udapted solved Node 	Move name: VMGJMCCDXJNCOK-UHFFFAOYSA-N-MNXR119313_MNXM8980_8-0/ Biological score : 2.26/ Chemical score: 0.67
	Count: 1/ Score : 0/ Children: 0/ Terminal : True
	|AEMOLEFTQBMNLQ-UHFFFAOYSA-N- solved|SWGKAHCIOQPKFW-UHFFFAOYSA-N| for the first time at iteration 4
18/07/2021 02:08:17 -- INFO -- Adding a child with move VMGJMCCDXJNCOK-UHFFFAOYSA-N-MNXR119429_MNXM32738_6-1 to node 
Count: 5/ Score : 6.8/ Children: 5/ Terminal : False
|Caffeoyl_C1-glucuronide|
18/07/2021 02:08:17 -- INFO -- Starting move obtention process with compound GPRLSGONYQIRFK-UHFFFAOYSA-N ([H+]) at 1626566897.8612235
18/07/2021 02:08:18 -- INFO -- 0 available rules
18/07/2021 02:08:18 -- INFO -- For compound GPRLSGONYQIRFK-UHFFFAOYSA-N, matching moves are []
18/07/2021 02:08:18 -- INFO -- Calculated moves in 0.3420689105987549 for compound GPRLSGONYQIRFK-UHFFFAOYSA-N - without caching
18/07/2021 02:08:18 -- INFO -- Starting move obtention process with compound RBJXXYNRHTWXDN-UHFFFAOYSA-N ([H]OC(=O)C1([H])OC([H])(OC(=O)C([H])=C([H])c2c([H])c([H])c(OC([H])([H])[H])c(O[H])c2[H])C([H])(O[H])C([H])(O[H])C1([H])O[H]) at 1626566898.2176409
18/07/2021 02:08:18 -- INFO -- 99 available rules
18/07/2021 02:08:19 -- INFO -- For compound RBJXXYNRHTWXDN-UHFFFAOYSA-N, matching moves are [RBJXXYNRHTWXDN-UHFFFAOYSA-N-MNXR137911_MNXM163634_6-0, RBJXXYNRHTWXDN-UHFFFAOYSA-N-MNXR137888_MNXM163634_6-0, RBJXXYNRHTWXDN-UHFFFAOYSA-N-MNXR119315_MNXM1304_8-0, RBJXXYNRHTWXDN-UHFFFAOYSA-N-MNXR119313_MNXM8980_8-0, RBJXXYNRHTWXDN-UHFFFAOYSA-N-MNXR118719_MNXM8980_8-0, RBJXXYNRHTWXDN-UHFFFAOYSA-N-MNXR119429_MNXM13920_6-0, RBJXXYNRHTWXDN-UHFFFAOYSA-N-MNXR119429_MNXM32738_6-0]
18/07/2021 02:08:19 -- INFO -- Calculated moves in 1.6001830101013184 for compound RBJXXYNRHTWXDN-UHFFFAOYSA-N - without caching
18/07/2021 02:08:19 -- INFO -- Pathway is found at iteration 6
18/07/2021 02:08:19 -- INFO -- Udapted solved Node 	Move name: VMGJMCCDXJNCOK-UHFFFAOYSA-N-MNXR118719_MNXM8980_8-0/ Biological score : 2.26/ Chemical score: 0.67
	Count: 1/ Score : 0/ Children: 0/ Terminal : True
	|AEMOLEFTQBMNLQ-UHFFFAOYSA-N- solved|GZUYFIKEKNKXTA-UHFFFAOYSA-N| for the first time at iteration 6
18/07/2021 02:08:20 -- INFO -- Adding a child with move QJPVKEBTJJKZFP-UHFFFAOYSA-N-MNXR137911_MNXM163634_6-0 to node 
	Move name: VMGJMCCDXJNCOK-UHFFFAOYSA-N-MNXR119429_MNXM32738_6-0/ Biological score : 0.7/ Chemical score: 0.72
	Count: 0/ Score : 0/ Children: 0/ Terminal : False
	|GPRLSGONYQIRFK-UHFFFAOYSA-N|QJPVKEBTJJKZFP-UHFFFAOYSA-N|
18/07/2021 02:08:20 -- INFO -- Starting move obtention process with compound GPRLSGONYQIRFK-UHFFFAOYSA-N ([H+]) at 1626566900.1260865
18/07/2021 02:08:20 -- INFO -- 0 available rules
18/07/2021 02:08:20 -- INFO -- For compound GPRLSGONYQIRFK-UHFFFAOYSA-N, matching moves are []
18/07/2021 02:08:20 -- INFO -- Calculated moves in 0.38510560989379883 for compound GPRLSGONYQIRFK-UHFFFAOYSA-N - without caching
18/07/2021 02:08:20 -- INFO -- Pathway is found at iteration 8
18/07/2021 02:08:20 -- INFO -- Udapted solved Node 		Move name: QJPVKEBTJJKZFP-UHFFFAOYSA-N-MNXR137911_MNXM163634_6-0/ Biological score : 4.01/ Chemical score: 0.76
		Count: 1/ Score : 0/ Children: 0/ Terminal : True
		|AEMOLEFTQBMNLQ-UHFFFAOYSA-N- solved|GPRLSGONYQIRFK-UHFFFAOYSA-N|MPMOZJNSLITZSA-UHFFFAOYSA-O- solved| for the first time at iteration 8
18/07/2021 02:08:20 -- INFO -- Udapted solved Node 	Move name: VMGJMCCDXJNCOK-UHFFFAOYSA-N-MNXR119429_MNXM32738_6-0/ Biological score : 0.7/ Chemical score: 0.72
	Count: 1/ Score : 0/ Children: 1/ Terminal : False
	|GPRLSGONYQIRFK-UHFFFAOYSA-N|QJPVKEBTJJKZFP-UHFFFAOYSA-N| for the first time at iteration 8
18/07/2021 02:08:20 -- INFO -- Adding a child with move QJPVKEBTJJKZFP-UHFFFAOYSA-N-MNXR137888_MNXM163634_6-0 to node 
	Move name: VMGJMCCDXJNCOK-UHFFFAOYSA-N-MNXR119429_MNXM32738_6-0/ Biological score : 0.7/ Chemical score: 0.72
	Count: 1/ Score : 10.0/ Children: 1/ Terminal : False
	|GPRLSGONYQIRFK-UHFFFAOYSA-N|QJPVKEBTJJKZFP-UHFFFAOYSA-N|
18/07/2021 02:08:20 -- INFO -- Starting move obtention process with compound GPRLSGONYQIRFK-UHFFFAOYSA-N ([H+]) at 1626566900.771688
18/07/2021 02:08:21 -- INFO -- 0 available rules
18/07/2021 02:08:21 -- INFO -- For compound GPRLSGONYQIRFK-UHFFFAOYSA-N, matching moves are []
18/07/2021 02:08:21 -- INFO -- Calculated moves in 0.28026795387268066 for compound GPRLSGONYQIRFK-UHFFFAOYSA-N - without caching
18/07/2021 02:08:21 -- INFO -- Adding a child with move RBJXXYNRHTWXDN-UHFFFAOYSA-N-MNXR137911_MNXM163634_6-0 to node 
	Move name: VMGJMCCDXJNCOK-UHFFFAOYSA-N-MNXR119429_MNXM32738_6-1/ Biological score : 0.7/ Chemical score: 0.72
	Count: 0/ Score : 0/ Children: 0/ Terminal : False
	|GPRLSGONYQIRFK-UHFFFAOYSA-N|RBJXXYNRHTWXDN-UHFFFAOYSA-N|
18/07/2021 02:08:21 -- INFO -- Starting move obtention process with compound GPRLSGONYQIRFK-UHFFFAOYSA-N ([H+]) at 1626566901.173869
18/07/2021 02:08:21 -- INFO -- 0 available rules
18/07/2021 02:08:21 -- INFO -- For compound GPRLSGONYQIRFK-UHFFFAOYSA-N, matching moves are []
18/07/2021 02:08:21 -- INFO -- Calculated moves in 0.25752878189086914 for compound GPRLSGONYQIRFK-UHFFFAOYSA-N - without caching
18/07/2021 02:08:21 -- INFO -- Starting move obtention process with compound LHBFYVDYJZHOTB-UHFFFAOYSA-O ([H]OC(=O)C1=C([H])C(=C([H])C([H])=[N+]2c3c([H])c(O[H])c(OC4([H])OC([H])(C([H])([H])O[H])C([H])(O[H])C([H])(O[H])C4([H])OC4([H])OC([H])(C(=O)O[H])C([H])(O[H])C([H])(O[H])C4([H])OC(=O)C([H])=C([H])c4c([H])c([H])c(OC([H])([H])[H])c(O[H])c4[H])c([H])c3C([H])([H])C2([H])C(=O)O[H])C([H])([H])C([H])(C(=O)O[H])N1[H]) at 1626566901.4407303
18/07/2021 02:08:21 -- INFO -- 88 available rules
18/07/2021 02:08:23 -- INFO -- For compound LHBFYVDYJZHOTB-UHFFFAOYSA-O, matching moves are [LHBFYVDYJZHOTB-UHFFFAOYSA-O-MNXR137911_MNXM8385_6-0, LHBFYVDYJZHOTB-UHFFFAOYSA-O-MNXR137888_MNXM3931_6-0, LHBFYVDYJZHOTB-UHFFFAOYSA-O-MNXR118696_MNXM3931_8-0]
18/07/2021 02:08:23 -- INFO -- Calculated moves in 1.9828994274139404 for compound LHBFYVDYJZHOTB-UHFFFAOYSA-O - without caching
18/07/2021 02:08:23 -- INFO -- Pathway is found at iteration 10
18/07/2021 02:08:23 -- INFO -- Udapted solved Node 		Move name: RBJXXYNRHTWXDN-UHFFFAOYSA-N-MNXR137911_MNXM163634_6-0/ Biological score : 4.01/ Chemical score: 0.76
		Count: 1/ Score : 0/ Children: 0/ Terminal : True
		|AEMOLEFTQBMNLQ-UHFFFAOYSA-N- solved|GPRLSGONYQIRFK-UHFFFAOYSA-N|LHBFYVDYJZHOTB-UHFFFAOYSA-O| for the first time at iteration 10
18/07/2021 02:08:23 -- INFO -- Udapted solved Node 	Move name: VMGJMCCDXJNCOK-UHFFFAOYSA-N-MNXR119429_MNXM32738_6-1/ Biological score : 0.7/ Chemical score: 0.72
	Count: 1/ Score : 0/ Children: 1/ Terminal : False
	|GPRLSGONYQIRFK-UHFFFAOYSA-N|RBJXXYNRHTWXDN-UHFFFAOYSA-N| for the first time at iteration 10
18/07/2021 02:08:23 -- INFO -- Adding a child with move RBJXXYNRHTWXDN-UHFFFAOYSA-N-MNXR137888_MNXM163634_6-0 to node 
	Move name: VMGJMCCDXJNCOK-UHFFFAOYSA-N-MNXR119429_MNXM32738_6-1/ Biological score : 0.7/ Chemical score: 0.72
	Count: 1/ Score : 10.0/ Children: 1/ Terminal : False
	|GPRLSGONYQIRFK-UHFFFAOYSA-N|RBJXXYNRHTWXDN-UHFFFAOYSA-N|
18/07/2021 02:08:23 -- INFO -- Starting move obtention process with compound GPRLSGONYQIRFK-UHFFFAOYSA-N ([H+]) at 1626566903.6956258
18/07/2021 02:08:24 -- INFO -- 0 available rules
18/07/2021 02:08:24 -- INFO -- For compound GPRLSGONYQIRFK-UHFFFAOYSA-N, matching moves are []
18/07/2021 02:08:24 -- INFO -- Calculated moves in 0.33733248710632324 for compound GPRLSGONYQIRFK-UHFFFAOYSA-N - without caching
18/07/2021 02:08:24 -- INFO -- Starting move obtention process with compound ZJIFRTSXIKRZGN-UHFFFAOYSA-O ([H]OC(=O)C1=C([H])C(=C([H])C([H])=[N+]2c3c([H])c(O[H])c(OC4([H])OC([H])(C([H])([H])OC(=O)C([H])=C([H])c5c([H])c([H])c(OC([H])([H])[H])c(O[H])c5[H])C([H])(O[H])C([H])(O[H])C4([H])O[H])c([H])c3C([H])([H])C2([H])C(=O)O[H])C([H])([H])C([H])(C(=O)O[H])N1[H]) at 1626566904.046814
18/07/2021 02:08:24 -- INFO -- 88 available rules
18/07/2021 02:08:25 -- INFO -- For compound ZJIFRTSXIKRZGN-UHFFFAOYSA-O, matching moves are [ZJIFRTSXIKRZGN-UHFFFAOYSA-O-MNXR137888_MNXM12079_6-0, ZJIFRTSXIKRZGN-UHFFFAOYSA-O-MNXR137911_MNXM4465_6-0, ZJIFRTSXIKRZGN-UHFFFAOYSA-O-MNXR122342_MNXM4465_8-0, ZJIFRTSXIKRZGN-UHFFFAOYSA-O-MNXR112318_MNXM3931_6-0]
18/07/2021 02:08:25 -- INFO -- Calculated moves in 1.7271947860717773 for compound ZJIFRTSXIKRZGN-UHFFFAOYSA-O - without caching
18/07/2021 02:08:26 -- INFO -- Performing iteration 100 out of 1000
18/07/2021 02:08:27 -- INFO -- Performing iteration 200 out of 1000
18/07/2021 02:08:27 -- INFO -- Adding a child with move RBJXXYNRHTWXDN-UHFFFAOYSA-N-MNXR119315_MNXM1304_8-0 to node 
	Move name: VMGJMCCDXJNCOK-UHFFFAOYSA-N-MNXR119429_MNXM32738_6-1/ Biological score : 0.7/ Chemical score: 0.72
	Count: 2/ Score : 6.0/ Children: 2/ Terminal : False
	|GPRLSGONYQIRFK-UHFFFAOYSA-N|RBJXXYNRHTWXDN-UHFFFAOYSA-N|
18/07/2021 02:08:27 -- INFO -- Starting move obtention process with compound GPRLSGONYQIRFK-UHFFFAOYSA-N ([H+]) at 1626566907.8418927
18/07/2021 02:08:28 -- INFO -- 0 available rules
18/07/2021 02:08:28 -- INFO -- For compound GPRLSGONYQIRFK-UHFFFAOYSA-N, matching moves are []
18/07/2021 02:08:28 -- INFO -- Calculated moves in 0.34708523750305176 for compound GPRLSGONYQIRFK-UHFFFAOYSA-N - without caching
18/07/2021 02:08:28 -- INFO -- Starting move obtention process with compound JPTGOSSCOUCFGE-UHFFFAOYSA-N ([H]OC(=O)C([H])(O[H])C([H])(O[H])C([H])(O[H])C([H])(OC(=O)C([H])=C([H])c1c([H])c([H])c(OC([H])([H])[H])c(O[H])c1[H])C(=O)O[H]) at 1626566908.2042813
18/07/2021 02:08:28 -- INFO -- 157 available rules
18/07/2021 02:08:29 -- INFO -- For compound JPTGOSSCOUCFGE-UHFFFAOYSA-N, matching moves are [JPTGOSSCOUCFGE-UHFFFAOYSA-N-MNXR119315_MNXM5479_8-0, JPTGOSSCOUCFGE-UHFFFAOYSA-N-MNXR119314_MNXM120600_6-0]
18/07/2021 02:08:29 -- INFO -- Calculated moves in 1.0949175357818604 for compound JPTGOSSCOUCFGE-UHFFFAOYSA-N - without caching
18/07/2021 02:08:29 -- INFO -- Pathway is found at iteration 202
18/07/2021 02:08:29 -- INFO -- Udapted solved Node 		Move name: RBJXXYNRHTWXDN-UHFFFAOYSA-N-MNXR137888_MNXM163634_6-0/ Biological score : 4.01/ Chemical score: 0.76
		Count: 1/ Score : 0/ Children: 0/ Terminal : True
		|AEMOLEFTQBMNLQ-UHFFFAOYSA-N- solved|GPRLSGONYQIRFK-UHFFFAOYSA-N|ZJIFRTSXIKRZGN-UHFFFAOYSA-O| for the first time at iteration 202
18/07/2021 02:08:29 -- INFO -- Adding a child with move QJPVKEBTJJKZFP-UHFFFAOYSA-N-MNXR119315_MNXM1304_8-0 to node 
	Move name: VMGJMCCDXJNCOK-UHFFFAOYSA-N-MNXR119429_MNXM32738_6-0/ Biological score : 0.7/ Chemical score: 0.72
	Count: 2/ Score : 6.0/ Children: 2/ Terminal : False
	|GPRLSGONYQIRFK-UHFFFAOYSA-N|QJPVKEBTJJKZFP-UHFFFAOYSA-N|
18/07/2021 02:08:29 -- INFO -- Starting move obtention process with compound GPRLSGONYQIRFK-UHFFFAOYSA-N ([H+]) at 1626566909.5086129
18/07/2021 02:08:29 -- INFO -- 0 available rules
18/07/2021 02:08:29 -- INFO -- For compound GPRLSGONYQIRFK-UHFFFAOYSA-N, matching moves are []
18/07/2021 02:08:29 -- INFO -- Calculated moves in 0.31194019317626953 for compound GPRLSGONYQIRFK-UHFFFAOYSA-N - without caching
18/07/2021 02:08:29 -- INFO -- Starting move obtention process with compound JZRAOXRUPYISEN-UHFFFAOYSA-N ([H]OC(=O)C([H])(O[H])C([H])(O[H])C([H])(O[H])C([H])(OC(=O)C([H])=C([H])c1c([H])c([H])c(O[H])c(OC([H])([H])[H])c1[H])C(=O)O[H]) at 1626566909.8302827
18/07/2021 02:08:30 -- INFO -- 157 available rules
18/07/2021 02:08:30 -- INFO -- For compound JZRAOXRUPYISEN-UHFFFAOYSA-N, matching moves are [JZRAOXRUPYISEN-UHFFFAOYSA-N-MNXR119315_MNXM5479_8-0, JZRAOXRUPYISEN-UHFFFAOYSA-N-MNXR119314_MNXM120600_6-0]
18/07/2021 02:08:30 -- INFO -- Calculated moves in 1.0903022289276123 for compound JZRAOXRUPYISEN-UHFFFAOYSA-N - without caching
18/07/2021 02:08:30 -- INFO -- Pathway is found at iteration 203
18/07/2021 02:08:31 -- INFO -- Udapted solved Node 		Move name: QJPVKEBTJJKZFP-UHFFFAOYSA-N-MNXR137888_MNXM163634_6-0/ Biological score : 4.01/ Chemical score: 0.76
		Count: 1/ Score : 0/ Children: 0/ Terminal : True
		|AEMOLEFTQBMNLQ-UHFFFAOYSA-N- solved|BRMDRKOAVZEJCS-UHFFFAOYSA-O- solved|GPRLSGONYQIRFK-UHFFFAOYSA-N| for the first time at iteration 203
18/07/2021 02:08:31 -- INFO -- Adding a child with move RBJXXYNRHTWXDN-UHFFFAOYSA-N-MNXR119313_MNXM8980_8-0 to node 
	Move name: VMGJMCCDXJNCOK-UHFFFAOYSA-N-MNXR119429_MNXM32738_6-1/ Biological score : 0.7/ Chemical score: 0.72
	Count: 3/ Score : 7.33/ Children: 3/ Terminal : False
	|GPRLSGONYQIRFK-UHFFFAOYSA-N|RBJXXYNRHTWXDN-UHFFFAOYSA-N|
18/07/2021 02:08:31 -- INFO -- Starting move obtention process with compound GPRLSGONYQIRFK-UHFFFAOYSA-N ([H+]) at 1626566911.658566
18/07/2021 02:08:31 -- INFO -- 0 available rules
18/07/2021 02:08:31 -- INFO -- For compound GPRLSGONYQIRFK-UHFFFAOYSA-N, matching moves are []
18/07/2021 02:08:31 -- INFO -- Calculated moves in 0.3139643669128418 for compound GPRLSGONYQIRFK-UHFFFAOYSA-N - without caching
18/07/2021 02:08:31 -- INFO -- Starting move obtention process with compound YJNVPWSPOPRPMI-UHFFFAOYSA-N ([H]OC(=O)C([H])(O[H])C([H])(OC(=O)C([H])=C([H])c1c([H])c([H])c(OC([H])([H])[H])c(O[H])c1[H])C(=O)O[H]) at 1626566911.9824595
18/07/2021 02:08:32 -- INFO -- 167 available rules
18/07/2021 02:08:33 -- INFO -- For compound YJNVPWSPOPRPMI-UHFFFAOYSA-N, matching moves are [YJNVPWSPOPRPMI-UHFFFAOYSA-N-MNXR119314_MNXM120600_8-0, YJNVPWSPOPRPMI-UHFFFAOYSA-N-MNXR119313_MNXM120600_8-0, YJNVPWSPOPRPMI-UHFFFAOYSA-N-MNXR112307_MNXM3954_6-0]
18/07/2021 02:08:33 -- INFO -- Calculated moves in 1.2763683795928955 for compound YJNVPWSPOPRPMI-UHFFFAOYSA-N - without caching
18/07/2021 02:08:33 -- INFO -- Adding a child with move QJPVKEBTJJKZFP-UHFFFAOYSA-N-MNXR119313_MNXM8980_8-0 to node 
	Move name: VMGJMCCDXJNCOK-UHFFFAOYSA-N-MNXR119429_MNXM32738_6-0/ Biological score : 0.7/ Chemical score: 0.72
	Count: 3/ Score : 7.33/ Children: 3/ Terminal : False
	|GPRLSGONYQIRFK-UHFFFAOYSA-N|QJPVKEBTJJKZFP-UHFFFAOYSA-N|
18/07/2021 02:08:33 -- INFO -- Starting move obtention process with compound GPRLSGONYQIRFK-UHFFFAOYSA-N ([H+]) at 1626566913.4029164
18/07/2021 02:08:33 -- INFO -- 0 available rules
18/07/2021 02:08:33 -- INFO -- For compound GPRLSGONYQIRFK-UHFFFAOYSA-N, matching moves are []
18/07/2021 02:08:33 -- INFO -- Calculated moves in 0.3560492992401123 for compound GPRLSGONYQIRFK-UHFFFAOYSA-N - without caching
18/07/2021 02:08:33 -- INFO -- Starting move obtention process with compound XIWXUSFCUBAMFH-UHFFFAOYSA-N ([H]OC(=O)C([H])(O[H])C([H])(OC(=O)C([H])=C([H])c1c([H])c([H])c(O[H])c(OC([H])([H])[H])c1[H])C(=O)O[H]) at 1626566913.7741148
18/07/2021 02:08:34 -- INFO -- 167 available rules
18/07/2021 02:08:35 -- INFO -- For compound XIWXUSFCUBAMFH-UHFFFAOYSA-N, matching moves are [XIWXUSFCUBAMFH-UHFFFAOYSA-N-MNXR119314_MNXM120600_8-0, XIWXUSFCUBAMFH-UHFFFAOYSA-N-MNXR119313_MNXM120600_8-0, XIWXUSFCUBAMFH-UHFFFAOYSA-N-MNXR112307_MNXM3954_6-0]
18/07/2021 02:08:35 -- INFO -- Calculated moves in 1.505568265914917 for compound XIWXUSFCUBAMFH-UHFFFAOYSA-N - without caching
18/07/2021 02:08:35 -- INFO -- Performing iteration 300 out of 1000
18/07/2021 02:08:35 -- INFO -- Adding a child with move RBJXXYNRHTWXDN-UHFFFAOYSA-N-MNXR118719_MNXM8980_8-0 to node 
	Move name: VMGJMCCDXJNCOK-UHFFFAOYSA-N-MNXR119429_MNXM32738_6-1/ Biological score : 0.7/ Chemical score: 0.72
	Count: 4/ Score : 6.0/ Children: 4/ Terminal : False
	|GPRLSGONYQIRFK-UHFFFAOYSA-N|RBJXXYNRHTWXDN-UHFFFAOYSA-N|
18/07/2021 02:08:36 -- INFO -- Starting move obtention process with compound GPRLSGONYQIRFK-UHFFFAOYSA-N ([H+]) at 1626566916.0122995
18/07/2021 02:08:36 -- INFO -- 0 available rules
18/07/2021 02:08:36 -- INFO -- For compound GPRLSGONYQIRFK-UHFFFAOYSA-N, matching moves are []
18/07/2021 02:08:36 -- INFO -- Calculated moves in 0.34601736068725586 for compound GPRLSGONYQIRFK-UHFFFAOYSA-N - without caching
18/07/2021 02:08:36 -- INFO -- Starting move obtention process with compound LCPLYXWPOOMWHV-UHFFFAOYSA-N ([H]OC(=O)C([H])([H])C(=O)OC([H])([H])C1([H])OC([H])(Oc2c(-c3c([H])c(OC4([H])OC([H])(C([H])([H])O[H])C([H])(O[H])C([H])(O[H])C4([H])O[H])c(O[H])c(OC4([H])OC([H])(C([H])([H])OC(=O)C([H])=C([H])c5c([H])c([H])c(OC([H])([H])[H])c(O[H])c5[H])C([H])(O[H])C([H])(O[H])C4([H])O[H])c3[H])oc3c([H])c(O[H])c([H])c(=O)c-3c2[H])C([H])(O[H])C([H])(O[H])C1([H])O[H]) at 1626566916.372246
18/07/2021 02:08:36 -- INFO -- 142 available rules
18/07/2021 02:08:43 -- INFO -- For compound LCPLYXWPOOMWHV-UHFFFAOYSA-N, matching moves are [LCPLYXWPOOMWHV-UHFFFAOYSA-N-MNXR118719_MNXM83656_8-0, LCPLYXWPOOMWHV-UHFFFAOYSA-N-MNXR118461_MNXM80233_8-0, LCPLYXWPOOMWHV-UHFFFAOYSA-N-MNXR118461_MNXM80233_8-1, LCPLYXWPOOMWHV-UHFFFAOYSA-N-MNXR118461_MNXM80233_8-2, LCPLYXWPOOMWHV-UHFFFAOYSA-N-MNXR118453_MNXM114519_8-0, LCPLYXWPOOMWHV-UHFFFAOYSA-N-MNXR118461_MNXM80233_6-0, LCPLYXWPOOMWHV-UHFFFAOYSA-N-MNXR118461_MNXM80233_6-1, LCPLYXWPOOMWHV-UHFFFAOYSA-N-MNXR118461_MNXM80233_6-2]
18/07/2021 02:08:43 -- INFO -- Calculated moves in 6.663721799850464 for compound LCPLYXWPOOMWHV-UHFFFAOYSA-N - without caching
18/07/2021 02:08:43 -- INFO -- Pathway is found at iteration 340
18/07/2021 02:08:43 -- INFO -- Udapted solved Node 		Move name: RBJXXYNRHTWXDN-UHFFFAOYSA-N-MNXR119315_MNXM1304_8-0/ Biological score : 2.26/ Chemical score: 0.69
		Count: 1/ Score : 0/ Children: 0/ Terminal : True
		|AEMOLEFTQBMNLQ-UHFFFAOYSA-N- solved|GPRLSGONYQIRFK-UHFFFAOYSA-N|JPTGOSSCOUCFGE-UHFFFAOYSA-N| for the first time at iteration 340
18/07/2021 02:08:43 -- INFO -- Adding a child with move QJPVKEBTJJKZFP-UHFFFAOYSA-N-MNXR118719_MNXM8980_8-0 to node 
	Move name: VMGJMCCDXJNCOK-UHFFFAOYSA-N-MNXR119429_MNXM32738_6-0/ Biological score : 0.7/ Chemical score: 0.72
	Count: 4/ Score : 6.0/ Children: 4/ Terminal : False
	|GPRLSGONYQIRFK-UHFFFAOYSA-N|QJPVKEBTJJKZFP-UHFFFAOYSA-N|
18/07/2021 02:08:43 -- INFO -- Starting move obtention process with compound GPRLSGONYQIRFK-UHFFFAOYSA-N ([H+]) at 1626566923.268985
18/07/2021 02:08:43 -- INFO -- 0 available rules
18/07/2021 02:08:43 -- INFO -- For compound GPRLSGONYQIRFK-UHFFFAOYSA-N, matching moves are []
18/07/2021 02:08:43 -- INFO -- Calculated moves in 0.3374364376068115 for compound GPRLSGONYQIRFK-UHFFFAOYSA-N - without caching
18/07/2021 02:08:43 -- INFO -- Starting move obtention process with compound HSGOZMUSVFCROL-UHFFFAOYSA-N ([H]OC(=O)C([H])([H])C(=O)OC([H])([H])C1([H])OC([H])(Oc2c(-c3c([H])c(OC4([H])OC([H])(C([H])([H])O[H])C([H])(O[H])C([H])(O[H])C4([H])O[H])c(O[H])c(OC4([H])OC([H])(C([H])([H])OC(=O)C([H])=C([H])c5c([H])c([H])c(O[H])c(OC([H])([H])[H])c5[H])C([H])(O[H])C([H])(O[H])C4([H])O[H])c3[H])oc3c([H])c(O[H])c([H])c(=O)c-3c2[H])C([H])(O[H])C([H])(O[H])C1([H])O[H]) at 1626566923.6173348
18/07/2021 02:08:43 -- INFO -- 142 available rules
18/07/2021 02:08:50 -- INFO -- For compound HSGOZMUSVFCROL-UHFFFAOYSA-N, matching moves are [HSGOZMUSVFCROL-UHFFFAOYSA-N-MNXR118719_MNXM83656_8-0, HSGOZMUSVFCROL-UHFFFAOYSA-N-MNXR118461_MNXM80233_8-0, HSGOZMUSVFCROL-UHFFFAOYSA-N-MNXR118461_MNXM80233_8-1, HSGOZMUSVFCROL-UHFFFAOYSA-N-MNXR118461_MNXM80233_8-2, HSGOZMUSVFCROL-UHFFFAOYSA-N-MNXR118453_MNXM114519_8-0, HSGOZMUSVFCROL-UHFFFAOYSA-N-MNXR118461_MNXM80233_6-0, HSGOZMUSVFCROL-UHFFFAOYSA-N-MNXR118461_MNXM80233_6-1, HSGOZMUSVFCROL-UHFFFAOYSA-N-MNXR118461_MNXM80233_6-2]
18/07/2021 02:08:50 -- INFO -- Calculated moves in 6.814379930496216 for compound HSGOZMUSVFCROL-UHFFFAOYSA-N - without caching
18/07/2021 02:08:50 -- INFO -- Pathway is found at iteration 341
18/07/2021 02:08:50 -- INFO -- Udapted solved Node 		Move name: QJPVKEBTJJKZFP-UHFFFAOYSA-N-MNXR119315_MNXM1304_8-0/ Biological score : 2.26/ Chemical score: 0.69
		Count: 1/ Score : 0/ Children: 0/ Terminal : True
		|AEMOLEFTQBMNLQ-UHFFFAOYSA-N- solved|GPRLSGONYQIRFK-UHFFFAOYSA-N|JZRAOXRUPYISEN-UHFFFAOYSA-N| for the first time at iteration 341
18/07/2021 02:08:51 -- INFO -- Performing iteration 400 out of 1000
18/07/2021 02:08:51 -- INFO -- Looping move in node |GPRLSGONYQIRFK-UHFFFAOYSA-N|RBJXXYNRHTWXDN-UHFFFAOYSA-N|-1 for move RBJXXYNRHTWXDN-UHFFFAOYSA-N-MNXR119429_MNXM13920_6-0
18/07/2021 02:08:51 -- INFO -- Starting move obtention process with compound GPRLSGONYQIRFK-UHFFFAOYSA-N ([H+]) at 1626566931.1037107
18/07/2021 02:08:51 -- INFO -- 0 available rules
18/07/2021 02:08:51 -- INFO -- For compound GPRLSGONYQIRFK-UHFFFAOYSA-N, matching moves are []
18/07/2021 02:08:51 -- INFO -- Calculated moves in 0.33524489402770996 for compound GPRLSGONYQIRFK-UHFFFAOYSA-N - without caching
18/07/2021 02:08:51 -- INFO -- Starting move obtention process with compound RBJXXYNRHTWXDN-UHFFFAOYSA-N ([H]OC(=O)C1([H])OC([H])(OC(=O)C([H])=C([H])c2c([H])c([H])c(OC([H])([H])[H])c(O[H])c2[H])C([H])(O[H])C([H])(O[H])C1([H])O[H]) at 1626566931.4482148
18/07/2021 02:08:51 -- INFO -- 92 available rules
18/07/2021 02:08:52 -- INFO -- For compound RBJXXYNRHTWXDN-UHFFFAOYSA-N, matching moves are [RBJXXYNRHTWXDN-UHFFFAOYSA-N-MNXR137911_MNXM163634_8-0, RBJXXYNRHTWXDN-UHFFFAOYSA-N-MNXR137888_MNXM163634_8-0, RBJXXYNRHTWXDN-UHFFFAOYSA-N-MNXR119315_MNXM1304_6-0, RBJXXYNRHTWXDN-UHFFFAOYSA-N-MNXR119313_MNXM8980_6-0, RBJXXYNRHTWXDN-UHFFFAOYSA-N-MNXR118719_MNXM8980_6-0]
18/07/2021 02:08:52 -- INFO -- Calculated moves in 1.211414098739624 for compound RBJXXYNRHTWXDN-UHFFFAOYSA-N - without caching
18/07/2021 02:08:52 -- INFO -- Starting move obtention process with compound GPRLSGONYQIRFK-UHFFFAOYSA-N ([H+]) at 1626566932.7055337
18/07/2021 02:08:53 -- INFO -- 0 available rules
18/07/2021 02:08:53 -- INFO -- For compound GPRLSGONYQIRFK-UHFFFAOYSA-N, matching moves are []
18/07/2021 02:08:53 -- INFO -- Calculated moves in 0.4261281490325928 for compound GPRLSGONYQIRFK-UHFFFAOYSA-N - without caching
18/07/2021 02:08:53 -- INFO -- Starting move obtention process with compound LCPLYXWPOOMWHV-UHFFFAOYSA-N ([H]OC(=O)C([H])([H])C(=O)OC([H])([H])C1([H])OC([H])(Oc2c(-c3c([H])c(OC4([H])OC([H])(C([H])([H])O[H])C([H])(O[H])C([H])(O[H])C4([H])O[H])c(O[H])c(OC4([H])OC([H])(C([H])([H])OC(=O)C([H])=C([H])c5c([H])c([H])c(OC([H])([H])[H])c(O[H])c5[H])C([H])(O[H])C([H])(O[H])C4([H])O[H])c3[H])oc3c([H])c(O[H])c([H])c(=O)c-3c2[H])C([H])(O[H])C([H])(O[H])C1([H])O[H]) at 1626566933.1439493
18/07/2021 02:08:53 -- INFO -- 142 available rules
18/07/2021 02:08:59 -- INFO -- For compound LCPLYXWPOOMWHV-UHFFFAOYSA-N, matching moves are [LCPLYXWPOOMWHV-UHFFFAOYSA-N-MNXR118719_MNXM83656_8-0, LCPLYXWPOOMWHV-UHFFFAOYSA-N-MNXR118461_MNXM80233_8-0, LCPLYXWPOOMWHV-UHFFFAOYSA-N-MNXR118461_MNXM80233_8-1, LCPLYXWPOOMWHV-UHFFFAOYSA-N-MNXR118461_MNXM80233_8-2, LCPLYXWPOOMWHV-UHFFFAOYSA-N-MNXR118453_MNXM114519_8-0, LCPLYXWPOOMWHV-UHFFFAOYSA-N-MNXR118461_MNXM80233_6-0, LCPLYXWPOOMWHV-UHFFFAOYSA-N-MNXR118461_MNXM80233_6-1, LCPLYXWPOOMWHV-UHFFFAOYSA-N-MNXR118461_MNXM80233_6-2]
18/07/2021 02:08:59 -- INFO -- Calculated moves in 6.834390640258789 for compound LCPLYXWPOOMWHV-UHFFFAOYSA-N - without caching
18/07/2021 02:09:00 -- INFO -- Rollout results are 2, True
18/07/2021 02:09:00 -- INFO -- Looping move in node |GPRLSGONYQIRFK-UHFFFAOYSA-N|QJPVKEBTJJKZFP-UHFFFAOYSA-N|-1 for move QJPVKEBTJJKZFP-UHFFFAOYSA-N-MNXR119429_MNXM13920_6-0
18/07/2021 02:09:00 -- INFO -- Starting move obtention process with compound GPRLSGONYQIRFK-UHFFFAOYSA-N ([H+]) at 1626566940.0453684
18/07/2021 02:09:00 -- INFO -- 0 available rules
18/07/2021 02:09:00 -- INFO -- For compound GPRLSGONYQIRFK-UHFFFAOYSA-N, matching moves are []
18/07/2021 02:09:00 -- INFO -- Calculated moves in 0.3413360118865967 for compound GPRLSGONYQIRFK-UHFFFAOYSA-N - without caching
18/07/2021 02:09:00 -- INFO -- Starting move obtention process with compound QJPVKEBTJJKZFP-UHFFFAOYSA-N ([H]OC(=O)C1([H])OC([H])(OC(=O)C([H])=C([H])c2c([H])c([H])c(O[H])c(OC([H])([H])[H])c2[H])C([H])(O[H])C([H])(O[H])C1([H])O[H]) at 1626566940.398697
18/07/2021 02:09:00 -- INFO -- 92 available rules
18/07/2021 02:09:01 -- INFO -- For compound QJPVKEBTJJKZFP-UHFFFAOYSA-N, matching moves are [QJPVKEBTJJKZFP-UHFFFAOYSA-N-MNXR137911_MNXM163634_8-0, QJPVKEBTJJKZFP-UHFFFAOYSA-N-MNXR137888_MNXM163634_8-0, QJPVKEBTJJKZFP-UHFFFAOYSA-N-MNXR119315_MNXM1304_6-0, QJPVKEBTJJKZFP-UHFFFAOYSA-N-MNXR119313_MNXM8980_6-0, QJPVKEBTJJKZFP-UHFFFAOYSA-N-MNXR118719_MNXM8980_6-0, QJPVKEBTJJKZFP-UHFFFAOYSA-N-MNXR119429_MNXM13920_8-0]
18/07/2021 02:09:01 -- INFO -- Calculated moves in 1.2977423667907715 for compound QJPVKEBTJJKZFP-UHFFFAOYSA-N - without caching
18/07/2021 02:09:01 -- INFO -- Starting move obtention process with compound GPRLSGONYQIRFK-UHFFFAOYSA-N ([H+]) at 1626566941.7516181
18/07/2021 02:09:02 -- INFO -- 0 available rules
18/07/2021 02:09:02 -- INFO -- For compound GPRLSGONYQIRFK-UHFFFAOYSA-N, matching moves are []
18/07/2021 02:09:02 -- INFO -- Calculated moves in 0.3159620761871338 for compound GPRLSGONYQIRFK-UHFFFAOYSA-N - without caching
18/07/2021 02:09:02 -- INFO -- Rollout results are 2, True
18/07/2021 02:09:02 -- INFO -- Looping move in node |GPRLSGONYQIRFK-UHFFFAOYSA-N|RBJXXYNRHTWXDN-UHFFFAOYSA-N|-1 for move RBJXXYNRHTWXDN-UHFFFAOYSA-N-MNXR119429_MNXM32738_6-0
18/07/2021 02:09:02 -- INFO -- Starting move obtention process with compound GPRLSGONYQIRFK-UHFFFAOYSA-N ([H+]) at 1626566942.6866353
18/07/2021 02:09:02 -- INFO -- 0 available rules
18/07/2021 02:09:02 -- INFO -- For compound GPRLSGONYQIRFK-UHFFFAOYSA-N, matching moves are []
18/07/2021 02:09:02 -- INFO -- Calculated moves in 0.3061063289642334 for compound GPRLSGONYQIRFK-UHFFFAOYSA-N - without caching
18/07/2021 02:09:03 -- INFO -- Starting move obtention process with compound RBJXXYNRHTWXDN-UHFFFAOYSA-N ([H]OC(=O)C1([H])OC([H])(OC(=O)C([H])=C([H])c2c([H])c([H])c(OC([H])([H])[H])c(O[H])c2[H])C([H])(O[H])C([H])(O[H])C1([H])O[H]) at 1626566943.002058
18/07/2021 02:09:03 -- INFO -- 94 available rules
18/07/2021 02:09:04 -- INFO -- For compound RBJXXYNRHTWXDN-UHFFFAOYSA-N, matching moves are [RBJXXYNRHTWXDN-UHFFFAOYSA-N-MNXR137911_MNXM163634_6-0, RBJXXYNRHTWXDN-UHFFFAOYSA-N-MNXR137888_MNXM163634_6-0, RBJXXYNRHTWXDN-UHFFFAOYSA-N-MNXR119315_MNXM1304_8-0, RBJXXYNRHTWXDN-UHFFFAOYSA-N-MNXR119313_MNXM8980_8-0, RBJXXYNRHTWXDN-UHFFFAOYSA-N-MNXR118719_MNXM8980_8-0, RBJXXYNRHTWXDN-UHFFFAOYSA-N-MNXR119429_MNXM13920_6-0, RBJXXYNRHTWXDN-UHFFFAOYSA-N-MNXR119429_MNXM32738_6-0]
18/07/2021 02:09:04 -- INFO -- Calculated moves in 1.2538583278656006 for compound RBJXXYNRHTWXDN-UHFFFAOYSA-N - without caching
18/07/2021 02:09:04 -- INFO -- Starting move obtention process with compound GPRLSGONYQIRFK-UHFFFAOYSA-N ([H+]) at 1626566944.3145132
18/07/2021 02:09:04 -- INFO -- 0 available rules
18/07/2021 02:09:04 -- INFO -- For compound GPRLSGONYQIRFK-UHFFFAOYSA-N, matching moves are []
18/07/2021 02:09:04 -- INFO -- Calculated moves in 0.3465118408203125 for compound GPRLSGONYQIRFK-UHFFFAOYSA-N - without caching
18/07/2021 02:09:04 -- INFO -- Starting move obtention process with compound LHBFYVDYJZHOTB-UHFFFAOYSA-O ([H]OC(=O)C1=C([H])C(=C([H])C([H])=[N+]2c3c([H])c(O[H])c(OC4([H])OC([H])(C([H])([H])O[H])C([H])(O[H])C([H])(O[H])C4([H])OC4([H])OC([H])(C(=O)O[H])C([H])(O[H])C([H])(O[H])C4([H])OC(=O)C([H])=C([H])c4c([H])c([H])c(OC([H])([H])[H])c(O[H])c4[H])c([H])c3C([H])([H])C2([H])C(=O)O[H])C([H])([H])C([H])(C(=O)O[H])N1[H]) at 1626566944.6729314
18/07/2021 02:09:04 -- INFO -- 88 available rules
18/07/2021 02:09:06 -- INFO -- For compound LHBFYVDYJZHOTB-UHFFFAOYSA-O, matching moves are [LHBFYVDYJZHOTB-UHFFFAOYSA-O-MNXR137911_MNXM8385_6-0, LHBFYVDYJZHOTB-UHFFFAOYSA-O-MNXR137888_MNXM3931_6-0, LHBFYVDYJZHOTB-UHFFFAOYSA-O-MNXR118696_MNXM3931_8-0]
18/07/2021 02:09:06 -- INFO -- Calculated moves in 1.989419937133789 for compound LHBFYVDYJZHOTB-UHFFFAOYSA-O - without caching
18/07/2021 02:09:06 -- INFO -- Rollout results are 2, True
18/07/2021 02:09:06 -- INFO -- Looping move in node |GPRLSGONYQIRFK-UHFFFAOYSA-N|QJPVKEBTJJKZFP-UHFFFAOYSA-N|-1 for move QJPVKEBTJJKZFP-UHFFFAOYSA-N-MNXR119429_MNXM32738_6-0
18/07/2021 02:09:06 -- INFO -- Starting move obtention process with compound GPRLSGONYQIRFK-UHFFFAOYSA-N ([H+]) at 1626566946.7259257
18/07/2021 02:09:07 -- INFO -- 0 available rules
18/07/2021 02:09:07 -- INFO -- For compound GPRLSGONYQIRFK-UHFFFAOYSA-N, matching moves are []
18/07/2021 02:09:07 -- INFO -- Calculated moves in 0.31692075729370117 for compound GPRLSGONYQIRFK-UHFFFAOYSA-N - without caching
18/07/2021 02:09:07 -- INFO -- Starting move obtention process with compound QJPVKEBTJJKZFP-UHFFFAOYSA-N ([H]OC(=O)C1([H])OC([H])(OC(=O)C([H])=C([H])c2c([H])c([H])c(O[H])c(OC([H])([H])[H])c2[H])C([H])(O[H])C([H])(O[H])C1([H])O[H]) at 1626566947.0531085
18/07/2021 02:09:07 -- INFO -- 93 available rules
18/07/2021 02:09:08 -- INFO -- For compound QJPVKEBTJJKZFP-UHFFFAOYSA-N, matching moves are [QJPVKEBTJJKZFP-UHFFFAOYSA-N-MNXR137911_MNXM163634_6-0, QJPVKEBTJJKZFP-UHFFFAOYSA-N-MNXR137888_MNXM163634_6-0, QJPVKEBTJJKZFP-UHFFFAOYSA-N-MNXR119315_MNXM1304_8-0, QJPVKEBTJJKZFP-UHFFFAOYSA-N-MNXR119313_MNXM8980_8-0, QJPVKEBTJJKZFP-UHFFFAOYSA-N-MNXR118719_MNXM8980_8-0, QJPVKEBTJJKZFP-UHFFFAOYSA-N-MNXR119429_MNXM13920_6-0, QJPVKEBTJJKZFP-UHFFFAOYSA-N-MNXR119429_MNXM32738_6-0]
18/07/2021 02:09:08 -- INFO -- Calculated moves in 1.3148560523986816 for compound QJPVKEBTJJKZFP-UHFFFAOYSA-N - without caching
18/07/2021 02:09:08 -- INFO -- Starting move obtention process with compound GPRLSGONYQIRFK-UHFFFAOYSA-N ([H+]) at 1626566948.407157
18/07/2021 02:09:08 -- INFO -- 0 available rules
18/07/2021 02:09:08 -- INFO -- For compound GPRLSGONYQIRFK-UHFFFAOYSA-N, matching moves are []
18/07/2021 02:09:08 -- INFO -- Calculated moves in 0.34113001823425293 for compound GPRLSGONYQIRFK-UHFFFAOYSA-N - without caching
18/07/2021 02:09:08 -- INFO -- Starting move obtention process with compound HSGOZMUSVFCROL-UHFFFAOYSA-N ([H]OC(=O)C([H])([H])C(=O)OC([H])([H])C1([H])OC([H])(Oc2c(-c3c([H])c(OC4([H])OC([H])(C([H])([H])O[H])C([H])(O[H])C([H])(O[H])C4([H])O[H])c(O[H])c(OC4([H])OC([H])(C([H])([H])OC(=O)C([H])=C([H])c5c([H])c([H])c(O[H])c(OC([H])([H])[H])c5[H])C([H])(O[H])C([H])(O[H])C4([H])O[H])c3[H])oc3c([H])c(O[H])c([H])c(=O)c-3c2[H])C([H])(O[H])C([H])(O[H])C1([H])O[H]) at 1626566948.758532
18/07/2021 02:09:09 -- INFO -- 142 available rules
18/07/2021 02:09:15 -- INFO -- For compound HSGOZMUSVFCROL-UHFFFAOYSA-N, matching moves are [HSGOZMUSVFCROL-UHFFFAOYSA-N-MNXR118719_MNXM83656_8-0, HSGOZMUSVFCROL-UHFFFAOYSA-N-MNXR118461_MNXM80233_8-0, HSGOZMUSVFCROL-UHFFFAOYSA-N-MNXR118461_MNXM80233_8-1, HSGOZMUSVFCROL-UHFFFAOYSA-N-MNXR118461_MNXM80233_8-2, HSGOZMUSVFCROL-UHFFFAOYSA-N-MNXR118453_MNXM114519_8-0, HSGOZMUSVFCROL-UHFFFAOYSA-N-MNXR118461_MNXM80233_6-0, HSGOZMUSVFCROL-UHFFFAOYSA-N-MNXR118461_MNXM80233_6-1, HSGOZMUSVFCROL-UHFFFAOYSA-N-MNXR118461_MNXM80233_6-2]
18/07/2021 02:09:15 -- INFO -- Calculated moves in 6.457325220108032 for compound HSGOZMUSVFCROL-UHFFFAOYSA-N - without caching
18/07/2021 02:09:15 -- INFO -- Rollout results are 2, True
18/07/2021 02:09:15 -- INFO -- Performing iteration 500 out of 1000
18/07/2021 02:09:16 -- INFO -- Performing iteration 600 out of 1000
18/07/2021 02:09:16 -- INFO -- Pathway is found at iteration 630
18/07/2021 02:09:16 -- INFO -- Udapted solved Node 		Move name: RBJXXYNRHTWXDN-UHFFFAOYSA-N-MNXR119313_MNXM8980_8-0/ Biological score : 2.26/ Chemical score: 0.63
		Count: 1/ Score : 0/ Children: 0/ Terminal : True
		|AEMOLEFTQBMNLQ-UHFFFAOYSA-N- solved|GPRLSGONYQIRFK-UHFFFAOYSA-N|YJNVPWSPOPRPMI-UHFFFAOYSA-N| for the first time at iteration 630
18/07/2021 02:09:16 -- INFO -- Pathway is found at iteration 631
18/07/2021 02:09:16 -- INFO -- Udapted solved Node 		Move name: QJPVKEBTJJKZFP-UHFFFAOYSA-N-MNXR119313_MNXM8980_8-0/ Biological score : 2.26/ Chemical score: 0.63
		Count: 1/ Score : 0/ Children: 0/ Terminal : True
		|AEMOLEFTQBMNLQ-UHFFFAOYSA-N- solved|GPRLSGONYQIRFK-UHFFFAOYSA-N|XIWXUSFCUBAMFH-UHFFFAOYSA-N| for the first time at iteration 631
18/07/2021 02:09:17 -- INFO -- Performing iteration 700 out of 1000
18/07/2021 02:09:17 -- INFO -- Pathway is found at iteration 766
18/07/2021 02:09:17 -- INFO -- Udapted solved Node 		Move name: RBJXXYNRHTWXDN-UHFFFAOYSA-N-MNXR118719_MNXM8980_8-0/ Biological score : 2.26/ Chemical score: 0.63
		Count: 1/ Score : 0/ Children: 0/ Terminal : True
		|AEMOLEFTQBMNLQ-UHFFFAOYSA-N- solved|GPRLSGONYQIRFK-UHFFFAOYSA-N|LCPLYXWPOOMWHV-UHFFFAOYSA-N| for the first time at iteration 766
18/07/2021 02:09:17 -- INFO -- Pathway is found at iteration 767
18/07/2021 02:09:17 -- INFO -- Udapted solved Node 		Move name: QJPVKEBTJJKZFP-UHFFFAOYSA-N-MNXR118719_MNXM8980_8-0/ Biological score : 2.26/ Chemical score: 0.63
		Count: 1/ Score : 0/ Children: 0/ Terminal : True
		|AEMOLEFTQBMNLQ-UHFFFAOYSA-N- solved|GPRLSGONYQIRFK-UHFFFAOYSA-N|HSGOZMUSVFCROL-UHFFFAOYSA-N| for the first time at iteration 767
18/07/2021 02:09:18 -- INFO -- Performing iteration 800 out of 1000
18/07/2021 02:09:18 -- INFO -- Performing iteration 900 out of 1000
18/07/2021 02:09:19 -- INFO -- ---------------End of search informations------------------ 
Tree search finished running at 2h 9min 19s 
Your tree search took 7.8e+01s 
 
Time was spent in selection: 3.2e-02s, expansion: 4.5e+01s, rollout: 2.3e+01s, update: 5.1e-01s 
CONGRATULATIONS, THATS A WIN
18/07/2021 02:09:19 -- INFO -- At the end of this tree search, the cache contains 0
18/07/2021 02:09:19 -- WARNING -- RECAP TIME_EXECUTION=77.98
18/07/2021 02:09:19 -- WARNING -- RECAP STOP_REASON=iteration
18/07/2021 02:09:19 -- WARNING -- RECAP NUMBER_ITERATION=999
18/07/2021 02:09:20 -- INFO -- According to Wikipedia, choosing the pathway with the most visists 
 This could be replaced by the best score
18/07/2021 02:09:20 -- INFO -- Found 14 pathways for Caffeoyl_C1-glucuronide
18/07/2021 02:09:20 -- INFO -- 14 pathways were found
18/07/2021 02:09:20 -- INFO -- At the end of this tree search, the cache contains 0
