18/07/2021 02:07:36 -- WARNING -- Setting the seed at 1234
18/07/2021 02:07:36 -- INFO -- Stating global parameters from configuration file
18/07/2021 02:07:36 -- INFO -- Using retrosynthesis: False - using biosensor True
18/07/2021 02:07:36 -- INFO -- Full search - no stopping at first result
18/07/2021 02:07:36 -- INFO -- Setting the DB from config file: Installed package: True. Using cache DB: False; Replacing results: False
18/07/2021 02:07:36 -- INFO -- Initialising an empty cache: {}; Using it: False
18/07/2021 02:07:36 -- INFO -- -------------------Scoring configurations -------------------------
18/07/2021 02:07:36 -- INFO -- Using biological cut off at 0.1
18/07/2021 02:07:36 -- INFO -- Using substrate only cut off at 0.6
18/07/2021 02:07:36 -- INFO -- Using chemical score cut off at 0.6
18/07/2021 02:07:36 -- INFO -- -------------------MCTS configurations -------------------------
18/07/2021 02:07:36 -- INFO -- Setting the minimal visit count for a node at 1
18/07/2021 02:07:36 -- INFO -- Using RAVE: False
18/07/2021 02:07:36 -- INFO -- -------------------Chemical configurations -------------------------
18/07/2021 02:07:36 -- INFO -- Using explicit hydrogens : True
18/07/2021 02:07:36 -- INFO -- Using detectable compounds as sink as running in biosensor mode.
18/07/2021 02:07:36 -- INFO -- Main layer was set to True. Sanitising state
18/07/2021 02:07:59 -- INFO -- Main layer was set to True. Sanitising state
18/07/2021 02:07:59 -- INFO -- Starting move obtention process with compound Feruloyl_C1-glucuronide ([H]OC(=O)C1([H])OC([H])(OC(=O)C([H])=C([H])c2c([H])c([H])c(O[H])c(OC([H])([H])[H])c2[H])C([H])(O[H])C([H])(O[H])C1([H])O[H]) at 1626566879.1632042
18/07/2021 02:07:59 -- INFO -- 99 available rules
18/07/2021 02:08:00 -- INFO -- For compound Feruloyl_C1-glucuronide, matching moves are [QJPVKEBTJJKZFP-UHFFFAOYSA-N-MNXR137911_MNXM163634_6-0, QJPVKEBTJJKZFP-UHFFFAOYSA-N-MNXR137888_MNXM163634_6-0, QJPVKEBTJJKZFP-UHFFFAOYSA-N-MNXR119315_MNXM1304_8-0, QJPVKEBTJJKZFP-UHFFFAOYSA-N-MNXR119313_MNXM8980_8-0, QJPVKEBTJJKZFP-UHFFFAOYSA-N-MNXR118719_MNXM8980_8-0, QJPVKEBTJJKZFP-UHFFFAOYSA-N-MNXR119429_MNXM13920_6-0, QJPVKEBTJJKZFP-UHFFFAOYSA-N-MNXR119429_MNXM32738_6-0]
18/07/2021 02:08:00 -- INFO -- Calculated moves in 1.67173171043396 for compound QJPVKEBTJJKZFP-UHFFFAOYSA-N - without caching
18/07/2021 02:08:00 -- INFO -- ---------------Beginning of search informations------------------ 
UCT policy is : Biochemical_UCT_1 
Rollout policy is : Rollout_policy_random_uniform_on_biochemical_multiplication_score 
Rewarding policy is : Penalty is -1 and full state reward is 2 
Maximum number of iterations 1000 
Tree search started running at 2h 8min 0s 
Your tree search is currently running ... 
 

18/07/2021 02:08:00 -- INFO -- Performing iteration 0 out of 1000
18/07/2021 02:08:00 -- INFO -- Adding a child with move QJPVKEBTJJKZFP-UHFFFAOYSA-N-MNXR137911_MNXM163634_6-0 to node 
Count: 0/ Score : 0/ Children: 0/ Terminal : False
|Feruloyl_C1-glucuronide|
18/07/2021 02:08:00 -- INFO -- Pathway is found at iteration 0
18/07/2021 02:08:01 -- INFO -- Udapted solved Node 	Move name: QJPVKEBTJJKZFP-UHFFFAOYSA-N-MNXR137911_MNXM163634_6-0/ Biological score : 4.01/ Chemical score: 0.76
	Count: 1/ Score : 0/ Children: 0/ Terminal : True
	|AEMOLEFTQBMNLQ-UHFFFAOYSA-N- solved|MPMOZJNSLITZSA-UHFFFAOYSA-O- solved| for the first time at iteration 0
18/07/2021 02:08:01 -- INFO -- Udapted solved Node Count: 1/ Score : 0/ Children: 1/ Terminal : False
|Feruloyl_C1-glucuronide| for the first time at iteration 0
18/07/2021 02:08:01 -- INFO -- Adding a child with move QJPVKEBTJJKZFP-UHFFFAOYSA-N-MNXR137888_MNXM163634_6-0 to node 
Count: 1/ Score : 10.0/ Children: 1/ Terminal : False
|Feruloyl_C1-glucuronide|
18/07/2021 02:08:01 -- INFO -- Adding a child with move QJPVKEBTJJKZFP-UHFFFAOYSA-N-MNXR119315_MNXM1304_8-0 to node 
Count: 2/ Score : 6.0/ Children: 2/ Terminal : False
|Feruloyl_C1-glucuronide|
18/07/2021 02:08:01 -- INFO -- Starting move obtention process with compound JZRAOXRUPYISEN-UHFFFAOYSA-N ([H]OC(=O)C([H])(O[H])C([H])(O[H])C([H])(O[H])C([H])(OC(=O)C([H])=C([H])c1c([H])c([H])c(O[H])c(OC([H])([H])[H])c1[H])C(=O)O[H]) at 1626566881.3163218
18/07/2021 02:08:01 -- INFO -- 157 available rules
18/07/2021 02:08:02 -- INFO -- For compound JZRAOXRUPYISEN-UHFFFAOYSA-N, matching moves are [JZRAOXRUPYISEN-UHFFFAOYSA-N-MNXR119315_MNXM5479_8-0, JZRAOXRUPYISEN-UHFFFAOYSA-N-MNXR119314_MNXM120600_6-0]
18/07/2021 02:08:02 -- INFO -- Calculated moves in 1.287006139755249 for compound JZRAOXRUPYISEN-UHFFFAOYSA-N - without caching
18/07/2021 02:08:02 -- INFO -- Pathway is found at iteration 2
18/07/2021 02:08:02 -- INFO -- Udapted solved Node 	Move name: QJPVKEBTJJKZFP-UHFFFAOYSA-N-MNXR137888_MNXM163634_6-0/ Biological score : 4.01/ Chemical score: 0.76
	Count: 1/ Score : 0/ Children: 0/ Terminal : True
	|AEMOLEFTQBMNLQ-UHFFFAOYSA-N- solved|BRMDRKOAVZEJCS-UHFFFAOYSA-O- solved| for the first time at iteration 2
18/07/2021 02:08:02 -- INFO -- Adding a child with move QJPVKEBTJJKZFP-UHFFFAOYSA-N-MNXR119313_MNXM8980_8-0 to node 
Count: 3/ Score : 7.33/ Children: 3/ Terminal : False
|Feruloyl_C1-glucuronide|
18/07/2021 02:08:02 -- INFO -- Starting move obtention process with compound XIWXUSFCUBAMFH-UHFFFAOYSA-N ([H]OC(=O)C([H])(O[H])C([H])(OC(=O)C([H])=C([H])c1c([H])c([H])c(O[H])c(OC([H])([H])[H])c1[H])C(=O)O[H]) at 1626566882.759766
18/07/2021 02:08:03 -- INFO -- 167 available rules
18/07/2021 02:08:04 -- INFO -- For compound XIWXUSFCUBAMFH-UHFFFAOYSA-N, matching moves are [XIWXUSFCUBAMFH-UHFFFAOYSA-N-MNXR119314_MNXM120600_8-0, XIWXUSFCUBAMFH-UHFFFAOYSA-N-MNXR119313_MNXM120600_8-0, XIWXUSFCUBAMFH-UHFFFAOYSA-N-MNXR112307_MNXM3954_6-0]
18/07/2021 02:08:04 -- INFO -- Calculated moves in 1.5364558696746826 for compound XIWXUSFCUBAMFH-UHFFFAOYSA-N - without caching
18/07/2021 02:08:04 -- INFO -- Adding a child with move QJPVKEBTJJKZFP-UHFFFAOYSA-N-MNXR118719_MNXM8980_8-0 to node 
Count: 4/ Score : 6.0/ Children: 4/ Terminal : False
|Feruloyl_C1-glucuronide|
18/07/2021 02:08:04 -- INFO -- Starting move obtention process with compound HSGOZMUSVFCROL-UHFFFAOYSA-N ([H]OC(=O)C([H])([H])C(=O)OC([H])([H])C1([H])OC([H])(Oc2c(-c3c([H])c(OC4([H])OC([H])(C([H])([H])O[H])C([H])(O[H])C([H])(O[H])C4([H])O[H])c(O[H])c(OC4([H])OC([H])(C([H])([H])OC(=O)C([H])=C([H])c5c([H])c([H])c(O[H])c(OC([H])([H])[H])c5[H])C([H])(O[H])C([H])(O[H])C4([H])O[H])c3[H])oc3c([H])c(O[H])c([H])c(=O)c-3c2[H])C([H])(O[H])C([H])(O[H])C1([H])O[H]) at 1626566884.4062228
18/07/2021 02:08:04 -- INFO -- 142 available rules
18/07/2021 02:08:11 -- INFO -- For compound HSGOZMUSVFCROL-UHFFFAOYSA-N, matching moves are [HSGOZMUSVFCROL-UHFFFAOYSA-N-MNXR118719_MNXM83656_8-0, HSGOZMUSVFCROL-UHFFFAOYSA-N-MNXR118461_MNXM80233_8-0, HSGOZMUSVFCROL-UHFFFAOYSA-N-MNXR118461_MNXM80233_8-1, HSGOZMUSVFCROL-UHFFFAOYSA-N-MNXR118461_MNXM80233_8-2, HSGOZMUSVFCROL-UHFFFAOYSA-N-MNXR118453_MNXM114519_8-0, HSGOZMUSVFCROL-UHFFFAOYSA-N-MNXR118461_MNXM80233_6-0, HSGOZMUSVFCROL-UHFFFAOYSA-N-MNXR118461_MNXM80233_6-1, HSGOZMUSVFCROL-UHFFFAOYSA-N-MNXR118461_MNXM80233_6-2]
18/07/2021 02:08:11 -- INFO -- Calculated moves in 7.039623975753784 for compound HSGOZMUSVFCROL-UHFFFAOYSA-N - without caching
18/07/2021 02:08:11 -- INFO -- Pathway is found at iteration 4
18/07/2021 02:08:11 -- INFO -- Udapted solved Node 	Move name: QJPVKEBTJJKZFP-UHFFFAOYSA-N-MNXR119315_MNXM1304_8-0/ Biological score : 2.26/ Chemical score: 0.69
	Count: 1/ Score : 0/ Children: 0/ Terminal : True
	|AEMOLEFTQBMNLQ-UHFFFAOYSA-N- solved|JZRAOXRUPYISEN-UHFFFAOYSA-N| for the first time at iteration 4
18/07/2021 02:08:11 -- INFO -- Adding a child with move QJPVKEBTJJKZFP-UHFFFAOYSA-N-MNXR119429_MNXM13920_6-0 to node 
Count: 5/ Score : 6.8/ Children: 5/ Terminal : False
|Feruloyl_C1-glucuronide|
18/07/2021 02:08:11 -- INFO -- Starting move obtention process with compound VMGJMCCDXJNCOK-UHFFFAOYSA-N ([H]OC(=O)C1([H])OC([H])(OC(=O)C([H])=C([H])c2c([H])c([H])c(O[H])c(O[H])c2[H])C([H])(O[H])C([H])(O[H])C1([H])O[H]) at 1626566891.6730087
18/07/2021 02:08:12 -- INFO -- 74 available rules
18/07/2021 02:08:13 -- INFO -- For compound VMGJMCCDXJNCOK-UHFFFAOYSA-N, matching moves are [VMGJMCCDXJNCOK-UHFFFAOYSA-N-MNXR137911_MNXM163634_6-0, VMGJMCCDXJNCOK-UHFFFAOYSA-N-MNXR137888_MNXM163634_6-0, VMGJMCCDXJNCOK-UHFFFAOYSA-N-MNXR119313_MNXM8980_8-0, VMGJMCCDXJNCOK-UHFFFAOYSA-N-MNXR118719_MNXM8980_8-0, VMGJMCCDXJNCOK-UHFFFAOYSA-N-MNXR119429_MNXM32738_6-0, VMGJMCCDXJNCOK-UHFFFAOYSA-N-MNXR119429_MNXM32738_6-1]
18/07/2021 02:08:13 -- INFO -- Calculated moves in 1.3741724491119385 for compound VMGJMCCDXJNCOK-UHFFFAOYSA-N - without caching
18/07/2021 02:08:13 -- INFO -- Adding a child with move QJPVKEBTJJKZFP-UHFFFAOYSA-N-MNXR119429_MNXM32738_6-0 to node 
Count: 6/ Score : 6.0/ Children: 6/ Terminal : False
|Feruloyl_C1-glucuronide|
18/07/2021 02:08:13 -- INFO -- Starting move obtention process with compound CJQIVZXRILAGKO-UHFFFAOYSA-N ([H]OC(=O)C1([H])OC([H])(OC(=O)C([H])=C([H])c2c([H])c([H])c(OC([H])([H])[H])c(OC([H])([H])[H])c2[H])C([H])(O[H])C([H])(O[H])C1([H])O[H]) at 1626566893.176631
18/07/2021 02:08:13 -- INFO -- 68 available rules
18/07/2021 02:08:14 -- INFO -- For compound CJQIVZXRILAGKO-UHFFFAOYSA-N, matching moves are [CJQIVZXRILAGKO-UHFFFAOYSA-N-MNXR137911_MNXM163634_6-0, CJQIVZXRILAGKO-UHFFFAOYSA-N-MNXR137888_MNXM163634_6-0, CJQIVZXRILAGKO-UHFFFAOYSA-N-MNXR119315_MNXM1304_8-0, CJQIVZXRILAGKO-UHFFFAOYSA-N-MNXR119313_MNXM8980_8-0, CJQIVZXRILAGKO-UHFFFAOYSA-N-MNXR118719_MNXM8980_8-0, CJQIVZXRILAGKO-UHFFFAOYSA-N-MNXR119429_MNXM13920_6-0, CJQIVZXRILAGKO-UHFFFAOYSA-N-MNXR119429_MNXM13920_6-1]
18/07/2021 02:08:14 -- INFO -- Calculated moves in 1.458045244216919 for compound CJQIVZXRILAGKO-UHFFFAOYSA-N - without caching
18/07/2021 02:08:14 -- INFO -- Starting move obtention process with compound GPRLSGONYQIRFK-UHFFFAOYSA-N ([H+]) at 1626566894.6483665
18/07/2021 02:08:14 -- INFO -- 0 available rules
18/07/2021 02:08:14 -- INFO -- For compound GPRLSGONYQIRFK-UHFFFAOYSA-N, matching moves are []
18/07/2021 02:08:14 -- INFO -- Calculated moves in 0.344407320022583 for compound GPRLSGONYQIRFK-UHFFFAOYSA-N - without caching
18/07/2021 02:08:15 -- INFO -- Pathway is found at iteration 6
18/07/2021 02:08:15 -- INFO -- Udapted solved Node 	Move name: QJPVKEBTJJKZFP-UHFFFAOYSA-N-MNXR119313_MNXM8980_8-0/ Biological score : 2.26/ Chemical score: 0.63
	Count: 1/ Score : 0/ Children: 0/ Terminal : True
	|AEMOLEFTQBMNLQ-UHFFFAOYSA-N- solved|XIWXUSFCUBAMFH-UHFFFAOYSA-N| for the first time at iteration 6
18/07/2021 02:08:15 -- INFO -- Pathway is found at iteration 8
18/07/2021 02:08:15 -- INFO -- Udapted solved Node 	Move name: QJPVKEBTJJKZFP-UHFFFAOYSA-N-MNXR118719_MNXM8980_8-0/ Biological score : 2.26/ Chemical score: 0.63
	Count: 1/ Score : 0/ Children: 0/ Terminal : True
	|AEMOLEFTQBMNLQ-UHFFFAOYSA-N- solved|HSGOZMUSVFCROL-UHFFFAOYSA-N| for the first time at iteration 8
18/07/2021 02:08:15 -- INFO -- Pathway is found at iteration 10
18/07/2021 02:08:15 -- INFO -- Udapted solved Node 	Move name: QJPVKEBTJJKZFP-UHFFFAOYSA-N-MNXR119429_MNXM13920_6-0/ Biological score : 0.7/ Chemical score: 0.76
	Count: 1/ Score : 0/ Children: 0/ Terminal : True
	|MEFKEPWMEQBLKI-UHFFFAOYSA-O- solved|VMGJMCCDXJNCOK-UHFFFAOYSA-N| for the first time at iteration 10
18/07/2021 02:08:15 -- INFO -- Adding a child with move CJQIVZXRILAGKO-UHFFFAOYSA-N-MNXR137911_MNXM163634_6-0 to node 
	Move name: QJPVKEBTJJKZFP-UHFFFAOYSA-N-MNXR119429_MNXM32738_6-0/ Biological score : 0.7/ Chemical score: 0.67
	Count: 0/ Score : 0/ Children: 0/ Terminal : False
	|CJQIVZXRILAGKO-UHFFFAOYSA-N|GPRLSGONYQIRFK-UHFFFAOYSA-N|
18/07/2021 02:08:15 -- INFO -- Starting move obtention process with compound AUOPVJMVFZBBSN-UHFFFAOYSA-O ([H]OC(=O)C1=C([H])C(=C([H])C([H])=[N+]2c3c([H])c(O[H])c(OC4([H])OC([H])(C([H])([H])O[H])C([H])(O[H])C([H])(O[H])C4([H])OC4([H])OC([H])(C(=O)O[H])C([H])(O[H])C([H])(O[H])C4([H])OC(=O)C([H])=C([H])c4c([H])c([H])c(OC([H])([H])[H])c(OC([H])([H])[H])c4[H])c([H])c3C([H])([H])C2([H])C(=O)O[H])C([H])([H])C([H])(C(=O)O[H])N1[H]) at 1626566895.3876934
18/07/2021 02:08:15 -- INFO -- 88 available rules
18/07/2021 02:08:17 -- INFO -- For compound AUOPVJMVFZBBSN-UHFFFAOYSA-O, matching moves are [AUOPVJMVFZBBSN-UHFFFAOYSA-O-MNXR137911_MNXM8385_6-0, AUOPVJMVFZBBSN-UHFFFAOYSA-O-MNXR137888_MNXM3931_6-0, AUOPVJMVFZBBSN-UHFFFAOYSA-O-MNXR118696_MNXM3931_8-0]
18/07/2021 02:08:17 -- INFO -- Calculated moves in 2.194247007369995 for compound AUOPVJMVFZBBSN-UHFFFAOYSA-O - without caching
18/07/2021 02:08:17 -- INFO -- Starting move obtention process with compound GPRLSGONYQIRFK-UHFFFAOYSA-N ([H+]) at 1626566897.6047869
18/07/2021 02:08:18 -- INFO -- 0 available rules
18/07/2021 02:08:18 -- INFO -- For compound GPRLSGONYQIRFK-UHFFFAOYSA-N, matching moves are []
18/07/2021 02:08:18 -- INFO -- Calculated moves in 0.4058043956756592 for compound GPRLSGONYQIRFK-UHFFFAOYSA-N - without caching
18/07/2021 02:08:18 -- INFO -- Pathway is found at iteration 12
18/07/2021 02:08:18 -- INFO -- Udapted solved Node 		Move name: CJQIVZXRILAGKO-UHFFFAOYSA-N-MNXR137911_MNXM163634_6-0/ Biological score : 4.01/ Chemical score: 0.71
		Count: 1/ Score : 0/ Children: 0/ Terminal : True
		|AEMOLEFTQBMNLQ-UHFFFAOYSA-N- solved|AUOPVJMVFZBBSN-UHFFFAOYSA-O|GPRLSGONYQIRFK-UHFFFAOYSA-N| for the first time at iteration 12
18/07/2021 02:08:18 -- INFO -- Udapted solved Node 	Move name: QJPVKEBTJJKZFP-UHFFFAOYSA-N-MNXR119429_MNXM32738_6-0/ Biological score : 0.7/ Chemical score: 0.67
	Count: 1/ Score : 0/ Children: 1/ Terminal : False
	|CJQIVZXRILAGKO-UHFFFAOYSA-N|GPRLSGONYQIRFK-UHFFFAOYSA-N| for the first time at iteration 12
18/07/2021 02:08:18 -- INFO -- Adding a child with move CJQIVZXRILAGKO-UHFFFAOYSA-N-MNXR137888_MNXM163634_6-0 to node 
	Move name: QJPVKEBTJJKZFP-UHFFFAOYSA-N-MNXR119429_MNXM32738_6-0/ Biological score : 0.7/ Chemical score: 0.67
	Count: 1/ Score : 10.0/ Children: 1/ Terminal : False
	|CJQIVZXRILAGKO-UHFFFAOYSA-N|GPRLSGONYQIRFK-UHFFFAOYSA-N|
18/07/2021 02:08:18 -- INFO -- Starting move obtention process with compound GPRLSGONYQIRFK-UHFFFAOYSA-N ([H+]) at 1626566898.2576087
18/07/2021 02:08:18 -- INFO -- 0 available rules
18/07/2021 02:08:18 -- INFO -- For compound GPRLSGONYQIRFK-UHFFFAOYSA-N, matching moves are []
18/07/2021 02:08:18 -- INFO -- Calculated moves in 0.36733222007751465 for compound GPRLSGONYQIRFK-UHFFFAOYSA-N - without caching
18/07/2021 02:08:18 -- INFO -- Starting move obtention process with compound IVKPGJMDAJCIOY-UHFFFAOYSA-O ([H]OC(=O)C1=C([H])C(=C([H])C([H])=[N+]2c3c([H])c(O[H])c(OC4([H])OC([H])(C([H])([H])OC(=O)C([H])=C([H])c5c([H])c([H])c(OC([H])([H])[H])c(OC([H])([H])[H])c5[H])C([H])(O[H])C([H])(O[H])C4([H])O[H])c([H])c3C([H])([H])C2([H])C(=O)O[H])C([H])([H])C([H])(C(=O)O[H])N1[H]) at 1626566898.6346734
18/07/2021 02:08:18 -- INFO -- 88 available rules
18/07/2021 02:08:20 -- INFO -- For compound IVKPGJMDAJCIOY-UHFFFAOYSA-O, matching moves are [IVKPGJMDAJCIOY-UHFFFAOYSA-O-MNXR137888_MNXM12079_6-0, IVKPGJMDAJCIOY-UHFFFAOYSA-O-MNXR137911_MNXM4465_6-0, IVKPGJMDAJCIOY-UHFFFAOYSA-O-MNXR122342_MNXM4465_8-0, IVKPGJMDAJCIOY-UHFFFAOYSA-O-MNXR112318_MNXM3931_6-0]
18/07/2021 02:08:20 -- INFO -- Calculated moves in 1.9020025730133057 for compound IVKPGJMDAJCIOY-UHFFFAOYSA-O - without caching
18/07/2021 02:08:21 -- INFO -- Performing iteration 100 out of 1000
18/07/2021 02:08:22 -- INFO -- Performing iteration 200 out of 1000
18/07/2021 02:08:23 -- INFO -- Performing iteration 300 out of 1000
18/07/2021 02:08:23 -- INFO -- Adding a child with move CJQIVZXRILAGKO-UHFFFAOYSA-N-MNXR119315_MNXM1304_8-0 to node 
	Move name: QJPVKEBTJJKZFP-UHFFFAOYSA-N-MNXR119429_MNXM32738_6-0/ Biological score : 0.7/ Chemical score: 0.67
	Count: 2/ Score : 6.0/ Children: 2/ Terminal : False
	|CJQIVZXRILAGKO-UHFFFAOYSA-N|GPRLSGONYQIRFK-UHFFFAOYSA-N|
18/07/2021 02:08:23 -- INFO -- Starting move obtention process with compound GPRLSGONYQIRFK-UHFFFAOYSA-N ([H+]) at 1626566903.572027
18/07/2021 02:08:23 -- INFO -- 0 available rules
18/07/2021 02:08:23 -- INFO -- For compound GPRLSGONYQIRFK-UHFFFAOYSA-N, matching moves are []
18/07/2021 02:08:23 -- INFO -- Calculated moves in 0.2979152202606201 for compound GPRLSGONYQIRFK-UHFFFAOYSA-N - without caching
18/07/2021 02:08:23 -- INFO -- Starting move obtention process with compound VQSAAFKGYNKPPP-UHFFFAOYSA-N ([H]OC(=O)C([H])(O[H])C([H])(O[H])C([H])(O[H])C([H])(OC(=O)C([H])=C([H])c1c([H])c([H])c(OC([H])([H])[H])c(OC([H])([H])[H])c1[H])C(=O)O[H]) at 1626566903.8797128
18/07/2021 02:08:24 -- INFO -- 109 available rules
18/07/2021 02:08:24 -- INFO -- For compound VQSAAFKGYNKPPP-UHFFFAOYSA-N, matching moves are [VQSAAFKGYNKPPP-UHFFFAOYSA-N-MNXR119315_MNXM5479_8-0, VQSAAFKGYNKPPP-UHFFFAOYSA-N-MNXR119314_MNXM120600_6-0]
18/07/2021 02:08:24 -- INFO -- Calculated moves in 0.8651776313781738 for compound VQSAAFKGYNKPPP-UHFFFAOYSA-N - without caching
18/07/2021 02:08:24 -- INFO -- Pathway is found at iteration 318
18/07/2021 02:08:24 -- INFO -- Udapted solved Node 		Move name: CJQIVZXRILAGKO-UHFFFAOYSA-N-MNXR137888_MNXM163634_6-0/ Biological score : 4.01/ Chemical score: 0.71
		Count: 1/ Score : 0/ Children: 0/ Terminal : True
		|AEMOLEFTQBMNLQ-UHFFFAOYSA-N- solved|GPRLSGONYQIRFK-UHFFFAOYSA-N|IVKPGJMDAJCIOY-UHFFFAOYSA-O| for the first time at iteration 318
18/07/2021 02:08:25 -- INFO -- Performing iteration 400 out of 1000
18/07/2021 02:08:25 -- INFO -- Adding a child with move CJQIVZXRILAGKO-UHFFFAOYSA-N-MNXR119313_MNXM8980_8-0 to node 
	Move name: QJPVKEBTJJKZFP-UHFFFAOYSA-N-MNXR119429_MNXM32738_6-0/ Biological score : 0.7/ Chemical score: 0.67
	Count: 3/ Score : 7.33/ Children: 3/ Terminal : False
	|CJQIVZXRILAGKO-UHFFFAOYSA-N|GPRLSGONYQIRFK-UHFFFAOYSA-N|
18/07/2021 02:08:25 -- INFO -- Starting move obtention process with compound GPRLSGONYQIRFK-UHFFFAOYSA-N ([H+]) at 1626566905.9678595
18/07/2021 02:08:26 -- INFO -- 0 available rules
18/07/2021 02:08:26 -- INFO -- For compound GPRLSGONYQIRFK-UHFFFAOYSA-N, matching moves are []
18/07/2021 02:08:26 -- INFO -- Calculated moves in 0.3112931251525879 for compound GPRLSGONYQIRFK-UHFFFAOYSA-N - without caching
18/07/2021 02:08:26 -- INFO -- Starting move obtention process with compound GXLDAZLPDVFVOH-UHFFFAOYSA-N ([H]OC(=O)C([H])(O[H])C([H])(OC(=O)C([H])=C([H])c1c([H])c([H])c(OC([H])([H])[H])c(OC([H])([H])[H])c1[H])C(=O)O[H]) at 1626566906.288389
18/07/2021 02:08:26 -- INFO -- 133 available rules
18/07/2021 02:08:27 -- INFO -- For compound GXLDAZLPDVFVOH-UHFFFAOYSA-N, matching moves are [GXLDAZLPDVFVOH-UHFFFAOYSA-N-MNXR119314_MNXM120600_8-0, GXLDAZLPDVFVOH-UHFFFAOYSA-N-MNXR119313_MNXM120600_8-0]
18/07/2021 02:08:27 -- INFO -- Calculated moves in 1.0747458934783936 for compound GXLDAZLPDVFVOH-UHFFFAOYSA-N - without caching
18/07/2021 02:08:28 -- INFO -- Performing iteration 500 out of 1000
18/07/2021 02:08:28 -- INFO -- Adding a child with move CJQIVZXRILAGKO-UHFFFAOYSA-N-MNXR118719_MNXM8980_8-0 to node 
	Move name: QJPVKEBTJJKZFP-UHFFFAOYSA-N-MNXR119429_MNXM32738_6-0/ Biological score : 0.7/ Chemical score: 0.67
	Count: 4/ Score : 6.0/ Children: 4/ Terminal : False
	|CJQIVZXRILAGKO-UHFFFAOYSA-N|GPRLSGONYQIRFK-UHFFFAOYSA-N|
18/07/2021 02:08:28 -- INFO -- Starting move obtention process with compound FWPWFPWBLGJFJF-UHFFFAOYSA-N ([H]OC(=O)C([H])([H])C(=O)OC([H])([H])C1([H])OC([H])(Oc2c(-c3c([H])c(OC4([H])OC([H])(C([H])([H])O[H])C([H])(O[H])C([H])(O[H])C4([H])O[H])c(O[H])c(OC4([H])OC([H])(C([H])([H])OC(=O)C([H])=C([H])c5c([H])c([H])c(OC([H])([H])[H])c(OC([H])([H])[H])c5[H])C([H])(O[H])C([H])(O[H])C4([H])O[H])c3[H])oc3c([H])c(O[H])c([H])c(=O)c-3c2[H])C([H])(O[H])C([H])(O[H])C1([H])O[H]) at 1626566908.5357099
18/07/2021 02:08:28 -- INFO -- 130 available rules
18/07/2021 02:08:35 -- INFO -- For compound FWPWFPWBLGJFJF-UHFFFAOYSA-N, matching moves are [FWPWFPWBLGJFJF-UHFFFAOYSA-N-MNXR118719_MNXM83656_8-0, FWPWFPWBLGJFJF-UHFFFAOYSA-N-MNXR118461_MNXM80233_8-0, FWPWFPWBLGJFJF-UHFFFAOYSA-N-MNXR118461_MNXM80233_8-1, FWPWFPWBLGJFJF-UHFFFAOYSA-N-MNXR118461_MNXM80233_8-2, FWPWFPWBLGJFJF-UHFFFAOYSA-N-MNXR118453_MNXM114519_8-0, FWPWFPWBLGJFJF-UHFFFAOYSA-N-MNXR118461_MNXM80233_6-0, FWPWFPWBLGJFJF-UHFFFAOYSA-N-MNXR118461_MNXM80233_6-1, FWPWFPWBLGJFJF-UHFFFAOYSA-N-MNXR118461_MNXM80233_6-2]
18/07/2021 02:08:35 -- INFO -- Calculated moves in 6.622331380844116 for compound FWPWFPWBLGJFJF-UHFFFAOYSA-N - without caching
18/07/2021 02:08:35 -- INFO -- Starting move obtention process with compound GPRLSGONYQIRFK-UHFFFAOYSA-N ([H+]) at 1626566915.1740904
18/07/2021 02:08:35 -- INFO -- 0 available rules
18/07/2021 02:08:35 -- INFO -- For compound GPRLSGONYQIRFK-UHFFFAOYSA-N, matching moves are []
18/07/2021 02:08:35 -- INFO -- Calculated moves in 0.3565666675567627 for compound GPRLSGONYQIRFK-UHFFFAOYSA-N - without caching
18/07/2021 02:08:35 -- INFO -- Pathway is found at iteration 531
18/07/2021 02:08:35 -- INFO -- Udapted solved Node 		Move name: CJQIVZXRILAGKO-UHFFFAOYSA-N-MNXR119315_MNXM1304_8-0/ Biological score : 2.26/ Chemical score: 0.67
		Count: 1/ Score : 0/ Children: 0/ Terminal : True
		|AEMOLEFTQBMNLQ-UHFFFAOYSA-N- solved|GPRLSGONYQIRFK-UHFFFAOYSA-N|VQSAAFKGYNKPPP-UHFFFAOYSA-N| for the first time at iteration 531
18/07/2021 02:08:36 -- INFO -- Performing iteration 600 out of 1000
18/07/2021 02:08:36 -- INFO -- Looping move in node |CJQIVZXRILAGKO-UHFFFAOYSA-N|GPRLSGONYQIRFK-UHFFFAOYSA-N|-1 for move CJQIVZXRILAGKO-UHFFFAOYSA-N-MNXR119429_MNXM13920_6-0
18/07/2021 02:08:36 -- INFO -- Starting move obtention process with compound CJQIVZXRILAGKO-UHFFFAOYSA-N ([H]OC(=O)C1([H])OC([H])(OC(=O)C([H])=C([H])c2c([H])c([H])c(OC([H])([H])[H])c(OC([H])([H])[H])c2[H])C([H])(O[H])C([H])(O[H])C1([H])O[H]) at 1626566916.5787866
18/07/2021 02:08:36 -- INFO -- 62 available rules
18/07/2021 02:08:37 -- INFO -- For compound CJQIVZXRILAGKO-UHFFFAOYSA-N, matching moves are [CJQIVZXRILAGKO-UHFFFAOYSA-N-MNXR137911_MNXM163634_8-0, CJQIVZXRILAGKO-UHFFFAOYSA-N-MNXR137888_MNXM163634_8-0, CJQIVZXRILAGKO-UHFFFAOYSA-N-MNXR119315_MNXM1304_6-0, CJQIVZXRILAGKO-UHFFFAOYSA-N-MNXR119313_MNXM8980_6-0, CJQIVZXRILAGKO-UHFFFAOYSA-N-MNXR118719_MNXM8980_6-0]
18/07/2021 02:08:37 -- INFO -- Calculated moves in 1.0952951908111572 for compound CJQIVZXRILAGKO-UHFFFAOYSA-N - without caching
18/07/2021 02:08:37 -- INFO -- Starting move obtention process with compound GPRLSGONYQIRFK-UHFFFAOYSA-N ([H+]) at 1626566917.6888459
18/07/2021 02:08:38 -- INFO -- 0 available rules
18/07/2021 02:08:38 -- INFO -- For compound GPRLSGONYQIRFK-UHFFFAOYSA-N, matching moves are []
18/07/2021 02:08:38 -- INFO -- Calculated moves in 0.35223889350891113 for compound GPRLSGONYQIRFK-UHFFFAOYSA-N - without caching
18/07/2021 02:08:38 -- INFO -- Starting move obtention process with compound FWPWFPWBLGJFJF-UHFFFAOYSA-N ([H]OC(=O)C([H])([H])C(=O)OC([H])([H])C1([H])OC([H])(Oc2c(-c3c([H])c(OC4([H])OC([H])(C([H])([H])O[H])C([H])(O[H])C([H])(O[H])C4([H])O[H])c(O[H])c(OC4([H])OC([H])(C([H])([H])OC(=O)C([H])=C([H])c5c([H])c([H])c(OC([H])([H])[H])c(OC([H])([H])[H])c5[H])C([H])(O[H])C([H])(O[H])C4([H])O[H])c3[H])oc3c([H])c(O[H])c([H])c(=O)c-3c2[H])C([H])(O[H])C([H])(O[H])C1([H])O[H]) at 1626566918.070254
18/07/2021 02:08:38 -- INFO -- 130 available rules
18/07/2021 02:08:44 -- INFO -- For compound FWPWFPWBLGJFJF-UHFFFAOYSA-N, matching moves are [FWPWFPWBLGJFJF-UHFFFAOYSA-N-MNXR118719_MNXM83656_8-0, FWPWFPWBLGJFJF-UHFFFAOYSA-N-MNXR118461_MNXM80233_8-0, FWPWFPWBLGJFJF-UHFFFAOYSA-N-MNXR118461_MNXM80233_8-1, FWPWFPWBLGJFJF-UHFFFAOYSA-N-MNXR118461_MNXM80233_8-2, FWPWFPWBLGJFJF-UHFFFAOYSA-N-MNXR118453_MNXM114519_8-0, FWPWFPWBLGJFJF-UHFFFAOYSA-N-MNXR118461_MNXM80233_6-0, FWPWFPWBLGJFJF-UHFFFAOYSA-N-MNXR118461_MNXM80233_6-1, FWPWFPWBLGJFJF-UHFFFAOYSA-N-MNXR118461_MNXM80233_6-2]
18/07/2021 02:08:44 -- INFO -- Calculated moves in 6.681405782699585 for compound FWPWFPWBLGJFJF-UHFFFAOYSA-N - without caching
18/07/2021 02:08:44 -- INFO -- Starting move obtention process with compound GPRLSGONYQIRFK-UHFFFAOYSA-N ([H+]) at 1626566924.770922
18/07/2021 02:08:45 -- INFO -- 0 available rules
18/07/2021 02:08:45 -- INFO -- For compound GPRLSGONYQIRFK-UHFFFAOYSA-N, matching moves are []
18/07/2021 02:08:45 -- INFO -- Calculated moves in 0.32731008529663086 for compound GPRLSGONYQIRFK-UHFFFAOYSA-N - without caching
18/07/2021 02:08:45 -- INFO -- Rollout results are 2, True
18/07/2021 02:08:45 -- INFO -- Performing iteration 700 out of 1000
18/07/2021 02:08:46 -- INFO -- Adding a child with move CJQIVZXRILAGKO-UHFFFAOYSA-N-MNXR119429_MNXM13920_6-1 to node 
	Move name: QJPVKEBTJJKZFP-UHFFFAOYSA-N-MNXR119429_MNXM32738_6-0/ Biological score : 0.7/ Chemical score: 0.67
	Count: 6/ Score : 6.0/ Children: 5/ Terminal : False
	|CJQIVZXRILAGKO-UHFFFAOYSA-N|GPRLSGONYQIRFK-UHFFFAOYSA-N|
18/07/2021 02:08:46 -- INFO -- Starting move obtention process with compound GPRLSGONYQIRFK-UHFFFAOYSA-N ([H+]) at 1626566926.2261345
18/07/2021 02:08:46 -- INFO -- 0 available rules
18/07/2021 02:08:46 -- INFO -- For compound GPRLSGONYQIRFK-UHFFFAOYSA-N, matching moves are []
18/07/2021 02:08:46 -- INFO -- Calculated moves in 0.32523298263549805 for compound GPRLSGONYQIRFK-UHFFFAOYSA-N - without caching
18/07/2021 02:08:46 -- INFO -- Starting move obtention process with compound RBJXXYNRHTWXDN-UHFFFAOYSA-N ([H]OC(=O)C1([H])OC([H])(OC(=O)C([H])=C([H])c2c([H])c([H])c(OC([H])([H])[H])c(O[H])c2[H])C([H])(O[H])C([H])(O[H])C1([H])O[H]) at 1626566926.5717907
18/07/2021 02:08:46 -- INFO -- 99 available rules
18/07/2021 02:08:48 -- INFO -- For compound RBJXXYNRHTWXDN-UHFFFAOYSA-N, matching moves are [RBJXXYNRHTWXDN-UHFFFAOYSA-N-MNXR137911_MNXM163634_6-0, RBJXXYNRHTWXDN-UHFFFAOYSA-N-MNXR137888_MNXM163634_6-0, RBJXXYNRHTWXDN-UHFFFAOYSA-N-MNXR119315_MNXM1304_8-0, RBJXXYNRHTWXDN-UHFFFAOYSA-N-MNXR119313_MNXM8980_8-0, RBJXXYNRHTWXDN-UHFFFAOYSA-N-MNXR118719_MNXM8980_8-0, RBJXXYNRHTWXDN-UHFFFAOYSA-N-MNXR119429_MNXM13920_6-0, RBJXXYNRHTWXDN-UHFFFAOYSA-N-MNXR119429_MNXM32738_6-0]
18/07/2021 02:08:48 -- INFO -- Calculated moves in 1.5005223751068115 for compound RBJXXYNRHTWXDN-UHFFFAOYSA-N - without caching
18/07/2021 02:08:48 -- INFO -- Performing iteration 800 out of 1000
18/07/2021 02:08:49 -- INFO -- Pathway is found at iteration 861
18/07/2021 02:08:49 -- INFO -- Udapted solved Node 		Move name: CJQIVZXRILAGKO-UHFFFAOYSA-N-MNXR119313_MNXM8980_8-0/ Biological score : 2.26/ Chemical score: 0.6
		Count: 1/ Score : 0/ Children: 0/ Terminal : True
		|AEMOLEFTQBMNLQ-UHFFFAOYSA-N- solved|GPRLSGONYQIRFK-UHFFFAOYSA-N|GXLDAZLPDVFVOH-UHFFFAOYSA-N| for the first time at iteration 861
18/07/2021 02:08:49 -- INFO -- Performing iteration 900 out of 1000
18/07/2021 02:08:50 -- INFO -- ---------------End of search informations------------------ 
Tree search finished running at 2h 8min 50s 
Your tree search took 5.0e+01s 
 
Time was spent in selection: 3.5e-02s, expansion: 3.1e+01s, rollout: 8.5e+00s, update: 3.1e-01s 
CONGRATULATIONS, THATS A WIN
18/07/2021 02:08:50 -- INFO -- At the end of this tree search, the cache contains 0
18/07/2021 02:08:50 -- WARNING -- RECAP TIME_EXECUTION=49.7
18/07/2021 02:08:50 -- WARNING -- RECAP STOP_REASON=iteration
18/07/2021 02:08:50 -- WARNING -- RECAP NUMBER_ITERATION=999
18/07/2021 02:08:51 -- INFO -- According to Wikipedia, choosing the pathway with the most visists 
 This could be replaced by the best score
18/07/2021 02:08:51 -- INFO -- Found 10 pathways for Feruloyl_C1-glucuronide
18/07/2021 02:08:51 -- INFO -- 10 pathways were found
18/07/2021 02:08:51 -- INFO -- At the end of this tree search, the cache contains 0
