18/07/2021 08:32:15 -- WARNING -- Setting the seed at 1234
18/07/2021 08:32:15 -- INFO -- Stating global parameters from configuration file
18/07/2021 08:32:15 -- INFO -- Using retrosynthesis: False - using biosensor True
18/07/2021 08:32:15 -- INFO -- Full search - no stopping at first result
18/07/2021 08:32:15 -- INFO -- Setting the DB from config file: Installed package: True. Using cache DB: False; Replacing results: False
18/07/2021 08:32:15 -- INFO -- Initialising an empty cache: {}; Using it: False
18/07/2021 08:32:15 -- INFO -- -------------------Scoring configurations -------------------------
18/07/2021 08:32:15 -- INFO -- Using biological cut off at 0.1
18/07/2021 08:32:15 -- INFO -- Using substrate only cut off at 0.6
18/07/2021 08:32:15 -- INFO -- Using chemical score cut off at 0.6
18/07/2021 08:32:15 -- INFO -- -------------------MCTS configurations -------------------------
18/07/2021 08:32:15 -- INFO -- Setting the minimal visit count for a node at 1
18/07/2021 08:32:15 -- INFO -- Using RAVE: False
18/07/2021 08:32:15 -- INFO -- -------------------Chemical configurations -------------------------
18/07/2021 08:32:15 -- INFO -- Using explicit hydrogens : True
18/07/2021 08:32:15 -- INFO -- Using detectable compounds as sink as running in biosensor mode.
18/07/2021 08:32:15 -- INFO -- Main layer was set to True. Sanitising state
18/07/2021 08:32:29 -- INFO -- Main layer was set to True. Sanitising state
18/07/2021 08:32:29 -- INFO -- Starting move obtention process with compound trans-Resveratrol_3-O-glucuronide ([H]OC(=O)C1([H])OC([H])(Oc2c([H])c(O[H])c([H])c(C([H])=C([H])c3c([H])c([H])c(O[H])c([H])c3[H])c2[H])C([H])(O[H])C([H])(O[H])C1([H])O[H]) at 1626589949.4674428
18/07/2021 08:32:29 -- INFO -- 0 available rules
18/07/2021 08:32:29 -- INFO -- For compound trans-Resveratrol_3-O-glucuronide, matching moves are []
18/07/2021 08:32:29 -- INFO -- Calculated moves in 0.2994413375854492 for compound QWSAYEBSTMCFKY-UHFFFAOYSA-N - without caching
18/07/2021 08:32:29 -- INFO -- ---------------Beginning of search informations------------------ 
UCT policy is : Biochemical_UCT_1 
Rollout policy is : Rollout_policy_random_uniform_on_biochemical_multiplication_score 
Rewarding policy is : Penalty is -1 and full state reward is 2 
Maximum number of iterations 1000 
Tree search started running at 8h 32min 29s 
Your tree search is currently running ... 
 

18/07/2021 08:32:29 -- INFO -- Performing iteration 0 out of 1000
18/07/2021 08:32:30 -- INFO -- Performing iteration 100 out of 1000
18/07/2021 08:32:31 -- INFO -- Performing iteration 200 out of 1000
18/07/2021 08:32:32 -- INFO -- Performing iteration 300 out of 1000
18/07/2021 08:32:33 -- INFO -- Performing iteration 400 out of 1000
18/07/2021 08:32:33 -- INFO -- Performing iteration 500 out of 1000
18/07/2021 08:32:34 -- INFO -- Performing iteration 600 out of 1000
18/07/2021 08:32:35 -- INFO -- Performing iteration 700 out of 1000
18/07/2021 08:32:36 -- INFO -- Performing iteration 800 out of 1000
18/07/2021 08:32:37 -- INFO -- Performing iteration 900 out of 1000
18/07/2021 08:32:37 -- INFO -- ---------------End of search informations------------------ 
Tree search finished running at 8h 32min 37s 
Your tree search took 7.9e+00s 
 
Time was spent in selection: 8.5e-04s, expansion: 5.6e-04s, rollout: 0.0e+00s, update: 8.7e-03s 
You just lost the game
18/07/2021 08:32:37 -- INFO -- At the end of this tree search, the cache contains 0
18/07/2021 08:32:37 -- WARNING -- RECAP TIME_EXECUTION=8.13
18/07/2021 08:32:37 -- WARNING -- RECAP STOP_REASON=iteration
18/07/2021 08:32:37 -- WARNING -- RECAP NUMBER_ITERATION=999
18/07/2021 08:32:37 -- INFO -- According to Wikipedia, choosing the pathway with the most visists 
 This could be replaced by the best score
18/07/2021 08:32:37 -- INFO -- No pathway was found for this compound
18/07/2021 08:32:37 -- INFO -- 0 pathways were found
18/07/2021 08:32:37 -- INFO -- At the end of this tree search, the cache contains 0
