17/07/2021 03:28:49 -- WARNING -- Setting the seed at 1234
17/07/2021 03:28:49 -- INFO -- Stating global parameters from configuration file
17/07/2021 03:28:49 -- INFO -- Using retrosynthesis: False - using biosensor True
17/07/2021 03:28:49 -- INFO -- Full search - no stopping at first result
17/07/2021 03:28:49 -- INFO -- Setting the DB from config file: Installed package: True. Using cache DB: False; Replacing results: False
17/07/2021 03:28:49 -- INFO -- Initialising an empty cache: {}; Using it: False
17/07/2021 03:28:49 -- INFO -- -------------------Scoring configurations -------------------------
17/07/2021 03:28:49 -- INFO -- Using biological cut off at 0.1
17/07/2021 03:28:49 -- INFO -- Using substrate only cut off at 0.6
17/07/2021 03:28:49 -- INFO -- Using chemical score cut off at 0.6
17/07/2021 03:28:49 -- INFO -- -------------------MCTS configurations -------------------------
17/07/2021 03:28:49 -- INFO -- Setting the minimal visit count for a node at 1
17/07/2021 03:28:49 -- INFO -- Using RAVE: False
17/07/2021 03:28:49 -- INFO -- -------------------Chemical configurations -------------------------
17/07/2021 03:28:49 -- INFO -- Using explicit hydrogens : True
17/07/2021 03:28:49 -- INFO -- Using detectable compounds as sink as running in biosensor mode.
17/07/2021 03:28:49 -- INFO -- Main layer was set to True. Sanitising state
17/07/2021 03:29:14 -- INFO -- Main layer was set to True. Sanitising state
17/07/2021 03:29:14 -- INFO -- Starting move obtention process with compound Epigallocatechin_3-O-gallate-7-O-glucoside-4''-O-glucuronide ([H]OC(=O)C1([H])OC([H])(Oc2c(O[H])c([H])c(C(=O)OC3([H])C([H])([H])c4c(O[H])c([H])c(OC5([H])OC([H])(C([H])([H])O[H])C([H])(O[H])C([H])(O[H])C5([H])O[H])c([H])c4OC3([H])c3c([H])c(O[H])c(O[H])c(O[H])c3[H])c([H])c2O[H])C([H])(O[H])C([H])(O[H])C1([H])O[H]) at 1626485354.5078993
17/07/2021 03:29:14 -- INFO -- 0 available rules
17/07/2021 03:29:14 -- INFO -- For compound Epigallocatechin_3-O-gallate-7-O-glucoside-4''-O-glucuronide, matching moves are []
17/07/2021 03:29:14 -- INFO -- Calculated moves in 0.3439671993255615 for compound MEJVQGMMZHEGNA-UHFFFAOYSA-N - without caching
17/07/2021 03:29:14 -- INFO -- ---------------Beginning of search informations------------------ 
UCT policy is : Biochemical_UCT_1 
Rollout policy is : Rollout_policy_random_uniform_on_biochemical_multiplication_score 
Rewarding policy is : Penalty is -1 and full state reward is 2 
Maximum number of iterations 1000 
Tree search started running at 3h 29min 14s 
Your tree search is currently running ... 
 

17/07/2021 03:29:14 -- INFO -- Performing iteration 0 out of 1000
17/07/2021 03:29:17 -- INFO -- Performing iteration 100 out of 1000
17/07/2021 03:29:18 -- INFO -- Performing iteration 200 out of 1000
17/07/2021 03:29:20 -- INFO -- Performing iteration 300 out of 1000
17/07/2021 03:29:22 -- INFO -- Performing iteration 400 out of 1000
17/07/2021 03:29:24 -- INFO -- Performing iteration 500 out of 1000
17/07/2021 03:29:26 -- INFO -- Performing iteration 600 out of 1000
17/07/2021 03:29:27 -- INFO -- Performing iteration 700 out of 1000
17/07/2021 03:29:29 -- INFO -- Performing iteration 800 out of 1000
17/07/2021 03:29:30 -- INFO -- Performing iteration 900 out of 1000
17/07/2021 03:29:32 -- INFO -- ---------------End of search informations------------------ 
Tree search finished running at 3h 29min 32s 
Your tree search took 1.7e+01s 
 
Time was spent in selection: 1.2e-03s, expansion: 8.4e-04s, rollout: 0.0e+00s, update: 1.4e-02s 
You just lost the game
17/07/2021 03:29:32 -- INFO -- At the end of this tree search, the cache contains 0
17/07/2021 03:29:32 -- WARNING -- RECAP TIME_EXECUTION=17.39
17/07/2021 03:29:32 -- WARNING -- RECAP STOP_REASON=iteration
17/07/2021 03:29:32 -- WARNING -- RECAP NUMBER_ITERATION=999
17/07/2021 03:29:32 -- INFO -- According to Wikipedia, choosing the pathway with the most visists 
 This could be replaced by the best score
17/07/2021 03:29:32 -- INFO -- No pathway was found for this compound
17/07/2021 03:29:32 -- INFO -- 0 pathways were found
17/07/2021 03:29:32 -- INFO -- At the end of this tree search, the cache contains 0
