17/07/2021 19:44:36 -- WARNING -- Setting the seed at 1234
17/07/2021 19:44:36 -- INFO -- Stating global parameters from configuration file
17/07/2021 19:44:36 -- INFO -- Using retrosynthesis: False - using biosensor True
17/07/2021 19:44:36 -- INFO -- Full search - no stopping at first result
17/07/2021 19:44:36 -- INFO -- Setting the DB from config file: Installed package: True. Using cache DB: False; Replacing results: False
17/07/2021 19:44:36 -- INFO -- Initialising an empty cache: {}; Using it: False
17/07/2021 19:44:36 -- INFO -- -------------------Scoring configurations -------------------------
17/07/2021 19:44:36 -- INFO -- Using biological cut off at 0.1
17/07/2021 19:44:36 -- INFO -- Using substrate only cut off at 0.6
17/07/2021 19:44:36 -- INFO -- Using chemical score cut off at 0.6
17/07/2021 19:44:36 -- INFO -- -------------------MCTS configurations -------------------------
17/07/2021 19:44:36 -- INFO -- Setting the minimal visit count for a node at 1
17/07/2021 19:44:36 -- INFO -- Using RAVE: False
17/07/2021 19:44:36 -- INFO -- -------------------Chemical configurations -------------------------
17/07/2021 19:44:36 -- INFO -- Using explicit hydrogens : True
17/07/2021 19:44:36 -- INFO -- Using detectable compounds as sink as running in biosensor mode.
17/07/2021 19:44:36 -- INFO -- Main layer was set to True. Sanitising state
17/07/2021 19:44:59 -- INFO -- Main layer was set to True. Sanitising state
17/07/2021 19:44:59 -- INFO -- Starting move obtention process with compound Vanilloylglycine ([H]OC(=O)C([H])([H])N=C(O[H])c1c([H])c([H])c(O[H])c(OC([H])([H])[H])c1[H]) at 1626543899.6235707
17/07/2021 19:45:00 -- INFO -- 51 available rules
17/07/2021 19:45:00 -- INFO -- For compound Vanilloylglycine, matching moves are [LOODYTDRRBLQNH-UHFFFAOYSA-N-MNXR113505_MNXM982_6-0, LOODYTDRRBLQNH-UHFFFAOYSA-N-MNXR122528_MNXM754_6-0, LOODYTDRRBLQNH-UHFFFAOYSA-N-MNXR105212_MNXM982_8-0]
17/07/2021 19:45:00 -- INFO -- Calculated moves in 1.04496431350708 for compound LOODYTDRRBLQNH-UHFFFAOYSA-N - without caching
17/07/2021 19:45:00 -- INFO -- ---------------Beginning of search informations------------------ 
UCT policy is : Biochemical_UCT_1 
Rollout policy is : Rollout_policy_random_uniform_on_biochemical_multiplication_score 
Rewarding policy is : Penalty is -1 and full state reward is 2 
Maximum number of iterations 1000 
Tree search started running at 19h 45min 0s 
Your tree search is currently running ... 
 

17/07/2021 19:45:00 -- INFO -- Performing iteration 0 out of 1000
17/07/2021 19:45:00 -- INFO -- Adding a child with move LOODYTDRRBLQNH-UHFFFAOYSA-N-MNXR113505_MNXM982_6-0 to node 
Count: 0/ Score : 0/ Children: 0/ Terminal : False
|Vanilloylglycine|
17/07/2021 19:45:00 -- INFO -- Starting move obtention process with compound QVGDKHUNWDVPOR-UHFFFAOYSA-N ([H]OC(=O)C([H])([H])N=C(O[H])c1c([H])c([H])c(O[H])c(O[H])c1[H]) at 1626543900.7721946
17/07/2021 19:45:01 -- INFO -- 6 available rules
17/07/2021 19:45:01 -- INFO -- For compound QVGDKHUNWDVPOR-UHFFFAOYSA-N, matching moves are []
17/07/2021 19:45:01 -- INFO -- Calculated moves in 0.49514007568359375 for compound QVGDKHUNWDVPOR-UHFFFAOYSA-N - without caching
17/07/2021 19:45:01 -- INFO -- Pathway is found at iteration 0
17/07/2021 19:45:01 -- INFO -- Udapted solved Node 	Move name: LOODYTDRRBLQNH-UHFFFAOYSA-N-MNXR113505_MNXM982_6-0/ Biological score : 1.95/ Chemical score: 0.64
	Count: 1/ Score : 0/ Children: 0/ Terminal : True
	|QVGDKHUNWDVPOR-UHFFFAOYSA-N|ZNOVTXRBGFNYRX-UHFFFAOYSA-N- solved| for the first time at iteration 0
17/07/2021 19:45:01 -- INFO -- Udapted solved Node Count: 1/ Score : 0/ Children: 1/ Terminal : False
|Vanilloylglycine| for the first time at iteration 0
17/07/2021 19:45:01 -- INFO -- Adding a child with move LOODYTDRRBLQNH-UHFFFAOYSA-N-MNXR122528_MNXM754_6-0 to node 
Count: 1/ Score : 10.0/ Children: 1/ Terminal : False
|Vanilloylglycine|
17/07/2021 19:45:01 -- INFO -- Starting move obtention process with compound QVGDKHUNWDVPOR-UHFFFAOYSA-N ([H]OC(=O)C([H])([H])N=C(O[H])c1c([H])c([H])c(O[H])c(O[H])c1[H]) at 1626543901.5063157
17/07/2021 19:45:01 -- INFO -- 6 available rules
17/07/2021 19:45:01 -- INFO -- For compound QVGDKHUNWDVPOR-UHFFFAOYSA-N, matching moves are []
17/07/2021 19:45:01 -- INFO -- Calculated moves in 0.47621941566467285 for compound QVGDKHUNWDVPOR-UHFFFAOYSA-N - without caching
17/07/2021 19:45:02 -- INFO -- Adding a child with move LOODYTDRRBLQNH-UHFFFAOYSA-N-MNXR105212_MNXM982_8-0 to node 
Count: 2/ Score : 6.0/ Children: 2/ Terminal : False
|Vanilloylglycine|
17/07/2021 19:45:02 -- INFO -- Starting move obtention process with compound QVGDKHUNWDVPOR-UHFFFAOYSA-N ([H]OC(=O)C([H])([H])N=C(O[H])c1c([H])c([H])c(O[H])c(O[H])c1[H]) at 1626543902.1551833
17/07/2021 19:45:02 -- INFO -- 6 available rules
17/07/2021 19:45:02 -- INFO -- For compound QVGDKHUNWDVPOR-UHFFFAOYSA-N, matching moves are []
17/07/2021 19:45:02 -- INFO -- Calculated moves in 0.4667212963104248 for compound QVGDKHUNWDVPOR-UHFFFAOYSA-N - without caching
17/07/2021 19:45:02 -- INFO -- Starting move obtention process with compound XLYOFNOQVPJJNP-UHFFFAOYSA-N ([H]O[H]) at 1626543902.6594071
17/07/2021 19:45:03 -- INFO -- 0 available rules
17/07/2021 19:45:03 -- INFO -- For compound XLYOFNOQVPJJNP-UHFFFAOYSA-N, matching moves are []
17/07/2021 19:45:03 -- INFO -- Calculated moves in 0.40860843658447266 for compound XLYOFNOQVPJJNP-UHFFFAOYSA-N - without caching
17/07/2021 19:45:03 -- INFO -- Pathway is found at iteration 2
17/07/2021 19:45:03 -- INFO -- Udapted solved Node 	Move name: LOODYTDRRBLQNH-UHFFFAOYSA-N-MNXR122528_MNXM754_6-0/ Biological score : 0.7/ Chemical score: 0.62
	Count: 1/ Score : 0/ Children: 0/ Terminal : True
	|MEFKEPWMEQBLKI-UHFFFAOYSA-O- solved|QVGDKHUNWDVPOR-UHFFFAOYSA-N| for the first time at iteration 2
17/07/2021 19:45:03 -- INFO -- Pathway is found at iteration 4
17/07/2021 19:45:03 -- INFO -- Udapted solved Node 	Move name: LOODYTDRRBLQNH-UHFFFAOYSA-N-MNXR105212_MNXM982_8-0/ Biological score : 0.3/ Chemical score: 0.64
	Count: 1/ Score : 0/ Children: 0/ Terminal : True
	|QVGDKHUNWDVPOR-UHFFFAOYSA-N|WSFSSNUMVMOOMR-UHFFFAOYSA-N- solved|XLYOFNOQVPJJNP-UHFFFAOYSA-N| for the first time at iteration 4
17/07/2021 19:45:05 -- INFO -- Performing iteration 100 out of 1000
17/07/2021 19:45:07 -- INFO -- Performing iteration 200 out of 1000
17/07/2021 19:45:08 -- INFO -- Performing iteration 300 out of 1000
17/07/2021 19:45:10 -- INFO -- Performing iteration 400 out of 1000
17/07/2021 19:45:12 -- INFO -- Performing iteration 500 out of 1000
17/07/2021 19:45:14 -- INFO -- Performing iteration 600 out of 1000
17/07/2021 19:45:16 -- INFO -- Performing iteration 700 out of 1000
17/07/2021 19:45:18 -- INFO -- Performing iteration 800 out of 1000
17/07/2021 19:45:20 -- INFO -- Performing iteration 900 out of 1000
17/07/2021 19:45:21 -- INFO -- ---------------End of search informations------------------ 
Tree search finished running at 19h 45min 21s 
Your tree search took 2.1e+01s 
 
Time was spent in selection: 3.3e-02s, expansion: 2.2e+00s, rollout: 0.0e+00s, update: 1.3e-01s 
CONGRATULATIONS, THATS A WIN
17/07/2021 19:45:21 -- INFO -- At the end of this tree search, the cache contains 0
17/07/2021 19:45:21 -- WARNING -- RECAP TIME_EXECUTION=20.98
17/07/2021 19:45:21 -- WARNING -- RECAP STOP_REASON=iteration
17/07/2021 19:45:21 -- WARNING -- RECAP NUMBER_ITERATION=999
17/07/2021 19:45:21 -- INFO -- According to Wikipedia, choosing the pathway with the most visists 
 This could be replaced by the best score
17/07/2021 19:45:21 -- INFO -- Found 3 pathways for Vanilloylglycine
17/07/2021 19:45:21 -- INFO -- 3 pathways were found
17/07/2021 19:45:21 -- INFO -- At the end of this tree search, the cache contains 0
