18/07/2021 05:43:55 -- WARNING -- Setting the seed at 1234
18/07/2021 05:43:55 -- INFO -- Stating global parameters from configuration file
18/07/2021 05:43:55 -- INFO -- Using retrosynthesis: False - using biosensor True
18/07/2021 05:43:55 -- INFO -- Full search - no stopping at first result
18/07/2021 05:43:55 -- INFO -- Setting the DB from config file: Installed package: True. Using cache DB: False; Replacing results: False
18/07/2021 05:43:55 -- INFO -- Initialising an empty cache: {}; Using it: False
18/07/2021 05:43:55 -- INFO -- -------------------Scoring configurations -------------------------
18/07/2021 05:43:55 -- INFO -- Using biological cut off at 0.1
18/07/2021 05:43:55 -- INFO -- Using substrate only cut off at 0.6
18/07/2021 05:43:55 -- INFO -- Using chemical score cut off at 0.6
18/07/2021 05:43:55 -- INFO -- -------------------MCTS configurations -------------------------
18/07/2021 05:43:55 -- INFO -- Setting the minimal visit count for a node at 1
18/07/2021 05:43:55 -- INFO -- Using RAVE: False
18/07/2021 05:43:55 -- INFO -- -------------------Chemical configurations -------------------------
18/07/2021 05:43:55 -- INFO -- Using explicit hydrogens : True
18/07/2021 05:43:55 -- INFO -- Using detectable compounds as sink as running in biosensor mode.
18/07/2021 05:43:55 -- WARNING -- Removed compound from the detectable set to force enzymatic detection
18/07/2021 05:43:55 -- INFO -- Main layer was set to True. Sanitising state
18/07/2021 05:44:15 -- INFO -- Main layer was set to True. Sanitising state
18/07/2021 05:44:15 -- INFO -- Starting move obtention process with compound 4-Hydroxyphenyl-2-propionic_acid ([H]OC(=O)C([H])(c1c([H])c([H])c(O[H])c([H])c1[H])C([H])([H])[H]) at 1626579855.5273986
18/07/2021 05:44:15 -- INFO -- 155 available rules
18/07/2021 05:44:16 -- INFO -- For compound 4-Hydroxyphenyl-2-propionic_acid, matching moves are [ZHMMPVANGNPCBW-UHFFFAOYSA-N-rxnAdd124_r_2_cpd90008_4_6-0, ZHMMPVANGNPCBW-UHFFFAOYSA-N-rxnAdd59_r_2_cpd90008_1_16-0, ZHMMPVANGNPCBW-UHFFFAOYSA-N-rxnAdd122_r_2_cpd90008_1_16-0]
18/07/2021 05:44:16 -- INFO -- Calculated moves in 1.164583444595337 for compound ZHMMPVANGNPCBW-UHFFFAOYSA-N - without caching
18/07/2021 05:44:16 -- INFO -- ---------------Beginning of search informations------------------ 
UCT policy is : Biochemical_UCT_1 
Rollout policy is : Rollout_policy_random_uniform_on_biochemical_multiplication_score 
Rewarding policy is : Penalty is -1 and full state reward is 2 
Maximum number of iterations 1000 
Tree search started running at 5h 44min 16s 
Your tree search is currently running ... 
 

18/07/2021 05:44:16 -- INFO -- Performing iteration 0 out of 1000
18/07/2021 05:44:16 -- INFO -- Adding a child with move ZHMMPVANGNPCBW-UHFFFAOYSA-N-rxnAdd124_r_2_cpd90008_4_6-0 to node 
Count: 0/ Score : 0/ Children: 0/ Terminal : False
|4-Hydroxyphenyl-2-propionic_acid|
18/07/2021 05:44:16 -- INFO -- Pathway is found at iteration 0
18/07/2021 05:44:16 -- INFO -- Udapted solved Node 	Move name: ZHMMPVANGNPCBW-UHFFFAOYSA-N-rxnAdd124_r_2_cpd90008_4_6-0/ Biological score : 4.02/ Chemical score: 1.0
	Count: 1/ Score : 0/ Children: 0/ Terminal : True
	|IYRMWMYZSQPJKC-UHFFFAOYSA-N- solved| for the first time at iteration 0
18/07/2021 05:44:16 -- INFO -- Udapted solved Node Count: 1/ Score : 0/ Children: 1/ Terminal : False
|4-Hydroxyphenyl-2-propionic_acid| for the first time at iteration 0
18/07/2021 05:44:16 -- INFO -- Adding a child with move ZHMMPVANGNPCBW-UHFFFAOYSA-N-rxnAdd59_r_2_cpd90008_1_16-0 to node 
Count: 1/ Score : 10.0/ Children: 1/ Terminal : False
|4-Hydroxyphenyl-2-propionic_acid|
18/07/2021 05:44:16 -- INFO -- Adding a child with move ZHMMPVANGNPCBW-UHFFFAOYSA-N-rxnAdd122_r_2_cpd90008_1_16-0 to node 
Count: 2/ Score : 6.0/ Children: 2/ Terminal : False
|4-Hydroxyphenyl-2-propionic_acid|
18/07/2021 05:44:16 -- INFO -- Pathway is found at iteration 2
18/07/2021 05:44:16 -- INFO -- Udapted solved Node 	Move name: ZHMMPVANGNPCBW-UHFFFAOYSA-N-rxnAdd59_r_2_cpd90008_1_16-0/ Biological score : 3.95/ Chemical score: 1.0
	Count: 1/ Score : 0/ Children: 0/ Terminal : True
	|CXQWRCVTCMQVQX-UHFFFAOYSA-N- solved| for the first time at iteration 2
18/07/2021 05:44:16 -- INFO -- Pathway is found at iteration 4
18/07/2021 05:44:17 -- INFO -- Udapted solved Node 	Move name: ZHMMPVANGNPCBW-UHFFFAOYSA-N-rxnAdd122_r_2_cpd90008_1_16-0/ Biological score : 3.95/ Chemical score: 1.0
	Count: 1/ Score : 0/ Children: 0/ Terminal : True
	|SQFSKOYWJBQGKQ-UHFFFAOYSA-N- solved| for the first time at iteration 4
18/07/2021 05:44:18 -- INFO -- Performing iteration 100 out of 1000
18/07/2021 05:44:19 -- INFO -- Performing iteration 200 out of 1000
18/07/2021 05:44:20 -- INFO -- Performing iteration 300 out of 1000
18/07/2021 05:44:22 -- INFO -- Performing iteration 400 out of 1000
18/07/2021 05:44:23 -- INFO -- Performing iteration 500 out of 1000
18/07/2021 05:44:25 -- INFO -- Performing iteration 600 out of 1000
18/07/2021 05:44:26 -- INFO -- Performing iteration 700 out of 1000
18/07/2021 05:44:28 -- INFO -- Performing iteration 800 out of 1000
18/07/2021 05:44:29 -- INFO -- Performing iteration 900 out of 1000
18/07/2021 05:44:31 -- INFO -- ---------------End of search informations------------------ 
Tree search finished running at 5h 44min 31s 
Your tree search took 1.4e+01s 
 
Time was spent in selection: 3.2e-02s, expansion: 1.4e-01s, rollout: 0.0e+00s, update: 5.8e-02s 
CONGRATULATIONS, THATS A WIN
18/07/2021 05:44:31 -- INFO -- At the end of this tree search, the cache contains 0
18/07/2021 05:44:31 -- WARNING -- RECAP TIME_EXECUTION=14.31
18/07/2021 05:44:31 -- WARNING -- RECAP STOP_REASON=iteration
18/07/2021 05:44:31 -- WARNING -- RECAP NUMBER_ITERATION=999
18/07/2021 05:44:31 -- INFO -- According to Wikipedia, choosing the pathway with the most visists 
 This could be replaced by the best score
18/07/2021 05:44:31 -- INFO -- Found 3 pathways for 4-Hydroxyphenyl-2-propionic_acid
18/07/2021 05:44:31 -- INFO -- 3 pathways were found
18/07/2021 05:44:31 -- INFO -- At the end of this tree search, the cache contains 0
