18/07/2021 04:26:12 -- WARNING -- Setting the seed at 1234
18/07/2021 04:26:12 -- INFO -- Stating global parameters from configuration file
18/07/2021 04:26:12 -- INFO -- Using retrosynthesis: False - using biosensor True
18/07/2021 04:26:12 -- INFO -- Full search - no stopping at first result
18/07/2021 04:26:12 -- INFO -- Setting the DB from config file: Installed package: True. Using cache DB: False; Replacing results: False
18/07/2021 04:26:12 -- INFO -- Initialising an empty cache: {}; Using it: False
18/07/2021 04:26:12 -- INFO -- -------------------Scoring configurations -------------------------
18/07/2021 04:26:12 -- INFO -- Using biological cut off at 0.1
18/07/2021 04:26:12 -- INFO -- Using substrate only cut off at 0.6
18/07/2021 04:26:12 -- INFO -- Using chemical score cut off at 0.6
18/07/2021 04:26:12 -- INFO -- -------------------MCTS configurations -------------------------
18/07/2021 04:26:12 -- INFO -- Setting the minimal visit count for a node at 1
18/07/2021 04:26:12 -- INFO -- Using RAVE: False
18/07/2021 04:26:12 -- INFO -- -------------------Chemical configurations -------------------------
18/07/2021 04:26:12 -- INFO -- Using explicit hydrogens : True
18/07/2021 04:26:12 -- INFO -- Using detectable compounds as sink as running in biosensor mode.
18/07/2021 04:26:12 -- INFO -- Main layer was set to True. Sanitising state
18/07/2021 04:26:35 -- INFO -- Main layer was set to True. Sanitising state
18/07/2021 04:26:35 -- INFO -- Starting move obtention process with compound 3-Hydroxyphenylvaleric_acid ([H]OC(=O)C([H])(c1c([H])c([H])c([H])c(O[H])c1[H])C([H])([H])C([H])([H])C([H])([H])[H]) at 1626575195.170209
18/07/2021 04:26:35 -- INFO -- 18 available rules
18/07/2021 04:26:35 -- INFO -- For compound 3-Hydroxyphenylvaleric_acid, matching moves are []
18/07/2021 04:26:35 -- INFO -- Calculated moves in 0.5142271518707275 for compound WAHBMDYPOIEGOQ-UHFFFAOYSA-N - without caching
18/07/2021 04:26:35 -- INFO -- ---------------Beginning of search informations------------------ 
UCT policy is : Biochemical_UCT_1 
Rollout policy is : Rollout_policy_random_uniform_on_biochemical_multiplication_score 
Rewarding policy is : Penalty is -1 and full state reward is 2 
Maximum number of iterations 1000 
Tree search started running at 4h 26min 35s 
Your tree search is currently running ... 
 

18/07/2021 04:26:35 -- INFO -- Performing iteration 0 out of 1000
18/07/2021 04:26:37 -- INFO -- Performing iteration 100 out of 1000
18/07/2021 04:26:39 -- INFO -- Performing iteration 200 out of 1000
18/07/2021 04:26:40 -- INFO -- Performing iteration 300 out of 1000
18/07/2021 04:26:42 -- INFO -- Performing iteration 400 out of 1000
18/07/2021 04:26:44 -- INFO -- Performing iteration 500 out of 1000
18/07/2021 04:26:46 -- INFO -- Performing iteration 600 out of 1000
18/07/2021 04:26:47 -- INFO -- Performing iteration 700 out of 1000
18/07/2021 04:26:49 -- INFO -- Performing iteration 800 out of 1000
18/07/2021 04:26:50 -- INFO -- Performing iteration 900 out of 1000
18/07/2021 04:26:52 -- INFO -- ---------------End of search informations------------------ 
Tree search finished running at 4h 26min 52s 
Your tree search took 1.7e+01s 
 
Time was spent in selection: 1.1e-03s, expansion: 6.6e-04s, rollout: 0.0e+00s, update: 1.4e-02s 
You just lost the game
18/07/2021 04:26:52 -- INFO -- At the end of this tree search, the cache contains 0
18/07/2021 04:26:52 -- WARNING -- RECAP TIME_EXECUTION=16.85
18/07/2021 04:26:52 -- WARNING -- RECAP STOP_REASON=iteration
18/07/2021 04:26:52 -- WARNING -- RECAP NUMBER_ITERATION=999
18/07/2021 04:26:52 -- INFO -- According to Wikipedia, choosing the pathway with the most visists 
 This could be replaced by the best score
18/07/2021 04:26:52 -- INFO -- No pathway was found for this compound
18/07/2021 04:26:52 -- INFO -- 0 pathways were found
18/07/2021 04:26:52 -- INFO -- At the end of this tree search, the cache contains 0
