17/07/2021 18:41:15 -- WARNING -- Setting the seed at 1234
17/07/2021 18:41:15 -- INFO -- Stating global parameters from configuration file
17/07/2021 18:41:15 -- INFO -- Using retrosynthesis: False - using biosensor True
17/07/2021 18:41:15 -- INFO -- Full search - no stopping at first result
17/07/2021 18:41:15 -- INFO -- Setting the DB from config file: Installed package: True. Using cache DB: False; Replacing results: False
17/07/2021 18:41:15 -- INFO -- Initialising an empty cache: {}; Using it: False
17/07/2021 18:41:15 -- INFO -- -------------------Scoring configurations -------------------------
17/07/2021 18:41:15 -- INFO -- Using biological cut off at 0.1
17/07/2021 18:41:15 -- INFO -- Using substrate only cut off at 0.6
17/07/2021 18:41:15 -- INFO -- Using chemical score cut off at 0.6
17/07/2021 18:41:15 -- INFO -- -------------------MCTS configurations -------------------------
17/07/2021 18:41:15 -- INFO -- Setting the minimal visit count for a node at 1
17/07/2021 18:41:15 -- INFO -- Using RAVE: False
17/07/2021 18:41:15 -- INFO -- -------------------Chemical configurations -------------------------
17/07/2021 18:41:15 -- INFO -- Using explicit hydrogens : True
17/07/2021 18:41:15 -- INFO -- Using detectable compounds as sink as running in biosensor mode.
17/07/2021 18:41:15 -- INFO -- Main layer was set to True. Sanitising state
17/07/2021 18:41:38 -- INFO -- Main layer was set to True. Sanitising state
17/07/2021 18:41:38 -- INFO -- Starting move obtention process with compound Gomisin_D ([H]OC1(C([H])([H])[H])C(=O)OC2([H])c3c([H])c(OC([H])([H])[H])c(OC([H])([H])[H])c(OC([H])([H])[H])c3-c3c(c4c(c([H])c3C([H])([H])C([H])(C([H])([H])[H])C2(O[H])C([H])([H])[H])OC([H])([H])O4)OC([H])([H])C1([H])C([H])([H])[H]) at 1626540098.69441
17/07/2021 18:41:39 -- INFO -- 0 available rules
17/07/2021 18:41:39 -- INFO -- For compound Gomisin_D, matching moves are []
17/07/2021 18:41:39 -- INFO -- Calculated moves in 0.4279062747955322 for compound VLLFEMVDMFTBHG-UHFFFAOYSA-N - without caching
17/07/2021 18:41:39 -- INFO -- ---------------Beginning of search informations------------------ 
UCT policy is : Biochemical_UCT_1 
Rollout policy is : Rollout_policy_random_uniform_on_biochemical_multiplication_score 
Rewarding policy is : Penalty is -1 and full state reward is 2 
Maximum number of iterations 1000 
Tree search started running at 18h 41min 39s 
Your tree search is currently running ... 
 

17/07/2021 18:41:39 -- INFO -- Performing iteration 0 out of 1000
17/07/2021 18:41:41 -- INFO -- Performing iteration 100 out of 1000
17/07/2021 18:41:42 -- INFO -- Performing iteration 200 out of 1000
17/07/2021 18:41:44 -- INFO -- Performing iteration 300 out of 1000
17/07/2021 18:41:46 -- INFO -- Performing iteration 400 out of 1000
17/07/2021 18:41:48 -- INFO -- Performing iteration 500 out of 1000
17/07/2021 18:41:50 -- INFO -- Performing iteration 600 out of 1000
17/07/2021 18:41:52 -- INFO -- Performing iteration 700 out of 1000
17/07/2021 18:41:54 -- INFO -- Performing iteration 800 out of 1000
17/07/2021 18:41:56 -- INFO -- Performing iteration 900 out of 1000
17/07/2021 18:41:58 -- INFO -- ---------------End of search informations------------------ 
Tree search finished running at 18h 41min 58s 
Your tree search took 1.9e+01s 
 
Time was spent in selection: 1.7e-03s, expansion: 8.6e-04s, rollout: 0.0e+00s, update: 1.5e-02s 
You just lost the game
17/07/2021 18:41:58 -- INFO -- At the end of this tree search, the cache contains 0
17/07/2021 18:41:58 -- WARNING -- RECAP TIME_EXECUTION=19.2
17/07/2021 18:41:58 -- WARNING -- RECAP STOP_REASON=iteration
17/07/2021 18:41:58 -- WARNING -- RECAP NUMBER_ITERATION=999
17/07/2021 18:41:58 -- INFO -- According to Wikipedia, choosing the pathway with the most visists 
 This could be replaced by the best score
17/07/2021 18:41:58 -- INFO -- No pathway was found for this compound
17/07/2021 18:41:58 -- INFO -- 0 pathways were found
17/07/2021 18:41:58 -- INFO -- At the end of this tree search, the cache contains 0
