17/07/2021 13:50:26 -- WARNING -- Setting the seed at 1234
17/07/2021 13:50:26 -- INFO -- Stating global parameters from configuration file
17/07/2021 13:50:26 -- INFO -- Using retrosynthesis: False - using biosensor True
17/07/2021 13:50:26 -- INFO -- Full search - no stopping at first result
17/07/2021 13:50:26 -- INFO -- Setting the DB from config file: Installed package: True. Using cache DB: False; Replacing results: False
17/07/2021 13:50:26 -- INFO -- Initialising an empty cache: {}; Using it: False
17/07/2021 13:50:26 -- INFO -- -------------------Scoring configurations -------------------------
17/07/2021 13:50:26 -- INFO -- Using biological cut off at 0.1
17/07/2021 13:50:26 -- INFO -- Using substrate only cut off at 0.6
17/07/2021 13:50:26 -- INFO -- Using chemical score cut off at 0.6
17/07/2021 13:50:26 -- INFO -- -------------------MCTS configurations -------------------------
17/07/2021 13:50:26 -- INFO -- Setting the minimal visit count for a node at 1
17/07/2021 13:50:26 -- INFO -- Using RAVE: False
17/07/2021 13:50:26 -- INFO -- -------------------Chemical configurations -------------------------
17/07/2021 13:50:26 -- INFO -- Using explicit hydrogens : True
17/07/2021 13:50:26 -- INFO -- Using detectable compounds as sink as running in biosensor mode.
17/07/2021 13:50:26 -- INFO -- Main layer was set to True. Sanitising state
17/07/2021 13:50:48 -- INFO -- Main layer was set to True. Sanitising state
17/07/2021 13:50:48 -- INFO -- Starting move obtention process with compound Equol_7-O-glucuronide ([H]OC(=O)C1([H])OC([H])(Oc2c([H])c([H])c3c(c2[H])OC([H])([H])C([H])(c2c([H])c([H])c(O[H])c([H])c2[H])C3([H])[H])C([H])(O[H])C([H])(O[H])C1([H])O[H]) at 1626522648.5189333
17/07/2021 13:50:48 -- INFO -- 0 available rules
17/07/2021 13:50:48 -- INFO -- For compound Equol_7-O-glucuronide, matching moves are []
17/07/2021 13:50:48 -- INFO -- Calculated moves in 0.31600189208984375 for compound XDPLKWRSVXUQBN-UHFFFAOYSA-N - without caching
17/07/2021 13:50:48 -- INFO -- ---------------Beginning of search informations------------------ 
UCT policy is : Biochemical_UCT_1 
Rollout policy is : Rollout_policy_random_uniform_on_biochemical_multiplication_score 
Rewarding policy is : Penalty is -1 and full state reward is 2 
Maximum number of iterations 1000 
Tree search started running at 13h 50min 48s 
Your tree search is currently running ... 
 

17/07/2021 13:50:48 -- INFO -- Performing iteration 0 out of 1000
17/07/2021 13:50:49 -- INFO -- Performing iteration 100 out of 1000
17/07/2021 13:50:50 -- INFO -- Performing iteration 200 out of 1000
17/07/2021 13:50:51 -- INFO -- Performing iteration 300 out of 1000
17/07/2021 13:50:52 -- INFO -- Performing iteration 400 out of 1000
17/07/2021 13:50:53 -- INFO -- Performing iteration 500 out of 1000
17/07/2021 13:50:54 -- INFO -- Performing iteration 600 out of 1000
17/07/2021 13:50:55 -- INFO -- Performing iteration 700 out of 1000
17/07/2021 13:50:56 -- INFO -- Performing iteration 800 out of 1000
17/07/2021 13:50:57 -- INFO -- Performing iteration 900 out of 1000
17/07/2021 13:50:58 -- INFO -- ---------------End of search informations------------------ 
Tree search finished running at 13h 50min 58s 
Your tree search took 1.0e+01s 
 
Time was spent in selection: 9.8e-04s, expansion: 6.3e-04s, rollout: 0.0e+00s, update: 1.0e-02s 
You just lost the game
17/07/2021 13:50:58 -- INFO -- At the end of this tree search, the cache contains 0
17/07/2021 13:50:58 -- WARNING -- RECAP TIME_EXECUTION=10.14
17/07/2021 13:50:58 -- WARNING -- RECAP STOP_REASON=iteration
17/07/2021 13:50:58 -- WARNING -- RECAP NUMBER_ITERATION=999
17/07/2021 13:50:59 -- INFO -- According to Wikipedia, choosing the pathway with the most visists 
 This could be replaced by the best score
17/07/2021 13:50:59 -- INFO -- No pathway was found for this compound
17/07/2021 13:50:59 -- INFO -- 0 pathways were found
17/07/2021 13:50:59 -- INFO -- At the end of this tree search, the cache contains 0
