17/07/2021 00:12:28 -- WARNING -- Setting the seed at 1234
17/07/2021 00:12:28 -- INFO -- Stating global parameters from configuration file
17/07/2021 00:12:28 -- INFO -- Using retrosynthesis: False - using biosensor True
17/07/2021 00:12:28 -- INFO -- Full search - no stopping at first result
17/07/2021 00:12:28 -- INFO -- Setting the DB from config file: Installed package: True. Using cache DB: False; Replacing results: False
17/07/2021 00:12:28 -- INFO -- Initialising an empty cache: {}; Using it: False
17/07/2021 00:12:28 -- INFO -- -------------------Scoring configurations -------------------------
17/07/2021 00:12:28 -- INFO -- Using biological cut off at 0.1
17/07/2021 00:12:28 -- INFO -- Using substrate only cut off at 0.6
17/07/2021 00:12:28 -- INFO -- Using chemical score cut off at 0.6
17/07/2021 00:12:28 -- INFO -- -------------------MCTS configurations -------------------------
17/07/2021 00:12:28 -- INFO -- Setting the minimal visit count for a node at 1
17/07/2021 00:12:28 -- INFO -- Using RAVE: False
17/07/2021 00:12:28 -- INFO -- -------------------Chemical configurations -------------------------
17/07/2021 00:12:28 -- INFO -- Using explicit hydrogens : True
17/07/2021 00:12:28 -- INFO -- Using detectable compounds as sink as running in biosensor mode.
17/07/2021 00:12:28 -- WARNING -- Removed compound from the detectable set to force enzymatic detection
17/07/2021 00:12:28 -- INFO -- Main layer was set to True. Sanitising state
17/07/2021 00:12:49 -- INFO -- Main layer was set to True. Sanitising state
17/07/2021 00:12:49 -- INFO -- Starting move obtention process with compound Pelargonidin_3-O-(6''-malonyl-glucoside) ([H]OC(=O)C([H])([H])C(=O)OC([H])([H])C1([H])OC([H])(Oc2c(-c3c([H])c([H])c(O[H])c([H])c3[H])[o+]c3c([H])c(O[H])c([H])c(O[H])c3c2[H])C([H])(O[H])C([H])(O[H])C1([H])O[H]) at 1626473569.3925438
17/07/2021 00:12:49 -- INFO -- 369 available rules
17/07/2021 00:12:54 -- INFO -- For compound Pelargonidin_3-O-(6''-malonyl-glucoside), matching moves are [XLZUBCUKXQFBKB-UHFFFAOYSA-O-rxnAdd9_cpd09273_5_6-0, XLZUBCUKXQFBKB-UHFFFAOYSA-O-rxnAdd23_cpd08919_6_6-0, XLZUBCUKXQFBKB-UHFFFAOYSA-O-rxnAdd18_cpd08920_4_6-0, XLZUBCUKXQFBKB-UHFFFAOYSA-O-rxnAdd28_cpd08921_4_6-0, XLZUBCUKXQFBKB-UHFFFAOYSA-O-MNXR111467_MNXM6373_8-0, XLZUBCUKXQFBKB-UHFFFAOYSA-O-MNXR111467_MNXM6373_6-0, XLZUBCUKXQFBKB-UHFFFAOYSA-O-MNXR111460_MNXM1584_6-0, XLZUBCUKXQFBKB-UHFFFAOYSA-O-MNXR119287_MNXM26990_8-0, XLZUBCUKXQFBKB-UHFFFAOYSA-O-MNXR111457_MNXM1584_8-0, XLZUBCUKXQFBKB-UHFFFAOYSA-O-MNXR110327_MNXM1584_8-0]
17/07/2021 00:12:54 -- INFO -- Calculated moves in 4.860980749130249 for compound XLZUBCUKXQFBKB-UHFFFAOYSA-O - without caching
17/07/2021 00:12:54 -- INFO -- ---------------Beginning of search informations------------------ 
UCT policy is : Biochemical_UCT_1 
Rollout policy is : Rollout_policy_random_uniform_on_biochemical_multiplication_score 
Rewarding policy is : Penalty is -1 and full state reward is 2 
Maximum number of iterations 1000 
Tree search started running at 0h 12min 54s 
Your tree search is currently running ... 
 

17/07/2021 00:12:54 -- INFO -- Performing iteration 0 out of 1000
17/07/2021 00:12:54 -- INFO -- Adding a child with move XLZUBCUKXQFBKB-UHFFFAOYSA-O-rxnAdd9_cpd09273_5_6-0 to node 
Count: 0/ Score : 0/ Children: 0/ Terminal : False
|Pelargonidin_3-O-(6''-malonyl-glucoside)|
17/07/2021 00:12:54 -- INFO -- Pathway is found at iteration 0
17/07/2021 00:12:54 -- INFO -- Udapted solved Node 	Move name: XLZUBCUKXQFBKB-UHFFFAOYSA-O-rxnAdd9_cpd09273_5_6-0/ Biological score : 4.02/ Chemical score: 1.0
	Count: 1/ Score : 0/ Children: 0/ Terminal : True
	|BJEPYKJPYRNKOW-UHFFFAOYSA-N- solved|WQZGKKKJIJFFOK-UHFFFAOYSA-N- solved|XVFMGWDSJLBXDZ-UHFFFAOYSA-O- solved| for the first time at iteration 0
17/07/2021 00:12:54 -- INFO -- Udapted solved Node Count: 1/ Score : 0/ Children: 1/ Terminal : False
|Pelargonidin_3-O-(6''-malonyl-glucoside)| for the first time at iteration 0
17/07/2021 00:12:54 -- INFO -- Adding a child with move XLZUBCUKXQFBKB-UHFFFAOYSA-O-rxnAdd23_cpd08919_6_6-0 to node 
Count: 1/ Score : 10.0/ Children: 1/ Terminal : False
|Pelargonidin_3-O-(6''-malonyl-glucoside)|
17/07/2021 00:12:54 -- INFO -- Starting move obtention process with compound OHOQATLPDOXOOC-UHFFFAOYSA-N ([H]OC(=O)C([H])([H])C(=O)OC([H])([H])C1([H])OC([H])(O[H])C([H])(O[H])C([H])(O[H])C1([H])O[H]) at 1626473574.5629356
17/07/2021 00:12:54 -- INFO -- 15 available rules
17/07/2021 00:12:55 -- INFO -- For compound OHOQATLPDOXOOC-UHFFFAOYSA-N, matching moves are [OHOQATLPDOXOOC-UHFFFAOYSA-N-MNXR117701_MNXM13911_8-0]
17/07/2021 00:12:55 -- INFO -- Calculated moves in 0.8020734786987305 for compound OHOQATLPDOXOOC-UHFFFAOYSA-N - without caching
17/07/2021 00:12:55 -- INFO -- Adding a child with move XLZUBCUKXQFBKB-UHFFFAOYSA-O-rxnAdd18_cpd08920_4_6-0 to node 
Count: 2/ Score : 6.0/ Children: 2/ Terminal : False
|Pelargonidin_3-O-(6''-malonyl-glucoside)|
17/07/2021 00:12:55 -- INFO -- Starting move obtention process with compound OHOQATLPDOXOOC-UHFFFAOYSA-N ([H]OC(=O)C([H])([H])C(=O)OC([H])([H])C1([H])OC([H])(O[H])C([H])(O[H])C([H])(O[H])C1([H])O[H]) at 1626473575.5264063
17/07/2021 00:12:55 -- INFO -- 15 available rules
17/07/2021 00:12:56 -- INFO -- For compound OHOQATLPDOXOOC-UHFFFAOYSA-N, matching moves are [OHOQATLPDOXOOC-UHFFFAOYSA-N-MNXR117701_MNXM13911_8-0]
17/07/2021 00:12:56 -- INFO -- Calculated moves in 0.8581678867340088 for compound OHOQATLPDOXOOC-UHFFFAOYSA-N - without caching
17/07/2021 00:12:56 -- INFO -- Pathway is found at iteration 2
17/07/2021 00:12:56 -- INFO -- Udapted solved Node 	Move name: XLZUBCUKXQFBKB-UHFFFAOYSA-O-rxnAdd23_cpd08919_6_6-0/ Biological score : 4.02/ Chemical score: 0.75
	Count: 1/ Score : 0/ Children: 0/ Terminal : True
	|OHOQATLPDOXOOC-UHFFFAOYSA-N|XVFMGWDSJLBXDZ-UHFFFAOYSA-O- solved| for the first time at iteration 2
17/07/2021 00:12:56 -- INFO -- Adding a child with move XLZUBCUKXQFBKB-UHFFFAOYSA-O-rxnAdd28_cpd08921_4_6-0 to node 
Count: 3/ Score : 7.33/ Children: 3/ Terminal : False
|Pelargonidin_3-O-(6''-malonyl-glucoside)|
17/07/2021 00:12:56 -- INFO -- Starting move obtention process with compound CURLTUGMZLYLDI-UHFFFAOYSA-N (O=C=O) at 1626473576.6311042
17/07/2021 00:12:56 -- INFO -- 11 available rules
17/07/2021 00:12:57 -- INFO -- For compound CURLTUGMZLYLDI-UHFFFAOYSA-N, matching moves are [CURLTUGMZLYLDI-UHFFFAOYSA-N-MNXR96884_MNXM13_6-0, CURLTUGMZLYLDI-UHFFFAOYSA-N-MNXR96961_MNXM13_14-0, CURLTUGMZLYLDI-UHFFFAOYSA-N-MNXR96481_MNXM13_14-0, CURLTUGMZLYLDI-UHFFFAOYSA-N-MNXR106403_MNXM13_14-0, CURLTUGMZLYLDI-UHFFFAOYSA-N-MNXR95786_MNXM13_14-0]
17/07/2021 00:12:57 -- INFO -- Calculated moves in 0.4678661823272705 for compound CURLTUGMZLYLDI-UHFFFAOYSA-N - without caching
17/07/2021 00:12:57 -- INFO -- Starting move obtention process with compound OHOQATLPDOXOOC-UHFFFAOYSA-N ([H]OC(=O)C([H])([H])C(=O)OC([H])([H])C1([H])OC([H])(O[H])C([H])(O[H])C([H])(O[H])C1([H])O[H]) at 1626473577.1129723
17/07/2021 00:12:57 -- INFO -- 15 available rules
17/07/2021 00:12:57 -- INFO -- For compound OHOQATLPDOXOOC-UHFFFAOYSA-N, matching moves are [OHOQATLPDOXOOC-UHFFFAOYSA-N-MNXR117701_MNXM13911_8-0]
17/07/2021 00:12:57 -- INFO -- Calculated moves in 0.7828199863433838 for compound OHOQATLPDOXOOC-UHFFFAOYSA-N - without caching
17/07/2021 00:12:57 -- INFO -- Adding a child with move XLZUBCUKXQFBKB-UHFFFAOYSA-O-MNXR111460_MNXM1584_6-0 to node 
Count: 4/ Score : 6.0/ Children: 4/ Terminal : False
|Pelargonidin_3-O-(6''-malonyl-glucoside)|
17/07/2021 00:12:58 -- INFO -- Starting move obtention process with compound XCCTYIAWTASOJW-UHFFFAOYSA-N ([H]Oc1nc(=O)n(C2([H])OC([H])(C([H])([H])OP(=O)(O[H])OP(=O)(O[H])O[H])C([H])(O[H])C2([H])O[H])c([H])c1[H]) at 1626473578.017317
17/07/2021 00:12:58 -- INFO -- 1334 available rules
17/07/2021 00:13:03 -- INFO -- For compound XCCTYIAWTASOJW-UHFFFAOYSA-N, matching moves are [XCCTYIAWTASOJW-UHFFFAOYSA-N-MNXR106729_MNXM495_6-0, XCCTYIAWTASOJW-UHFFFAOYSA-N-MNXR111799_MNXM5568_16-0, XCCTYIAWTASOJW-UHFFFAOYSA-N-MNXR111798_MNXM5568_16-0, XCCTYIAWTASOJW-UHFFFAOYSA-N-MNXR105328_MNXM495_6-0, XCCTYIAWTASOJW-UHFFFAOYSA-N-MNXR119521_MNXM47_6-0, XCCTYIAWTASOJW-UHFFFAOYSA-N-MNXR134292_MNXM495_6-0, XCCTYIAWTASOJW-UHFFFAOYSA-N-MNXR97039_MNXM288_6-0, XCCTYIAWTASOJW-UHFFFAOYSA-N-MNXR107788_MNXM495_6-0, XCCTYIAWTASOJW-UHFFFAOYSA-N-MNXR105330_MNXM495_6-0, XCCTYIAWTASOJW-UHFFFAOYSA-N-MNXR103374_MNXM495_8-0]
17/07/2021 00:13:03 -- INFO -- Calculated moves in 5.4631667137146 for compound XCCTYIAWTASOJW-UHFFFAOYSA-N - without caching
17/07/2021 00:13:03 -- INFO -- Starting move obtention process with compound XTJQZPLDJBNHHN-UHFFFAOYSA-O ([H]OC(=O)C([H])([H])C(=O)OC([H])([H])C1([H])OC([H])(Oc2c(-c3c([H])c([H])c(O[H])c([H])c3[H])[o+]c3c([H])c(O[H])c([H])c(O[H])c3c2[H])C([H])(OC2([H])OC([H])(C([H])([H])O[H])C([H])(O[H])C([H])(O[H])C2([H])O[H])C([H])(O[H])C1([H])O[H]) at 1626473583.497526
17/07/2021 00:13:03 -- INFO -- 336 available rules
17/07/2021 00:13:06 -- INFO -- For compound XTJQZPLDJBNHHN-UHFFFAOYSA-O, matching moves are [XTJQZPLDJBNHHN-UHFFFAOYSA-O-rxnAdd9_cpd09273_5_6-0, XTJQZPLDJBNHHN-UHFFFAOYSA-O-MNXR119309_MNXM1146_6-0, XTJQZPLDJBNHHN-UHFFFAOYSA-O-rxnAdd18_cpd08920_4_6-0, XTJQZPLDJBNHHN-UHFFFAOYSA-O-rxnAdd28_cpd08921_4_6-0, XTJQZPLDJBNHHN-UHFFFAOYSA-O-MNXR118719_MNXM2735_8-0, XTJQZPLDJBNHHN-UHFFFAOYSA-O-MNXR120374_MNXM24447_6-0, XTJQZPLDJBNHHN-UHFFFAOYSA-O-MNXR120373_MNXM24447_6-0, XTJQZPLDJBNHHN-UHFFFAOYSA-O-MNXR118691_MNXM1584_6-0, XTJQZPLDJBNHHN-UHFFFAOYSA-O-MNXR118690_MNXM1146_8-0, XTJQZPLDJBNHHN-UHFFFAOYSA-O-MNXR111460_MNXM20335_6-0]
17/07/2021 00:13:06 -- INFO -- Calculated moves in 2.5190067291259766 for compound XTJQZPLDJBNHHN-UHFFFAOYSA-O - without caching
17/07/2021 00:13:06 -- INFO -- Pathway is found at iteration 4
17/07/2021 00:13:06 -- INFO -- Udapted solved Node 	Move name: XLZUBCUKXQFBKB-UHFFFAOYSA-O-rxnAdd18_cpd08920_4_6-0/ Biological score : 4.02/ Chemical score: 0.68
	Count: 1/ Score : 0/ Children: 0/ Terminal : True
	|FJKROLUGYXJWQN-UHFFFAOYSA-N- solved|OHOQATLPDOXOOC-UHFFFAOYSA-N|QCDYQQDYXPDABM-UHFFFAOYSA-N- solved| for the first time at iteration 4
17/07/2021 00:13:06 -- INFO -- Adding a child with move XLZUBCUKXQFBKB-UHFFFAOYSA-O-MNXR111467_MNXM6373_8-0 to node 
Count: 5/ Score : 6.8/ Children: 5/ Terminal : False
|Pelargonidin_3-O-(6''-malonyl-glucoside)|
17/07/2021 00:13:06 -- INFO -- Adding a child with move XLZUBCUKXQFBKB-UHFFFAOYSA-O-MNXR111467_MNXM6373_6-0 to node 
Count: 6/ Score : 6.0/ Children: 6/ Terminal : False
|Pelargonidin_3-O-(6''-malonyl-glucoside)|
17/07/2021 00:13:06 -- INFO -- Starting move obtention process with compound RIMSNJVXDSGWCF-UHFFFAOYSA-O ([H]OC(=O)C([H])([H])C(=O)OC([H])([H])C1([H])OC([H])(Oc2c(-c3c([H])c([H])c(O[H])c([H])c3[H])[o+]c3c([H])c(O[H])c([H])c(O[H])c3c2[H])C([H])(O[H])C([H])(O[H])C1([H])OC(=O)C([H])([H])C(=O)O[H]) at 1626473586.3154523
17/07/2021 00:13:06 -- INFO -- 292 available rules
17/07/2021 00:13:09 -- INFO -- For compound RIMSNJVXDSGWCF-UHFFFAOYSA-O, matching moves are [RIMSNJVXDSGWCF-UHFFFAOYSA-O-rxnAdd9_cpd09273_5_6-0, RIMSNJVXDSGWCF-UHFFFAOYSA-O-rxnAdd23_cpd08919_6_6-0, RIMSNJVXDSGWCF-UHFFFAOYSA-O-rxnAdd18_cpd08920_4_6-0, RIMSNJVXDSGWCF-UHFFFAOYSA-O-MNXR111467_MNXM12594_6-0, RIMSNJVXDSGWCF-UHFFFAOYSA-O-MNXR111467_MNXM6373_6-0, RIMSNJVXDSGWCF-UHFFFAOYSA-O-MNXR111460_MNXM1584_6-0, RIMSNJVXDSGWCF-UHFFFAOYSA-O-MNXR119287_MNXM26990_8-0, RIMSNJVXDSGWCF-UHFFFAOYSA-O-MNXR111457_MNXM1584_8-0, RIMSNJVXDSGWCF-UHFFFAOYSA-O-MNXR110327_MNXM1584_8-0]
17/07/2021 00:13:09 -- INFO -- Calculated moves in 3.477656602859497 for compound RIMSNJVXDSGWCF-UHFFFAOYSA-O - without caching
17/07/2021 00:13:09 -- INFO -- Pathway is found at iteration 6
17/07/2021 00:13:09 -- INFO -- Udapted solved Node 	Move name: XLZUBCUKXQFBKB-UHFFFAOYSA-O-rxnAdd28_cpd08921_4_6-0/ Biological score : 4.02/ Chemical score: 0.63
	Count: 1/ Score : 0/ Children: 0/ Terminal : True
	|CURLTUGMZLYLDI-UHFFFAOYSA-N|OHOQATLPDOXOOC-UHFFFAOYSA-N|QCDYQQDYXPDABM-UHFFFAOYSA-N- solved|XQXPVVBIMDBYFF-UHFFFAOYSA-N- solved| for the first time at iteration 6
17/07/2021 00:13:09 -- INFO -- Adding a child with move XLZUBCUKXQFBKB-UHFFFAOYSA-O-MNXR119287_MNXM26990_8-0 to node 
Count: 7/ Score : 6.57/ Children: 7/ Terminal : False
|Pelargonidin_3-O-(6''-malonyl-glucoside)|
17/07/2021 00:13:10 -- INFO -- Adding a child with move XLZUBCUKXQFBKB-UHFFFAOYSA-O-MNXR111457_MNXM1584_8-0 to node 
Count: 8/ Score : 6.0/ Children: 8/ Terminal : False
|Pelargonidin_3-O-(6''-malonyl-glucoside)|
17/07/2021 00:13:10 -- INFO -- Starting move obtention process with compound BISLCTUMMICQQR-UHFFFAOYSA-O ([H]OC(=O)C([H])([H])C(=O)OC([H])([H])C1([H])OC([H])(Oc2c(-c3c([H])c([H])c(O[H])c([H])c3[H])[o+]c3c([H])c(O[H])c([H])c(OC4([H])OC([H])(C([H])([H])O[H])C([H])(O[H])C([H])(O[H])C4([H])O[H])c3c2[H])C([H])(O[H])C([H])(O[H])C1([H])O[H]) at 1626473590.1603394
17/07/2021 00:13:10 -- INFO -- 363 available rules
17/07/2021 00:13:13 -- INFO -- For compound BISLCTUMMICQQR-UHFFFAOYSA-O, matching moves are [BISLCTUMMICQQR-UHFFFAOYSA-O-rxnAdd9_cpd09273_5_6-0, BISLCTUMMICQQR-UHFFFAOYSA-O-rxnAdd8_cpd24730_6_6-0, BISLCTUMMICQQR-UHFFFAOYSA-O-rxnAdd23_cpd08919_6_6-0, BISLCTUMMICQQR-UHFFFAOYSA-O-MNXR119309_MNXM1146_6-0, BISLCTUMMICQQR-UHFFFAOYSA-O-MNXR118719_MNXM2735_8-0, BISLCTUMMICQQR-UHFFFAOYSA-O-MNXR118690_MNXM1146_8-0, BISLCTUMMICQQR-UHFFFAOYSA-O-MNXR111460_MNXM1584_6-0, BISLCTUMMICQQR-UHFFFAOYSA-O-MNXR111460_MNXM1584_6-1, BISLCTUMMICQQR-UHFFFAOYSA-O-MNXR111467_MNXM6373_8-0, BISLCTUMMICQQR-UHFFFAOYSA-O-MNXR111467_MNXM6373_8-1]
17/07/2021 00:13:13 -- INFO -- Calculated moves in 3.591465711593628 for compound BISLCTUMMICQQR-UHFFFAOYSA-O - without caching
17/07/2021 00:13:13 -- INFO -- Starting move obtention process with compound XCCTYIAWTASOJW-UHFFFAOYSA-N ([H]Oc1nc(=O)n(C2([H])OC([H])(C([H])([H])OP(=O)(O[H])OP(=O)(O[H])O[H])C([H])(O[H])C2([H])O[H])c([H])c1[H]) at 1626473593.7688224
17/07/2021 00:13:14 -- INFO -- 1334 available rules
17/07/2021 00:13:19 -- INFO -- For compound XCCTYIAWTASOJW-UHFFFAOYSA-N, matching moves are [XCCTYIAWTASOJW-UHFFFAOYSA-N-MNXR106729_MNXM495_6-0, XCCTYIAWTASOJW-UHFFFAOYSA-N-MNXR111799_MNXM5568_16-0, XCCTYIAWTASOJW-UHFFFAOYSA-N-MNXR111798_MNXM5568_16-0, XCCTYIAWTASOJW-UHFFFAOYSA-N-MNXR105328_MNXM495_6-0, XCCTYIAWTASOJW-UHFFFAOYSA-N-MNXR119521_MNXM47_6-0, XCCTYIAWTASOJW-UHFFFAOYSA-N-MNXR134292_MNXM495_6-0, XCCTYIAWTASOJW-UHFFFAOYSA-N-MNXR97039_MNXM288_6-0, XCCTYIAWTASOJW-UHFFFAOYSA-N-MNXR107788_MNXM495_6-0, XCCTYIAWTASOJW-UHFFFAOYSA-N-MNXR105330_MNXM495_6-0, XCCTYIAWTASOJW-UHFFFAOYSA-N-MNXR103374_MNXM495_8-0]
17/07/2021 00:13:19 -- INFO -- Calculated moves in 5.291364908218384 for compound XCCTYIAWTASOJW-UHFFFAOYSA-N - without caching
17/07/2021 00:13:19 -- INFO -- Starting move obtention process with compound XCCTYIAWTASOJW-UHFFFAOYSA-N ([H]Oc1nc(=O)n(C2([H])OC([H])(C([H])([H])OP(=O)(O[H])OP(=O)(O[H])O[H])C([H])(O[H])C2([H])O[H])c([H])c1[H]) at 1626473599.0981762
17/07/2021 00:13:19 -- INFO -- 1324 available rules
17/07/2021 00:13:24 -- INFO -- For compound XCCTYIAWTASOJW-UHFFFAOYSA-N, matching moves are [XCCTYIAWTASOJW-UHFFFAOYSA-N-MNXR106729_MNXM495_8-0, XCCTYIAWTASOJW-UHFFFAOYSA-N-MNXR134292_MNXM495_8-0, XCCTYIAWTASOJW-UHFFFAOYSA-N-MNXR111798_MNXM5568_6-0, XCCTYIAWTASOJW-UHFFFAOYSA-N-MNXR111799_MNXM5568_14-0, XCCTYIAWTASOJW-UHFFFAOYSA-N-MNXR107788_MNXM495_8-0, XCCTYIAWTASOJW-UHFFFAOYSA-N-MNXR105330_MNXM495_8-0, XCCTYIAWTASOJW-UHFFFAOYSA-N-MNXR105328_MNXM495_8-0, XCCTYIAWTASOJW-UHFFFAOYSA-N-MNXR97207_MNXM492_6-0, XCCTYIAWTASOJW-UHFFFAOYSA-N-MNXR103374_MNXM495_6-0, XCCTYIAWTASOJW-UHFFFAOYSA-N-MNXR114764_MNXM899_6-0]
17/07/2021 00:13:24 -- INFO -- Calculated moves in 5.180198907852173 for compound XCCTYIAWTASOJW-UHFFFAOYSA-N - without caching
17/07/2021 00:13:24 -- INFO -- Starting move obtention process with compound XTJQZPLDJBNHHN-UHFFFAOYSA-O ([H]OC(=O)C([H])([H])C(=O)OC([H])([H])C1([H])OC([H])(Oc2c(-c3c([H])c([H])c(O[H])c([H])c3[H])[o+]c3c([H])c(O[H])c([H])c(O[H])c3c2[H])C([H])(OC2([H])OC([H])(C([H])([H])O[H])C([H])(O[H])C([H])(O[H])C2([H])O[H])C([H])(O[H])C1([H])O[H]) at 1626473604.2925575
17/07/2021 00:13:24 -- INFO -- 326 available rules
17/07/2021 00:13:27 -- INFO -- For compound XTJQZPLDJBNHHN-UHFFFAOYSA-O, matching moves are [XTJQZPLDJBNHHN-UHFFFAOYSA-O-rxnAdd2_cpd09274_5_6-0, XTJQZPLDJBNHHN-UHFFFAOYSA-O-MNXR110563_MNXM1146_6-0, XTJQZPLDJBNHHN-UHFFFAOYSA-O-MNXR118719_MNXM2735_12-0, XTJQZPLDJBNHHN-UHFFFAOYSA-O-MNXR118690_MNXM1146_12-0, XTJQZPLDJBNHHN-UHFFFAOYSA-O-MNXR111460_MNXM20335_8-0, XTJQZPLDJBNHHN-UHFFFAOYSA-O-MNXR118692_MNXM1474_6-0, XTJQZPLDJBNHHN-UHFFFAOYSA-O-MNXR122054_MNXM1584_6-0, XTJQZPLDJBNHHN-UHFFFAOYSA-O-MNXR111460_MNXM1584_6-0, XTJQZPLDJBNHHN-UHFFFAOYSA-O-MNXR119279_MNXM22691_8-0, XTJQZPLDJBNHHN-UHFFFAOYSA-O-MNXR111467_MNXM6373_8-0]
17/07/2021 00:13:27 -- INFO -- Calculated moves in 2.8118321895599365 for compound XTJQZPLDJBNHHN-UHFFFAOYSA-O - without caching
17/07/2021 00:13:27 -- INFO -- Starting move obtention process with compound AFVINMXUFSRFSS-UHFFFAOYSA-O ([H]OC(=O)C([H])([H])C(=O)OC([H])([H])C1([H])OC([H])(Oc2c(-c3c([H])c([H])c(O[H])c([H])c3[H])[o+]c3c([H])c(O[H])c([H])c(O[H])c3c2[H])C([H])(OC2([H])OC([H])(C([H])([H])O[H])C([H])(O[H])C([H])(OC(=O)C([H])([H])C(=O)O[H])C2([H])O[H])C([H])(O[H])C1([H])O[H]) at 1626473607.1363568
17/07/2021 00:13:27 -- INFO -- 312 available rules
17/07/2021 00:13:29 -- INFO -- For compound AFVINMXUFSRFSS-UHFFFAOYSA-O, matching moves are [AFVINMXUFSRFSS-UHFFFAOYSA-O-rxnAdd9_cpd09273_5_6-0, AFVINMXUFSRFSS-UHFFFAOYSA-O-MNXR119309_MNXM1146_6-0, AFVINMXUFSRFSS-UHFFFAOYSA-O-rxnAdd18_cpd08920_4_6-0, AFVINMXUFSRFSS-UHFFFAOYSA-O-rxnAdd28_cpd08921_4_6-0, AFVINMXUFSRFSS-UHFFFAOYSA-O-MNXR118719_MNXM2735_8-0, AFVINMXUFSRFSS-UHFFFAOYSA-O-MNXR120374_MNXM24447_6-0, AFVINMXUFSRFSS-UHFFFAOYSA-O-MNXR120373_MNXM24447_6-0, AFVINMXUFSRFSS-UHFFFAOYSA-O-MNXR118691_MNXM1584_6-0, AFVINMXUFSRFSS-UHFFFAOYSA-O-MNXR118690_MNXM1146_8-0, AFVINMXUFSRFSS-UHFFFAOYSA-O-MNXR111460_MNXM20335_6-0]
17/07/2021 00:13:29 -- INFO -- Calculated moves in 2.2316524982452393 for compound AFVINMXUFSRFSS-UHFFFAOYSA-O - without caching
17/07/2021 00:13:29 -- INFO -- Starting move obtention process with compound XCCTYIAWTASOJW-UHFFFAOYSA-N ([H]Oc1nc(=O)n(C2([H])OC([H])(C([H])([H])OP(=O)(O[H])OP(=O)(O[H])O[H])C([H])(O[H])C2([H])O[H])c([H])c1[H]) at 1626473609.4056084
17/07/2021 00:13:29 -- INFO -- 1324 available rules
17/07/2021 00:13:34 -- INFO -- For compound XCCTYIAWTASOJW-UHFFFAOYSA-N, matching moves are [XCCTYIAWTASOJW-UHFFFAOYSA-N-MNXR106729_MNXM495_6-0, XCCTYIAWTASOJW-UHFFFAOYSA-N-MNXR111799_MNXM5568_16-0, XCCTYIAWTASOJW-UHFFFAOYSA-N-MNXR111798_MNXM5568_16-0, XCCTYIAWTASOJW-UHFFFAOYSA-N-MNXR105328_MNXM495_6-0, XCCTYIAWTASOJW-UHFFFAOYSA-N-MNXR119521_MNXM47_6-0, XCCTYIAWTASOJW-UHFFFAOYSA-N-MNXR134292_MNXM495_6-0, XCCTYIAWTASOJW-UHFFFAOYSA-N-MNXR97039_MNXM288_6-0, XCCTYIAWTASOJW-UHFFFAOYSA-N-MNXR107788_MNXM495_6-0, XCCTYIAWTASOJW-UHFFFAOYSA-N-MNXR105330_MNXM495_6-0, XCCTYIAWTASOJW-UHFFFAOYSA-N-MNXR103374_MNXM495_8-0]
17/07/2021 00:13:34 -- INFO -- Calculated moves in 4.967577219009399 for compound XCCTYIAWTASOJW-UHFFFAOYSA-N - without caching
17/07/2021 00:13:34 -- INFO -- Rollout results are 2, True
17/07/2021 00:13:34 -- INFO -- Udapted solved Node 	Move name: XLZUBCUKXQFBKB-UHFFFAOYSA-O-MNXR111460_MNXM1584_6-0/ Biological score : 1.97/ Chemical score: 0.75
	Count: 1/ Score : 0/ Children: 0/ Terminal : False
	|XCCTYIAWTASOJW-UHFFFAOYSA-N|XTJQZPLDJBNHHN-UHFFFAOYSA-O| for the first time at iteration 8
17/07/2021 00:13:34 -- INFO -- Adding a child with move XLZUBCUKXQFBKB-UHFFFAOYSA-O-MNXR110327_MNXM1584_8-0 to node 
Count: 9/ Score : 5.56/ Children: 9/ Terminal : False
|Pelargonidin_3-O-(6''-malonyl-glucoside)|
17/07/2021 00:13:34 -- INFO -- Starting move obtention process with compound BDMIRTMMFJHYGK-UHFFFAOYSA-N ([H]OC(=O)C([H])([H])C(=O)OC([H])([H])C1([H])OC([H])(OP(=O)(O[H])OP(=O)(O[H])OC([H])([H])C2([H])OC([H])(n3c([H])c([H])c(O[H])nc3=O)C([H])(O[H])C2([H])O[H])C([H])(O[H])C([H])(O[H])C1([H])O[H]) at 1626473614.5154145
17/07/2021 00:13:34 -- INFO -- 1158 available rules
17/07/2021 00:13:35 -- INFO -- For compound BDMIRTMMFJHYGK-UHFFFAOYSA-N, matching moves are [BDMIRTMMFJHYGK-UHFFFAOYSA-N-MNXR119309_MNXM655_6-0, BDMIRTMMFJHYGK-UHFFFAOYSA-N-MNXR136880_MNXM52_6-0, BDMIRTMMFJHYGK-UHFFFAOYSA-N-MNXR105055_MNXM87_6-0, BDMIRTMMFJHYGK-UHFFFAOYSA-N-MNXR122577_MNXM89795_6-0, BDMIRTMMFJHYGK-UHFFFAOYSA-N-MNXR122575_MNXM89795_6-0, BDMIRTMMFJHYGK-UHFFFAOYSA-N-MNXR111486_MNXM162273_6-0, BDMIRTMMFJHYGK-UHFFFAOYSA-N-MNXR111604_MNXM52_8-0, BDMIRTMMFJHYGK-UHFFFAOYSA-N-MNXR108613_MNXM52_8-0, BDMIRTMMFJHYGK-UHFFFAOYSA-N-MNXR108275_MNXM52_8-0, BDMIRTMMFJHYGK-UHFFFAOYSA-N-MNXR108264_MNXM52_8-0]
17/07/2021 00:13:35 -- INFO -- Calculated moves in 1.1618115901947021 for compound BDMIRTMMFJHYGK-UHFFFAOYSA-N - without caching
17/07/2021 00:13:35 -- INFO -- Starting move obtention process with compound XCCTYIAWTASOJW-UHFFFAOYSA-N ([H]Oc1nc(=O)n(C2([H])OC([H])(C([H])([H])OP(=O)(O[H])OP(=O)(O[H])O[H])C([H])(O[H])C2([H])O[H])c([H])c1[H]) at 1626473615.715676
17/07/2021 00:13:36 -- INFO -- 1324 available rules
17/07/2021 00:13:40 -- INFO -- For compound XCCTYIAWTASOJW-UHFFFAOYSA-N, matching moves are [XCCTYIAWTASOJW-UHFFFAOYSA-N-MNXR106729_MNXM495_8-0, XCCTYIAWTASOJW-UHFFFAOYSA-N-MNXR134292_MNXM495_8-0, XCCTYIAWTASOJW-UHFFFAOYSA-N-MNXR111798_MNXM5568_6-0, XCCTYIAWTASOJW-UHFFFAOYSA-N-MNXR111799_MNXM5568_14-0, XCCTYIAWTASOJW-UHFFFAOYSA-N-MNXR107788_MNXM495_8-0, XCCTYIAWTASOJW-UHFFFAOYSA-N-MNXR105330_MNXM495_8-0, XCCTYIAWTASOJW-UHFFFAOYSA-N-MNXR105328_MNXM495_8-0, XCCTYIAWTASOJW-UHFFFAOYSA-N-MNXR97207_MNXM492_6-0, XCCTYIAWTASOJW-UHFFFAOYSA-N-MNXR103374_MNXM495_6-0, XCCTYIAWTASOJW-UHFFFAOYSA-N-MNXR114764_MNXM899_6-0]
17/07/2021 00:13:40 -- INFO -- Calculated moves in 5.082675218582153 for compound XCCTYIAWTASOJW-UHFFFAOYSA-N - without caching
17/07/2021 00:13:40 -- INFO -- Starting move obtention process with compound XTJQZPLDJBNHHN-UHFFFAOYSA-O ([H]OC(=O)C([H])([H])C(=O)OC([H])([H])C1([H])OC([H])(Oc2c(-c3c([H])c([H])c(O[H])c([H])c3[H])[o+]c3c([H])c(O[H])c([H])c(O[H])c3c2[H])C([H])(OC2([H])OC([H])(C([H])([H])O[H])C([H])(O[H])C([H])(O[H])C2([H])O[H])C([H])(O[H])C1([H])O[H]) at 1626473620.8212051
17/07/2021 00:13:41 -- INFO -- 326 available rules
17/07/2021 00:13:43 -- INFO -- For compound XTJQZPLDJBNHHN-UHFFFAOYSA-O, matching moves are [XTJQZPLDJBNHHN-UHFFFAOYSA-O-rxnAdd9_cpd09273_5_6-0, XTJQZPLDJBNHHN-UHFFFAOYSA-O-MNXR119309_MNXM1146_6-0, XTJQZPLDJBNHHN-UHFFFAOYSA-O-rxnAdd18_cpd08920_4_6-0, XTJQZPLDJBNHHN-UHFFFAOYSA-O-rxnAdd28_cpd08921_4_6-0, XTJQZPLDJBNHHN-UHFFFAOYSA-O-MNXR118719_MNXM2735_8-0, XTJQZPLDJBNHHN-UHFFFAOYSA-O-MNXR120374_MNXM24447_6-0, XTJQZPLDJBNHHN-UHFFFAOYSA-O-MNXR120373_MNXM24447_6-0, XTJQZPLDJBNHHN-UHFFFAOYSA-O-MNXR118691_MNXM1584_6-0, XTJQZPLDJBNHHN-UHFFFAOYSA-O-MNXR118690_MNXM1146_8-0, XTJQZPLDJBNHHN-UHFFFAOYSA-O-MNXR111460_MNXM20335_6-0]
17/07/2021 00:13:43 -- INFO -- Calculated moves in 2.340447425842285 for compound XTJQZPLDJBNHHN-UHFFFAOYSA-O - without caching
17/07/2021 00:13:43 -- INFO -- Starting move obtention process with compound XCCTYIAWTASOJW-UHFFFAOYSA-N ([H]Oc1nc(=O)n(C2([H])OC([H])(C([H])([H])OP(=O)(O[H])OP(=O)(O[H])O[H])C([H])(O[H])C2([H])O[H])c([H])c1[H]) at 1626473623.2236798
17/07/2021 00:13:43 -- INFO -- 1324 available rules
17/07/2021 00:13:48 -- INFO -- For compound XCCTYIAWTASOJW-UHFFFAOYSA-N, matching moves are [XCCTYIAWTASOJW-UHFFFAOYSA-N-MNXR106729_MNXM495_6-0, XCCTYIAWTASOJW-UHFFFAOYSA-N-MNXR111799_MNXM5568_16-0, XCCTYIAWTASOJW-UHFFFAOYSA-N-MNXR111798_MNXM5568_16-0, XCCTYIAWTASOJW-UHFFFAOYSA-N-MNXR105328_MNXM495_6-0, XCCTYIAWTASOJW-UHFFFAOYSA-N-MNXR119521_MNXM47_6-0, XCCTYIAWTASOJW-UHFFFAOYSA-N-MNXR134292_MNXM495_6-0, XCCTYIAWTASOJW-UHFFFAOYSA-N-MNXR97039_MNXM288_6-0, XCCTYIAWTASOJW-UHFFFAOYSA-N-MNXR107788_MNXM495_6-0, XCCTYIAWTASOJW-UHFFFAOYSA-N-MNXR105330_MNXM495_6-0, XCCTYIAWTASOJW-UHFFFAOYSA-N-MNXR103374_MNXM495_8-0]
17/07/2021 00:13:48 -- INFO -- Calculated moves in 5.001166343688965 for compound XCCTYIAWTASOJW-UHFFFAOYSA-N - without caching
17/07/2021 00:13:48 -- INFO -- Rollout results are 2, True
17/07/2021 00:13:48 -- INFO -- Pathway is found at iteration 10
17/07/2021 00:13:48 -- INFO -- Udapted solved Node 	Move name: XLZUBCUKXQFBKB-UHFFFAOYSA-O-MNXR111467_MNXM6373_8-0/ Biological score : 1.52/ Chemical score: 1.0
	Count: 1/ Score : 0/ Children: 0/ Terminal : True
	|FYXSNZOHHSEKPD-UHFFFAOYSA-O- solved|RGJOEKWQDUBAIZ-UHFFFAOYSA-N- solved| for the first time at iteration 10
17/07/2021 00:13:48 -- INFO -- Pathway is found at iteration 12
17/07/2021 00:13:48 -- INFO -- Udapted solved Node 	Move name: XLZUBCUKXQFBKB-UHFFFAOYSA-O-MNXR111467_MNXM6373_6-0/ Biological score : 1.52/ Chemical score: 1.0
	Count: 1/ Score : 0/ Children: 0/ Terminal : True
	|RGJOEKWQDUBAIZ-UHFFFAOYSA-N- solved|RIMSNJVXDSGWCF-UHFFFAOYSA-O| for the first time at iteration 12
17/07/2021 00:13:48 -- INFO -- Pathway is found at iteration 14
17/07/2021 00:13:48 -- INFO -- Udapted solved Node 	Move name: XLZUBCUKXQFBKB-UHFFFAOYSA-O-MNXR119287_MNXM26990_8-0/ Biological score : 0.48/ Chemical score: 0.73
	Count: 1/ Score : 0/ Children: 0/ Terminal : True
	|ABVCUBUIXWJYSE-UHFFFAOYSA-O- solved|LTYOQGRJFJAKNA-UHFFFAOYSA-N- solved| for the first time at iteration 14
17/07/2021 00:13:48 -- INFO -- Adding a child with move BISLCTUMMICQQR-UHFFFAOYSA-O-rxnAdd9_cpd09273_5_6-0 to node 
	Move name: XLZUBCUKXQFBKB-UHFFFAOYSA-O-MNXR111457_MNXM1584_8-0/ Biological score : 0.3/ Chemical score: 0.75
	Count: 0/ Score : 0/ Children: 0/ Terminal : False
	|BISLCTUMMICQQR-UHFFFAOYSA-O|XCCTYIAWTASOJW-UHFFFAOYSA-N|
17/07/2021 00:13:48 -- INFO -- Starting move obtention process with compound AFRWRFLTMADQHJ-UHFFFAOYSA-O ([H]Oc1c([H])c([H])c(-c2[o+]c3c([H])c(O[H])c([H])c(OC4([H])OC([H])(C([H])([H])O[H])C([H])(O[H])C([H])(O[H])C4([H])O[H])c3c([H])c2O[H])c([H])c1[H]) at 1626473628.66775
17/07/2021 00:13:49 -- INFO -- 345 available rules
17/07/2021 00:13:52 -- INFO -- For compound AFRWRFLTMADQHJ-UHFFFAOYSA-O, matching moves are [AFRWRFLTMADQHJ-UHFFFAOYSA-O-MNXR119309_MNXM1146_6-0, AFRWRFLTMADQHJ-UHFFFAOYSA-O-MNXR118690_MNXM1146_8-0, AFRWRFLTMADQHJ-UHFFFAOYSA-O-MNXR111460_MNXM1584_6-0, AFRWRFLTMADQHJ-UHFFFAOYSA-O-MNXR118719_MNXM2735_8-0, AFRWRFLTMADQHJ-UHFFFAOYSA-O-MNXR119279_MNXM22691_8-0, AFRWRFLTMADQHJ-UHFFFAOYSA-O-MNXR111467_MNXM6373_8-0, AFRWRFLTMADQHJ-UHFFFAOYSA-O-MNXR111467_MNXM6373_6-0, AFRWRFLTMADQHJ-UHFFFAOYSA-O-MNXR119287_MNXM23458_8-0, AFRWRFLTMADQHJ-UHFFFAOYSA-O-MNXR111457_MNXM91262_8-0, AFRWRFLTMADQHJ-UHFFFAOYSA-O-MNXR119305_MNXM148202_6-0, AFRWRFLTMADQHJ-UHFFFAOYSA-O-MNXR119305_MNXM148202_6-1]
17/07/2021 00:13:52 -- INFO -- Calculated moves in 4.124025821685791 for compound AFRWRFLTMADQHJ-UHFFFAOYSA-O - without caching
17/07/2021 00:13:52 -- INFO -- Starting move obtention process with compound XCCTYIAWTASOJW-UHFFFAOYSA-N ([H]Oc1nc(=O)n(C2([H])OC([H])(C([H])([H])OP(=O)(O[H])OP(=O)(O[H])O[H])C([H])(O[H])C2([H])O[H])c([H])c1[H]) at 1626473632.833169
17/07/2021 00:13:53 -- INFO -- 1324 available rules
17/07/2021 00:13:57 -- INFO -- For compound XCCTYIAWTASOJW-UHFFFAOYSA-N, matching moves are [XCCTYIAWTASOJW-UHFFFAOYSA-N-MNXR106729_MNXM495_8-0, XCCTYIAWTASOJW-UHFFFAOYSA-N-MNXR134292_MNXM495_8-0, XCCTYIAWTASOJW-UHFFFAOYSA-N-MNXR111798_MNXM5568_6-0, XCCTYIAWTASOJW-UHFFFAOYSA-N-MNXR111799_MNXM5568_14-0, XCCTYIAWTASOJW-UHFFFAOYSA-N-MNXR107788_MNXM495_8-0, XCCTYIAWTASOJW-UHFFFAOYSA-N-MNXR105330_MNXM495_8-0, XCCTYIAWTASOJW-UHFFFAOYSA-N-MNXR105328_MNXM495_8-0, XCCTYIAWTASOJW-UHFFFAOYSA-N-MNXR97207_MNXM492_6-0, XCCTYIAWTASOJW-UHFFFAOYSA-N-MNXR103374_MNXM495_6-0, XCCTYIAWTASOJW-UHFFFAOYSA-N-MNXR114764_MNXM899_6-0]
17/07/2021 00:13:57 -- INFO -- Calculated moves in 5.049816846847534 for compound XCCTYIAWTASOJW-UHFFFAOYSA-N - without caching
17/07/2021 00:13:57 -- INFO -- Pathway is found at iteration 16
17/07/2021 00:13:58 -- INFO -- Udapted solved Node 		Move name: BISLCTUMMICQQR-UHFFFAOYSA-O-rxnAdd9_cpd09273_5_6-0/ Biological score : 4.02/ Chemical score: 0.94
		Count: 1/ Score : 0/ Children: 0/ Terminal : True
		|AFRWRFLTMADQHJ-UHFFFAOYSA-O|BJEPYKJPYRNKOW-UHFFFAOYSA-N- solved|WQZGKKKJIJFFOK-UHFFFAOYSA-N- solved|XCCTYIAWTASOJW-UHFFFAOYSA-N| for the first time at iteration 16
17/07/2021 00:13:58 -- INFO -- Udapted solved Node 	Move name: XLZUBCUKXQFBKB-UHFFFAOYSA-O-MNXR111457_MNXM1584_8-0/ Biological score : 0.3/ Chemical score: 0.75
	Count: 1/ Score : 0/ Children: 1/ Terminal : False
	|BISLCTUMMICQQR-UHFFFAOYSA-O|XCCTYIAWTASOJW-UHFFFAOYSA-N| for the first time at iteration 16
17/07/2021 00:13:58 -- INFO -- Adding a child with move BISLCTUMMICQQR-UHFFFAOYSA-O-rxnAdd8_cpd24730_6_6-0 to node 
	Move name: XLZUBCUKXQFBKB-UHFFFAOYSA-O-MNXR111457_MNXM1584_8-0/ Biological score : 0.3/ Chemical score: 0.75
	Count: 1/ Score : 10.0/ Children: 1/ Terminal : False
	|BISLCTUMMICQQR-UHFFFAOYSA-O|XCCTYIAWTASOJW-UHFFFAOYSA-N|
17/07/2021 00:13:58 -- INFO -- Starting move obtention process with compound OHOQATLPDOXOOC-UHFFFAOYSA-N ([H]OC(=O)C([H])([H])C(=O)OC([H])([H])C1([H])OC([H])(O[H])C([H])(O[H])C([H])(O[H])C1([H])O[H]) at 1626473638.1529956
17/07/2021 00:13:58 -- INFO -- 15 available rules
17/07/2021 00:13:59 -- INFO -- For compound OHOQATLPDOXOOC-UHFFFAOYSA-N, matching moves are [OHOQATLPDOXOOC-UHFFFAOYSA-N-MNXR117701_MNXM13911_8-0]
17/07/2021 00:13:59 -- INFO -- Calculated moves in 0.860072135925293 for compound OHOQATLPDOXOOC-UHFFFAOYSA-N - without caching
17/07/2021 00:13:59 -- INFO -- Starting move obtention process with compound XCCTYIAWTASOJW-UHFFFAOYSA-N ([H]Oc1nc(=O)n(C2([H])OC([H])(C([H])([H])OP(=O)(O[H])OP(=O)(O[H])O[H])C([H])(O[H])C2([H])O[H])c([H])c1[H]) at 1626473639.0278094
17/07/2021 00:13:59 -- INFO -- 1324 available rules
17/07/2021 00:14:04 -- INFO -- For compound XCCTYIAWTASOJW-UHFFFAOYSA-N, matching moves are [XCCTYIAWTASOJW-UHFFFAOYSA-N-MNXR106729_MNXM495_6-0, XCCTYIAWTASOJW-UHFFFAOYSA-N-MNXR111799_MNXM5568_16-0, XCCTYIAWTASOJW-UHFFFAOYSA-N-MNXR111798_MNXM5568_16-0, XCCTYIAWTASOJW-UHFFFAOYSA-N-MNXR105328_MNXM495_6-0, XCCTYIAWTASOJW-UHFFFAOYSA-N-MNXR119521_MNXM47_6-0, XCCTYIAWTASOJW-UHFFFAOYSA-N-MNXR134292_MNXM495_6-0, XCCTYIAWTASOJW-UHFFFAOYSA-N-MNXR97039_MNXM288_6-0, XCCTYIAWTASOJW-UHFFFAOYSA-N-MNXR107788_MNXM495_6-0, XCCTYIAWTASOJW-UHFFFAOYSA-N-MNXR105330_MNXM495_6-0, XCCTYIAWTASOJW-UHFFFAOYSA-N-MNXR103374_MNXM495_8-0]
17/07/2021 00:14:04 -- INFO -- Calculated moves in 5.080987215042114 for compound XCCTYIAWTASOJW-UHFFFAOYSA-N - without caching
17/07/2021 00:14:04 -- INFO -- Pathway is found at iteration 18
17/07/2021 00:14:04 -- INFO -- Udapted solved Node 	Move name: XLZUBCUKXQFBKB-UHFFFAOYSA-O-MNXR110327_MNXM1584_8-0/ Biological score : 0.3/ Chemical score: 0.75
	Count: 1/ Score : 0/ Children: 0/ Terminal : True
	|BDMIRTMMFJHYGK-UHFFFAOYSA-N|XVFMGWDSJLBXDZ-UHFFFAOYSA-O- solved| for the first time at iteration 18
17/07/2021 00:14:04 -- INFO -- Adding a child with move XTJQZPLDJBNHHN-UHFFFAOYSA-O-rxnAdd9_cpd09273_5_6-0 to node 
	Move name: XLZUBCUKXQFBKB-UHFFFAOYSA-O-MNXR111460_MNXM1584_6-0/ Biological score : 1.97/ Chemical score: 0.75
	Count: 2/ Score : 2.0/ Children: 0/ Terminal : False
	|XCCTYIAWTASOJW-UHFFFAOYSA-N|XTJQZPLDJBNHHN-UHFFFAOYSA-O|
17/07/2021 00:14:04 -- INFO -- Starting move obtention process with compound XCCTYIAWTASOJW-UHFFFAOYSA-N ([H]Oc1nc(=O)n(C2([H])OC([H])(C([H])([H])OP(=O)(O[H])OP(=O)(O[H])O[H])C([H])(O[H])C2([H])O[H])c([H])c1[H]) at 1626473644.960637
17/07/2021 00:14:05 -- INFO -- 1324 available rules
17/07/2021 00:14:10 -- INFO -- For compound XCCTYIAWTASOJW-UHFFFAOYSA-N, matching moves are [XCCTYIAWTASOJW-UHFFFAOYSA-N-MNXR106729_MNXM495_8-0, XCCTYIAWTASOJW-UHFFFAOYSA-N-MNXR134292_MNXM495_8-0, XCCTYIAWTASOJW-UHFFFAOYSA-N-MNXR111798_MNXM5568_6-0, XCCTYIAWTASOJW-UHFFFAOYSA-N-MNXR111799_MNXM5568_14-0, XCCTYIAWTASOJW-UHFFFAOYSA-N-MNXR107788_MNXM495_8-0, XCCTYIAWTASOJW-UHFFFAOYSA-N-MNXR105330_MNXM495_8-0, XCCTYIAWTASOJW-UHFFFAOYSA-N-MNXR105328_MNXM495_8-0, XCCTYIAWTASOJW-UHFFFAOYSA-N-MNXR97207_MNXM492_6-0, XCCTYIAWTASOJW-UHFFFAOYSA-N-MNXR103374_MNXM495_6-0, XCCTYIAWTASOJW-UHFFFAOYSA-N-MNXR114764_MNXM899_6-0]
17/07/2021 00:14:10 -- INFO -- Calculated moves in 5.091396808624268 for compound XCCTYIAWTASOJW-UHFFFAOYSA-N - without caching
17/07/2021 00:14:10 -- INFO -- Pathway is found at iteration 67
17/07/2021 00:14:10 -- INFO -- Udapted solved Node 		Move name: XTJQZPLDJBNHHN-UHFFFAOYSA-O-rxnAdd9_cpd09273_5_6-0/ Biological score : 4.02/ Chemical score: 0.9
		Count: 1/ Score : 0/ Children: 0/ Terminal : True
		|BJEPYKJPYRNKOW-UHFFFAOYSA-N- solved|HIWPGCMGAMJNRG-UHFFFAOYSA-N- solved|XCCTYIAWTASOJW-UHFFFAOYSA-N|XVFMGWDSJLBXDZ-UHFFFAOYSA-O- solved| for the first time at iteration 67
17/07/2021 00:14:10 -- INFO -- Adding a child with move XTJQZPLDJBNHHN-UHFFFAOYSA-O-rxnAdd18_cpd08920_4_6-0 to node 
	Move name: XLZUBCUKXQFBKB-UHFFFAOYSA-O-MNXR111460_MNXM1584_6-0/ Biological score : 1.97/ Chemical score: 0.75
	Count: 3/ Score : 4.67/ Children: 1/ Terminal : False
	|XCCTYIAWTASOJW-UHFFFAOYSA-N|XTJQZPLDJBNHHN-UHFFFAOYSA-O|
17/07/2021 00:14:10 -- INFO -- Starting move obtention process with compound XCCTYIAWTASOJW-UHFFFAOYSA-N ([H]Oc1nc(=O)n(C2([H])OC([H])(C([H])([H])OP(=O)(O[H])OP(=O)(O[H])O[H])C([H])(O[H])C2([H])O[H])c([H])c1[H]) at 1626473650.7575572
17/07/2021 00:14:11 -- INFO -- 1324 available rules
17/07/2021 00:14:15 -- INFO -- For compound XCCTYIAWTASOJW-UHFFFAOYSA-N, matching moves are [XCCTYIAWTASOJW-UHFFFAOYSA-N-MNXR106729_MNXM495_6-0, XCCTYIAWTASOJW-UHFFFAOYSA-N-MNXR111799_MNXM5568_16-0, XCCTYIAWTASOJW-UHFFFAOYSA-N-MNXR111798_MNXM5568_16-0, XCCTYIAWTASOJW-UHFFFAOYSA-N-MNXR105328_MNXM495_6-0, XCCTYIAWTASOJW-UHFFFAOYSA-N-MNXR119521_MNXM47_6-0, XCCTYIAWTASOJW-UHFFFAOYSA-N-MNXR134292_MNXM495_6-0, XCCTYIAWTASOJW-UHFFFAOYSA-N-MNXR97039_MNXM288_6-0, XCCTYIAWTASOJW-UHFFFAOYSA-N-MNXR107788_MNXM495_6-0, XCCTYIAWTASOJW-UHFFFAOYSA-N-MNXR105330_MNXM495_6-0, XCCTYIAWTASOJW-UHFFFAOYSA-N-MNXR103374_MNXM495_8-0]
17/07/2021 00:14:15 -- INFO -- Calculated moves in 5.105143785476685 for compound XCCTYIAWTASOJW-UHFFFAOYSA-N - without caching
17/07/2021 00:14:15 -- INFO -- Starting move obtention process with compound XSZSLANVYCNEPE-UHFFFAOYSA-N ([H]OC(=O)C([H])([H])C(=O)OC([H])([H])C1([H])OC([H])(O[H])C([H])(OC2([H])OC([H])(C([H])([H])O[H])C([H])(O[H])C([H])(O[H])C2([H])O[H])C([H])(O[H])C1([H])O[H]) at 1626473655.9186902
17/07/2021 00:14:16 -- INFO -- 96 available rules
17/07/2021 00:14:17 -- INFO -- For compound XSZSLANVYCNEPE-UHFFFAOYSA-N, matching moves are [XSZSLANVYCNEPE-UHFFFAOYSA-N-MNXR115837_MNXM6639_8-0, XSZSLANVYCNEPE-UHFFFAOYSA-N-MNXR117307_MNXM8048_6-0, XSZSLANVYCNEPE-UHFFFAOYSA-N-MNXR117701_MNXM13911_8-0, XSZSLANVYCNEPE-UHFFFAOYSA-N-MNXR122230_MNXM878_6-0, XSZSLANVYCNEPE-UHFFFAOYSA-N-MNXR122230_MNXM878_6-1, XSZSLANVYCNEPE-UHFFFAOYSA-N-MNXR122230_MNXM878_6-2, XSZSLANVYCNEPE-UHFFFAOYSA-N-MNXR122230_MNXM878_6-3]
17/07/2021 00:14:17 -- INFO -- Calculated moves in 1.5473265647888184 for compound XSZSLANVYCNEPE-UHFFFAOYSA-N - without caching
17/07/2021 00:14:17 -- INFO -- Performing iteration 100 out of 1000
17/07/2021 00:14:17 -- INFO -- Adding a child with move XTJQZPLDJBNHHN-UHFFFAOYSA-O-rxnAdd28_cpd08921_4_6-0 to node 
	Move name: XLZUBCUKXQFBKB-UHFFFAOYSA-O-MNXR111460_MNXM1584_6-0/ Biological score : 1.97/ Chemical score: 0.75
	Count: 4/ Score : 4.0/ Children: 2/ Terminal : False
	|XCCTYIAWTASOJW-UHFFFAOYSA-N|XTJQZPLDJBNHHN-UHFFFAOYSA-O|
17/07/2021 00:14:17 -- INFO -- Starting move obtention process with compound CURLTUGMZLYLDI-UHFFFAOYSA-N (O=C=O) at 1626473657.9552362
17/07/2021 00:14:18 -- INFO -- 11 available rules
17/07/2021 00:14:18 -- INFO -- For compound CURLTUGMZLYLDI-UHFFFAOYSA-N, matching moves are [CURLTUGMZLYLDI-UHFFFAOYSA-N-MNXR96884_MNXM13_6-0, CURLTUGMZLYLDI-UHFFFAOYSA-N-MNXR96961_MNXM13_14-0, CURLTUGMZLYLDI-UHFFFAOYSA-N-MNXR96481_MNXM13_14-0, CURLTUGMZLYLDI-UHFFFAOYSA-N-MNXR106403_MNXM13_14-0, CURLTUGMZLYLDI-UHFFFAOYSA-N-MNXR95786_MNXM13_14-0]
17/07/2021 00:14:18 -- INFO -- Calculated moves in 0.5164554119110107 for compound CURLTUGMZLYLDI-UHFFFAOYSA-N - without caching
17/07/2021 00:14:18 -- INFO -- Starting move obtention process with compound XCCTYIAWTASOJW-UHFFFAOYSA-N ([H]Oc1nc(=O)n(C2([H])OC([H])(C([H])([H])OP(=O)(O[H])OP(=O)(O[H])O[H])C([H])(O[H])C2([H])O[H])c([H])c1[H]) at 1626473658.5049818
17/07/2021 00:14:18 -- INFO -- 1324 available rules
17/07/2021 00:14:23 -- INFO -- For compound XCCTYIAWTASOJW-UHFFFAOYSA-N, matching moves are [XCCTYIAWTASOJW-UHFFFAOYSA-N-MNXR106729_MNXM495_8-0, XCCTYIAWTASOJW-UHFFFAOYSA-N-MNXR134292_MNXM495_8-0, XCCTYIAWTASOJW-UHFFFAOYSA-N-MNXR111798_MNXM5568_6-0, XCCTYIAWTASOJW-UHFFFAOYSA-N-MNXR111799_MNXM5568_14-0, XCCTYIAWTASOJW-UHFFFAOYSA-N-MNXR107788_MNXM495_8-0, XCCTYIAWTASOJW-UHFFFAOYSA-N-MNXR105330_MNXM495_8-0, XCCTYIAWTASOJW-UHFFFAOYSA-N-MNXR105328_MNXM495_8-0, XCCTYIAWTASOJW-UHFFFAOYSA-N-MNXR97207_MNXM492_6-0, XCCTYIAWTASOJW-UHFFFAOYSA-N-MNXR103374_MNXM495_6-0, XCCTYIAWTASOJW-UHFFFAOYSA-N-MNXR114764_MNXM899_6-0]
17/07/2021 00:14:23 -- INFO -- Calculated moves in 4.943751096725464 for compound XCCTYIAWTASOJW-UHFFFAOYSA-N - without caching
17/07/2021 00:14:23 -- INFO -- Starting move obtention process with compound XSZSLANVYCNEPE-UHFFFAOYSA-N ([H]OC(=O)C([H])([H])C(=O)OC([H])([H])C1([H])OC([H])(O[H])C([H])(OC2([H])OC([H])(C([H])([H])O[H])C([H])(O[H])C([H])(O[H])C2([H])O[H])C([H])(O[H])C1([H])O[H]) at 1626473663.479263
17/07/2021 00:14:23 -- INFO -- 96 available rules
17/07/2021 00:14:25 -- INFO -- For compound XSZSLANVYCNEPE-UHFFFAOYSA-N, matching moves are [XSZSLANVYCNEPE-UHFFFAOYSA-N-MNXR115837_MNXM6639_8-0, XSZSLANVYCNEPE-UHFFFAOYSA-N-MNXR117307_MNXM8048_6-0, XSZSLANVYCNEPE-UHFFFAOYSA-N-MNXR117701_MNXM13911_8-0, XSZSLANVYCNEPE-UHFFFAOYSA-N-MNXR122230_MNXM878_6-0, XSZSLANVYCNEPE-UHFFFAOYSA-N-MNXR122230_MNXM878_6-1, XSZSLANVYCNEPE-UHFFFAOYSA-N-MNXR122230_MNXM878_6-2, XSZSLANVYCNEPE-UHFFFAOYSA-N-MNXR122230_MNXM878_6-3]
17/07/2021 00:14:25 -- INFO -- Calculated moves in 1.5339255332946777 for compound XSZSLANVYCNEPE-UHFFFAOYSA-N - without caching
17/07/2021 00:14:25 -- INFO -- Pathway is found at iteration 107
17/07/2021 00:14:25 -- INFO -- Udapted solved Node 		Move name: XTJQZPLDJBNHHN-UHFFFAOYSA-O-rxnAdd18_cpd08920_4_6-0/ Biological score : 4.02/ Chemical score: 0.69
		Count: 1/ Score : 0/ Children: 0/ Terminal : True
		|FJKROLUGYXJWQN-UHFFFAOYSA-N- solved|QCDYQQDYXPDABM-UHFFFAOYSA-N- solved|XCCTYIAWTASOJW-UHFFFAOYSA-N|XSZSLANVYCNEPE-UHFFFAOYSA-N| for the first time at iteration 107
17/07/2021 00:14:25 -- INFO -- Looping move in node |XCCTYIAWTASOJW-UHFFFAOYSA-N|XTJQZPLDJBNHHN-UHFFFAOYSA-O|-1 for move XTJQZPLDJBNHHN-UHFFFAOYSA-O-MNXR119309_MNXM1146_6-0
17/07/2021 00:14:25 -- INFO -- Starting move obtention process with compound XCCTYIAWTASOJW-UHFFFAOYSA-N ([H]Oc1nc(=O)n(C2([H])OC([H])(C([H])([H])OP(=O)(O[H])OP(=O)(O[H])O[H])C([H])(O[H])C2([H])O[H])c([H])c1[H]) at 1626473665.421611
17/07/2021 00:14:25 -- INFO -- 1324 available rules
17/07/2021 00:14:30 -- INFO -- For compound XCCTYIAWTASOJW-UHFFFAOYSA-N, matching moves are [XCCTYIAWTASOJW-UHFFFAOYSA-N-MNXR106729_MNXM495_6-0, XCCTYIAWTASOJW-UHFFFAOYSA-N-MNXR111799_MNXM5568_16-0, XCCTYIAWTASOJW-UHFFFAOYSA-N-MNXR111798_MNXM5568_16-0, XCCTYIAWTASOJW-UHFFFAOYSA-N-MNXR105328_MNXM495_6-0, XCCTYIAWTASOJW-UHFFFAOYSA-N-MNXR119521_MNXM47_6-0, XCCTYIAWTASOJW-UHFFFAOYSA-N-MNXR134292_MNXM495_6-0, XCCTYIAWTASOJW-UHFFFAOYSA-N-MNXR97039_MNXM288_6-0, XCCTYIAWTASOJW-UHFFFAOYSA-N-MNXR107788_MNXM495_6-0, XCCTYIAWTASOJW-UHFFFAOYSA-N-MNXR105330_MNXM495_6-0, XCCTYIAWTASOJW-UHFFFAOYSA-N-MNXR103374_MNXM495_8-0]
17/07/2021 00:14:30 -- INFO -- Calculated moves in 5.044480562210083 for compound XCCTYIAWTASOJW-UHFFFAOYSA-N - without caching
17/07/2021 00:14:30 -- INFO -- Starting move obtention process with compound XTJQZPLDJBNHHN-UHFFFAOYSA-O ([H]OC(=O)C([H])([H])C(=O)OC([H])([H])C1([H])OC([H])(Oc2c(-c3c([H])c([H])c(O[H])c([H])c3[H])[o+]c3c([H])c(O[H])c([H])c(O[H])c3c2[H])C([H])(OC2([H])OC([H])(C([H])([H])O[H])C([H])(O[H])C([H])(O[H])C2([H])O[H])C([H])(O[H])C1([H])O[H]) at 1626473670.4882753
17/07/2021 00:14:30 -- INFO -- 326 available rules
17/07/2021 00:14:33 -- INFO -- For compound XTJQZPLDJBNHHN-UHFFFAOYSA-O, matching moves are [XTJQZPLDJBNHHN-UHFFFAOYSA-O-rxnAdd2_cpd09274_5_6-0, XTJQZPLDJBNHHN-UHFFFAOYSA-O-MNXR110563_MNXM1146_6-0, XTJQZPLDJBNHHN-UHFFFAOYSA-O-MNXR118719_MNXM2735_12-0, XTJQZPLDJBNHHN-UHFFFAOYSA-O-MNXR118690_MNXM1146_12-0, XTJQZPLDJBNHHN-UHFFFAOYSA-O-MNXR111460_MNXM20335_8-0, XTJQZPLDJBNHHN-UHFFFAOYSA-O-MNXR118692_MNXM1474_6-0, XTJQZPLDJBNHHN-UHFFFAOYSA-O-MNXR122054_MNXM1584_6-0, XTJQZPLDJBNHHN-UHFFFAOYSA-O-MNXR111460_MNXM1584_6-0, XTJQZPLDJBNHHN-UHFFFAOYSA-O-MNXR119279_MNXM22691_8-0, XTJQZPLDJBNHHN-UHFFFAOYSA-O-MNXR111467_MNXM6373_8-0]
17/07/2021 00:14:33 -- INFO -- Calculated moves in 2.9524972438812256 for compound XTJQZPLDJBNHHN-UHFFFAOYSA-O - without caching
17/07/2021 00:14:33 -- INFO -- Starting move obtention process with compound PGAVKCOVUIYSFO-UHFFFAOYSA-N ([H]Oc1nc(=O)n(C2([H])OC([H])(C([H])([H])OP(=O)(O[H])OP(=O)(O[H])OP(=O)(O[H])O[H])C([H])(O[H])C2([H])O[H])c([H])c1[H]) at 1626473673.4792683
17/07/2021 00:14:33 -- INFO -- 1329 available rules
17/07/2021 00:14:37 -- INFO -- For compound PGAVKCOVUIYSFO-UHFFFAOYSA-N, matching moves are [PGAVKCOVUIYSFO-UHFFFAOYSA-N-MNXR106729_MNXM423_6-0, PGAVKCOVUIYSFO-UHFFFAOYSA-N-MNXR106729_MNXM495_6-0, PGAVKCOVUIYSFO-UHFFFAOYSA-N-MNXR111799_MNXM6129_16-0, PGAVKCOVUIYSFO-UHFFFAOYSA-N-MNXR105328_MNXM423_6-0, PGAVKCOVUIYSFO-UHFFFAOYSA-N-MNXR105328_MNXM495_6-0, PGAVKCOVUIYSFO-UHFFFAOYSA-N-MNXR134292_MNXM423_6-0, PGAVKCOVUIYSFO-UHFFFAOYSA-N-MNXR119521_MNXM47_6-0, PGAVKCOVUIYSFO-UHFFFAOYSA-N-MNXR134292_MNXM495_6-0, PGAVKCOVUIYSFO-UHFFFAOYSA-N-MNXR97039_MNXM288_6-0, PGAVKCOVUIYSFO-UHFFFAOYSA-N-MNXR107788_MNXM423_6-0]
17/07/2021 00:14:37 -- INFO -- Calculated moves in 4.435534954071045 for compound PGAVKCOVUIYSFO-UHFFFAOYSA-N - without caching
17/07/2021 00:14:37 -- INFO -- Starting move obtention process with compound XTJQZPLDJBNHHN-UHFFFAOYSA-O ([H]OC(=O)C([H])([H])C(=O)OC([H])([H])C1([H])OC([H])(Oc2c(-c3c([H])c([H])c(O[H])c([H])c3[H])[o+]c3c([H])c(O[H])c([H])c(O[H])c3c2[H])C([H])(OC2([H])OC([H])(C([H])([H])O[H])C([H])(O[H])C([H])(O[H])C2([H])O[H])C([H])(O[H])C1([H])O[H]) at 1626473677.9426498
17/07/2021 00:14:38 -- INFO -- 326 available rules
17/07/2021 00:14:40 -- INFO -- For compound XTJQZPLDJBNHHN-UHFFFAOYSA-O, matching moves are [XTJQZPLDJBNHHN-UHFFFAOYSA-O-rxnAdd9_cpd09273_5_6-0, XTJQZPLDJBNHHN-UHFFFAOYSA-O-MNXR119309_MNXM1146_6-0, XTJQZPLDJBNHHN-UHFFFAOYSA-O-rxnAdd18_cpd08920_4_6-0, XTJQZPLDJBNHHN-UHFFFAOYSA-O-rxnAdd28_cpd08921_4_6-0, XTJQZPLDJBNHHN-UHFFFAOYSA-O-MNXR118719_MNXM2735_8-0, XTJQZPLDJBNHHN-UHFFFAOYSA-O-MNXR120374_MNXM24447_6-0, XTJQZPLDJBNHHN-UHFFFAOYSA-O-MNXR120373_MNXM24447_6-0, XTJQZPLDJBNHHN-UHFFFAOYSA-O-MNXR118691_MNXM1584_6-0, XTJQZPLDJBNHHN-UHFFFAOYSA-O-MNXR118690_MNXM1146_8-0, XTJQZPLDJBNHHN-UHFFFAOYSA-O-MNXR111460_MNXM20335_6-0]
17/07/2021 00:14:40 -- INFO -- Calculated moves in 2.2577574253082275 for compound XTJQZPLDJBNHHN-UHFFFAOYSA-O - without caching
17/07/2021 00:14:40 -- INFO -- Rollout results are 2, True
17/07/2021 00:14:40 -- INFO -- Adding a child with move XCCTYIAWTASOJW-UHFFFAOYSA-N-MNXR106729_MNXM495_6-0 to node 
	Move name: XLZUBCUKXQFBKB-UHFFFAOYSA-O-MNXR111460_MNXM1584_6-0/ Biological score : 1.97/ Chemical score: 0.75
	Count: 6/ Score : 4.67/ Children: 3/ Terminal : False
	|XCCTYIAWTASOJW-UHFFFAOYSA-N|XTJQZPLDJBNHHN-UHFFFAOYSA-O|
17/07/2021 00:14:40 -- INFO -- Starting move obtention process with compound PGAVKCOVUIYSFO-UHFFFAOYSA-N ([H]Oc1nc(=O)n(C2([H])OC([H])(C([H])([H])OP(=O)(O[H])OP(=O)(O[H])OP(=O)(O[H])O[H])C([H])(O[H])C2([H])O[H])c([H])c1[H]) at 1626473680.6003819
17/07/2021 00:14:40 -- INFO -- 1329 available rules
17/07/2021 00:14:45 -- INFO -- For compound PGAVKCOVUIYSFO-UHFFFAOYSA-N, matching moves are [PGAVKCOVUIYSFO-UHFFFAOYSA-N-MNXR106729_MNXM423_6-0, PGAVKCOVUIYSFO-UHFFFAOYSA-N-MNXR106729_MNXM495_6-0, PGAVKCOVUIYSFO-UHFFFAOYSA-N-MNXR111799_MNXM6129_16-0, PGAVKCOVUIYSFO-UHFFFAOYSA-N-MNXR105328_MNXM423_6-0, PGAVKCOVUIYSFO-UHFFFAOYSA-N-MNXR105328_MNXM495_6-0, PGAVKCOVUIYSFO-UHFFFAOYSA-N-MNXR134292_MNXM423_6-0, PGAVKCOVUIYSFO-UHFFFAOYSA-N-MNXR119521_MNXM47_6-0, PGAVKCOVUIYSFO-UHFFFAOYSA-N-MNXR134292_MNXM495_6-0, PGAVKCOVUIYSFO-UHFFFAOYSA-N-MNXR97039_MNXM288_6-0, PGAVKCOVUIYSFO-UHFFFAOYSA-N-MNXR107788_MNXM423_6-0]
17/07/2021 00:14:45 -- INFO -- Calculated moves in 4.43250584602356 for compound PGAVKCOVUIYSFO-UHFFFAOYSA-N - without caching
17/07/2021 00:14:45 -- INFO -- Starting move obtention process with compound XTJQZPLDJBNHHN-UHFFFAOYSA-O ([H]OC(=O)C([H])([H])C(=O)OC([H])([H])C1([H])OC([H])(Oc2c(-c3c([H])c([H])c(O[H])c([H])c3[H])[o+]c3c([H])c(O[H])c([H])c(O[H])c3c2[H])C([H])(OC2([H])OC([H])(C([H])([H])O[H])C([H])(O[H])C([H])(O[H])C2([H])O[H])C([H])(O[H])C1([H])O[H]) at 1626473685.059224
17/07/2021 00:14:45 -- INFO -- 326 available rules
17/07/2021 00:14:47 -- INFO -- For compound XTJQZPLDJBNHHN-UHFFFAOYSA-O, matching moves are [XTJQZPLDJBNHHN-UHFFFAOYSA-O-rxnAdd2_cpd09274_5_6-0, XTJQZPLDJBNHHN-UHFFFAOYSA-O-MNXR110563_MNXM1146_6-0, XTJQZPLDJBNHHN-UHFFFAOYSA-O-MNXR118719_MNXM2735_12-0, XTJQZPLDJBNHHN-UHFFFAOYSA-O-MNXR118690_MNXM1146_12-0, XTJQZPLDJBNHHN-UHFFFAOYSA-O-MNXR111460_MNXM20335_8-0, XTJQZPLDJBNHHN-UHFFFAOYSA-O-MNXR118692_MNXM1474_6-0, XTJQZPLDJBNHHN-UHFFFAOYSA-O-MNXR122054_MNXM1584_6-0, XTJQZPLDJBNHHN-UHFFFAOYSA-O-MNXR111460_MNXM1584_6-0, XTJQZPLDJBNHHN-UHFFFAOYSA-O-MNXR119279_MNXM22691_8-0, XTJQZPLDJBNHHN-UHFFFAOYSA-O-MNXR111467_MNXM6373_8-0]
17/07/2021 00:14:47 -- INFO -- Calculated moves in 2.8593714237213135 for compound XTJQZPLDJBNHHN-UHFFFAOYSA-O - without caching
17/07/2021 00:14:48 -- INFO -- Adding a child with move XCCTYIAWTASOJW-UHFFFAOYSA-N-MNXR111799_MNXM5568_16-0 to node 
	Move name: XLZUBCUKXQFBKB-UHFFFAOYSA-O-MNXR111460_MNXM1584_6-0/ Biological score : 1.97/ Chemical score: 0.75
	Count: 7/ Score : 4.29/ Children: 4/ Terminal : False
	|XCCTYIAWTASOJW-UHFFFAOYSA-N|XTJQZPLDJBNHHN-UHFFFAOYSA-O|
17/07/2021 00:14:48 -- INFO -- Starting move obtention process with compound PGAVKCOVUIYSFO-UHFFFAOYSA-N ([H]Oc1nc(=O)n(C2([H])OC([H])(C([H])([H])OP(=O)(O[H])OP(=O)(O[H])OP(=O)(O[H])O[H])C([H])(O[H])C2([H])O[H])c([H])c1[H]) at 1626473688.3013225
17/07/2021 00:14:48 -- INFO -- 1329 available rules
17/07/2021 00:14:52 -- INFO -- For compound PGAVKCOVUIYSFO-UHFFFAOYSA-N, matching moves are [PGAVKCOVUIYSFO-UHFFFAOYSA-N-MNXR106729_MNXM423_6-0, PGAVKCOVUIYSFO-UHFFFAOYSA-N-MNXR106729_MNXM495_6-0, PGAVKCOVUIYSFO-UHFFFAOYSA-N-MNXR111799_MNXM6129_16-0, PGAVKCOVUIYSFO-UHFFFAOYSA-N-MNXR105328_MNXM423_6-0, PGAVKCOVUIYSFO-UHFFFAOYSA-N-MNXR105328_MNXM495_6-0, PGAVKCOVUIYSFO-UHFFFAOYSA-N-MNXR134292_MNXM423_6-0, PGAVKCOVUIYSFO-UHFFFAOYSA-N-MNXR119521_MNXM47_6-0, PGAVKCOVUIYSFO-UHFFFAOYSA-N-MNXR134292_MNXM495_6-0, PGAVKCOVUIYSFO-UHFFFAOYSA-N-MNXR97039_MNXM288_6-0, PGAVKCOVUIYSFO-UHFFFAOYSA-N-MNXR107788_MNXM423_6-0]
17/07/2021 00:14:52 -- INFO -- Calculated moves in 4.3961451053619385 for compound PGAVKCOVUIYSFO-UHFFFAOYSA-N - without caching
17/07/2021 00:14:52 -- INFO -- Starting move obtention process with compound XTJQZPLDJBNHHN-UHFFFAOYSA-O ([H]OC(=O)C([H])([H])C(=O)OC([H])([H])C1([H])OC([H])(Oc2c(-c3c([H])c([H])c(O[H])c([H])c3[H])[o+]c3c([H])c(O[H])c([H])c(O[H])c3c2[H])C([H])(OC2([H])OC([H])(C([H])([H])O[H])C([H])(O[H])C([H])(O[H])C2([H])O[H])C([H])(O[H])C1([H])O[H]) at 1626473692.7262988
17/07/2021 00:14:53 -- INFO -- 326 available rules
17/07/2021 00:14:55 -- INFO -- For compound XTJQZPLDJBNHHN-UHFFFAOYSA-O, matching moves are [XTJQZPLDJBNHHN-UHFFFAOYSA-O-rxnAdd9_cpd09273_5_6-0, XTJQZPLDJBNHHN-UHFFFAOYSA-O-MNXR119309_MNXM1146_6-0, XTJQZPLDJBNHHN-UHFFFAOYSA-O-rxnAdd18_cpd08920_4_6-0, XTJQZPLDJBNHHN-UHFFFAOYSA-O-rxnAdd28_cpd08921_4_6-0, XTJQZPLDJBNHHN-UHFFFAOYSA-O-MNXR118719_MNXM2735_8-0, XTJQZPLDJBNHHN-UHFFFAOYSA-O-MNXR120374_MNXM24447_6-0, XTJQZPLDJBNHHN-UHFFFAOYSA-O-MNXR120373_MNXM24447_6-0, XTJQZPLDJBNHHN-UHFFFAOYSA-O-MNXR118691_MNXM1584_6-0, XTJQZPLDJBNHHN-UHFFFAOYSA-O-MNXR118690_MNXM1146_8-0, XTJQZPLDJBNHHN-UHFFFAOYSA-O-MNXR111460_MNXM20335_6-0]
17/07/2021 00:14:55 -- INFO -- Calculated moves in 2.305213451385498 for compound XTJQZPLDJBNHHN-UHFFFAOYSA-O - without caching
17/07/2021 00:14:55 -- INFO -- Starting move obtention process with compound XTWYTFMLZFPYCI-UHFFFAOYSA-N ([H]OC1([H])C([H])(n2c([H])nc3c(N([H])[H])nc([H])nc32)OC([H])(C([H])([H])OP(=O)(O[H])OP(=O)(O[H])O[H])C1([H])O[H]) at 1626473695.046988
17/07/2021 00:14:55 -- INFO -- 544 available rules
17/07/2021 00:14:55 -- INFO -- Self generating rule for compound XTWYTFMLZFPYCI-UHFFFAOYSA-N and rule MNXR111799_MNXM5568_16, set 0. Move is discarded in MainProcess
17/07/2021 00:14:55 -- INFO -- Self generating rule for compound XTWYTFMLZFPYCI-UHFFFAOYSA-N and rule MNXR111799_MNXM5568_14, set 0. Move is discarded in MainProcess
17/07/2021 00:14:57 -- INFO -- For compound XTWYTFMLZFPYCI-UHFFFAOYSA-N, matching moves are [XTWYTFMLZFPYCI-UHFFFAOYSA-N-MNXR106729_MNXM495_6-0, XTWYTFMLZFPYCI-UHFFFAOYSA-N-MNXR111798_MNXM5568_16-0, XTWYTFMLZFPYCI-UHFFFAOYSA-N-MNXR105328_MNXM495_6-0, XTWYTFMLZFPYCI-UHFFFAOYSA-N-MNXR134292_MNXM495_6-0, XTWYTFMLZFPYCI-UHFFFAOYSA-N-MNXR125040_MNXM1906_8-0, XTWYTFMLZFPYCI-UHFFFAOYSA-N-MNXR107788_MNXM495_6-0, XTWYTFMLZFPYCI-UHFFFAOYSA-N-MNXR105330_MNXM495_6-0, XTWYTFMLZFPYCI-UHFFFAOYSA-N-MNXR101883_MNXM8_8-0, XTWYTFMLZFPYCI-UHFFFAOYSA-N-MNXR95432_MNXM212_8-0, XTWYTFMLZFPYCI-UHFFFAOYSA-N-MNXR103374_MNXM495_8-0]
17/07/2021 00:14:57 -- INFO -- Calculated moves in 2.65337872505188 for compound XTWYTFMLZFPYCI-UHFFFAOYSA-N - without caching
17/07/2021 00:14:57 -- INFO -- Pathway is found at iteration 169
17/07/2021 00:14:57 -- INFO -- Udapted solved Node 		Move name: XTJQZPLDJBNHHN-UHFFFAOYSA-O-rxnAdd28_cpd08921_4_6-0/ Biological score : 4.02/ Chemical score: 0.64
		Count: 1/ Score : 0/ Children: 0/ Terminal : True
		|CURLTUGMZLYLDI-UHFFFAOYSA-N|QCDYQQDYXPDABM-UHFFFAOYSA-N- solved|XCCTYIAWTASOJW-UHFFFAOYSA-N|XQXPVVBIMDBYFF-UHFFFAOYSA-N- solved|XSZSLANVYCNEPE-UHFFFAOYSA-N| for the first time at iteration 169
17/07/2021 00:14:58 -- INFO -- Adding a child with move XCCTYIAWTASOJW-UHFFFAOYSA-N-MNXR111798_MNXM5568_16-0 to node 
	Move name: XLZUBCUKXQFBKB-UHFFFAOYSA-O-MNXR111460_MNXM1584_6-0/ Biological score : 1.97/ Chemical score: 0.75
	Count: 8/ Score : 5.0/ Children: 5/ Terminal : False
	|XCCTYIAWTASOJW-UHFFFAOYSA-N|XTJQZPLDJBNHHN-UHFFFAOYSA-O|
17/07/2021 00:14:58 -- INFO -- Starting move obtention process with compound DJJCXFVJDGTHFX-UHFFFAOYSA-N ([H]Oc1nc(=O)n(C2([H])OC([H])(C([H])([H])OP(=O)(O[H])O[H])C([H])(O[H])C2([H])O[H])c([H])c1[H]) at 1626473698.2542906
17/07/2021 00:14:58 -- INFO -- 1226 available rules
17/07/2021 00:15:06 -- INFO -- For compound DJJCXFVJDGTHFX-UHFFFAOYSA-N, matching moves are [DJJCXFVJDGTHFX-UHFFFAOYSA-N-MNXR97039_MNXM288_6-0, DJJCXFVJDGTHFX-UHFFFAOYSA-N-MNXR119521_MNXM47_6-0, DJJCXFVJDGTHFX-UHFFFAOYSA-N-MNXR111792_MNXM6123_8-0, DJJCXFVJDGTHFX-UHFFFAOYSA-N-MNXR118559_MNXM114601_8-0, DJJCXFVJDGTHFX-UHFFFAOYSA-N-MNXR133927_MNXM38120_8-0, DJJCXFVJDGTHFX-UHFFFAOYSA-N-MNXR94932_MNXM288_6-0, DJJCXFVJDGTHFX-UHFFFAOYSA-N-MNXR107736_MNXM298_6-0, DJJCXFVJDGTHFX-UHFFFAOYSA-N-MNXR105161_MNXM288_8-0]
17/07/2021 00:15:06 -- INFO -- Calculated moves in 8.339285612106323 for compound DJJCXFVJDGTHFX-UHFFFAOYSA-N - without caching
17/07/2021 00:15:06 -- INFO -- Starting move obtention process with compound XTJQZPLDJBNHHN-UHFFFAOYSA-O ([H]OC(=O)C([H])([H])C(=O)OC([H])([H])C1([H])OC([H])(Oc2c(-c3c([H])c([H])c(O[H])c([H])c3[H])[o+]c3c([H])c(O[H])c([H])c(O[H])c3c2[H])C([H])(OC2([H])OC([H])(C([H])([H])O[H])C([H])(O[H])C([H])(O[H])C2([H])O[H])C([H])(O[H])C1([H])O[H]) at 1626473706.6441486
17/07/2021 00:15:07 -- INFO -- 326 available rules
17/07/2021 00:15:09 -- INFO -- For compound XTJQZPLDJBNHHN-UHFFFAOYSA-O, matching moves are [XTJQZPLDJBNHHN-UHFFFAOYSA-O-rxnAdd2_cpd09274_5_6-0, XTJQZPLDJBNHHN-UHFFFAOYSA-O-MNXR110563_MNXM1146_6-0, XTJQZPLDJBNHHN-UHFFFAOYSA-O-MNXR118719_MNXM2735_12-0, XTJQZPLDJBNHHN-UHFFFAOYSA-O-MNXR118690_MNXM1146_12-0, XTJQZPLDJBNHHN-UHFFFAOYSA-O-MNXR111460_MNXM20335_8-0, XTJQZPLDJBNHHN-UHFFFAOYSA-O-MNXR118692_MNXM1474_6-0, XTJQZPLDJBNHHN-UHFFFAOYSA-O-MNXR122054_MNXM1584_6-0, XTJQZPLDJBNHHN-UHFFFAOYSA-O-MNXR111460_MNXM1584_6-0, XTJQZPLDJBNHHN-UHFFFAOYSA-O-MNXR119279_MNXM22691_8-0, XTJQZPLDJBNHHN-UHFFFAOYSA-O-MNXR111467_MNXM6373_8-0]
17/07/2021 00:15:09 -- INFO -- Calculated moves in 2.8910539150238037 for compound XTJQZPLDJBNHHN-UHFFFAOYSA-O - without caching
17/07/2021 00:15:09 -- INFO -- Starting move obtention process with compound ZKHQWZAMYRWXGA-UHFFFAOYSA-N ([H]OC1([H])C([H])(n2c([H])nc3c(N([H])[H])nc([H])nc32)OC([H])(C([H])([H])OP(=O)(O[H])OP(=O)(O[H])OP(=O)(O[H])O[H])C1([H])O[H]) at 1626473709.5544934
17/07/2021 00:15:09 -- INFO -- 526 available rules
17/07/2021 00:15:10 -- INFO -- Self generating rule for compound ZKHQWZAMYRWXGA-UHFFFAOYSA-N and rule MNXR111799_MNXM6129_16, set 0. Move is discarded in MainProcess
17/07/2021 00:15:10 -- INFO -- Self generating rule for compound ZKHQWZAMYRWXGA-UHFFFAOYSA-N and rule MNXR111799_MNXM6129_14, set 0. Move is discarded in MainProcess
17/07/2021 00:15:11 -- INFO -- For compound ZKHQWZAMYRWXGA-UHFFFAOYSA-N, matching moves are [ZKHQWZAMYRWXGA-UHFFFAOYSA-N-MNXR106729_MNXM423_6-0, ZKHQWZAMYRWXGA-UHFFFAOYSA-N-MNXR106729_MNXM495_6-0, ZKHQWZAMYRWXGA-UHFFFAOYSA-N-MNXR105328_MNXM423_6-0, ZKHQWZAMYRWXGA-UHFFFAOYSA-N-MNXR105328_MNXM495_6-0, ZKHQWZAMYRWXGA-UHFFFAOYSA-N-MNXR125040_MNXM1906_8-0, ZKHQWZAMYRWXGA-UHFFFAOYSA-N-MNXR134292_MNXM423_6-0, ZKHQWZAMYRWXGA-UHFFFAOYSA-N-MNXR134292_MNXM495_6-0, ZKHQWZAMYRWXGA-UHFFFAOYSA-N-MNXR107788_MNXM423_6-0, ZKHQWZAMYRWXGA-UHFFFAOYSA-N-MNXR105330_MNXM423_6-0, ZKHQWZAMYRWXGA-UHFFFAOYSA-N-MNXR107788_MNXM495_6-0]
17/07/2021 00:15:11 -- INFO -- Calculated moves in 1.7172932624816895 for compound ZKHQWZAMYRWXGA-UHFFFAOYSA-N - without caching
17/07/2021 00:15:11 -- INFO -- Performing iteration 200 out of 1000
17/07/2021 00:15:11 -- INFO -- Adding a child with move XCCTYIAWTASOJW-UHFFFAOYSA-N-MNXR105328_MNXM495_6-0 to node 
	Move name: XLZUBCUKXQFBKB-UHFFFAOYSA-O-MNXR111460_MNXM1584_6-0/ Biological score : 1.97/ Chemical score: 0.75
	Count: 9/ Score : 4.67/ Children: 6/ Terminal : False
	|XCCTYIAWTASOJW-UHFFFAOYSA-N|XTJQZPLDJBNHHN-UHFFFAOYSA-O|
17/07/2021 00:15:11 -- INFO -- Starting move obtention process with compound PGAVKCOVUIYSFO-UHFFFAOYSA-N ([H]Oc1nc(=O)n(C2([H])OC([H])(C([H])([H])OP(=O)(O[H])OP(=O)(O[H])OP(=O)(O[H])O[H])C([H])(O[H])C2([H])O[H])c([H])c1[H]) at 1626473711.615575
17/07/2021 00:15:11 -- INFO -- 1329 available rules
17/07/2021 00:15:15 -- INFO -- For compound PGAVKCOVUIYSFO-UHFFFAOYSA-N, matching moves are [PGAVKCOVUIYSFO-UHFFFAOYSA-N-MNXR106729_MNXM423_6-0, PGAVKCOVUIYSFO-UHFFFAOYSA-N-MNXR106729_MNXM495_6-0, PGAVKCOVUIYSFO-UHFFFAOYSA-N-MNXR111799_MNXM6129_16-0, PGAVKCOVUIYSFO-UHFFFAOYSA-N-MNXR105328_MNXM423_6-0, PGAVKCOVUIYSFO-UHFFFAOYSA-N-MNXR105328_MNXM495_6-0, PGAVKCOVUIYSFO-UHFFFAOYSA-N-MNXR134292_MNXM423_6-0, PGAVKCOVUIYSFO-UHFFFAOYSA-N-MNXR119521_MNXM47_6-0, PGAVKCOVUIYSFO-UHFFFAOYSA-N-MNXR134292_MNXM495_6-0, PGAVKCOVUIYSFO-UHFFFAOYSA-N-MNXR97039_MNXM288_6-0, PGAVKCOVUIYSFO-UHFFFAOYSA-N-MNXR107788_MNXM423_6-0]
17/07/2021 00:15:15 -- INFO -- Calculated moves in 4.324260473251343 for compound PGAVKCOVUIYSFO-UHFFFAOYSA-N - without caching
17/07/2021 00:15:15 -- INFO -- Starting move obtention process with compound XTJQZPLDJBNHHN-UHFFFAOYSA-O ([H]OC(=O)C([H])([H])C(=O)OC([H])([H])C1([H])OC([H])(Oc2c(-c3c([H])c([H])c(O[H])c([H])c3[H])[o+]c3c([H])c(O[H])c([H])c(O[H])c3c2[H])C([H])(OC2([H])OC([H])(C([H])([H])O[H])C([H])(O[H])C([H])(O[H])C2([H])O[H])C([H])(O[H])C1([H])O[H]) at 1626473715.9731176
17/07/2021 00:15:16 -- INFO -- 326 available rules
17/07/2021 00:15:18 -- INFO -- For compound XTJQZPLDJBNHHN-UHFFFAOYSA-O, matching moves are [XTJQZPLDJBNHHN-UHFFFAOYSA-O-rxnAdd9_cpd09273_5_6-0, XTJQZPLDJBNHHN-UHFFFAOYSA-O-MNXR119309_MNXM1146_6-0, XTJQZPLDJBNHHN-UHFFFAOYSA-O-rxnAdd18_cpd08920_4_6-0, XTJQZPLDJBNHHN-UHFFFAOYSA-O-rxnAdd28_cpd08921_4_6-0, XTJQZPLDJBNHHN-UHFFFAOYSA-O-MNXR118719_MNXM2735_8-0, XTJQZPLDJBNHHN-UHFFFAOYSA-O-MNXR120374_MNXM24447_6-0, XTJQZPLDJBNHHN-UHFFFAOYSA-O-MNXR120373_MNXM24447_6-0, XTJQZPLDJBNHHN-UHFFFAOYSA-O-MNXR118691_MNXM1584_6-0, XTJQZPLDJBNHHN-UHFFFAOYSA-O-MNXR118690_MNXM1146_8-0, XTJQZPLDJBNHHN-UHFFFAOYSA-O-MNXR111460_MNXM20335_6-0]
17/07/2021 00:15:18 -- INFO -- Calculated moves in 2.280627727508545 for compound XTJQZPLDJBNHHN-UHFFFAOYSA-O - without caching
17/07/2021 00:15:18 -- INFO -- Pathway is found at iteration 209
17/07/2021 00:15:18 -- INFO -- Udapted solved Node 		Move name: XCCTYIAWTASOJW-UHFFFAOYSA-N-MNXR106729_MNXM495_6-0/ Biological score : 4.02/ Chemical score: 0.68
		Count: 1/ Score : 0/ Children: 0/ Terminal : True
		|PGAVKCOVUIYSFO-UHFFFAOYSA-N|RFSUNEUAIZKAJO-UHFFFAOYSA-N- solved|XTJQZPLDJBNHHN-UHFFFAOYSA-O| for the first time at iteration 209
17/07/2021 00:15:18 -- INFO -- Adding a child with move XCCTYIAWTASOJW-UHFFFAOYSA-N-MNXR134292_MNXM495_6-0 to node 
	Move name: XLZUBCUKXQFBKB-UHFFFAOYSA-O-MNXR111460_MNXM1584_6-0/ Biological score : 1.97/ Chemical score: 0.75
	Count: 10/ Score : 5.2/ Children: 7/ Terminal : False
	|XCCTYIAWTASOJW-UHFFFAOYSA-N|XTJQZPLDJBNHHN-UHFFFAOYSA-O|
17/07/2021 00:15:18 -- INFO -- Starting move obtention process with compound PGAVKCOVUIYSFO-UHFFFAOYSA-N ([H]Oc1nc(=O)n(C2([H])OC([H])(C([H])([H])OP(=O)(O[H])OP(=O)(O[H])OP(=O)(O[H])O[H])C([H])(O[H])C2([H])O[H])c([H])c1[H]) at 1626473718.658898
17/07/2021 00:15:18 -- INFO -- 1329 available rules
17/07/2021 00:15:23 -- INFO -- For compound PGAVKCOVUIYSFO-UHFFFAOYSA-N, matching moves are [PGAVKCOVUIYSFO-UHFFFAOYSA-N-MNXR106729_MNXM423_6-0, PGAVKCOVUIYSFO-UHFFFAOYSA-N-MNXR106729_MNXM495_6-0, PGAVKCOVUIYSFO-UHFFFAOYSA-N-MNXR111799_MNXM6129_16-0, PGAVKCOVUIYSFO-UHFFFAOYSA-N-MNXR105328_MNXM423_6-0, PGAVKCOVUIYSFO-UHFFFAOYSA-N-MNXR105328_MNXM495_6-0, PGAVKCOVUIYSFO-UHFFFAOYSA-N-MNXR134292_MNXM423_6-0, PGAVKCOVUIYSFO-UHFFFAOYSA-N-MNXR119521_MNXM47_6-0, PGAVKCOVUIYSFO-UHFFFAOYSA-N-MNXR134292_MNXM495_6-0, PGAVKCOVUIYSFO-UHFFFAOYSA-N-MNXR97039_MNXM288_6-0, PGAVKCOVUIYSFO-UHFFFAOYSA-N-MNXR107788_MNXM423_6-0]
17/07/2021 00:15:23 -- INFO -- Calculated moves in 4.34310507774353 for compound PGAVKCOVUIYSFO-UHFFFAOYSA-N - without caching
17/07/2021 00:15:23 -- INFO -- Starting move obtention process with compound XTJQZPLDJBNHHN-UHFFFAOYSA-O ([H]OC(=O)C([H])([H])C(=O)OC([H])([H])C1([H])OC([H])(Oc2c(-c3c([H])c([H])c(O[H])c([H])c3[H])[o+]c3c([H])c(O[H])c([H])c(O[H])c3c2[H])C([H])(OC2([H])OC([H])(C([H])([H])O[H])C([H])(O[H])C([H])(O[H])C2([H])O[H])C([H])(O[H])C1([H])O[H]) at 1626473723.0200043
17/07/2021 00:15:23 -- INFO -- 326 available rules
17/07/2021 00:15:25 -- INFO -- For compound XTJQZPLDJBNHHN-UHFFFAOYSA-O, matching moves are [XTJQZPLDJBNHHN-UHFFFAOYSA-O-rxnAdd2_cpd09274_5_6-0, XTJQZPLDJBNHHN-UHFFFAOYSA-O-MNXR110563_MNXM1146_6-0, XTJQZPLDJBNHHN-UHFFFAOYSA-O-MNXR118719_MNXM2735_12-0, XTJQZPLDJBNHHN-UHFFFAOYSA-O-MNXR118690_MNXM1146_12-0, XTJQZPLDJBNHHN-UHFFFAOYSA-O-MNXR111460_MNXM20335_8-0, XTJQZPLDJBNHHN-UHFFFAOYSA-O-MNXR118692_MNXM1474_6-0, XTJQZPLDJBNHHN-UHFFFAOYSA-O-MNXR122054_MNXM1584_6-0, XTJQZPLDJBNHHN-UHFFFAOYSA-O-MNXR111460_MNXM1584_6-0, XTJQZPLDJBNHHN-UHFFFAOYSA-O-MNXR119279_MNXM22691_8-0, XTJQZPLDJBNHHN-UHFFFAOYSA-O-MNXR111467_MNXM6373_8-0]
17/07/2021 00:15:25 -- INFO -- Calculated moves in 2.9052557945251465 for compound XTJQZPLDJBNHHN-UHFFFAOYSA-O - without caching
17/07/2021 00:15:26 -- INFO -- Adding a child with move XTJQZPLDJBNHHN-UHFFFAOYSA-O-MNXR118719_MNXM2735_8-0 to node 
	Move name: XLZUBCUKXQFBKB-UHFFFAOYSA-O-MNXR111460_MNXM1584_6-0/ Biological score : 1.97/ Chemical score: 0.75
	Count: 11/ Score : 4.91/ Children: 8/ Terminal : False
	|XCCTYIAWTASOJW-UHFFFAOYSA-N|XTJQZPLDJBNHHN-UHFFFAOYSA-O|
17/07/2021 00:15:26 -- INFO -- Starting move obtention process with compound OGHVFWDSUVCUMN-UHFFFAOYSA-O ([H]OC(=O)C([H])([H])C(=O)OC([H])([H])C1([H])OC([H])(OC2=C([H])c3c(O[H])c([H])c(O[H])c([H])c3OC2=C2C([H])=C([H])C(=O)C([H])=C2[H])C([H])(OC2([H])OC([H])(C([H])([H])[O+]=C(O[H])C([H])=C([H])c3c([H])c([H])c(O[H])c([H])c3[H])C([H])(O[H])C([H])(O[H])C2([H])O[H])C([H])(O[H])C1([H])O[H]) at 1626473726.3230748
17/07/2021 00:15:26 -- INFO -- 24 available rules
17/07/2021 00:15:26 -- INFO -- For compound OGHVFWDSUVCUMN-UHFFFAOYSA-O, matching moves are []
17/07/2021 00:15:26 -- INFO -- Calculated moves in 0.6270961761474609 for compound OGHVFWDSUVCUMN-UHFFFAOYSA-O - without caching
17/07/2021 00:15:26 -- INFO -- Starting move obtention process with compound XCCTYIAWTASOJW-UHFFFAOYSA-N ([H]Oc1nc(=O)n(C2([H])OC([H])(C([H])([H])OP(=O)(O[H])OP(=O)(O[H])O[H])C([H])(O[H])C2([H])O[H])c([H])c1[H]) at 1626473726.9792054
17/07/2021 00:15:27 -- INFO -- 1324 available rules
17/07/2021 00:15:31 -- INFO -- For compound XCCTYIAWTASOJW-UHFFFAOYSA-N, matching moves are [XCCTYIAWTASOJW-UHFFFAOYSA-N-MNXR106729_MNXM495_8-0, XCCTYIAWTASOJW-UHFFFAOYSA-N-MNXR134292_MNXM495_8-0, XCCTYIAWTASOJW-UHFFFAOYSA-N-MNXR111798_MNXM5568_6-0, XCCTYIAWTASOJW-UHFFFAOYSA-N-MNXR111799_MNXM5568_14-0, XCCTYIAWTASOJW-UHFFFAOYSA-N-MNXR107788_MNXM495_8-0, XCCTYIAWTASOJW-UHFFFAOYSA-N-MNXR105330_MNXM495_8-0, XCCTYIAWTASOJW-UHFFFAOYSA-N-MNXR105328_MNXM495_8-0, XCCTYIAWTASOJW-UHFFFAOYSA-N-MNXR97207_MNXM492_6-0, XCCTYIAWTASOJW-UHFFFAOYSA-N-MNXR103374_MNXM495_6-0, XCCTYIAWTASOJW-UHFFFAOYSA-N-MNXR114764_MNXM899_6-0]
17/07/2021 00:15:31 -- INFO -- Calculated moves in 5.004332542419434 for compound XCCTYIAWTASOJW-UHFFFAOYSA-N - without caching
17/07/2021 00:15:32 -- INFO -- Starting move obtention process with compound PGAVKCOVUIYSFO-UHFFFAOYSA-N ([H]Oc1nc(=O)n(C2([H])OC([H])(C([H])([H])OP(=O)(O[H])OP(=O)(O[H])OP(=O)(O[H])O[H])C([H])(O[H])C2([H])O[H])c([H])c1[H]) at 1626473732.0129309
17/07/2021 00:15:32 -- INFO -- 1319 available rules
17/07/2021 00:15:36 -- INFO -- For compound PGAVKCOVUIYSFO-UHFFFAOYSA-N, matching moves are [PGAVKCOVUIYSFO-UHFFFAOYSA-N-MNXR106729_MNXM423_8-0, PGAVKCOVUIYSFO-UHFFFAOYSA-N-MNXR106729_MNXM495_8-0, PGAVKCOVUIYSFO-UHFFFAOYSA-N-MNXR134292_MNXM423_8-0, PGAVKCOVUIYSFO-UHFFFAOYSA-N-MNXR134292_MNXM495_8-0, PGAVKCOVUIYSFO-UHFFFAOYSA-N-MNXR111799_MNXM6129_14-0, PGAVKCOVUIYSFO-UHFFFAOYSA-N-MNXR105330_MNXM423_6-0, PGAVKCOVUIYSFO-UHFFFAOYSA-N-MNXR118559_MNXM38144_8-0, PGAVKCOVUIYSFO-UHFFFAOYSA-N-MNXR107788_MNXM423_8-0, PGAVKCOVUIYSFO-UHFFFAOYSA-N-MNXR105328_MNXM423_8-0, PGAVKCOVUIYSFO-UHFFFAOYSA-N-MNXR107788_MNXM495_6-0]
17/07/2021 00:15:36 -- INFO -- Calculated moves in 4.511863708496094 for compound PGAVKCOVUIYSFO-UHFFFAOYSA-N - without caching
17/07/2021 00:15:36 -- INFO -- Starting move obtention process with compound XTJQZPLDJBNHHN-UHFFFAOYSA-O ([H]OC(=O)C([H])([H])C(=O)OC([H])([H])C1([H])OC([H])(Oc2c(-c3c([H])c([H])c(O[H])c([H])c3[H])[o+]c3c([H])c(O[H])c([H])c(O[H])c3c2[H])C([H])(OC2([H])OC([H])(C([H])([H])O[H])C([H])(O[H])C([H])(O[H])C2([H])O[H])C([H])(O[H])C1([H])O[H]) at 1626473736.5490372
17/07/2021 00:15:36 -- INFO -- 326 available rules
17/07/2021 00:15:38 -- INFO -- For compound XTJQZPLDJBNHHN-UHFFFAOYSA-O, matching moves are [XTJQZPLDJBNHHN-UHFFFAOYSA-O-rxnAdd9_cpd09273_5_6-0, XTJQZPLDJBNHHN-UHFFFAOYSA-O-MNXR119309_MNXM1146_6-0, XTJQZPLDJBNHHN-UHFFFAOYSA-O-rxnAdd18_cpd08920_4_6-0, XTJQZPLDJBNHHN-UHFFFAOYSA-O-rxnAdd28_cpd08921_4_6-0, XTJQZPLDJBNHHN-UHFFFAOYSA-O-MNXR118719_MNXM2735_8-0, XTJQZPLDJBNHHN-UHFFFAOYSA-O-MNXR120374_MNXM24447_6-0, XTJQZPLDJBNHHN-UHFFFAOYSA-O-MNXR120373_MNXM24447_6-0, XTJQZPLDJBNHHN-UHFFFAOYSA-O-MNXR118691_MNXM1584_6-0, XTJQZPLDJBNHHN-UHFFFAOYSA-O-MNXR118690_MNXM1146_8-0, XTJQZPLDJBNHHN-UHFFFAOYSA-O-MNXR111460_MNXM20335_6-0]
17/07/2021 00:15:38 -- INFO -- Calculated moves in 2.2703404426574707 for compound XTJQZPLDJBNHHN-UHFFFAOYSA-O - without caching
17/07/2021 00:15:38 -- INFO -- Starting move obtention process with compound XTWYTFMLZFPYCI-UHFFFAOYSA-N ([H]OC1([H])C([H])(n2c([H])nc3c(N([H])[H])nc([H])nc32)OC([H])(C([H])([H])OP(=O)(O[H])OP(=O)(O[H])O[H])C1([H])O[H]) at 1626473738.8392253
17/07/2021 00:15:39 -- INFO -- 534 available rules
17/07/2021 00:15:39 -- INFO -- Self generating rule for compound XTWYTFMLZFPYCI-UHFFFAOYSA-N and rule MNXR111799_MNXM5568_16, set 0. Move is discarded in MainProcess
17/07/2021 00:15:39 -- INFO -- Self generating rule for compound XTWYTFMLZFPYCI-UHFFFAOYSA-N and rule MNXR111799_MNXM5568_14, set 0. Move is discarded in MainProcess
17/07/2021 00:15:41 -- INFO -- For compound XTWYTFMLZFPYCI-UHFFFAOYSA-N, matching moves are [XTWYTFMLZFPYCI-UHFFFAOYSA-N-MNXR106729_MNXM495_8-0, XTWYTFMLZFPYCI-UHFFFAOYSA-N-MNXR111798_MNXM5568_6-0, XTWYTFMLZFPYCI-UHFFFAOYSA-N-MNXR134292_MNXM495_8-0, XTWYTFMLZFPYCI-UHFFFAOYSA-N-MNXR125040_MNXM1906_6-0, XTWYTFMLZFPYCI-UHFFFAOYSA-N-MNXR107788_MNXM495_8-0, XTWYTFMLZFPYCI-UHFFFAOYSA-N-MNXR105330_MNXM495_8-0, XTWYTFMLZFPYCI-UHFFFAOYSA-N-MNXR105328_MNXM495_8-0, XTWYTFMLZFPYCI-UHFFFAOYSA-N-MNXR101883_MNXM8_6-0, XTWYTFMLZFPYCI-UHFFFAOYSA-N-MNXR95432_MNXM212_6-0, XTWYTFMLZFPYCI-UHFFFAOYSA-N-MNXR103374_MNXM495_6-0]
17/07/2021 00:15:41 -- INFO -- Calculated moves in 2.335714340209961 for compound XTWYTFMLZFPYCI-UHFFFAOYSA-N - without caching
17/07/2021 00:15:41 -- INFO -- Starting move obtention process with compound PGAVKCOVUIYSFO-UHFFFAOYSA-N ([H]Oc1nc(=O)n(C2([H])OC([H])(C([H])([H])OP(=O)(O[H])OP(=O)(O[H])OP(=O)(O[H])O[H])C([H])(O[H])C2([H])O[H])c([H])c1[H]) at 1626473741.2259934
17/07/2021 00:15:41 -- INFO -- 1319 available rules
17/07/2021 00:15:45 -- INFO -- For compound PGAVKCOVUIYSFO-UHFFFAOYSA-N, matching moves are [PGAVKCOVUIYSFO-UHFFFAOYSA-N-MNXR106729_MNXM423_6-0, PGAVKCOVUIYSFO-UHFFFAOYSA-N-MNXR106729_MNXM495_6-0, PGAVKCOVUIYSFO-UHFFFAOYSA-N-MNXR111799_MNXM6129_16-0, PGAVKCOVUIYSFO-UHFFFAOYSA-N-MNXR105328_MNXM423_6-0, PGAVKCOVUIYSFO-UHFFFAOYSA-N-MNXR105328_MNXM495_6-0, PGAVKCOVUIYSFO-UHFFFAOYSA-N-MNXR134292_MNXM423_6-0, PGAVKCOVUIYSFO-UHFFFAOYSA-N-MNXR119521_MNXM47_6-0, PGAVKCOVUIYSFO-UHFFFAOYSA-N-MNXR134292_MNXM495_6-0, PGAVKCOVUIYSFO-UHFFFAOYSA-N-MNXR97039_MNXM288_6-0, PGAVKCOVUIYSFO-UHFFFAOYSA-N-MNXR107788_MNXM423_6-0]
17/07/2021 00:15:45 -- INFO -- Calculated moves in 4.190189599990845 for compound PGAVKCOVUIYSFO-UHFFFAOYSA-N - without caching
17/07/2021 00:15:45 -- INFO -- Starting move obtention process with compound XTJQZPLDJBNHHN-UHFFFAOYSA-O ([H]OC(=O)C([H])([H])C(=O)OC([H])([H])C1([H])OC([H])(Oc2c(-c3c([H])c([H])c(O[H])c([H])c3[H])[o+]c3c([H])c(O[H])c([H])c(O[H])c3c2[H])C([H])(OC2([H])OC([H])(C([H])([H])O[H])C([H])(O[H])C([H])(O[H])C2([H])O[H])C([H])(O[H])C1([H])O[H]) at 1626473745.4464853
17/07/2021 00:15:45 -- INFO -- 326 available rules
17/07/2021 00:15:48 -- INFO -- For compound XTJQZPLDJBNHHN-UHFFFAOYSA-O, matching moves are [XTJQZPLDJBNHHN-UHFFFAOYSA-O-rxnAdd2_cpd09274_5_6-0, XTJQZPLDJBNHHN-UHFFFAOYSA-O-MNXR110563_MNXM1146_6-0, XTJQZPLDJBNHHN-UHFFFAOYSA-O-MNXR118719_MNXM2735_12-0, XTJQZPLDJBNHHN-UHFFFAOYSA-O-MNXR118690_MNXM1146_12-0, XTJQZPLDJBNHHN-UHFFFAOYSA-O-MNXR111460_MNXM20335_8-0, XTJQZPLDJBNHHN-UHFFFAOYSA-O-MNXR118692_MNXM1474_6-0, XTJQZPLDJBNHHN-UHFFFAOYSA-O-MNXR122054_MNXM1584_6-0, XTJQZPLDJBNHHN-UHFFFAOYSA-O-MNXR111460_MNXM1584_6-0, XTJQZPLDJBNHHN-UHFFFAOYSA-O-MNXR119279_MNXM22691_8-0, XTJQZPLDJBNHHN-UHFFFAOYSA-O-MNXR111467_MNXM6373_8-0]
17/07/2021 00:15:48 -- INFO -- Calculated moves in 2.9173314571380615 for compound XTJQZPLDJBNHHN-UHFFFAOYSA-O - without caching
17/07/2021 00:15:48 -- INFO -- Starting move obtention process with compound ZKHQWZAMYRWXGA-UHFFFAOYSA-N ([H]OC1([H])C([H])(n2c([H])nc3c(N([H])[H])nc([H])nc32)OC([H])(C([H])([H])OP(=O)(O[H])OP(=O)(O[H])OP(=O)(O[H])O[H])C1([H])O[H]) at 1626473748.3844788
17/07/2021 00:15:48 -- INFO -- 526 available rules
17/07/2021 00:15:49 -- INFO -- Self generating rule for compound ZKHQWZAMYRWXGA-UHFFFAOYSA-N and rule MNXR111799_MNXM6129_16, set 0. Move is discarded in MainProcess
17/07/2021 00:15:49 -- INFO -- Self generating rule for compound ZKHQWZAMYRWXGA-UHFFFAOYSA-N and rule MNXR111799_MNXM6129_14, set 0. Move is discarded in MainProcess
17/07/2021 00:15:50 -- INFO -- For compound ZKHQWZAMYRWXGA-UHFFFAOYSA-N, matching moves are [ZKHQWZAMYRWXGA-UHFFFAOYSA-N-MNXR106729_MNXM423_6-0, ZKHQWZAMYRWXGA-UHFFFAOYSA-N-MNXR106729_MNXM495_6-0, ZKHQWZAMYRWXGA-UHFFFAOYSA-N-MNXR105328_MNXM423_6-0, ZKHQWZAMYRWXGA-UHFFFAOYSA-N-MNXR105328_MNXM495_6-0, ZKHQWZAMYRWXGA-UHFFFAOYSA-N-MNXR125040_MNXM1906_8-0, ZKHQWZAMYRWXGA-UHFFFAOYSA-N-MNXR134292_MNXM423_6-0, ZKHQWZAMYRWXGA-UHFFFAOYSA-N-MNXR134292_MNXM495_6-0, ZKHQWZAMYRWXGA-UHFFFAOYSA-N-MNXR107788_MNXM423_6-0, ZKHQWZAMYRWXGA-UHFFFAOYSA-N-MNXR105330_MNXM423_6-0, ZKHQWZAMYRWXGA-UHFFFAOYSA-N-MNXR107788_MNXM495_6-0]
17/07/2021 00:15:50 -- INFO -- Calculated moves in 1.6935651302337646 for compound ZKHQWZAMYRWXGA-UHFFFAOYSA-N - without caching
17/07/2021 00:15:50 -- INFO -- Rollout results are 2, True
17/07/2021 00:15:50 -- INFO -- Udapted solved Node 		Move name: XCCTYIAWTASOJW-UHFFFAOYSA-N-MNXR111799_MNXM5568_16-0/ Biological score : 3.11/ Chemical score: 0.61
		Count: 1/ Score : 0/ Children: 0/ Terminal : False
		|PGAVKCOVUIYSFO-UHFFFAOYSA-N|XTJQZPLDJBNHHN-UHFFFAOYSA-O|XTWYTFMLZFPYCI-UHFFFAOYSA-N| for the first time at iteration 249
17/07/2021 00:15:50 -- INFO -- Adding a child with move XTJQZPLDJBNHHN-UHFFFAOYSA-O-rxnAdd9_cpd09273_5_6-0 to node 
		Move name: XCCTYIAWTASOJW-UHFFFAOYSA-N-MNXR111799_MNXM5568_16-0/ Biological score : 3.11/ Chemical score: 0.61
		Count: 1/ Score : 2.0/ Children: 0/ Terminal : False
		|PGAVKCOVUIYSFO-UHFFFAOYSA-N|XTJQZPLDJBNHHN-UHFFFAOYSA-O|XTWYTFMLZFPYCI-UHFFFAOYSA-N|
17/07/2021 00:15:50 -- INFO -- Starting move obtention process with compound PGAVKCOVUIYSFO-UHFFFAOYSA-N ([H]Oc1nc(=O)n(C2([H])OC([H])(C([H])([H])OP(=O)(O[H])OP(=O)(O[H])OP(=O)(O[H])O[H])C([H])(O[H])C2([H])O[H])c([H])c1[H]) at 1626473750.491592
17/07/2021 00:15:50 -- INFO -- 1319 available rules
17/07/2021 00:15:55 -- INFO -- For compound PGAVKCOVUIYSFO-UHFFFAOYSA-N, matching moves are [PGAVKCOVUIYSFO-UHFFFAOYSA-N-MNXR106729_MNXM423_8-0, PGAVKCOVUIYSFO-UHFFFAOYSA-N-MNXR106729_MNXM495_8-0, PGAVKCOVUIYSFO-UHFFFAOYSA-N-MNXR134292_MNXM423_8-0, PGAVKCOVUIYSFO-UHFFFAOYSA-N-MNXR134292_MNXM495_8-0, PGAVKCOVUIYSFO-UHFFFAOYSA-N-MNXR111799_MNXM6129_14-0, PGAVKCOVUIYSFO-UHFFFAOYSA-N-MNXR105330_MNXM423_6-0, PGAVKCOVUIYSFO-UHFFFAOYSA-N-MNXR118559_MNXM38144_8-0, PGAVKCOVUIYSFO-UHFFFAOYSA-N-MNXR107788_MNXM423_8-0, PGAVKCOVUIYSFO-UHFFFAOYSA-N-MNXR105328_MNXM423_8-0, PGAVKCOVUIYSFO-UHFFFAOYSA-N-MNXR107788_MNXM495_6-0]
17/07/2021 00:15:55 -- INFO -- Calculated moves in 4.520547151565552 for compound PGAVKCOVUIYSFO-UHFFFAOYSA-N - without caching
17/07/2021 00:15:55 -- INFO -- Starting move obtention process with compound XTWYTFMLZFPYCI-UHFFFAOYSA-N ([H]OC1([H])C([H])(n2c([H])nc3c(N([H])[H])nc([H])nc32)OC([H])(C([H])([H])OP(=O)(O[H])OP(=O)(O[H])O[H])C1([H])O[H]) at 1626473755.0328307
17/07/2021 00:15:55 -- INFO -- 534 available rules
17/07/2021 00:15:55 -- INFO -- Self generating rule for compound XTWYTFMLZFPYCI-UHFFFAOYSA-N and rule MNXR111799_MNXM5568_16, set 0. Move is discarded in MainProcess
17/07/2021 00:15:55 -- INFO -- Self generating rule for compound XTWYTFMLZFPYCI-UHFFFAOYSA-N and rule MNXR111799_MNXM5568_14, set 0. Move is discarded in MainProcess
17/07/2021 00:15:57 -- INFO -- For compound XTWYTFMLZFPYCI-UHFFFAOYSA-N, matching moves are [XTWYTFMLZFPYCI-UHFFFAOYSA-N-MNXR106729_MNXM495_6-0, XTWYTFMLZFPYCI-UHFFFAOYSA-N-MNXR111798_MNXM5568_16-0, XTWYTFMLZFPYCI-UHFFFAOYSA-N-MNXR105328_MNXM495_6-0, XTWYTFMLZFPYCI-UHFFFAOYSA-N-MNXR134292_MNXM495_6-0, XTWYTFMLZFPYCI-UHFFFAOYSA-N-MNXR125040_MNXM1906_8-0, XTWYTFMLZFPYCI-UHFFFAOYSA-N-MNXR107788_MNXM495_6-0, XTWYTFMLZFPYCI-UHFFFAOYSA-N-MNXR105330_MNXM495_6-0, XTWYTFMLZFPYCI-UHFFFAOYSA-N-MNXR101883_MNXM8_8-0, XTWYTFMLZFPYCI-UHFFFAOYSA-N-MNXR95432_MNXM212_8-0, XTWYTFMLZFPYCI-UHFFFAOYSA-N-MNXR103374_MNXM495_8-0]
17/07/2021 00:15:57 -- INFO -- Calculated moves in 2.403815269470215 for compound XTWYTFMLZFPYCI-UHFFFAOYSA-N - without caching
17/07/2021 00:15:57 -- INFO -- Pathway is found at iteration 269
17/07/2021 00:15:57 -- INFO -- Udapted solved Node 			Move name: XTJQZPLDJBNHHN-UHFFFAOYSA-O-rxnAdd9_cpd09273_5_6-0/ Biological score : 4.02/ Chemical score: 0.9
			Count: 1/ Score : 0/ Children: 0/ Terminal : True
			|BJEPYKJPYRNKOW-UHFFFAOYSA-N- solved|HIWPGCMGAMJNRG-UHFFFAOYSA-N- solved|PGAVKCOVUIYSFO-UHFFFAOYSA-N|XTWYTFMLZFPYCI-UHFFFAOYSA-N|XVFMGWDSJLBXDZ-UHFFFAOYSA-O- solved| for the first time at iteration 269
17/07/2021 00:15:57 -- INFO -- Adding a child with move XTJQZPLDJBNHHN-UHFFFAOYSA-O-rxnAdd2_cpd09274_5_6-0 to node 
		Move name: XCCTYIAWTASOJW-UHFFFAOYSA-N-MNXR111798_MNXM5568_16-0/ Biological score : 3.11/ Chemical score: 0.61
		Count: 0/ Score : 0/ Children: 0/ Terminal : False
		|DJJCXFVJDGTHFX-UHFFFAOYSA-N|XTJQZPLDJBNHHN-UHFFFAOYSA-O|ZKHQWZAMYRWXGA-UHFFFAOYSA-N|
17/07/2021 00:15:57 -- INFO -- Starting move obtention process with compound DJJCXFVJDGTHFX-UHFFFAOYSA-N ([H]Oc1nc(=O)n(C2([H])OC([H])(C([H])([H])OP(=O)(O[H])O[H])C([H])(O[H])C2([H])O[H])c([H])c1[H]) at 1626473757.9510622
17/07/2021 00:15:58 -- INFO -- 1218 available rules
17/07/2021 00:16:05 -- INFO -- For compound DJJCXFVJDGTHFX-UHFFFAOYSA-N, matching moves are [DJJCXFVJDGTHFX-UHFFFAOYSA-N-MNXR118559_MNXM114601_6-0, DJJCXFVJDGTHFX-UHFFFAOYSA-N-MNXR97207_MNXM492_6-0, DJJCXFVJDGTHFX-UHFFFAOYSA-N-MNXR111792_MNXM6123_12-0, DJJCXFVJDGTHFX-UHFFFAOYSA-N-MNXR133927_MNXM38120_6-0, DJJCXFVJDGTHFX-UHFFFAOYSA-N-MNXR94932_MNXM288_8-0, DJJCXFVJDGTHFX-UHFFFAOYSA-N-MNXR107736_MNXM298_8-0, DJJCXFVJDGTHFX-UHFFFAOYSA-N-MNXR105161_MNXM288_6-0]
17/07/2021 00:16:05 -- INFO -- Calculated moves in 7.973286390304565 for compound DJJCXFVJDGTHFX-UHFFFAOYSA-N - without caching
17/07/2021 00:16:05 -- INFO -- Starting move obtention process with compound ZKHQWZAMYRWXGA-UHFFFAOYSA-N ([H]OC1([H])C([H])(n2c([H])nc3c(N([H])[H])nc([H])nc32)OC([H])(C([H])([H])OP(=O)(O[H])OP(=O)(O[H])OP(=O)(O[H])O[H])C1([H])O[H]) at 1626473765.9657283
17/07/2021 00:16:06 -- INFO -- 516 available rules
17/07/2021 00:16:06 -- INFO -- Self generating rule for compound ZKHQWZAMYRWXGA-UHFFFAOYSA-N and rule MNXR111799_MNXM6129_16, set 0. Move is discarded in MainProcess
17/07/2021 00:16:06 -- INFO -- Self generating rule for compound ZKHQWZAMYRWXGA-UHFFFAOYSA-N and rule MNXR111799_MNXM6129_14, set 0. Move is discarded in MainProcess
17/07/2021 00:16:07 -- INFO -- For compound ZKHQWZAMYRWXGA-UHFFFAOYSA-N, matching moves are [ZKHQWZAMYRWXGA-UHFFFAOYSA-N-MNXR106729_MNXM423_8-0, ZKHQWZAMYRWXGA-UHFFFAOYSA-N-MNXR106729_MNXM495_8-0, ZKHQWZAMYRWXGA-UHFFFAOYSA-N-MNXR125040_MNXM1906_6-0, ZKHQWZAMYRWXGA-UHFFFAOYSA-N-MNXR134292_MNXM423_8-0, ZKHQWZAMYRWXGA-UHFFFAOYSA-N-MNXR134292_MNXM495_8-0, ZKHQWZAMYRWXGA-UHFFFAOYSA-N-MNXR107788_MNXM423_8-0, ZKHQWZAMYRWXGA-UHFFFAOYSA-N-MNXR105330_MNXM423_8-0, ZKHQWZAMYRWXGA-UHFFFAOYSA-N-MNXR105328_MNXM423_8-0, ZKHQWZAMYRWXGA-UHFFFAOYSA-N-MNXR105330_MNXM495_6-0, ZKHQWZAMYRWXGA-UHFFFAOYSA-N-MNXR107788_MNXM495_8-0]
17/07/2021 00:16:07 -- INFO -- Calculated moves in 1.5050511360168457 for compound ZKHQWZAMYRWXGA-UHFFFAOYSA-N - without caching
17/07/2021 00:16:07 -- INFO -- Pathway is found at iteration 289
17/07/2021 00:16:07 -- INFO -- Udapted solved Node 			Move name: XTJQZPLDJBNHHN-UHFFFAOYSA-O-rxnAdd2_cpd09274_5_6-0/ Biological score : 4.02/ Chemical score: 0.87
			Count: 1/ Score : 0/ Children: 0/ Terminal : True
			|BJEPYKJPYRNKOW-UHFFFAOYSA-N- solved|DJJCXFVJDGTHFX-UHFFFAOYSA-N|HIWPGCMGAMJNRG-UHFFFAOYSA-N- solved|XVFMGWDSJLBXDZ-UHFFFAOYSA-O- solved|ZKHQWZAMYRWXGA-UHFFFAOYSA-N| for the first time at iteration 289
17/07/2021 00:16:07 -- INFO -- Udapted solved Node 		Move name: XCCTYIAWTASOJW-UHFFFAOYSA-N-MNXR111798_MNXM5568_16-0/ Biological score : 3.11/ Chemical score: 0.61
		Count: 1/ Score : 0/ Children: 1/ Terminal : False
		|DJJCXFVJDGTHFX-UHFFFAOYSA-N|XTJQZPLDJBNHHN-UHFFFAOYSA-O|ZKHQWZAMYRWXGA-UHFFFAOYSA-N| for the first time at iteration 289
17/07/2021 00:16:07 -- INFO -- Performing iteration 300 out of 1000
17/07/2021 00:16:08 -- INFO -- Looping move in node |DJJCXFVJDGTHFX-UHFFFAOYSA-N|XTJQZPLDJBNHHN-UHFFFAOYSA-O|ZKHQWZAMYRWXGA-UHFFFAOYSA-N|-2 for move XTJQZPLDJBNHHN-UHFFFAOYSA-O-MNXR110563_MNXM1146_6-0
17/07/2021 00:16:08 -- INFO -- Starting move obtention process with compound DJJCXFVJDGTHFX-UHFFFAOYSA-N ([H]Oc1nc(=O)n(C2([H])OC([H])(C([H])([H])OP(=O)(O[H])O[H])C([H])(O[H])C2([H])O[H])c([H])c1[H]) at 1626473768.0513878
17/07/2021 00:16:08 -- INFO -- 1219 available rules
17/07/2021 00:16:16 -- INFO -- For compound DJJCXFVJDGTHFX-UHFFFAOYSA-N, matching moves are [DJJCXFVJDGTHFX-UHFFFAOYSA-N-MNXR97039_MNXM288_6-0, DJJCXFVJDGTHFX-UHFFFAOYSA-N-MNXR119521_MNXM47_6-0, DJJCXFVJDGTHFX-UHFFFAOYSA-N-MNXR111792_MNXM6123_8-0, DJJCXFVJDGTHFX-UHFFFAOYSA-N-MNXR118559_MNXM114601_8-0, DJJCXFVJDGTHFX-UHFFFAOYSA-N-MNXR133927_MNXM38120_8-0, DJJCXFVJDGTHFX-UHFFFAOYSA-N-MNXR94932_MNXM288_6-0, DJJCXFVJDGTHFX-UHFFFAOYSA-N-MNXR107736_MNXM298_6-0, DJJCXFVJDGTHFX-UHFFFAOYSA-N-MNXR105161_MNXM288_8-0]
17/07/2021 00:16:16 -- INFO -- Calculated moves in 8.361937046051025 for compound DJJCXFVJDGTHFX-UHFFFAOYSA-N - without caching
17/07/2021 00:16:16 -- INFO -- Starting move obtention process with compound XTJQZPLDJBNHHN-UHFFFAOYSA-O ([H]OC(=O)C([H])([H])C(=O)OC([H])([H])C1([H])OC([H])(Oc2c(-c3c([H])c([H])c(O[H])c([H])c3[H])[o+]c3c([H])c(O[H])c([H])c(O[H])c3c2[H])C([H])(OC2([H])OC([H])(C([H])([H])O[H])C([H])(O[H])C([H])(O[H])C2([H])O[H])C([H])(O[H])C1([H])O[H]) at 1626473776.431655
17/07/2021 00:16:16 -- INFO -- 326 available rules
17/07/2021 00:16:18 -- INFO -- For compound XTJQZPLDJBNHHN-UHFFFAOYSA-O, matching moves are [XTJQZPLDJBNHHN-UHFFFAOYSA-O-rxnAdd9_cpd09273_5_6-0, XTJQZPLDJBNHHN-UHFFFAOYSA-O-MNXR119309_MNXM1146_6-0, XTJQZPLDJBNHHN-UHFFFAOYSA-O-rxnAdd18_cpd08920_4_6-0, XTJQZPLDJBNHHN-UHFFFAOYSA-O-rxnAdd28_cpd08921_4_6-0, XTJQZPLDJBNHHN-UHFFFAOYSA-O-MNXR118719_MNXM2735_8-0, XTJQZPLDJBNHHN-UHFFFAOYSA-O-MNXR120374_MNXM24447_6-0, XTJQZPLDJBNHHN-UHFFFAOYSA-O-MNXR120373_MNXM24447_6-0, XTJQZPLDJBNHHN-UHFFFAOYSA-O-MNXR118691_MNXM1584_6-0, XTJQZPLDJBNHHN-UHFFFAOYSA-O-MNXR118690_MNXM1146_8-0, XTJQZPLDJBNHHN-UHFFFAOYSA-O-MNXR111460_MNXM20335_6-0]
17/07/2021 00:16:18 -- INFO -- Calculated moves in 2.3278439044952393 for compound XTJQZPLDJBNHHN-UHFFFAOYSA-O - without caching
17/07/2021 00:16:18 -- INFO -- Starting move obtention process with compound ZKHQWZAMYRWXGA-UHFFFAOYSA-N ([H]OC1([H])C([H])(n2c([H])nc3c(N([H])[H])nc([H])nc32)OC([H])(C([H])([H])OP(=O)(O[H])OP(=O)(O[H])OP(=O)(O[H])O[H])C1([H])O[H]) at 1626473778.773099
17/07/2021 00:16:19 -- INFO -- 516 available rules
17/07/2021 00:16:19 -- INFO -- Self generating rule for compound ZKHQWZAMYRWXGA-UHFFFAOYSA-N and rule MNXR111799_MNXM6129_16, set 0. Move is discarded in MainProcess
17/07/2021 00:16:19 -- INFO -- Self generating rule for compound ZKHQWZAMYRWXGA-UHFFFAOYSA-N and rule MNXR111799_MNXM6129_14, set 0. Move is discarded in MainProcess
17/07/2021 00:16:20 -- INFO -- For compound ZKHQWZAMYRWXGA-UHFFFAOYSA-N, matching moves are [ZKHQWZAMYRWXGA-UHFFFAOYSA-N-MNXR106729_MNXM423_6-0, ZKHQWZAMYRWXGA-UHFFFAOYSA-N-MNXR106729_MNXM495_6-0, ZKHQWZAMYRWXGA-UHFFFAOYSA-N-MNXR105328_MNXM423_6-0, ZKHQWZAMYRWXGA-UHFFFAOYSA-N-MNXR105328_MNXM495_6-0, ZKHQWZAMYRWXGA-UHFFFAOYSA-N-MNXR125040_MNXM1906_8-0, ZKHQWZAMYRWXGA-UHFFFAOYSA-N-MNXR134292_MNXM423_6-0, ZKHQWZAMYRWXGA-UHFFFAOYSA-N-MNXR134292_MNXM495_6-0, ZKHQWZAMYRWXGA-UHFFFAOYSA-N-MNXR107788_MNXM423_6-0, ZKHQWZAMYRWXGA-UHFFFAOYSA-N-MNXR105330_MNXM423_6-0, ZKHQWZAMYRWXGA-UHFFFAOYSA-N-MNXR107788_MNXM495_6-0]
17/07/2021 00:16:20 -- INFO -- Calculated moves in 1.4188084602355957 for compound ZKHQWZAMYRWXGA-UHFFFAOYSA-N - without caching
17/07/2021 00:16:20 -- INFO -- Starting move obtention process with compound DJJCXFVJDGTHFX-UHFFFAOYSA-N ([H]Oc1nc(=O)n(C2([H])OC([H])(C([H])([H])OP(=O)(O[H])O[H])C([H])(O[H])C2([H])O[H])c([H])c1[H]) at 1626473780.2238135
17/07/2021 00:16:20 -- INFO -- 1218 available rules
17/07/2021 00:16:28 -- INFO -- For compound DJJCXFVJDGTHFX-UHFFFAOYSA-N, matching moves are [DJJCXFVJDGTHFX-UHFFFAOYSA-N-MNXR118559_MNXM114601_6-0, DJJCXFVJDGTHFX-UHFFFAOYSA-N-MNXR97207_MNXM492_6-0, DJJCXFVJDGTHFX-UHFFFAOYSA-N-MNXR111792_MNXM6123_12-0, DJJCXFVJDGTHFX-UHFFFAOYSA-N-MNXR133927_MNXM38120_6-0, DJJCXFVJDGTHFX-UHFFFAOYSA-N-MNXR94932_MNXM288_8-0, DJJCXFVJDGTHFX-UHFFFAOYSA-N-MNXR107736_MNXM298_8-0, DJJCXFVJDGTHFX-UHFFFAOYSA-N-MNXR105161_MNXM288_6-0]
17/07/2021 00:16:28 -- INFO -- Calculated moves in 8.030867338180542 for compound DJJCXFVJDGTHFX-UHFFFAOYSA-N - without caching
17/07/2021 00:16:28 -- INFO -- Starting move obtention process with compound XTJQZPLDJBNHHN-UHFFFAOYSA-O ([H]OC(=O)C([H])([H])C(=O)OC([H])([H])C1([H])OC([H])(Oc2c(-c3c([H])c([H])c(O[H])c([H])c3[H])[o+]c3c([H])c(O[H])c([H])c(O[H])c3c2[H])C([H])(OC2([H])OC([H])(C([H])([H])O[H])C([H])(O[H])C([H])(O[H])C2([H])O[H])C([H])(O[H])C1([H])O[H]) at 1626473788.283784
17/07/2021 00:16:28 -- INFO -- 326 available rules
17/07/2021 00:16:31 -- INFO -- For compound XTJQZPLDJBNHHN-UHFFFAOYSA-O, matching moves are [XTJQZPLDJBNHHN-UHFFFAOYSA-O-rxnAdd2_cpd09274_5_6-0, XTJQZPLDJBNHHN-UHFFFAOYSA-O-MNXR110563_MNXM1146_6-0, XTJQZPLDJBNHHN-UHFFFAOYSA-O-MNXR118719_MNXM2735_12-0, XTJQZPLDJBNHHN-UHFFFAOYSA-O-MNXR118690_MNXM1146_12-0, XTJQZPLDJBNHHN-UHFFFAOYSA-O-MNXR111460_MNXM20335_8-0, XTJQZPLDJBNHHN-UHFFFAOYSA-O-MNXR118692_MNXM1474_6-0, XTJQZPLDJBNHHN-UHFFFAOYSA-O-MNXR122054_MNXM1584_6-0, XTJQZPLDJBNHHN-UHFFFAOYSA-O-MNXR111460_MNXM1584_6-0, XTJQZPLDJBNHHN-UHFFFAOYSA-O-MNXR119279_MNXM22691_8-0, XTJQZPLDJBNHHN-UHFFFAOYSA-O-MNXR111467_MNXM6373_8-0]
17/07/2021 00:16:31 -- INFO -- Calculated moves in 2.8929598331451416 for compound XTJQZPLDJBNHHN-UHFFFAOYSA-O - without caching
17/07/2021 00:16:31 -- INFO -- Starting move obtention process with compound XTWYTFMLZFPYCI-UHFFFAOYSA-N ([H]OC1([H])C([H])(n2c([H])nc3c(N([H])[H])nc([H])nc32)OC([H])(C([H])([H])OP(=O)(O[H])OP(=O)(O[H])O[H])C1([H])O[H]) at 1626473791.1924407
17/07/2021 00:16:31 -- INFO -- 544 available rules
17/07/2021 00:16:31 -- INFO -- Self generating rule for compound XTWYTFMLZFPYCI-UHFFFAOYSA-N and rule MNXR111799_MNXM5568_16, set 0. Move is discarded in MainProcess
17/07/2021 00:16:32 -- INFO -- Self generating rule for compound XTWYTFMLZFPYCI-UHFFFAOYSA-N and rule MNXR111799_MNXM5568_14, set 0. Move is discarded in MainProcess
17/07/2021 00:16:33 -- INFO -- For compound XTWYTFMLZFPYCI-UHFFFAOYSA-N, matching moves are [XTWYTFMLZFPYCI-UHFFFAOYSA-N-MNXR106729_MNXM495_6-0, XTWYTFMLZFPYCI-UHFFFAOYSA-N-MNXR111798_MNXM5568_16-0, XTWYTFMLZFPYCI-UHFFFAOYSA-N-MNXR105328_MNXM495_6-0, XTWYTFMLZFPYCI-UHFFFAOYSA-N-MNXR134292_MNXM495_6-0, XTWYTFMLZFPYCI-UHFFFAOYSA-N-MNXR125040_MNXM1906_8-0, XTWYTFMLZFPYCI-UHFFFAOYSA-N-MNXR107788_MNXM495_6-0, XTWYTFMLZFPYCI-UHFFFAOYSA-N-MNXR105330_MNXM495_6-0, XTWYTFMLZFPYCI-UHFFFAOYSA-N-MNXR101883_MNXM8_8-0, XTWYTFMLZFPYCI-UHFFFAOYSA-N-MNXR95432_MNXM212_8-0, XTWYTFMLZFPYCI-UHFFFAOYSA-N-MNXR103374_MNXM495_8-0]
17/07/2021 00:16:33 -- INFO -- Calculated moves in 2.615412473678589 for compound XTWYTFMLZFPYCI-UHFFFAOYSA-N - without caching
17/07/2021 00:16:33 -- INFO -- Rollout results are 2, True
17/07/2021 00:16:34 -- INFO -- Pathway is found at iteration 329
17/07/2021 00:16:34 -- INFO -- Udapted solved Node 		Move name: XCCTYIAWTASOJW-UHFFFAOYSA-N-MNXR105328_MNXM495_6-0/ Biological score : 2.54/ Chemical score: 0.68
		Count: 1/ Score : 0/ Children: 0/ Terminal : True
		|PGAVKCOVUIYSFO-UHFFFAOYSA-N|WQZGKKKJIJFFOK-UHFFFAOYSA-N- solved|XTJQZPLDJBNHHN-UHFFFAOYSA-O| for the first time at iteration 329
17/07/2021 00:16:34 -- INFO -- Pathway is found at iteration 368
17/07/2021 00:16:34 -- INFO -- Udapted solved Node 		Move name: XCCTYIAWTASOJW-UHFFFAOYSA-N-MNXR134292_MNXM495_6-0/ Biological score : 2.28/ Chemical score: 0.68
		Count: 1/ Score : 0/ Children: 0/ Terminal : True
		|JDTUMPKOJBQPKX-UHFFFAOYSA-N- solved|PGAVKCOVUIYSFO-UHFFFAOYSA-N|XTJQZPLDJBNHHN-UHFFFAOYSA-O| for the first time at iteration 368
17/07/2021 00:16:35 -- INFO -- Performing iteration 400 out of 1000
17/07/2021 00:16:35 -- INFO -- Pathway is found at iteration 410
17/07/2021 00:16:35 -- INFO -- Udapted solved Node 		Move name: XTJQZPLDJBNHHN-UHFFFAOYSA-O-MNXR118719_MNXM2735_8-0/ Biological score : 2.26/ Chemical score: 0.87
		Count: 1/ Score : 0/ Children: 0/ Terminal : True
		|OGHVFWDSUVCUMN-UHFFFAOYSA-O|WQZGKKKJIJFFOK-UHFFFAOYSA-N- solved|XCCTYIAWTASOJW-UHFFFAOYSA-N| for the first time at iteration 410
17/07/2021 00:16:36 -- INFO -- Performing iteration 500 out of 1000
17/07/2021 00:16:37 -- INFO -- Performing iteration 600 out of 1000
17/07/2021 00:16:38 -- INFO -- Performing iteration 700 out of 1000
17/07/2021 00:16:40 -- INFO -- Performing iteration 800 out of 1000
17/07/2021 00:16:41 -- INFO -- Adding a child with move ZKHQWZAMYRWXGA-UHFFFAOYSA-N-MNXR106729_MNXM423_6-0 to node 
		Move name: XCCTYIAWTASOJW-UHFFFAOYSA-N-MNXR111798_MNXM5568_16-0/ Biological score : 3.11/ Chemical score: 0.61
		Count: 2/ Score : 6.0/ Children: 1/ Terminal : False
		|DJJCXFVJDGTHFX-UHFFFAOYSA-N|XTJQZPLDJBNHHN-UHFFFAOYSA-O|ZKHQWZAMYRWXGA-UHFFFAOYSA-N|
17/07/2021 00:16:41 -- INFO -- Starting move obtention process with compound DJJCXFVJDGTHFX-UHFFFAOYSA-N ([H]Oc1nc(=O)n(C2([H])OC([H])(C([H])([H])OP(=O)(O[H])O[H])C([H])(O[H])C2([H])O[H])c([H])c1[H]) at 1626473801.393331
17/07/2021 00:16:41 -- INFO -- 1219 available rules
17/07/2021 00:16:49 -- INFO -- For compound DJJCXFVJDGTHFX-UHFFFAOYSA-N, matching moves are [DJJCXFVJDGTHFX-UHFFFAOYSA-N-MNXR97039_MNXM288_6-0, DJJCXFVJDGTHFX-UHFFFAOYSA-N-MNXR119521_MNXM47_6-0, DJJCXFVJDGTHFX-UHFFFAOYSA-N-MNXR111792_MNXM6123_8-0, DJJCXFVJDGTHFX-UHFFFAOYSA-N-MNXR118559_MNXM114601_8-0, DJJCXFVJDGTHFX-UHFFFAOYSA-N-MNXR133927_MNXM38120_8-0, DJJCXFVJDGTHFX-UHFFFAOYSA-N-MNXR94932_MNXM288_6-0, DJJCXFVJDGTHFX-UHFFFAOYSA-N-MNXR107736_MNXM298_6-0, DJJCXFVJDGTHFX-UHFFFAOYSA-N-MNXR105161_MNXM288_8-0]
17/07/2021 00:16:49 -- INFO -- Calculated moves in 8.331553936004639 for compound DJJCXFVJDGTHFX-UHFFFAOYSA-N - without caching
17/07/2021 00:16:49 -- INFO -- Starting move obtention process with compound XTJQZPLDJBNHHN-UHFFFAOYSA-O ([H]OC(=O)C([H])([H])C(=O)OC([H])([H])C1([H])OC([H])(Oc2c(-c3c([H])c([H])c(O[H])c([H])c3[H])[o+]c3c([H])c(O[H])c([H])c(O[H])c3c2[H])C([H])(OC2([H])OC([H])(C([H])([H])O[H])C([H])(O[H])C([H])(O[H])C2([H])O[H])C([H])(O[H])C1([H])O[H]) at 1626473809.7426734
17/07/2021 00:16:50 -- INFO -- 326 available rules
17/07/2021 00:16:52 -- INFO -- For compound XTJQZPLDJBNHHN-UHFFFAOYSA-O, matching moves are [XTJQZPLDJBNHHN-UHFFFAOYSA-O-rxnAdd9_cpd09273_5_6-0, XTJQZPLDJBNHHN-UHFFFAOYSA-O-MNXR119309_MNXM1146_6-0, XTJQZPLDJBNHHN-UHFFFAOYSA-O-rxnAdd18_cpd08920_4_6-0, XTJQZPLDJBNHHN-UHFFFAOYSA-O-rxnAdd28_cpd08921_4_6-0, XTJQZPLDJBNHHN-UHFFFAOYSA-O-MNXR118719_MNXM2735_8-0, XTJQZPLDJBNHHN-UHFFFAOYSA-O-MNXR120374_MNXM24447_6-0, XTJQZPLDJBNHHN-UHFFFAOYSA-O-MNXR120373_MNXM24447_6-0, XTJQZPLDJBNHHN-UHFFFAOYSA-O-MNXR118691_MNXM1584_6-0, XTJQZPLDJBNHHN-UHFFFAOYSA-O-MNXR118690_MNXM1146_8-0, XTJQZPLDJBNHHN-UHFFFAOYSA-O-MNXR111460_MNXM20335_6-0]
17/07/2021 00:16:52 -- INFO -- Calculated moves in 2.2834627628326416 for compound XTJQZPLDJBNHHN-UHFFFAOYSA-O - without caching
17/07/2021 00:16:52 -- INFO -- Starting move obtention process with compound XTWYTFMLZFPYCI-UHFFFAOYSA-N ([H]OC1([H])C([H])(n2c([H])nc3c(N([H])[H])nc([H])nc32)OC([H])(C([H])([H])OP(=O)(O[H])OP(=O)(O[H])O[H])C1([H])O[H]) at 1626473812.0418456
17/07/2021 00:16:52 -- INFO -- 544 available rules
17/07/2021 00:16:52 -- INFO -- Self generating rule for compound XTWYTFMLZFPYCI-UHFFFAOYSA-N and rule MNXR111799_MNXM5568_16, set 0. Move is discarded in MainProcess
17/07/2021 00:16:52 -- INFO -- Self generating rule for compound XTWYTFMLZFPYCI-UHFFFAOYSA-N and rule MNXR111799_MNXM5568_14, set 0. Move is discarded in MainProcess
17/07/2021 00:16:54 -- INFO -- For compound XTWYTFMLZFPYCI-UHFFFAOYSA-N, matching moves are [XTWYTFMLZFPYCI-UHFFFAOYSA-N-MNXR106729_MNXM495_6-0, XTWYTFMLZFPYCI-UHFFFAOYSA-N-MNXR111798_MNXM5568_16-0, XTWYTFMLZFPYCI-UHFFFAOYSA-N-MNXR105328_MNXM495_6-0, XTWYTFMLZFPYCI-UHFFFAOYSA-N-MNXR134292_MNXM495_6-0, XTWYTFMLZFPYCI-UHFFFAOYSA-N-MNXR125040_MNXM1906_8-0, XTWYTFMLZFPYCI-UHFFFAOYSA-N-MNXR107788_MNXM495_6-0, XTWYTFMLZFPYCI-UHFFFAOYSA-N-MNXR105330_MNXM495_6-0, XTWYTFMLZFPYCI-UHFFFAOYSA-N-MNXR101883_MNXM8_8-0, XTWYTFMLZFPYCI-UHFFFAOYSA-N-MNXR95432_MNXM212_8-0, XTWYTFMLZFPYCI-UHFFFAOYSA-N-MNXR103374_MNXM495_8-0]
17/07/2021 00:16:54 -- INFO -- Calculated moves in 2.674233913421631 for compound XTWYTFMLZFPYCI-UHFFFAOYSA-N - without caching
17/07/2021 00:16:54 -- INFO -- Performing iteration 900 out of 1000
17/07/2021 00:16:55 -- INFO -- Adding a child with move XTJQZPLDJBNHHN-UHFFFAOYSA-O-rxnAdd18_cpd08920_4_6-0 to node 
		Move name: XCCTYIAWTASOJW-UHFFFAOYSA-N-MNXR111799_MNXM5568_16-0/ Biological score : 3.11/ Chemical score: 0.61
		Count: 2/ Score : 6.0/ Children: 1/ Terminal : False
		|PGAVKCOVUIYSFO-UHFFFAOYSA-N|XTJQZPLDJBNHHN-UHFFFAOYSA-O|XTWYTFMLZFPYCI-UHFFFAOYSA-N|
17/07/2021 00:16:55 -- INFO -- Starting move obtention process with compound PGAVKCOVUIYSFO-UHFFFAOYSA-N ([H]Oc1nc(=O)n(C2([H])OC([H])(C([H])([H])OP(=O)(O[H])OP(=O)(O[H])OP(=O)(O[H])O[H])C([H])(O[H])C2([H])O[H])c([H])c1[H]) at 1626473815.1234524
17/07/2021 00:16:55 -- INFO -- 1319 available rules
17/07/2021 00:16:59 -- INFO -- For compound PGAVKCOVUIYSFO-UHFFFAOYSA-N, matching moves are [PGAVKCOVUIYSFO-UHFFFAOYSA-N-MNXR106729_MNXM423_6-0, PGAVKCOVUIYSFO-UHFFFAOYSA-N-MNXR106729_MNXM495_6-0, PGAVKCOVUIYSFO-UHFFFAOYSA-N-MNXR111799_MNXM6129_16-0, PGAVKCOVUIYSFO-UHFFFAOYSA-N-MNXR105328_MNXM423_6-0, PGAVKCOVUIYSFO-UHFFFAOYSA-N-MNXR105328_MNXM495_6-0, PGAVKCOVUIYSFO-UHFFFAOYSA-N-MNXR134292_MNXM423_6-0, PGAVKCOVUIYSFO-UHFFFAOYSA-N-MNXR119521_MNXM47_6-0, PGAVKCOVUIYSFO-UHFFFAOYSA-N-MNXR134292_MNXM495_6-0, PGAVKCOVUIYSFO-UHFFFAOYSA-N-MNXR97039_MNXM288_6-0, PGAVKCOVUIYSFO-UHFFFAOYSA-N-MNXR107788_MNXM423_6-0]
17/07/2021 00:16:59 -- INFO -- Calculated moves in 4.22040057182312 for compound PGAVKCOVUIYSFO-UHFFFAOYSA-N - without caching
17/07/2021 00:16:59 -- INFO -- Starting move obtention process with compound XSZSLANVYCNEPE-UHFFFAOYSA-N ([H]OC(=O)C([H])([H])C(=O)OC([H])([H])C1([H])OC([H])(O[H])C([H])(OC2([H])OC([H])(C([H])([H])O[H])C([H])(O[H])C([H])(O[H])C2([H])O[H])C([H])(O[H])C1([H])O[H]) at 1626473819.3794155
17/07/2021 00:16:59 -- INFO -- 96 available rules
17/07/2021 00:17:00 -- INFO -- For compound XSZSLANVYCNEPE-UHFFFAOYSA-N, matching moves are [XSZSLANVYCNEPE-UHFFFAOYSA-N-MNXR115837_MNXM6639_8-0, XSZSLANVYCNEPE-UHFFFAOYSA-N-MNXR117307_MNXM8048_6-0, XSZSLANVYCNEPE-UHFFFAOYSA-N-MNXR117701_MNXM13911_8-0, XSZSLANVYCNEPE-UHFFFAOYSA-N-MNXR122230_MNXM878_6-0, XSZSLANVYCNEPE-UHFFFAOYSA-N-MNXR122230_MNXM878_6-1, XSZSLANVYCNEPE-UHFFFAOYSA-N-MNXR122230_MNXM878_6-2, XSZSLANVYCNEPE-UHFFFAOYSA-N-MNXR122230_MNXM878_6-3]
17/07/2021 00:17:00 -- INFO -- Calculated moves in 1.5435147285461426 for compound XSZSLANVYCNEPE-UHFFFAOYSA-N - without caching
17/07/2021 00:17:00 -- INFO -- Starting move obtention process with compound XTWYTFMLZFPYCI-UHFFFAOYSA-N ([H]OC1([H])C([H])(n2c([H])nc3c(N([H])[H])nc([H])nc32)OC([H])(C([H])([H])OP(=O)(O[H])OP(=O)(O[H])O[H])C1([H])O[H]) at 1626473820.939054
17/07/2021 00:17:01 -- INFO -- 534 available rules
17/07/2021 00:17:01 -- INFO -- Self generating rule for compound XTWYTFMLZFPYCI-UHFFFAOYSA-N and rule MNXR111799_MNXM5568_16, set 0. Move is discarded in MainProcess
17/07/2021 00:17:01 -- INFO -- Self generating rule for compound XTWYTFMLZFPYCI-UHFFFAOYSA-N and rule MNXR111799_MNXM5568_14, set 0. Move is discarded in MainProcess
17/07/2021 00:17:03 -- INFO -- For compound XTWYTFMLZFPYCI-UHFFFAOYSA-N, matching moves are [XTWYTFMLZFPYCI-UHFFFAOYSA-N-MNXR106729_MNXM495_8-0, XTWYTFMLZFPYCI-UHFFFAOYSA-N-MNXR111798_MNXM5568_6-0, XTWYTFMLZFPYCI-UHFFFAOYSA-N-MNXR134292_MNXM495_8-0, XTWYTFMLZFPYCI-UHFFFAOYSA-N-MNXR125040_MNXM1906_6-0, XTWYTFMLZFPYCI-UHFFFAOYSA-N-MNXR107788_MNXM495_8-0, XTWYTFMLZFPYCI-UHFFFAOYSA-N-MNXR105330_MNXM495_8-0, XTWYTFMLZFPYCI-UHFFFAOYSA-N-MNXR105328_MNXM495_8-0, XTWYTFMLZFPYCI-UHFFFAOYSA-N-MNXR101883_MNXM8_6-0, XTWYTFMLZFPYCI-UHFFFAOYSA-N-MNXR95432_MNXM212_6-0, XTWYTFMLZFPYCI-UHFFFAOYSA-N-MNXR103374_MNXM495_6-0]
17/07/2021 00:17:03 -- INFO -- Calculated moves in 2.4877257347106934 for compound XTWYTFMLZFPYCI-UHFFFAOYSA-N - without caching
17/07/2021 00:17:04 -- INFO -- ---------------End of search informations------------------ 
Tree search finished running at 0h 17min 4s 
Your tree search took 2.5e+02s 
 
Time was spent in selection: 6.4e-02s, expansion: 1.5e+02s, rollout: 8.7e+01s, update: 8.1e-01s 
CONGRATULATIONS, THATS A WIN
17/07/2021 00:17:04 -- INFO -- At the end of this tree search, the cache contains 0
17/07/2021 00:17:04 -- WARNING -- RECAP TIME_EXECUTION=250.45
17/07/2021 00:17:04 -- WARNING -- RECAP STOP_REASON=iteration
17/07/2021 00:17:04 -- WARNING -- RECAP NUMBER_ITERATION=999
17/07/2021 00:17:05 -- INFO -- According to Wikipedia, choosing the pathway with the most visists 
 This could be replaced by the best score
17/07/2021 00:17:06 -- INFO -- Found 18 pathways for Pelargonidin_3-O-(6''-malonyl-glucoside)
17/07/2021 00:17:06 -- INFO -- 18 pathways were found
17/07/2021 00:17:06 -- INFO -- At the end of this tree search, the cache contains 0
