18/07/2021 01:28:42 -- WARNING -- Setting the seed at 1234
18/07/2021 01:28:42 -- INFO -- Stating global parameters from configuration file
18/07/2021 01:28:42 -- INFO -- Using retrosynthesis: False - using biosensor True
18/07/2021 01:28:42 -- INFO -- Full search - no stopping at first result
18/07/2021 01:28:42 -- INFO -- Setting the DB from config file: Installed package: True. Using cache DB: False; Replacing results: False
18/07/2021 01:28:42 -- INFO -- Initialising an empty cache: {}; Using it: False
18/07/2021 01:28:42 -- INFO -- -------------------Scoring configurations -------------------------
18/07/2021 01:28:42 -- INFO -- Using biological cut off at 0.1
18/07/2021 01:28:42 -- INFO -- Using substrate only cut off at 0.6
18/07/2021 01:28:42 -- INFO -- Using chemical score cut off at 0.6
18/07/2021 01:28:42 -- INFO -- -------------------MCTS configurations -------------------------
18/07/2021 01:28:42 -- INFO -- Setting the minimal visit count for a node at 1
18/07/2021 01:28:42 -- INFO -- Using RAVE: False
18/07/2021 01:28:42 -- INFO -- -------------------Chemical configurations -------------------------
18/07/2021 01:28:42 -- INFO -- Using explicit hydrogens : True
18/07/2021 01:28:42 -- INFO -- Using detectable compounds as sink as running in biosensor mode.
18/07/2021 01:28:42 -- WARNING -- Removed compound from the detectable set to force enzymatic detection
18/07/2021 01:28:42 -- INFO -- Main layer was set to True. Sanitising state
18/07/2021 01:29:03 -- INFO -- Main layer was set to True. Sanitising state
18/07/2021 01:29:03 -- INFO -- Starting move obtention process with compound Caffeic_acid ([H]OC(=O)C([H])=C([H])c1c([H])c([H])c(O[H])c(O[H])c1[H]) at 1626564543.1412475
18/07/2021 01:29:03 -- INFO -- 280 available rules
18/07/2021 01:29:04 -- INFO -- For compound Caffeic_acid, matching moves are [QAIPRVGONGVQAS-UHFFFAOYSA-N-rxnAdd1_r_2_cpd00881_6_6-0, QAIPRVGONGVQAS-UHFFFAOYSA-N-rxnAdd168_r_1_cpd00881_6_6-0, QAIPRVGONGVQAS-UHFFFAOYSA-N-rxnAdd157_r_1_cpd00881_6_6-0, QAIPRVGONGVQAS-UHFFFAOYSA-N-rxnAdd156_cpd00881_4_6-0, QAIPRVGONGVQAS-UHFFFAOYSA-N-rxnAdd150_r_2_cpd00881_6_6-0, QAIPRVGONGVQAS-UHFFFAOYSA-N-rxnAdd149_r_2_cpd00881_6_6-0, QAIPRVGONGVQAS-UHFFFAOYSA-N-MNXR134337_MNXM890_8-0, QAIPRVGONGVQAS-UHFFFAOYSA-N-rxnAdd153_cpd09252_2_6-0, QAIPRVGONGVQAS-UHFFFAOYSA-N-rxnAdd98_r_1_cpd00604_4_6-0, QAIPRVGONGVQAS-UHFFFAOYSA-N-rxnAdd6_r_3_cpd00604_6_6-0]
18/07/2021 01:29:04 -- INFO -- Calculated moves in 1.1201364994049072 for compound QAIPRVGONGVQAS-UHFFFAOYSA-N - without caching
18/07/2021 01:29:04 -- INFO -- ---------------Beginning of search informations------------------ 
UCT policy is : Biochemical_UCT_1 
Rollout policy is : Rollout_policy_random_uniform_on_biochemical_multiplication_score 
Rewarding policy is : Penalty is -1 and full state reward is 2 
Maximum number of iterations 1000 
Tree search started running at 1h 29min 4s 
Your tree search is currently running ... 
 

18/07/2021 01:29:04 -- INFO -- Performing iteration 0 out of 1000
18/07/2021 01:29:04 -- INFO -- Adding a child with move QAIPRVGONGVQAS-UHFFFAOYSA-N-rxnAdd1_r_2_cpd00881_6_6-0 to node 
Count: 0/ Score : 0/ Children: 0/ Terminal : False
|Caffeic_acid|
18/07/2021 01:29:04 -- INFO -- Pathway is found at iteration 0
18/07/2021 01:29:04 -- INFO -- Udapted solved Node 	Move name: QAIPRVGONGVQAS-UHFFFAOYSA-N-rxnAdd1_r_2_cpd00881_6_6-0/ Biological score : 4.02/ Chemical score: 1.0
	Count: 1/ Score : 0/ Children: 0/ Terminal : True
	|RTVUMLBJQCCROY-UHFFFAOYSA-O- solved| for the first time at iteration 0
18/07/2021 01:29:04 -- INFO -- Udapted solved Node Count: 1/ Score : 0/ Children: 1/ Terminal : False
|Caffeic_acid| for the first time at iteration 0
18/07/2021 01:29:04 -- INFO -- Adding a child with move QAIPRVGONGVQAS-UHFFFAOYSA-N-rxnAdd168_r_1_cpd00881_6_6-0 to node 
Count: 1/ Score : 10.0/ Children: 1/ Terminal : False
|Caffeic_acid|
18/07/2021 01:29:04 -- INFO -- Adding a child with move QAIPRVGONGVQAS-UHFFFAOYSA-N-rxnAdd157_r_1_cpd00881_6_6-0 to node 
Count: 2/ Score : 6.0/ Children: 2/ Terminal : False
|Caffeic_acid|
18/07/2021 01:29:04 -- INFO -- Pathway is found at iteration 2
18/07/2021 01:29:04 -- INFO -- Udapted solved Node 	Move name: QAIPRVGONGVQAS-UHFFFAOYSA-N-rxnAdd168_r_1_cpd00881_6_6-0/ Biological score : 4.02/ Chemical score: 1.0
	Count: 1/ Score : 0/ Children: 0/ Terminal : True
	|DOUMFZQKYFQNTF-UHFFFAOYSA-N- solved| for the first time at iteration 2
18/07/2021 01:29:04 -- INFO -- Adding a child with move QAIPRVGONGVQAS-UHFFFAOYSA-N-rxnAdd156_cpd00881_4_6-0 to node 
Count: 3/ Score : 7.33/ Children: 3/ Terminal : False
|Caffeic_acid|
18/07/2021 01:29:04 -- INFO -- Adding a child with move QAIPRVGONGVQAS-UHFFFAOYSA-N-rxnAdd150_r_2_cpd00881_6_6-0 to node 
Count: 4/ Score : 6.0/ Children: 4/ Terminal : False
|Caffeic_acid|
18/07/2021 01:29:04 -- INFO -- Pathway is found at iteration 4
18/07/2021 01:29:04 -- INFO -- Udapted solved Node 	Move name: QAIPRVGONGVQAS-UHFFFAOYSA-N-rxnAdd157_r_1_cpd00881_6_6-0/ Biological score : 4.02/ Chemical score: 1.0
	Count: 1/ Score : 0/ Children: 0/ Terminal : True
	|YDDGKXBLOXEEMN-UHFFFAOYSA-N- solved| for the first time at iteration 4
18/07/2021 01:29:04 -- INFO -- Adding a child with move QAIPRVGONGVQAS-UHFFFAOYSA-N-rxnAdd149_r_2_cpd00881_6_6-0 to node 
Count: 5/ Score : 6.8/ Children: 5/ Terminal : False
|Caffeic_acid|
18/07/2021 01:29:04 -- INFO -- Adding a child with move QAIPRVGONGVQAS-UHFFFAOYSA-N-rxnAdd153_cpd09252_2_6-0 to node 
Count: 6/ Score : 6.0/ Children: 6/ Terminal : False
|Caffeic_acid|
18/07/2021 01:29:05 -- INFO -- Pathway is found at iteration 6
18/07/2021 01:29:05 -- INFO -- Udapted solved Node 	Move name: QAIPRVGONGVQAS-UHFFFAOYSA-N-rxnAdd156_cpd00881_4_6-0/ Biological score : 4.02/ Chemical score: 1.0
	Count: 1/ Score : 0/ Children: 0/ Terminal : True
	|DZAUWHJDUNRCTF-UHFFFAOYSA-N- solved| for the first time at iteration 6
18/07/2021 01:29:05 -- INFO -- Adding a child with move QAIPRVGONGVQAS-UHFFFAOYSA-N-rxnAdd98_r_1_cpd00604_4_6-0 to node 
Count: 7/ Score : 6.57/ Children: 7/ Terminal : False
|Caffeic_acid|
18/07/2021 01:29:05 -- INFO -- Starting move obtention process with compound XLYOFNOQVPJJNP-UHFFFAOYSA-N ([H]O[H]) at 1626564545.246715
18/07/2021 01:29:05 -- INFO -- 0 available rules
18/07/2021 01:29:05 -- INFO -- For compound XLYOFNOQVPJJNP-UHFFFAOYSA-N, matching moves are []
18/07/2021 01:29:05 -- INFO -- Calculated moves in 0.33987879753112793 for compound XLYOFNOQVPJJNP-UHFFFAOYSA-N - without caching
18/07/2021 01:29:05 -- INFO -- Adding a child with move QAIPRVGONGVQAS-UHFFFAOYSA-N-rxnAdd6_r_3_cpd00604_6_6-0 to node 
Count: 8/ Score : 6.0/ Children: 8/ Terminal : False
|Caffeic_acid|
18/07/2021 01:29:05 -- INFO -- Pathway is found at iteration 8
18/07/2021 01:29:05 -- INFO -- Udapted solved Node 	Move name: QAIPRVGONGVQAS-UHFFFAOYSA-N-rxnAdd150_r_2_cpd00881_6_6-0/ Biological score : 4.02/ Chemical score: 1.0
	Count: 1/ Score : 0/ Children: 0/ Terminal : True
	|CWVRJTMFETXNAD-UHFFFAOYSA-N- solved| for the first time at iteration 8
18/07/2021 01:29:05 -- INFO -- Adding a child with move QAIPRVGONGVQAS-UHFFFAOYSA-N-MNXR134337_MNXM890_8-0 to node 
Count: 9/ Score : 6.44/ Children: 9/ Terminal : False
|Caffeic_acid|
18/07/2021 01:29:05 -- INFO -- Starting move obtention process with compound MYMOFIZGZYHOMD-UHFFFAOYSA-N (O=O) at 1626564545.783021
18/07/2021 01:29:06 -- INFO -- 0 available rules
18/07/2021 01:29:06 -- INFO -- For compound MYMOFIZGZYHOMD-UHFFFAOYSA-N, matching moves are []
18/07/2021 01:29:06 -- INFO -- Calculated moves in 0.3383474349975586 for compound MYMOFIZGZYHOMD-UHFFFAOYSA-N - without caching
18/07/2021 01:29:06 -- INFO -- Pathway is found at iteration 10
18/07/2021 01:29:06 -- INFO -- Udapted solved Node 	Move name: QAIPRVGONGVQAS-UHFFFAOYSA-N-rxnAdd149_r_2_cpd00881_6_6-0/ Biological score : 4.02/ Chemical score: 1.0
	Count: 1/ Score : 0/ Children: 0/ Terminal : True
	|UFCLZKMFXSILNL-UHFFFAOYSA-N- solved| for the first time at iteration 10
18/07/2021 01:29:06 -- INFO -- Pathway is found at iteration 12
18/07/2021 01:29:06 -- INFO -- Udapted solved Node 	Move name: QAIPRVGONGVQAS-UHFFFAOYSA-N-rxnAdd153_cpd09252_2_6-0/ Biological score : 4.02/ Chemical score: 0.9
	Count: 1/ Score : 0/ Children: 0/ Terminal : True
	|XBDQKXXYIPTUBI-UHFFFAOYSA-N- solved|YCIMNLLNPGFGHC-UHFFFAOYSA-N- solved| for the first time at iteration 12
18/07/2021 01:29:06 -- INFO -- Pathway is found at iteration 14
18/07/2021 01:29:06 -- INFO -- Udapted solved Node 	Move name: QAIPRVGONGVQAS-UHFFFAOYSA-N-rxnAdd98_r_1_cpd00604_4_6-0/ Biological score : 4.02/ Chemical score: 0.89
	Count: 1/ Score : 0/ Children: 0/ Terminal : True
	|IQPNAANSBPBGFQ-UHFFFAOYSA-N- solved|XLYOFNOQVPJJNP-UHFFFAOYSA-N| for the first time at iteration 14
18/07/2021 01:29:06 -- INFO -- Pathway is found at iteration 16
18/07/2021 01:29:06 -- INFO -- Udapted solved Node 	Move name: QAIPRVGONGVQAS-UHFFFAOYSA-N-rxnAdd6_r_3_cpd00604_6_6-0/ Biological score : 4.02/ Chemical score: 0.89
	Count: 1/ Score : 0/ Children: 0/ Terminal : True
	|CPESTIBYQUOXSA-UHFFFAOYSA-O- solved| for the first time at iteration 16
18/07/2021 01:29:06 -- INFO -- Pathway is found at iteration 18
18/07/2021 01:29:06 -- INFO -- Udapted solved Node 	Move name: QAIPRVGONGVQAS-UHFFFAOYSA-N-MNXR134337_MNXM890_8-0/ Biological score : 3.96/ Chemical score: 1.0
	Count: 1/ Score : 0/ Children: 0/ Terminal : True
	|MYMOFIZGZYHOMD-UHFFFAOYSA-N|NGSWKAQJJWESNS-UHFFFAOYSA-N- solved| for the first time at iteration 18
18/07/2021 01:29:08 -- INFO -- Performing iteration 100 out of 1000
18/07/2021 01:29:10 -- INFO -- Performing iteration 200 out of 1000
18/07/2021 01:29:12 -- INFO -- Performing iteration 300 out of 1000
18/07/2021 01:29:14 -- INFO -- Performing iteration 400 out of 1000
18/07/2021 01:29:15 -- INFO -- Performing iteration 500 out of 1000
18/07/2021 01:29:17 -- INFO -- Performing iteration 600 out of 1000
18/07/2021 01:29:19 -- INFO -- Performing iteration 700 out of 1000
18/07/2021 01:29:21 -- INFO -- Performing iteration 800 out of 1000
18/07/2021 01:29:23 -- INFO -- Performing iteration 900 out of 1000
18/07/2021 01:29:25 -- INFO -- ---------------End of search informations------------------ 
Tree search finished running at 1h 29min 25s 
Your tree search took 2.2e+01s 
 
Time was spent in selection: 6.0e-02s, expansion: 1.4e+00s, rollout: 0.0e+00s, update: 1.8e-01s 
CONGRATULATIONS, THATS A WIN
18/07/2021 01:29:25 -- INFO -- At the end of this tree search, the cache contains 0
18/07/2021 01:29:25 -- WARNING -- RECAP TIME_EXECUTION=21.33
18/07/2021 01:29:25 -- WARNING -- RECAP STOP_REASON=iteration
18/07/2021 01:29:25 -- WARNING -- RECAP NUMBER_ITERATION=999
18/07/2021 01:29:25 -- INFO -- According to Wikipedia, choosing the pathway with the most visists 
 This could be replaced by the best score
18/07/2021 01:29:26 -- INFO -- Found 10 pathways for Caffeic_acid
18/07/2021 01:29:26 -- INFO -- 10 pathways were found
18/07/2021 01:29:26 -- INFO -- At the end of this tree search, the cache contains 0
