17/07/2021 05:41:02 -- WARNING -- Setting the seed at 1234
17/07/2021 05:41:02 -- INFO -- Stating global parameters from configuration file
17/07/2021 05:41:02 -- INFO -- Using retrosynthesis: False - using biosensor True
17/07/2021 05:41:02 -- INFO -- Full search - no stopping at first result
17/07/2021 05:41:02 -- INFO -- Setting the DB from config file: Installed package: True. Using cache DB: False; Replacing results: False
17/07/2021 05:41:02 -- INFO -- Initialising an empty cache: {}; Using it: False
17/07/2021 05:41:02 -- INFO -- -------------------Scoring configurations -------------------------
17/07/2021 05:41:02 -- INFO -- Using biological cut off at 0.1
17/07/2021 05:41:02 -- INFO -- Using substrate only cut off at 0.6
17/07/2021 05:41:02 -- INFO -- Using chemical score cut off at 0.6
17/07/2021 05:41:02 -- INFO -- -------------------MCTS configurations -------------------------
17/07/2021 05:41:02 -- INFO -- Setting the minimal visit count for a node at 1
17/07/2021 05:41:02 -- INFO -- Using RAVE: False
17/07/2021 05:41:02 -- INFO -- -------------------Chemical configurations -------------------------
17/07/2021 05:41:02 -- INFO -- Using explicit hydrogens : True
17/07/2021 05:41:02 -- INFO -- Using detectable compounds as sink as running in biosensor mode.
17/07/2021 05:41:02 -- WARNING -- Removed compound from the detectable set to force enzymatic detection
17/07/2021 05:41:02 -- INFO -- Main layer was set to True. Sanitising state
17/07/2021 05:41:24 -- INFO -- Main layer was set to True. Sanitising state
17/07/2021 05:41:24 -- INFO -- Starting move obtention process with compound Isorhamnetin_3-O-glucoside ([H]Oc1c([H])c([H])c(-c2oc3c([H])c(O[H])c([H])c(O[H])c3c(=O)c2OC2([H])OC([H])(C([H])([H])O[H])C([H])(O[H])C([H])(O[H])C2([H])O[H])c([H])c1OC([H])([H])[H]) at 1626493284.9743037
17/07/2021 05:41:25 -- INFO -- 932 available rules
17/07/2021 05:41:29 -- INFO -- For compound Isorhamnetin_3-O-glucoside, matching moves are [CQLRUIIRRZYHHS-UHFFFAOYSA-N-rxnAdd66_cpd31618_6_6-0, CQLRUIIRRZYHHS-UHFFFAOYSA-N-MNXR118453_MNXM114298_8-0, CQLRUIIRRZYHHS-UHFFFAOYSA-N-MNXR118452_MNXM114298_14-0, CQLRUIIRRZYHHS-UHFFFAOYSA-N-MNXR118451_MNXM114298_8-0, CQLRUIIRRZYHHS-UHFFFAOYSA-N-MNXR118450_MNXM114298_8-0, CQLRUIIRRZYHHS-UHFFFAOYSA-N-MNXR118459_MNXM2424_8-0, CQLRUIIRRZYHHS-UHFFFAOYSA-N-MNXR118458_MNXM2424_8-0, CQLRUIIRRZYHHS-UHFFFAOYSA-N-MNXR118457_MNXM2424_8-0, CQLRUIIRRZYHHS-UHFFFAOYSA-N-MNXR118456_MNXM2424_8-0, CQLRUIIRRZYHHS-UHFFFAOYSA-N-MNXR118427_MNXM114521_6-0]
17/07/2021 05:41:29 -- INFO -- Calculated moves in 4.5446155071258545 for compound CQLRUIIRRZYHHS-UHFFFAOYSA-N - without caching
17/07/2021 05:41:29 -- INFO -- ---------------Beginning of search informations------------------ 
UCT policy is : Biochemical_UCT_1 
Rollout policy is : Rollout_policy_random_uniform_on_biochemical_multiplication_score 
Rewarding policy is : Penalty is -1 and full state reward is 2 
Maximum number of iterations 1000 
Tree search started running at 5h 41min 29s 
Your tree search is currently running ... 
 

17/07/2021 05:41:29 -- INFO -- Performing iteration 0 out of 1000
17/07/2021 05:41:29 -- INFO -- Adding a child with move CQLRUIIRRZYHHS-UHFFFAOYSA-N-rxnAdd66_cpd31618_6_6-0 to node 
Count: 0/ Score : 0/ Children: 0/ Terminal : False
|Isorhamnetin_3-O-glucoside|
17/07/2021 05:41:29 -- INFO -- Pathway is found at iteration 0
17/07/2021 05:41:29 -- INFO -- Udapted solved Node 	Move name: CQLRUIIRRZYHHS-UHFFFAOYSA-N-rxnAdd66_cpd31618_6_6-0/ Biological score : 4.02/ Chemical score: 1.0
	Count: 1/ Score : 0/ Children: 0/ Terminal : True
	|IZQSVPBOUDKVDZ-UHFFFAOYSA-N- solved|WQZGKKKJIJFFOK-UHFFFAOYSA-N- solved| for the first time at iteration 0
17/07/2021 05:41:29 -- INFO -- Udapted solved Node Count: 1/ Score : 0/ Children: 1/ Terminal : False
|Isorhamnetin_3-O-glucoside| for the first time at iteration 0
17/07/2021 05:41:29 -- INFO -- Adding a child with move CQLRUIIRRZYHHS-UHFFFAOYSA-N-MNXR118453_MNXM114298_8-0 to node 
Count: 1/ Score : 10.0/ Children: 1/ Terminal : False
|Isorhamnetin_3-O-glucoside|
17/07/2021 05:41:29 -- INFO -- Starting move obtention process with compound ZMFSDFSWZVXOBB-UHFFFAOYSA-N ([H]Oc1c([H])c([H])c(C([H])=C([H])C(=O)OC([H])([H])C2([H])OC([H])(Oc3c(-c4c([H])c([H])c(O[H])c(OC([H])([H])[H])c4[H])oc4c([H])c(O[H])c([H])c(O[H])c4c3=O)C([H])(O[H])C([H])(O[H])C2([H])O[H])c([H])c1OC([H])([H])[H]) at 1626493289.7756252
17/07/2021 05:41:30 -- INFO -- 584 available rules
17/07/2021 05:41:37 -- INFO -- For compound ZMFSDFSWZVXOBB-UHFFFAOYSA-N, matching moves are [ZMFSDFSWZVXOBB-UHFFFAOYSA-N-rxnAdd66_cpd31618_6_6-0, ZMFSDFSWZVXOBB-UHFFFAOYSA-N-MNXR118461_MNXM80233_8-0, ZMFSDFSWZVXOBB-UHFFFAOYSA-N-MNXR118453_MNXM114519_8-0, ZMFSDFSWZVXOBB-UHFFFAOYSA-N-MNXR118461_MNXM80233_6-0, ZMFSDFSWZVXOBB-UHFFFAOYSA-N-MNXR118457_MNXM2424_8-0, ZMFSDFSWZVXOBB-UHFFFAOYSA-N-MNXR118456_MNXM2424_8-0, ZMFSDFSWZVXOBB-UHFFFAOYSA-N-MNXR118394_MNXM52966_6-0, ZMFSDFSWZVXOBB-UHFFFAOYSA-N-MNXR134749_MNXM162965_6-0, ZMFSDFSWZVXOBB-UHFFFAOYSA-N-MNXR122207_MNXM2424_6-0, ZMFSDFSWZVXOBB-UHFFFAOYSA-N-MNXR123813_MNXM2424_6-0]
17/07/2021 05:41:37 -- INFO -- Calculated moves in 7.9101243019104 for compound ZMFSDFSWZVXOBB-UHFFFAOYSA-N - without caching
17/07/2021 05:41:37 -- INFO -- Adding a child with move CQLRUIIRRZYHHS-UHFFFAOYSA-N-MNXR118452_MNXM114298_14-0 to node 
Count: 2/ Score : 6.0/ Children: 2/ Terminal : False
|Isorhamnetin_3-O-glucoside|
17/07/2021 05:41:37 -- INFO -- Starting move obtention process with compound TVMGLJJYKIHJNJ-UHFFFAOYSA-N ([H]Oc1c([H])c([H])c(C([H])=C([H])C(=O)OC([H])([H])C2([H])OC([H])(Oc3c(-c4c([H])c([H])c(O[H])c(OC([H])([H])[H])c4[H])oc4c([H])c(O[H])c([H])c(O[H])c4c3=O)C([H])(O[H])C([H])(O[H])C2([H])O[H])c([H])c1[H]) at 1626493297.7986913
17/07/2021 05:41:38 -- INFO -- 608 available rules
17/07/2021 05:41:45 -- INFO -- For compound TVMGLJJYKIHJNJ-UHFFFAOYSA-N, matching moves are [TVMGLJJYKIHJNJ-UHFFFAOYSA-N-rxnAdd66_cpd31618_6_6-0, TVMGLJJYKIHJNJ-UHFFFAOYSA-N-MNXR118454_MNXM114520_8-0, TVMGLJJYKIHJNJ-UHFFFAOYSA-N-MNXR118452_MNXM114520_14-0, TVMGLJJYKIHJNJ-UHFFFAOYSA-N-MNXR118454_MNXM114520_6-0, TVMGLJJYKIHJNJ-UHFFFAOYSA-N-MNXR118457_MNXM2424_8-0, TVMGLJJYKIHJNJ-UHFFFAOYSA-N-MNXR118456_MNXM2424_8-0, TVMGLJJYKIHJNJ-UHFFFAOYSA-N-MNXR118394_MNXM52966_6-0, TVMGLJJYKIHJNJ-UHFFFAOYSA-N-MNXR134749_MNXM162965_6-0, TVMGLJJYKIHJNJ-UHFFFAOYSA-N-MNXR122207_MNXM2424_6-0, TVMGLJJYKIHJNJ-UHFFFAOYSA-N-MNXR123813_MNXM2424_6-0, TVMGLJJYKIHJNJ-UHFFFAOYSA-N-MNXR123813_MNXM2424_6-1]
17/07/2021 05:41:45 -- INFO -- Calculated moves in 7.722149610519409 for compound TVMGLJJYKIHJNJ-UHFFFAOYSA-N - without caching
17/07/2021 05:41:45 -- INFO -- Pathway is found at iteration 2
17/07/2021 05:41:45 -- INFO -- Udapted solved Node 	Move name: CQLRUIIRRZYHHS-UHFFFAOYSA-N-MNXR118453_MNXM114298_8-0/ Biological score : 2.26/ Chemical score: 1.0
	Count: 1/ Score : 0/ Children: 0/ Terminal : True
	|RGJOEKWQDUBAIZ-UHFFFAOYSA-N- solved|ZMFSDFSWZVXOBB-UHFFFAOYSA-N| for the first time at iteration 2
17/07/2021 05:41:45 -- INFO -- Adding a child with move CQLRUIIRRZYHHS-UHFFFAOYSA-N-MNXR118451_MNXM114298_8-0 to node 
Count: 3/ Score : 7.33/ Children: 3/ Terminal : False
|Isorhamnetin_3-O-glucoside|
17/07/2021 05:41:45 -- INFO -- Starting move obtention process with compound CNKAKUZLQGNVQK-UHFFFAOYSA-N ([H]Oc1c([H])c([H])c(C([H])=C([H])C(=O)OC2([H])C([H])(O[H])C([H])(Oc3c(-c4c([H])c([H])c(O[H])c(OC([H])([H])[H])c4[H])oc4c([H])c(O[H])c([H])c(O[H])c4c3=O)OC([H])(C([H])([H])O[H])C2([H])O[H])c([H])c1[H]) at 1626493305.6619854
17/07/2021 05:41:45 -- INFO -- 644 available rules
17/07/2021 05:41:51 -- INFO -- For compound CNKAKUZLQGNVQK-UHFFFAOYSA-N, matching moves are [CNKAKUZLQGNVQK-UHFFFAOYSA-N-rxnAdd66_cpd31618_6_6-0, CNKAKUZLQGNVQK-UHFFFAOYSA-N-MNXR118451_MNXM114685_8-0, CNKAKUZLQGNVQK-UHFFFAOYSA-N-MNXR118454_MNXM114520_6-0, CNKAKUZLQGNVQK-UHFFFAOYSA-N-MNXR118453_MNXM114298_8-0, CNKAKUZLQGNVQK-UHFFFAOYSA-N-MNXR118452_MNXM114298_10-0, CNKAKUZLQGNVQK-UHFFFAOYSA-N-MNXR118459_MNXM2424_8-0, CNKAKUZLQGNVQK-UHFFFAOYSA-N-MNXR118458_MNXM2424_8-0, CNKAKUZLQGNVQK-UHFFFAOYSA-N-MNXR118456_MNXM2424_6-0, CNKAKUZLQGNVQK-UHFFFAOYSA-N-MNXR118427_MNXM114521_6-0, CNKAKUZLQGNVQK-UHFFFAOYSA-N-MNXR118394_MNXM52966_6-0]
17/07/2021 05:41:51 -- INFO -- Calculated moves in 5.444566011428833 for compound CNKAKUZLQGNVQK-UHFFFAOYSA-N - without caching
17/07/2021 05:41:51 -- INFO -- Adding a child with move CQLRUIIRRZYHHS-UHFFFAOYSA-N-MNXR118450_MNXM114298_8-0 to node 
Count: 4/ Score : 6.0/ Children: 4/ Terminal : False
|Isorhamnetin_3-O-glucoside|
17/07/2021 05:41:51 -- INFO -- Starting move obtention process with compound LKWIXESNIMZHTI-UHFFFAOYSA-N ([H]Oc1c([H])c([H])c(C([H])=C([H])C(=O)OC2([H])C([H])(C([H])([H])O[H])OC([H])(Oc3c(-c4c([H])c([H])c(O[H])c(OC([H])([H])[H])c4[H])oc4c([H])c(O[H])c([H])c(O[H])c4c3=O)C([H])(O[H])C2([H])O[H])c([H])c1[H]) at 1626493311.238514
17/07/2021 05:41:51 -- INFO -- 644 available rules
17/07/2021 05:41:56 -- INFO -- For compound LKWIXESNIMZHTI-UHFFFAOYSA-N, matching moves are [LKWIXESNIMZHTI-UHFFFAOYSA-N-rxnAdd66_cpd31618_6_6-0, LKWIXESNIMZHTI-UHFFFAOYSA-N-MNXR118450_MNXM114687_8-0, LKWIXESNIMZHTI-UHFFFAOYSA-N-MNXR118454_MNXM114520_6-0, LKWIXESNIMZHTI-UHFFFAOYSA-N-MNXR118453_MNXM114298_8-0, LKWIXESNIMZHTI-UHFFFAOYSA-N-MNXR118459_MNXM2424_8-0, LKWIXESNIMZHTI-UHFFFAOYSA-N-MNXR118458_MNXM2424_8-0, LKWIXESNIMZHTI-UHFFFAOYSA-N-MNXR118457_MNXM2424_6-0, LKWIXESNIMZHTI-UHFFFAOYSA-N-MNXR118427_MNXM114521_6-0, LKWIXESNIMZHTI-UHFFFAOYSA-N-MNXR118394_MNXM52966_6-0, LKWIXESNIMZHTI-UHFFFAOYSA-N-MNXR134749_MNXM162965_6-0]
17/07/2021 05:41:56 -- INFO -- Calculated moves in 4.988499641418457 for compound LKWIXESNIMZHTI-UHFFFAOYSA-N - without caching
17/07/2021 05:41:56 -- INFO -- Pathway is found at iteration 4
17/07/2021 05:41:56 -- INFO -- Udapted solved Node 	Move name: CQLRUIIRRZYHHS-UHFFFAOYSA-N-MNXR118452_MNXM114298_14-0/ Biological score : 2.26/ Chemical score: 1.0
	Count: 1/ Score : 0/ Children: 0/ Terminal : True
	|RGJOEKWQDUBAIZ-UHFFFAOYSA-N- solved|TVMGLJJYKIHJNJ-UHFFFAOYSA-N| for the first time at iteration 4
17/07/2021 05:41:56 -- INFO -- Adding a child with move CQLRUIIRRZYHHS-UHFFFAOYSA-N-MNXR118459_MNXM2424_8-0 to node 
Count: 5/ Score : 6.8/ Children: 5/ Terminal : False
|Isorhamnetin_3-O-glucoside|
17/07/2021 05:41:56 -- INFO -- Starting move obtention process with compound BQZAXRDEVLQTHJ-UHFFFAOYSA-N ([H]Oc1c([H])c([H])c(C([H])=C([H])C(=O)OC([H])([H])C2([H])OC([H])(Oc3c(-c4c([H])c([H])c(O[H])c(OC([H])([H])[H])c4[H])oc4c([H])c(=O)c([H])c(O[H])c-4c3O[H])C([H])(O[H])C([H])(O[H])C2([H])O[H])c([H])c1OC([H])([H])[H]) at 1626493316.422862
17/07/2021 05:41:56 -- INFO -- 130 available rules
17/07/2021 05:42:01 -- INFO -- For compound BQZAXRDEVLQTHJ-UHFFFAOYSA-N, matching moves are [BQZAXRDEVLQTHJ-UHFFFAOYSA-N-MNXR118461_MNXM80233_8-0, BQZAXRDEVLQTHJ-UHFFFAOYSA-N-MNXR118459_MNXM80233_8-0, BQZAXRDEVLQTHJ-UHFFFAOYSA-N-MNXR118453_MNXM114519_8-0, BQZAXRDEVLQTHJ-UHFFFAOYSA-N-MNXR118461_MNXM80233_6-0]
17/07/2021 05:42:01 -- INFO -- Calculated moves in 5.057743787765503 for compound BQZAXRDEVLQTHJ-UHFFFAOYSA-N - without caching
17/07/2021 05:42:01 -- INFO -- Adding a child with move CQLRUIIRRZYHHS-UHFFFAOYSA-N-MNXR118458_MNXM2424_8-0 to node 
Count: 6/ Score : 6.0/ Children: 6/ Terminal : False
|Isorhamnetin_3-O-glucoside|
17/07/2021 05:42:01 -- INFO -- Starting move obtention process with compound FKIWAYDLXISQSA-UHFFFAOYSA-N ([H]Oc1c([H])c([H])c(C([H])=C([H])C(=O)OC([H])([H])C2([H])OC([H])(Oc3c(-c4c([H])c([H])c(O[H])c(OC([H])([H])[H])c4[H])oc4c([H])c(=O)c([H])c(O[H])c-4c3O[H])C([H])(O[H])C([H])(O[H])C2([H])O[H])c([H])c1[H]) at 1626493321.5740716
17/07/2021 05:42:01 -- INFO -- 148 available rules
17/07/2021 05:42:06 -- INFO -- For compound FKIWAYDLXISQSA-UHFFFAOYSA-N, matching moves are [FKIWAYDLXISQSA-UHFFFAOYSA-N-MNXR118454_MNXM114520_8-0, FKIWAYDLXISQSA-UHFFFAOYSA-N-MNXR118452_MNXM114520_16-0, FKIWAYDLXISQSA-UHFFFAOYSA-N-MNXR118454_MNXM114520_6-0, FKIWAYDLXISQSA-UHFFFAOYSA-N-MNXR118459_MNXM80233_8-0]
17/07/2021 05:42:06 -- INFO -- Calculated moves in 5.216917514801025 for compound FKIWAYDLXISQSA-UHFFFAOYSA-N - without caching
17/07/2021 05:42:06 -- INFO -- Pathway is found at iteration 6
17/07/2021 05:42:06 -- INFO -- Udapted solved Node 	Move name: CQLRUIIRRZYHHS-UHFFFAOYSA-N-MNXR118451_MNXM114298_8-0/ Biological score : 2.26/ Chemical score: 1.0
	Count: 1/ Score : 0/ Children: 0/ Terminal : True
	|CNKAKUZLQGNVQK-UHFFFAOYSA-N|RGJOEKWQDUBAIZ-UHFFFAOYSA-N- solved| for the first time at iteration 6
17/07/2021 05:42:06 -- INFO -- Adding a child with move CQLRUIIRRZYHHS-UHFFFAOYSA-N-MNXR118457_MNXM2424_8-0 to node 
Count: 7/ Score : 6.57/ Children: 7/ Terminal : False
|Isorhamnetin_3-O-glucoside|
17/07/2021 05:42:06 -- INFO -- Starting move obtention process with compound NIUSKLVWVDSNFQ-UHFFFAOYSA-N ([H]Oc1c([H])c([H])c(C([H])=C([H])C(=O)OC2([H])C([H])(O[H])C([H])(Oc3c(-c4c([H])c([H])c(O[H])c(OC([H])([H])[H])c4[H])oc4c([H])c(=O)c([H])c(O[H])c-4c3O[H])OC([H])(C([H])([H])O[H])C2([H])O[H])c([H])c1[H]) at 1626493326.9721377
17/07/2021 05:42:07 -- INFO -- 190 available rules
17/07/2021 05:42:11 -- INFO -- For compound NIUSKLVWVDSNFQ-UHFFFAOYSA-N, matching moves are [NIUSKLVWVDSNFQ-UHFFFAOYSA-N-MNXR118451_MNXM114685_8-0, NIUSKLVWVDSNFQ-UHFFFAOYSA-N-MNXR118457_MNXM114722_8-0, NIUSKLVWVDSNFQ-UHFFFAOYSA-N-MNXR118454_MNXM114520_6-0, NIUSKLVWVDSNFQ-UHFFFAOYSA-N-MNXR118453_MNXM114298_8-0, NIUSKLVWVDSNFQ-UHFFFAOYSA-N-MNXR118452_MNXM114298_10-0, NIUSKLVWVDSNFQ-UHFFFAOYSA-N-MNXR118449_MNXM114298_6-0, NIUSKLVWVDSNFQ-UHFFFAOYSA-N-MNXR119429_MNXM13920_6-0]
17/07/2021 05:42:11 -- INFO -- Calculated moves in 4.125549077987671 for compound NIUSKLVWVDSNFQ-UHFFFAOYSA-N - without caching
17/07/2021 05:42:11 -- INFO -- Adding a child with move CQLRUIIRRZYHHS-UHFFFAOYSA-N-MNXR118456_MNXM2424_8-0 to node 
Count: 8/ Score : 6.0/ Children: 8/ Terminal : False
|Isorhamnetin_3-O-glucoside|
17/07/2021 05:42:11 -- INFO -- Starting move obtention process with compound RGJQOSMWNPCNDX-UHFFFAOYSA-N ([H]Oc1c([H])c([H])c(C([H])=C([H])C(=O)OC2([H])C([H])(C([H])([H])O[H])OC([H])(Oc3c(-c4c([H])c([H])c(O[H])c(OC([H])([H])[H])c4[H])oc4c([H])c(=O)c([H])c(O[H])c-4c3O[H])C([H])(O[H])C2([H])O[H])c([H])c1[H]) at 1626493331.1972444
17/07/2021 05:42:11 -- INFO -- 190 available rules
17/07/2021 05:42:14 -- INFO -- For compound RGJQOSMWNPCNDX-UHFFFAOYSA-N, matching moves are [RGJQOSMWNPCNDX-UHFFFAOYSA-N-MNXR118450_MNXM114687_8-0, RGJQOSMWNPCNDX-UHFFFAOYSA-N-MNXR118456_MNXM114723_8-0, RGJQOSMWNPCNDX-UHFFFAOYSA-N-MNXR118454_MNXM114520_6-0, RGJQOSMWNPCNDX-UHFFFAOYSA-N-MNXR118453_MNXM114298_8-0, RGJQOSMWNPCNDX-UHFFFAOYSA-N-MNXR118449_MNXM114298_6-0, RGJQOSMWNPCNDX-UHFFFAOYSA-N-MNXR119429_MNXM13920_6-0]
17/07/2021 05:42:14 -- INFO -- Calculated moves in 3.638582706451416 for compound RGJQOSMWNPCNDX-UHFFFAOYSA-N - without caching
17/07/2021 05:42:14 -- INFO -- Pathway is found at iteration 8
17/07/2021 05:42:14 -- INFO -- Udapted solved Node 	Move name: CQLRUIIRRZYHHS-UHFFFAOYSA-N-MNXR118450_MNXM114298_8-0/ Biological score : 2.26/ Chemical score: 1.0
	Count: 1/ Score : 0/ Children: 0/ Terminal : True
	|LKWIXESNIMZHTI-UHFFFAOYSA-N|RGJOEKWQDUBAIZ-UHFFFAOYSA-N- solved| for the first time at iteration 8
17/07/2021 05:42:14 -- INFO -- Adding a child with move CQLRUIIRRZYHHS-UHFFFAOYSA-N-MNXR118427_MNXM114521_6-0 to node 
Count: 9/ Score : 6.44/ Children: 9/ Terminal : False
|Isorhamnetin_3-O-glucoside|
17/07/2021 05:42:15 -- INFO -- Starting move obtention process with compound UIDGLYUNOUKLBM-UHFFFAOYSA-N ([H]Oc1c([H])c([H])c(-c2oc3c([H])c(O[H])c([H])c(O[H])c3c(=O)c2OC2([H])OC([H])(C([H])([H])OC3([H])OC([H])(C([H])([H])[H])C([H])(O[H])C([H])(O[H])C3([H])O[H])C([H])(O[H])C([H])(O[H])C2([H])O[H])c([H])c1OC([H])([H])[H]) at 1626493335.0050309
17/07/2021 05:42:15 -- INFO -- 657 available rules
17/07/2021 05:42:18 -- INFO -- For compound UIDGLYUNOUKLBM-UHFFFAOYSA-N, matching moves are [UIDGLYUNOUKLBM-UHFFFAOYSA-N-rxnAdd145_cpd03341_6_6-0, UIDGLYUNOUKLBM-UHFFFAOYSA-N-rxnAdd66_cpd31618_6_6-0, UIDGLYUNOUKLBM-UHFFFAOYSA-N-MNXR118451_MNXM114298_8-0, UIDGLYUNOUKLBM-UHFFFAOYSA-N-MNXR118451_MNXM114298_8-1, UIDGLYUNOUKLBM-UHFFFAOYSA-N-MNXR118450_MNXM114298_8-0, UIDGLYUNOUKLBM-UHFFFAOYSA-N-MNXR118451_MNXM114298_6-0, UIDGLYUNOUKLBM-UHFFFAOYSA-N-MNXR118428_MNXM114522_6-0, UIDGLYUNOUKLBM-UHFFFAOYSA-N-MNXR118428_MNXM114522_6-1, UIDGLYUNOUKLBM-UHFFFAOYSA-N-MNXR118427_MNXM114522_6-0, UIDGLYUNOUKLBM-UHFFFAOYSA-N-MNXR118457_MNXM2424_8-0]
17/07/2021 05:42:18 -- INFO -- Calculated moves in 3.319003105163574 for compound UIDGLYUNOUKLBM-UHFFFAOYSA-N - without caching
17/07/2021 05:42:18 -- INFO -- Starting move obtention process with compound XCCTYIAWTASOJW-UHFFFAOYSA-N ([H]Oc1nc(=O)n(C2([H])OC([H])(C([H])([H])OP(=O)(O[H])OP(=O)(O[H])O[H])C([H])(O[H])C2([H])O[H])c([H])c1[H]) at 1626493338.3397899
17/07/2021 05:42:18 -- INFO -- 1334 available rules
17/07/2021 05:42:23 -- INFO -- For compound XCCTYIAWTASOJW-UHFFFAOYSA-N, matching moves are [XCCTYIAWTASOJW-UHFFFAOYSA-N-MNXR106729_MNXM495_6-0, XCCTYIAWTASOJW-UHFFFAOYSA-N-MNXR111799_MNXM5568_16-0, XCCTYIAWTASOJW-UHFFFAOYSA-N-MNXR111798_MNXM5568_16-0, XCCTYIAWTASOJW-UHFFFAOYSA-N-MNXR105328_MNXM495_6-0, XCCTYIAWTASOJW-UHFFFAOYSA-N-MNXR119521_MNXM47_6-0, XCCTYIAWTASOJW-UHFFFAOYSA-N-MNXR134292_MNXM495_6-0, XCCTYIAWTASOJW-UHFFFAOYSA-N-MNXR97039_MNXM288_6-0, XCCTYIAWTASOJW-UHFFFAOYSA-N-MNXR107788_MNXM495_6-0, XCCTYIAWTASOJW-UHFFFAOYSA-N-MNXR105330_MNXM495_6-0, XCCTYIAWTASOJW-UHFFFAOYSA-N-MNXR103374_MNXM495_8-0]
17/07/2021 05:42:23 -- INFO -- Calculated moves in 5.476163387298584 for compound XCCTYIAWTASOJW-UHFFFAOYSA-N - without caching
17/07/2021 05:42:23 -- INFO -- Pathway is found at iteration 10
17/07/2021 05:42:23 -- INFO -- Udapted solved Node 	Move name: CQLRUIIRRZYHHS-UHFFFAOYSA-N-MNXR118459_MNXM2424_8-0/ Biological score : 2.26/ Chemical score: 0.92
	Count: 1/ Score : 0/ Children: 0/ Terminal : True
	|BQZAXRDEVLQTHJ-UHFFFAOYSA-N|RGJOEKWQDUBAIZ-UHFFFAOYSA-N- solved| for the first time at iteration 10
17/07/2021 05:42:23 -- INFO -- Pathway is found at iteration 12
17/07/2021 05:42:24 -- INFO -- Udapted solved Node 	Move name: CQLRUIIRRZYHHS-UHFFFAOYSA-N-MNXR118458_MNXM2424_8-0/ Biological score : 2.26/ Chemical score: 0.92
	Count: 1/ Score : 0/ Children: 0/ Terminal : True
	|FKIWAYDLXISQSA-UHFFFAOYSA-N|RGJOEKWQDUBAIZ-UHFFFAOYSA-N- solved| for the first time at iteration 12
17/07/2021 05:42:24 -- INFO -- Pathway is found at iteration 14
17/07/2021 05:42:24 -- INFO -- Udapted solved Node 	Move name: CQLRUIIRRZYHHS-UHFFFAOYSA-N-MNXR118457_MNXM2424_8-0/ Biological score : 2.26/ Chemical score: 0.92
	Count: 1/ Score : 0/ Children: 0/ Terminal : True
	|NIUSKLVWVDSNFQ-UHFFFAOYSA-N|RGJOEKWQDUBAIZ-UHFFFAOYSA-N- solved| for the first time at iteration 14
17/07/2021 05:42:24 -- INFO -- Pathway is found at iteration 16
17/07/2021 05:42:24 -- INFO -- Udapted solved Node 	Move name: CQLRUIIRRZYHHS-UHFFFAOYSA-N-MNXR118456_MNXM2424_8-0/ Biological score : 2.26/ Chemical score: 0.92
	Count: 1/ Score : 0/ Children: 0/ Terminal : True
	|RGJOEKWQDUBAIZ-UHFFFAOYSA-N- solved|RGJQOSMWNPCNDX-UHFFFAOYSA-N| for the first time at iteration 16
17/07/2021 05:42:24 -- INFO -- Adding a child with move UIDGLYUNOUKLBM-UHFFFAOYSA-N-rxnAdd145_cpd03341_6_6-0 to node 
	Move name: CQLRUIIRRZYHHS-UHFFFAOYSA-N-MNXR118427_MNXM114521_6-0/ Biological score : 1.96/ Chemical score: 0.93
	Count: 0/ Score : 0/ Children: 0/ Terminal : False
	|UIDGLYUNOUKLBM-UHFFFAOYSA-N|XCCTYIAWTASOJW-UHFFFAOYSA-N|
17/07/2021 05:42:24 -- INFO -- Starting move obtention process with compound XCCTYIAWTASOJW-UHFFFAOYSA-N ([H]Oc1nc(=O)n(C2([H])OC([H])(C([H])([H])OP(=O)(O[H])OP(=O)(O[H])O[H])C([H])(O[H])C2([H])O[H])c([H])c1[H]) at 1626493344.3146458
17/07/2021 05:42:24 -- INFO -- 1324 available rules
17/07/2021 05:42:29 -- INFO -- For compound XCCTYIAWTASOJW-UHFFFAOYSA-N, matching moves are [XCCTYIAWTASOJW-UHFFFAOYSA-N-MNXR106729_MNXM495_8-0, XCCTYIAWTASOJW-UHFFFAOYSA-N-MNXR134292_MNXM495_8-0, XCCTYIAWTASOJW-UHFFFAOYSA-N-MNXR111798_MNXM5568_6-0, XCCTYIAWTASOJW-UHFFFAOYSA-N-MNXR111799_MNXM5568_14-0, XCCTYIAWTASOJW-UHFFFAOYSA-N-MNXR107788_MNXM495_8-0, XCCTYIAWTASOJW-UHFFFAOYSA-N-MNXR105330_MNXM495_8-0, XCCTYIAWTASOJW-UHFFFAOYSA-N-MNXR105328_MNXM495_8-0, XCCTYIAWTASOJW-UHFFFAOYSA-N-MNXR97207_MNXM492_6-0, XCCTYIAWTASOJW-UHFFFAOYSA-N-MNXR103374_MNXM495_6-0, XCCTYIAWTASOJW-UHFFFAOYSA-N-MNXR114764_MNXM899_6-0]
17/07/2021 05:42:29 -- INFO -- Calculated moves in 5.215270757675171 for compound XCCTYIAWTASOJW-UHFFFAOYSA-N - without caching
17/07/2021 05:42:29 -- INFO -- Pathway is found at iteration 18
17/07/2021 05:42:29 -- INFO -- Udapted solved Node 		Move name: UIDGLYUNOUKLBM-UHFFFAOYSA-N-rxnAdd145_cpd03341_6_6-0/ Biological score : 4.02/ Chemical score: 0.92
		Count: 1/ Score : 0/ Children: 0/ Terminal : True
		|IZQSVPBOUDKVDZ-UHFFFAOYSA-N- solved|SHZGCJCMOBCMKK-UHFFFAOYSA-N- solved|WQZGKKKJIJFFOK-UHFFFAOYSA-N- solved|XCCTYIAWTASOJW-UHFFFAOYSA-N| for the first time at iteration 18
17/07/2021 05:42:29 -- INFO -- Udapted solved Node 	Move name: CQLRUIIRRZYHHS-UHFFFAOYSA-N-MNXR118427_MNXM114521_6-0/ Biological score : 1.96/ Chemical score: 0.93
	Count: 1/ Score : 0/ Children: 1/ Terminal : False
	|UIDGLYUNOUKLBM-UHFFFAOYSA-N|XCCTYIAWTASOJW-UHFFFAOYSA-N| for the first time at iteration 18
17/07/2021 05:42:29 -- INFO -- Adding a child with move UIDGLYUNOUKLBM-UHFFFAOYSA-N-rxnAdd66_cpd31618_6_6-0 to node 
	Move name: CQLRUIIRRZYHHS-UHFFFAOYSA-N-MNXR118427_MNXM114521_6-0/ Biological score : 1.96/ Chemical score: 0.93
	Count: 1/ Score : 10.0/ Children: 1/ Terminal : False
	|UIDGLYUNOUKLBM-UHFFFAOYSA-N|XCCTYIAWTASOJW-UHFFFAOYSA-N|
17/07/2021 05:42:29 -- INFO -- Starting move obtention process with compound XCCTYIAWTASOJW-UHFFFAOYSA-N ([H]Oc1nc(=O)n(C2([H])OC([H])(C([H])([H])OP(=O)(O[H])OP(=O)(O[H])O[H])C([H])(O[H])C2([H])O[H])c([H])c1[H]) at 1626493349.8010302
17/07/2021 05:42:30 -- INFO -- 1324 available rules
17/07/2021 05:42:34 -- INFO -- For compound XCCTYIAWTASOJW-UHFFFAOYSA-N, matching moves are [XCCTYIAWTASOJW-UHFFFAOYSA-N-MNXR106729_MNXM495_6-0, XCCTYIAWTASOJW-UHFFFAOYSA-N-MNXR111799_MNXM5568_16-0, XCCTYIAWTASOJW-UHFFFAOYSA-N-MNXR111798_MNXM5568_16-0, XCCTYIAWTASOJW-UHFFFAOYSA-N-MNXR105328_MNXM495_6-0, XCCTYIAWTASOJW-UHFFFAOYSA-N-MNXR119521_MNXM47_6-0, XCCTYIAWTASOJW-UHFFFAOYSA-N-MNXR134292_MNXM495_6-0, XCCTYIAWTASOJW-UHFFFAOYSA-N-MNXR97039_MNXM288_6-0, XCCTYIAWTASOJW-UHFFFAOYSA-N-MNXR107788_MNXM495_6-0, XCCTYIAWTASOJW-UHFFFAOYSA-N-MNXR105330_MNXM495_6-0, XCCTYIAWTASOJW-UHFFFAOYSA-N-MNXR103374_MNXM495_8-0]
17/07/2021 05:42:34 -- INFO -- Calculated moves in 5.048137426376343 for compound XCCTYIAWTASOJW-UHFFFAOYSA-N - without caching
17/07/2021 05:42:35 -- INFO -- Adding a child with move XCCTYIAWTASOJW-UHFFFAOYSA-N-MNXR106729_MNXM495_6-0 to node 
	Move name: CQLRUIIRRZYHHS-UHFFFAOYSA-N-MNXR118427_MNXM114521_6-0/ Biological score : 1.96/ Chemical score: 0.93
	Count: 2/ Score : 6.0/ Children: 2/ Terminal : False
	|UIDGLYUNOUKLBM-UHFFFAOYSA-N|XCCTYIAWTASOJW-UHFFFAOYSA-N|
17/07/2021 05:42:35 -- INFO -- Starting move obtention process with compound PGAVKCOVUIYSFO-UHFFFAOYSA-N ([H]Oc1nc(=O)n(C2([H])OC([H])(C([H])([H])OP(=O)(O[H])OP(=O)(O[H])OP(=O)(O[H])O[H])C([H])(O[H])C2([H])O[H])c([H])c1[H]) at 1626493355.2169292
17/07/2021 05:42:35 -- INFO -- 1329 available rules
17/07/2021 05:42:39 -- INFO -- For compound PGAVKCOVUIYSFO-UHFFFAOYSA-N, matching moves are [PGAVKCOVUIYSFO-UHFFFAOYSA-N-MNXR106729_MNXM423_6-0, PGAVKCOVUIYSFO-UHFFFAOYSA-N-MNXR106729_MNXM495_6-0, PGAVKCOVUIYSFO-UHFFFAOYSA-N-MNXR111799_MNXM6129_16-0, PGAVKCOVUIYSFO-UHFFFAOYSA-N-MNXR105328_MNXM423_6-0, PGAVKCOVUIYSFO-UHFFFAOYSA-N-MNXR105328_MNXM495_6-0, PGAVKCOVUIYSFO-UHFFFAOYSA-N-MNXR134292_MNXM423_6-0, PGAVKCOVUIYSFO-UHFFFAOYSA-N-MNXR119521_MNXM47_6-0, PGAVKCOVUIYSFO-UHFFFAOYSA-N-MNXR134292_MNXM495_6-0, PGAVKCOVUIYSFO-UHFFFAOYSA-N-MNXR97039_MNXM288_6-0, PGAVKCOVUIYSFO-UHFFFAOYSA-N-MNXR107788_MNXM423_6-0]
17/07/2021 05:42:39 -- INFO -- Calculated moves in 4.439785480499268 for compound PGAVKCOVUIYSFO-UHFFFAOYSA-N - without caching
17/07/2021 05:42:39 -- INFO -- Starting move obtention process with compound UIDGLYUNOUKLBM-UHFFFAOYSA-N ([H]Oc1c([H])c([H])c(-c2oc3c([H])c(O[H])c([H])c(O[H])c3c(=O)c2OC2([H])OC([H])(C([H])([H])OC3([H])OC([H])(C([H])([H])[H])C([H])(O[H])C([H])(O[H])C3([H])O[H])C([H])(O[H])C([H])(O[H])C2([H])O[H])c([H])c1OC([H])([H])[H]) at 1626493359.6894457
17/07/2021 05:42:40 -- INFO -- 649 available rules
17/07/2021 05:42:42 -- INFO -- For compound UIDGLYUNOUKLBM-UHFFFAOYSA-N, matching moves are [UIDGLYUNOUKLBM-UHFFFAOYSA-N-rxnAdd145_cpd03341_5_8-0, UIDGLYUNOUKLBM-UHFFFAOYSA-N-rxnAdd66_cpd31618_5_8-0, UIDGLYUNOUKLBM-UHFFFAOYSA-N-MNXR118451_MNXM114298_10-0, UIDGLYUNOUKLBM-UHFFFAOYSA-N-MNXR118450_MNXM114298_6-0, UIDGLYUNOUKLBM-UHFFFAOYSA-N-MNXR118450_MNXM114298_6-2, UIDGLYUNOUKLBM-UHFFFAOYSA-N-MNXR118450_MNXM114298_6-3, UIDGLYUNOUKLBM-UHFFFAOYSA-N-MNXR118428_MNXM114522_8-0, UIDGLYUNOUKLBM-UHFFFAOYSA-N-MNXR118428_MNXM114522_8-1, UIDGLYUNOUKLBM-UHFFFAOYSA-N-MNXR118427_MNXM114522_8-0, UIDGLYUNOUKLBM-UHFFFAOYSA-N-MNXR118457_MNXM2424_10-0]
17/07/2021 05:42:42 -- INFO -- Calculated moves in 2.9877047538757324 for compound UIDGLYUNOUKLBM-UHFFFAOYSA-N - without caching
17/07/2021 05:42:42 -- INFO -- Pathway is found at iteration 43
17/07/2021 05:42:42 -- INFO -- Udapted solved Node 		Move name: UIDGLYUNOUKLBM-UHFFFAOYSA-N-rxnAdd66_cpd31618_6_6-0/ Biological score : 4.02/ Chemical score: 0.85
		Count: 1/ Score : 0/ Children: 0/ Terminal : True
		|IZQSVPBOUDKVDZ-UHFFFAOYSA-N- solved|OVVGHDNPYGTYIT-UHFFFAOYSA-N- solved|XCCTYIAWTASOJW-UHFFFAOYSA-N| for the first time at iteration 43
17/07/2021 05:42:42 -- INFO -- Adding a child with move XCCTYIAWTASOJW-UHFFFAOYSA-N-MNXR111799_MNXM5568_16-0 to node 
	Move name: CQLRUIIRRZYHHS-UHFFFAOYSA-N-MNXR118427_MNXM114521_6-0/ Biological score : 1.96/ Chemical score: 0.93
	Count: 3/ Score : 7.33/ Children: 3/ Terminal : False
	|UIDGLYUNOUKLBM-UHFFFAOYSA-N|XCCTYIAWTASOJW-UHFFFAOYSA-N|
17/07/2021 05:42:43 -- INFO -- Starting move obtention process with compound PGAVKCOVUIYSFO-UHFFFAOYSA-N ([H]Oc1nc(=O)n(C2([H])OC([H])(C([H])([H])OP(=O)(O[H])OP(=O)(O[H])OP(=O)(O[H])O[H])C([H])(O[H])C2([H])O[H])c([H])c1[H]) at 1626493363.043155
17/07/2021 05:42:43 -- INFO -- 1329 available rules
17/07/2021 05:42:47 -- INFO -- For compound PGAVKCOVUIYSFO-UHFFFAOYSA-N, matching moves are [PGAVKCOVUIYSFO-UHFFFAOYSA-N-MNXR106729_MNXM423_6-0, PGAVKCOVUIYSFO-UHFFFAOYSA-N-MNXR106729_MNXM495_6-0, PGAVKCOVUIYSFO-UHFFFAOYSA-N-MNXR111799_MNXM6129_16-0, PGAVKCOVUIYSFO-UHFFFAOYSA-N-MNXR105328_MNXM423_6-0, PGAVKCOVUIYSFO-UHFFFAOYSA-N-MNXR105328_MNXM495_6-0, PGAVKCOVUIYSFO-UHFFFAOYSA-N-MNXR134292_MNXM423_6-0, PGAVKCOVUIYSFO-UHFFFAOYSA-N-MNXR119521_MNXM47_6-0, PGAVKCOVUIYSFO-UHFFFAOYSA-N-MNXR134292_MNXM495_6-0, PGAVKCOVUIYSFO-UHFFFAOYSA-N-MNXR97039_MNXM288_6-0, PGAVKCOVUIYSFO-UHFFFAOYSA-N-MNXR107788_MNXM423_6-0]
17/07/2021 05:42:47 -- INFO -- Calculated moves in 4.584027528762817 for compound PGAVKCOVUIYSFO-UHFFFAOYSA-N - without caching
17/07/2021 05:42:47 -- INFO -- Starting move obtention process with compound UIDGLYUNOUKLBM-UHFFFAOYSA-N ([H]Oc1c([H])c([H])c(-c2oc3c([H])c(O[H])c([H])c(O[H])c3c(=O)c2OC2([H])OC([H])(C([H])([H])OC3([H])OC([H])(C([H])([H])[H])C([H])(O[H])C([H])(O[H])C3([H])O[H])C([H])(O[H])C([H])(O[H])C2([H])O[H])c([H])c1OC([H])([H])[H]) at 1626493367.653378
17/07/2021 05:42:48 -- INFO -- 650 available rules
17/07/2021 05:42:50 -- INFO -- For compound UIDGLYUNOUKLBM-UHFFFAOYSA-N, matching moves are [UIDGLYUNOUKLBM-UHFFFAOYSA-N-rxnAdd145_cpd03341_6_6-0, UIDGLYUNOUKLBM-UHFFFAOYSA-N-rxnAdd66_cpd31618_6_6-0, UIDGLYUNOUKLBM-UHFFFAOYSA-N-MNXR118451_MNXM114298_8-0, UIDGLYUNOUKLBM-UHFFFAOYSA-N-MNXR118451_MNXM114298_8-1, UIDGLYUNOUKLBM-UHFFFAOYSA-N-MNXR118450_MNXM114298_8-0, UIDGLYUNOUKLBM-UHFFFAOYSA-N-MNXR118451_MNXM114298_6-0, UIDGLYUNOUKLBM-UHFFFAOYSA-N-MNXR118428_MNXM114522_6-0, UIDGLYUNOUKLBM-UHFFFAOYSA-N-MNXR118428_MNXM114522_6-1, UIDGLYUNOUKLBM-UHFFFAOYSA-N-MNXR118427_MNXM114522_6-0, UIDGLYUNOUKLBM-UHFFFAOYSA-N-MNXR118457_MNXM2424_8-0]
17/07/2021 05:42:50 -- INFO -- Calculated moves in 2.8000967502593994 for compound UIDGLYUNOUKLBM-UHFFFAOYSA-N - without caching
17/07/2021 05:42:50 -- INFO -- Starting move obtention process with compound XTWYTFMLZFPYCI-UHFFFAOYSA-N ([H]OC1([H])C([H])(n2c([H])nc3c(N([H])[H])nc([H])nc32)OC([H])(C([H])([H])OP(=O)(O[H])OP(=O)(O[H])O[H])C1([H])O[H]) at 1626493370.472647
17/07/2021 05:42:50 -- INFO -- 544 available rules
17/07/2021 05:42:51 -- INFO -- Self generating rule for compound XTWYTFMLZFPYCI-UHFFFAOYSA-N and rule MNXR111799_MNXM5568_16, set 0. Move is discarded in MainProcess
17/07/2021 05:42:51 -- INFO -- Self generating rule for compound XTWYTFMLZFPYCI-UHFFFAOYSA-N and rule MNXR111799_MNXM5568_14, set 0. Move is discarded in MainProcess
17/07/2021 05:42:53 -- INFO -- For compound XTWYTFMLZFPYCI-UHFFFAOYSA-N, matching moves are [XTWYTFMLZFPYCI-UHFFFAOYSA-N-MNXR106729_MNXM495_6-0, XTWYTFMLZFPYCI-UHFFFAOYSA-N-MNXR111798_MNXM5568_16-0, XTWYTFMLZFPYCI-UHFFFAOYSA-N-MNXR105328_MNXM495_6-0, XTWYTFMLZFPYCI-UHFFFAOYSA-N-MNXR134292_MNXM495_6-0, XTWYTFMLZFPYCI-UHFFFAOYSA-N-MNXR125040_MNXM1906_8-0, XTWYTFMLZFPYCI-UHFFFAOYSA-N-MNXR107788_MNXM495_6-0, XTWYTFMLZFPYCI-UHFFFAOYSA-N-MNXR105330_MNXM495_6-0, XTWYTFMLZFPYCI-UHFFFAOYSA-N-MNXR101883_MNXM8_8-0, XTWYTFMLZFPYCI-UHFFFAOYSA-N-MNXR95432_MNXM212_8-0, XTWYTFMLZFPYCI-UHFFFAOYSA-N-MNXR103374_MNXM495_8-0]
17/07/2021 05:42:53 -- INFO -- Calculated moves in 2.619978904724121 for compound XTWYTFMLZFPYCI-UHFFFAOYSA-N - without caching
17/07/2021 05:42:53 -- INFO -- Adding a child with move XCCTYIAWTASOJW-UHFFFAOYSA-N-MNXR111798_MNXM5568_16-0 to node 
	Move name: CQLRUIIRRZYHHS-UHFFFAOYSA-N-MNXR118427_MNXM114521_6-0/ Biological score : 1.96/ Chemical score: 0.93
	Count: 4/ Score : 6.0/ Children: 4/ Terminal : False
	|UIDGLYUNOUKLBM-UHFFFAOYSA-N|XCCTYIAWTASOJW-UHFFFAOYSA-N|
17/07/2021 05:42:53 -- INFO -- Starting move obtention process with compound DJJCXFVJDGTHFX-UHFFFAOYSA-N ([H]Oc1nc(=O)n(C2([H])OC([H])(C([H])([H])OP(=O)(O[H])O[H])C([H])(O[H])C2([H])O[H])c([H])c1[H]) at 1626493373.500231
17/07/2021 05:42:53 -- INFO -- 1226 available rules
17/07/2021 05:43:01 -- INFO -- For compound DJJCXFVJDGTHFX-UHFFFAOYSA-N, matching moves are [DJJCXFVJDGTHFX-UHFFFAOYSA-N-MNXR97039_MNXM288_6-0, DJJCXFVJDGTHFX-UHFFFAOYSA-N-MNXR119521_MNXM47_6-0, DJJCXFVJDGTHFX-UHFFFAOYSA-N-MNXR111792_MNXM6123_8-0, DJJCXFVJDGTHFX-UHFFFAOYSA-N-MNXR118559_MNXM114601_8-0, DJJCXFVJDGTHFX-UHFFFAOYSA-N-MNXR133927_MNXM38120_8-0, DJJCXFVJDGTHFX-UHFFFAOYSA-N-MNXR94932_MNXM288_6-0, DJJCXFVJDGTHFX-UHFFFAOYSA-N-MNXR107736_MNXM298_6-0, DJJCXFVJDGTHFX-UHFFFAOYSA-N-MNXR105161_MNXM288_8-0]
17/07/2021 05:43:01 -- INFO -- Calculated moves in 8.387933731079102 for compound DJJCXFVJDGTHFX-UHFFFAOYSA-N - without caching
17/07/2021 05:43:01 -- INFO -- Starting move obtention process with compound UIDGLYUNOUKLBM-UHFFFAOYSA-N ([H]Oc1c([H])c([H])c(-c2oc3c([H])c(O[H])c([H])c(O[H])c3c(=O)c2OC2([H])OC([H])(C([H])([H])OC3([H])OC([H])(C([H])([H])[H])C([H])(O[H])C([H])(O[H])C3([H])O[H])C([H])(O[H])C([H])(O[H])C2([H])O[H])c([H])c1OC([H])([H])[H]) at 1626493381.9136884
17/07/2021 05:43:02 -- INFO -- 649 available rules
17/07/2021 05:43:04 -- INFO -- For compound UIDGLYUNOUKLBM-UHFFFAOYSA-N, matching moves are [UIDGLYUNOUKLBM-UHFFFAOYSA-N-rxnAdd145_cpd03341_5_8-0, UIDGLYUNOUKLBM-UHFFFAOYSA-N-rxnAdd66_cpd31618_5_8-0, UIDGLYUNOUKLBM-UHFFFAOYSA-N-MNXR118451_MNXM114298_10-0, UIDGLYUNOUKLBM-UHFFFAOYSA-N-MNXR118450_MNXM114298_6-0, UIDGLYUNOUKLBM-UHFFFAOYSA-N-MNXR118450_MNXM114298_6-2, UIDGLYUNOUKLBM-UHFFFAOYSA-N-MNXR118450_MNXM114298_6-3, UIDGLYUNOUKLBM-UHFFFAOYSA-N-MNXR118428_MNXM114522_8-0, UIDGLYUNOUKLBM-UHFFFAOYSA-N-MNXR118428_MNXM114522_8-1, UIDGLYUNOUKLBM-UHFFFAOYSA-N-MNXR118427_MNXM114522_8-0, UIDGLYUNOUKLBM-UHFFFAOYSA-N-MNXR118457_MNXM2424_10-0]
17/07/2021 05:43:04 -- INFO -- Calculated moves in 2.894115924835205 for compound UIDGLYUNOUKLBM-UHFFFAOYSA-N - without caching
17/07/2021 05:43:04 -- INFO -- Starting move obtention process with compound ZKHQWZAMYRWXGA-UHFFFAOYSA-N ([H]OC1([H])C([H])(n2c([H])nc3c(N([H])[H])nc([H])nc32)OC([H])(C([H])([H])OP(=O)(O[H])OP(=O)(O[H])OP(=O)(O[H])O[H])C1([H])O[H]) at 1626493384.824042
17/07/2021 05:43:05 -- INFO -- 526 available rules
17/07/2021 05:43:05 -- INFO -- Self generating rule for compound ZKHQWZAMYRWXGA-UHFFFAOYSA-N and rule MNXR111799_MNXM6129_16, set 0. Move is discarded in MainProcess
17/07/2021 05:43:05 -- INFO -- Self generating rule for compound ZKHQWZAMYRWXGA-UHFFFAOYSA-N and rule MNXR111799_MNXM6129_14, set 0. Move is discarded in MainProcess
17/07/2021 05:43:06 -- INFO -- For compound ZKHQWZAMYRWXGA-UHFFFAOYSA-N, matching moves are [ZKHQWZAMYRWXGA-UHFFFAOYSA-N-MNXR106729_MNXM423_6-0, ZKHQWZAMYRWXGA-UHFFFAOYSA-N-MNXR106729_MNXM495_6-0, ZKHQWZAMYRWXGA-UHFFFAOYSA-N-MNXR105328_MNXM423_6-0, ZKHQWZAMYRWXGA-UHFFFAOYSA-N-MNXR105328_MNXM495_6-0, ZKHQWZAMYRWXGA-UHFFFAOYSA-N-MNXR125040_MNXM1906_8-0, ZKHQWZAMYRWXGA-UHFFFAOYSA-N-MNXR134292_MNXM423_6-0, ZKHQWZAMYRWXGA-UHFFFAOYSA-N-MNXR134292_MNXM495_6-0, ZKHQWZAMYRWXGA-UHFFFAOYSA-N-MNXR107788_MNXM423_6-0, ZKHQWZAMYRWXGA-UHFFFAOYSA-N-MNXR105330_MNXM423_6-0, ZKHQWZAMYRWXGA-UHFFFAOYSA-N-MNXR107788_MNXM495_6-0]
17/07/2021 05:43:06 -- INFO -- Calculated moves in 1.7308220863342285 for compound ZKHQWZAMYRWXGA-UHFFFAOYSA-N - without caching
17/07/2021 05:43:06 -- INFO -- Pathway is found at iteration 78
17/07/2021 05:43:06 -- INFO -- Udapted solved Node 		Move name: XCCTYIAWTASOJW-UHFFFAOYSA-N-MNXR106729_MNXM495_6-0/ Biological score : 4.02/ Chemical score: 0.68
		Count: 1/ Score : 0/ Children: 0/ Terminal : True
		|PGAVKCOVUIYSFO-UHFFFAOYSA-N|RFSUNEUAIZKAJO-UHFFFAOYSA-N- solved|UIDGLYUNOUKLBM-UHFFFAOYSA-N| for the first time at iteration 78
17/07/2021 05:43:06 -- INFO -- Adding a child with move XCCTYIAWTASOJW-UHFFFAOYSA-N-MNXR105328_MNXM495_6-0 to node 
	Move name: CQLRUIIRRZYHHS-UHFFFAOYSA-N-MNXR118427_MNXM114521_6-0/ Biological score : 1.96/ Chemical score: 0.93
	Count: 5/ Score : 6.8/ Children: 5/ Terminal : False
	|UIDGLYUNOUKLBM-UHFFFAOYSA-N|XCCTYIAWTASOJW-UHFFFAOYSA-N|
17/07/2021 05:43:06 -- INFO -- Starting move obtention process with compound PGAVKCOVUIYSFO-UHFFFAOYSA-N ([H]Oc1nc(=O)n(C2([H])OC([H])(C([H])([H])OP(=O)(O[H])OP(=O)(O[H])OP(=O)(O[H])O[H])C([H])(O[H])C2([H])O[H])c([H])c1[H]) at 1626493386.9251323
17/07/2021 05:43:07 -- INFO -- 1329 available rules
17/07/2021 05:43:11 -- INFO -- For compound PGAVKCOVUIYSFO-UHFFFAOYSA-N, matching moves are [PGAVKCOVUIYSFO-UHFFFAOYSA-N-MNXR106729_MNXM423_6-0, PGAVKCOVUIYSFO-UHFFFAOYSA-N-MNXR106729_MNXM495_6-0, PGAVKCOVUIYSFO-UHFFFAOYSA-N-MNXR111799_MNXM6129_16-0, PGAVKCOVUIYSFO-UHFFFAOYSA-N-MNXR105328_MNXM423_6-0, PGAVKCOVUIYSFO-UHFFFAOYSA-N-MNXR105328_MNXM495_6-0, PGAVKCOVUIYSFO-UHFFFAOYSA-N-MNXR134292_MNXM423_6-0, PGAVKCOVUIYSFO-UHFFFAOYSA-N-MNXR119521_MNXM47_6-0, PGAVKCOVUIYSFO-UHFFFAOYSA-N-MNXR134292_MNXM495_6-0, PGAVKCOVUIYSFO-UHFFFAOYSA-N-MNXR97039_MNXM288_6-0, PGAVKCOVUIYSFO-UHFFFAOYSA-N-MNXR107788_MNXM423_6-0]
17/07/2021 05:43:11 -- INFO -- Calculated moves in 4.257706165313721 for compound PGAVKCOVUIYSFO-UHFFFAOYSA-N - without caching
17/07/2021 05:43:11 -- INFO -- Starting move obtention process with compound UIDGLYUNOUKLBM-UHFFFAOYSA-N ([H]Oc1c([H])c([H])c(-c2oc3c([H])c(O[H])c([H])c(O[H])c3c(=O)c2OC2([H])OC([H])(C([H])([H])OC3([H])OC([H])(C([H])([H])[H])C([H])(O[H])C([H])(O[H])C3([H])O[H])C([H])(O[H])C([H])(O[H])C2([H])O[H])c([H])c1OC([H])([H])[H]) at 1626493391.2055426
17/07/2021 05:43:11 -- INFO -- 650 available rules
17/07/2021 05:43:13 -- INFO -- For compound UIDGLYUNOUKLBM-UHFFFAOYSA-N, matching moves are [UIDGLYUNOUKLBM-UHFFFAOYSA-N-rxnAdd145_cpd03341_6_6-0, UIDGLYUNOUKLBM-UHFFFAOYSA-N-rxnAdd66_cpd31618_6_6-0, UIDGLYUNOUKLBM-UHFFFAOYSA-N-MNXR118451_MNXM114298_8-0, UIDGLYUNOUKLBM-UHFFFAOYSA-N-MNXR118451_MNXM114298_8-1, UIDGLYUNOUKLBM-UHFFFAOYSA-N-MNXR118450_MNXM114298_8-0, UIDGLYUNOUKLBM-UHFFFAOYSA-N-MNXR118451_MNXM114298_6-0, UIDGLYUNOUKLBM-UHFFFAOYSA-N-MNXR118428_MNXM114522_6-0, UIDGLYUNOUKLBM-UHFFFAOYSA-N-MNXR118428_MNXM114522_6-1, UIDGLYUNOUKLBM-UHFFFAOYSA-N-MNXR118427_MNXM114522_6-0, UIDGLYUNOUKLBM-UHFFFAOYSA-N-MNXR118457_MNXM2424_8-0]
17/07/2021 05:43:13 -- INFO -- Calculated moves in 2.7538678646087646 for compound UIDGLYUNOUKLBM-UHFFFAOYSA-N - without caching
17/07/2021 05:43:14 -- INFO -- Performing iteration 100 out of 1000
17/07/2021 05:43:14 -- INFO -- Adding a child with move XCCTYIAWTASOJW-UHFFFAOYSA-N-MNXR134292_MNXM495_6-0 to node 
	Move name: CQLRUIIRRZYHHS-UHFFFAOYSA-N-MNXR118427_MNXM114521_6-0/ Biological score : 1.96/ Chemical score: 0.93
	Count: 6/ Score : 6.0/ Children: 6/ Terminal : False
	|UIDGLYUNOUKLBM-UHFFFAOYSA-N|XCCTYIAWTASOJW-UHFFFAOYSA-N|
17/07/2021 05:43:14 -- INFO -- Starting move obtention process with compound PGAVKCOVUIYSFO-UHFFFAOYSA-N ([H]Oc1nc(=O)n(C2([H])OC([H])(C([H])([H])OP(=O)(O[H])OP(=O)(O[H])OP(=O)(O[H])O[H])C([H])(O[H])C2([H])O[H])c([H])c1[H]) at 1626493394.3613179
17/07/2021 05:43:14 -- INFO -- 1329 available rules
17/07/2021 05:43:18 -- INFO -- For compound PGAVKCOVUIYSFO-UHFFFAOYSA-N, matching moves are [PGAVKCOVUIYSFO-UHFFFAOYSA-N-MNXR106729_MNXM423_6-0, PGAVKCOVUIYSFO-UHFFFAOYSA-N-MNXR106729_MNXM495_6-0, PGAVKCOVUIYSFO-UHFFFAOYSA-N-MNXR111799_MNXM6129_16-0, PGAVKCOVUIYSFO-UHFFFAOYSA-N-MNXR105328_MNXM423_6-0, PGAVKCOVUIYSFO-UHFFFAOYSA-N-MNXR105328_MNXM495_6-0, PGAVKCOVUIYSFO-UHFFFAOYSA-N-MNXR134292_MNXM423_6-0, PGAVKCOVUIYSFO-UHFFFAOYSA-N-MNXR119521_MNXM47_6-0, PGAVKCOVUIYSFO-UHFFFAOYSA-N-MNXR134292_MNXM495_6-0, PGAVKCOVUIYSFO-UHFFFAOYSA-N-MNXR97039_MNXM288_6-0, PGAVKCOVUIYSFO-UHFFFAOYSA-N-MNXR107788_MNXM423_6-0]
17/07/2021 05:43:18 -- INFO -- Calculated moves in 4.32541823387146 for compound PGAVKCOVUIYSFO-UHFFFAOYSA-N - without caching
17/07/2021 05:43:18 -- INFO -- Starting move obtention process with compound UIDGLYUNOUKLBM-UHFFFAOYSA-N ([H]Oc1c([H])c([H])c(-c2oc3c([H])c(O[H])c([H])c(O[H])c3c(=O)c2OC2([H])OC([H])(C([H])([H])OC3([H])OC([H])(C([H])([H])[H])C([H])(O[H])C([H])(O[H])C3([H])O[H])C([H])(O[H])C([H])(O[H])C2([H])O[H])c([H])c1OC([H])([H])[H]) at 1626493398.7049928
17/07/2021 05:43:19 -- INFO -- 649 available rules
17/07/2021 05:43:21 -- INFO -- For compound UIDGLYUNOUKLBM-UHFFFAOYSA-N, matching moves are [UIDGLYUNOUKLBM-UHFFFAOYSA-N-rxnAdd145_cpd03341_5_8-0, UIDGLYUNOUKLBM-UHFFFAOYSA-N-rxnAdd66_cpd31618_5_8-0, UIDGLYUNOUKLBM-UHFFFAOYSA-N-MNXR118451_MNXM114298_10-0, UIDGLYUNOUKLBM-UHFFFAOYSA-N-MNXR118450_MNXM114298_6-0, UIDGLYUNOUKLBM-UHFFFAOYSA-N-MNXR118450_MNXM114298_6-2, UIDGLYUNOUKLBM-UHFFFAOYSA-N-MNXR118450_MNXM114298_6-3, UIDGLYUNOUKLBM-UHFFFAOYSA-N-MNXR118428_MNXM114522_8-0, UIDGLYUNOUKLBM-UHFFFAOYSA-N-MNXR118428_MNXM114522_8-1, UIDGLYUNOUKLBM-UHFFFAOYSA-N-MNXR118427_MNXM114522_8-0, UIDGLYUNOUKLBM-UHFFFAOYSA-N-MNXR118457_MNXM2424_10-0]
17/07/2021 05:43:21 -- INFO -- Calculated moves in 3.000408411026001 for compound UIDGLYUNOUKLBM-UHFFFAOYSA-N - without caching
17/07/2021 05:43:21 -- INFO -- Starting move obtention process with compound PGAVKCOVUIYSFO-UHFFFAOYSA-N ([H]Oc1nc(=O)n(C2([H])OC([H])(C([H])([H])OP(=O)(O[H])OP(=O)(O[H])OP(=O)(O[H])O[H])C([H])(O[H])C2([H])O[H])c([H])c1[H]) at 1626493401.734513
17/07/2021 05:43:22 -- INFO -- 1319 available rules
17/07/2021 05:43:26 -- INFO -- For compound PGAVKCOVUIYSFO-UHFFFAOYSA-N, matching moves are [PGAVKCOVUIYSFO-UHFFFAOYSA-N-MNXR106729_MNXM423_8-0, PGAVKCOVUIYSFO-UHFFFAOYSA-N-MNXR106729_MNXM495_8-0, PGAVKCOVUIYSFO-UHFFFAOYSA-N-MNXR134292_MNXM423_8-0, PGAVKCOVUIYSFO-UHFFFAOYSA-N-MNXR134292_MNXM495_8-0, PGAVKCOVUIYSFO-UHFFFAOYSA-N-MNXR111799_MNXM6129_14-0, PGAVKCOVUIYSFO-UHFFFAOYSA-N-MNXR105330_MNXM423_6-0, PGAVKCOVUIYSFO-UHFFFAOYSA-N-MNXR118559_MNXM38144_8-0, PGAVKCOVUIYSFO-UHFFFAOYSA-N-MNXR107788_MNXM423_8-0, PGAVKCOVUIYSFO-UHFFFAOYSA-N-MNXR105328_MNXM423_8-0, PGAVKCOVUIYSFO-UHFFFAOYSA-N-MNXR107788_MNXM495_6-0]
17/07/2021 05:43:26 -- INFO -- Calculated moves in 4.546581983566284 for compound PGAVKCOVUIYSFO-UHFFFAOYSA-N - without caching
17/07/2021 05:43:26 -- INFO -- Starting move obtention process with compound UIDGLYUNOUKLBM-UHFFFAOYSA-N ([H]Oc1c([H])c([H])c(-c2oc3c([H])c(O[H])c([H])c(O[H])c3c(=O)c2OC2([H])OC([H])(C([H])([H])OC3([H])OC([H])(C([H])([H])[H])C([H])(O[H])C([H])(O[H])C3([H])O[H])C([H])(O[H])C([H])(O[H])C2([H])O[H])c([H])c1OC([H])([H])[H]) at 1626493406.3009474
17/07/2021 05:43:26 -- INFO -- 650 available rules
17/07/2021 05:43:29 -- INFO -- For compound UIDGLYUNOUKLBM-UHFFFAOYSA-N, matching moves are [UIDGLYUNOUKLBM-UHFFFAOYSA-N-rxnAdd145_cpd03341_6_6-0, UIDGLYUNOUKLBM-UHFFFAOYSA-N-rxnAdd66_cpd31618_6_6-0, UIDGLYUNOUKLBM-UHFFFAOYSA-N-MNXR118451_MNXM114298_8-0, UIDGLYUNOUKLBM-UHFFFAOYSA-N-MNXR118451_MNXM114298_8-1, UIDGLYUNOUKLBM-UHFFFAOYSA-N-MNXR118450_MNXM114298_8-0, UIDGLYUNOUKLBM-UHFFFAOYSA-N-MNXR118451_MNXM114298_6-0, UIDGLYUNOUKLBM-UHFFFAOYSA-N-MNXR118428_MNXM114522_6-0, UIDGLYUNOUKLBM-UHFFFAOYSA-N-MNXR118428_MNXM114522_6-1, UIDGLYUNOUKLBM-UHFFFAOYSA-N-MNXR118427_MNXM114522_6-0, UIDGLYUNOUKLBM-UHFFFAOYSA-N-MNXR118457_MNXM2424_8-0]
17/07/2021 05:43:29 -- INFO -- Calculated moves in 2.7509765625 for compound UIDGLYUNOUKLBM-UHFFFAOYSA-N - without caching
17/07/2021 05:43:29 -- INFO -- Starting move obtention process with compound XTWYTFMLZFPYCI-UHFFFAOYSA-N ([H]OC1([H])C([H])(n2c([H])nc3c(N([H])[H])nc([H])nc32)OC([H])(C([H])([H])OP(=O)(O[H])OP(=O)(O[H])O[H])C1([H])O[H]) at 1626493409.070005
17/07/2021 05:43:29 -- INFO -- 534 available rules
17/07/2021 05:43:29 -- INFO -- Self generating rule for compound XTWYTFMLZFPYCI-UHFFFAOYSA-N and rule MNXR111799_MNXM5568_16, set 0. Move is discarded in MainProcess
17/07/2021 05:43:29 -- INFO -- Self generating rule for compound XTWYTFMLZFPYCI-UHFFFAOYSA-N and rule MNXR111799_MNXM5568_14, set 0. Move is discarded in MainProcess
17/07/2021 05:43:31 -- INFO -- For compound XTWYTFMLZFPYCI-UHFFFAOYSA-N, matching moves are [XTWYTFMLZFPYCI-UHFFFAOYSA-N-MNXR106729_MNXM495_8-0, XTWYTFMLZFPYCI-UHFFFAOYSA-N-MNXR111798_MNXM5568_6-0, XTWYTFMLZFPYCI-UHFFFAOYSA-N-MNXR134292_MNXM495_8-0, XTWYTFMLZFPYCI-UHFFFAOYSA-N-MNXR125040_MNXM1906_6-0, XTWYTFMLZFPYCI-UHFFFAOYSA-N-MNXR107788_MNXM495_8-0, XTWYTFMLZFPYCI-UHFFFAOYSA-N-MNXR105330_MNXM495_8-0, XTWYTFMLZFPYCI-UHFFFAOYSA-N-MNXR105328_MNXM495_8-0, XTWYTFMLZFPYCI-UHFFFAOYSA-N-MNXR101883_MNXM8_6-0, XTWYTFMLZFPYCI-UHFFFAOYSA-N-MNXR95432_MNXM212_6-0, XTWYTFMLZFPYCI-UHFFFAOYSA-N-MNXR103374_MNXM495_6-0]
17/07/2021 05:43:31 -- INFO -- Calculated moves in 2.3484623432159424 for compound XTWYTFMLZFPYCI-UHFFFAOYSA-N - without caching
17/07/2021 05:43:31 -- INFO -- Starting move obtention process with compound JPXZQMKKFWMMGK-UHFFFAOYSA-N ([H]Oc1nc([H])nc2c1nc([H])n2C1([H])OC([H])(C([H])([H])OP(=O)(O[H])OP(=O)(O[H])O[H])C([H])(O[H])C1([H])O[H]) at 1626493411.4583788
17/07/2021 05:43:31 -- INFO -- 293 available rules
17/07/2021 05:43:33 -- INFO -- For compound JPXZQMKKFWMMGK-UHFFFAOYSA-N, matching moves are [JPXZQMKKFWMMGK-UHFFFAOYSA-N-MNXR106729_MNXM495_6-0, JPXZQMKKFWMMGK-UHFFFAOYSA-N-MNXR105328_MNXM495_6-0, JPXZQMKKFWMMGK-UHFFFAOYSA-N-MNXR111799_MNXM5568_16-0, JPXZQMKKFWMMGK-UHFFFAOYSA-N-MNXR111798_MNXM5568_16-0, JPXZQMKKFWMMGK-UHFFFAOYSA-N-MNXR134292_MNXM495_6-0, JPXZQMKKFWMMGK-UHFFFAOYSA-N-MNXR107788_MNXM495_6-0, JPXZQMKKFWMMGK-UHFFFAOYSA-N-MNXR105330_MNXM495_6-0, JPXZQMKKFWMMGK-UHFFFAOYSA-N-MNXR103374_MNXM495_8-0, JPXZQMKKFWMMGK-UHFFFAOYSA-N-MNXR95432_MNXM334_8-0, JPXZQMKKFWMMGK-UHFFFAOYSA-N-MNXR125040_MNXM1906_8-0]
17/07/2021 05:43:33 -- INFO -- Calculated moves in 2.3405568599700928 for compound JPXZQMKKFWMMGK-UHFFFAOYSA-N - without caching
17/07/2021 05:43:33 -- INFO -- Starting move obtention process with compound PGAVKCOVUIYSFO-UHFFFAOYSA-N ([H]Oc1nc(=O)n(C2([H])OC([H])(C([H])([H])OP(=O)(O[H])OP(=O)(O[H])OP(=O)(O[H])O[H])C([H])(O[H])C2([H])O[H])c([H])c1[H]) at 1626493413.8138335
17/07/2021 05:43:34 -- INFO -- 1319 available rules
17/07/2021 05:43:37 -- INFO -- For compound PGAVKCOVUIYSFO-UHFFFAOYSA-N, matching moves are [PGAVKCOVUIYSFO-UHFFFAOYSA-N-MNXR106729_MNXM423_6-0, PGAVKCOVUIYSFO-UHFFFAOYSA-N-MNXR106729_MNXM495_6-0, PGAVKCOVUIYSFO-UHFFFAOYSA-N-MNXR111799_MNXM6129_16-0, PGAVKCOVUIYSFO-UHFFFAOYSA-N-MNXR105328_MNXM423_6-0, PGAVKCOVUIYSFO-UHFFFAOYSA-N-MNXR105328_MNXM495_6-0, PGAVKCOVUIYSFO-UHFFFAOYSA-N-MNXR134292_MNXM423_6-0, PGAVKCOVUIYSFO-UHFFFAOYSA-N-MNXR119521_MNXM47_6-0, PGAVKCOVUIYSFO-UHFFFAOYSA-N-MNXR134292_MNXM495_6-0, PGAVKCOVUIYSFO-UHFFFAOYSA-N-MNXR97039_MNXM288_6-0, PGAVKCOVUIYSFO-UHFFFAOYSA-N-MNXR107788_MNXM423_6-0]
17/07/2021 05:43:37 -- INFO -- Calculated moves in 4.1616857051849365 for compound PGAVKCOVUIYSFO-UHFFFAOYSA-N - without caching
17/07/2021 05:43:38 -- INFO -- Starting move obtention process with compound UIDGLYUNOUKLBM-UHFFFAOYSA-N ([H]Oc1c([H])c([H])c(-c2oc3c([H])c(O[H])c([H])c(O[H])c3c(=O)c2OC2([H])OC([H])(C([H])([H])OC3([H])OC([H])(C([H])([H])[H])C([H])(O[H])C([H])(O[H])C3([H])O[H])C([H])(O[H])C([H])(O[H])C2([H])O[H])c([H])c1OC([H])([H])[H]) at 1626493418.0227277
17/07/2021 05:43:38 -- INFO -- 649 available rules
17/07/2021 05:43:41 -- INFO -- For compound UIDGLYUNOUKLBM-UHFFFAOYSA-N, matching moves are [UIDGLYUNOUKLBM-UHFFFAOYSA-N-rxnAdd145_cpd03341_5_8-0, UIDGLYUNOUKLBM-UHFFFAOYSA-N-rxnAdd66_cpd31618_5_8-0, UIDGLYUNOUKLBM-UHFFFAOYSA-N-MNXR118451_MNXM114298_10-0, UIDGLYUNOUKLBM-UHFFFAOYSA-N-MNXR118450_MNXM114298_6-0, UIDGLYUNOUKLBM-UHFFFAOYSA-N-MNXR118450_MNXM114298_6-2, UIDGLYUNOUKLBM-UHFFFAOYSA-N-MNXR118450_MNXM114298_6-3, UIDGLYUNOUKLBM-UHFFFAOYSA-N-MNXR118428_MNXM114522_8-0, UIDGLYUNOUKLBM-UHFFFAOYSA-N-MNXR118428_MNXM114522_8-1, UIDGLYUNOUKLBM-UHFFFAOYSA-N-MNXR118427_MNXM114522_8-0, UIDGLYUNOUKLBM-UHFFFAOYSA-N-MNXR118457_MNXM2424_10-0]
17/07/2021 05:43:41 -- INFO -- Calculated moves in 3.067565441131592 for compound UIDGLYUNOUKLBM-UHFFFAOYSA-N - without caching
17/07/2021 05:43:41 -- INFO -- Rollout results are 2, True
17/07/2021 05:43:41 -- INFO -- Udapted solved Node 		Move name: XCCTYIAWTASOJW-UHFFFAOYSA-N-MNXR111799_MNXM5568_16-0/ Biological score : 3.11/ Chemical score: 0.61
		Count: 1/ Score : 0/ Children: 0/ Terminal : False
		|PGAVKCOVUIYSFO-UHFFFAOYSA-N|UIDGLYUNOUKLBM-UHFFFAOYSA-N|XTWYTFMLZFPYCI-UHFFFAOYSA-N| for the first time at iteration 110
17/07/2021 05:43:41 -- INFO -- Adding a child with move UIDGLYUNOUKLBM-UHFFFAOYSA-N-MNXR118451_MNXM114298_8-0 to node 
	Move name: CQLRUIIRRZYHHS-UHFFFAOYSA-N-MNXR118427_MNXM114521_6-0/ Biological score : 1.96/ Chemical score: 0.93
	Count: 7/ Score : 5.43/ Children: 7/ Terminal : False
	|UIDGLYUNOUKLBM-UHFFFAOYSA-N|XCCTYIAWTASOJW-UHFFFAOYSA-N|
17/07/2021 05:43:41 -- INFO -- Starting move obtention process with compound DWDVCDWGTVAKDX-UHFFFAOYSA-N ([H]Oc1c([H])c([H])c(C([H])=C([H])C(=O)OC2([H])C([H])(O[H])C([H])(OC([H])([H])C3([H])OC([H])(Oc4c(-c5c([H])c([H])c(O[H])c(OC([H])([H])[H])c5[H])oc5c([H])c(O[H])c([H])c(O[H])c5c4=O)C([H])(O[H])C([H])(O[H])C3([H])O[H])OC([H])(C([H])([H])[H])C2([H])O[H])c([H])c1[H]) at 1626493421.4203384
17/07/2021 05:43:41 -- INFO -- 539 available rules
17/07/2021 05:43:47 -- INFO -- For compound DWDVCDWGTVAKDX-UHFFFAOYSA-N, matching moves are [DWDVCDWGTVAKDX-UHFFFAOYSA-N-rxnAdd66_cpd31618_6_6-0, DWDVCDWGTVAKDX-UHFFFAOYSA-N-MNXR118451_MNXM114685_8-0, DWDVCDWGTVAKDX-UHFFFAOYSA-N-MNXR118454_MNXM114520_8-0, DWDVCDWGTVAKDX-UHFFFAOYSA-N-MNXR118454_MNXM114520_6-0, DWDVCDWGTVAKDX-UHFFFAOYSA-N-MNXR118454_MNXM114520_6-1, DWDVCDWGTVAKDX-UHFFFAOYSA-N-MNXR118428_MNXM114522_6-0, DWDVCDWGTVAKDX-UHFFFAOYSA-N-MNXR118428_MNXM114522_6-1, DWDVCDWGTVAKDX-UHFFFAOYSA-N-MNXR118427_MNXM114522_6-0, DWDVCDWGTVAKDX-UHFFFAOYSA-N-MNXR118457_MNXM2424_8-0, DWDVCDWGTVAKDX-UHFFFAOYSA-N-MNXR118456_MNXM2424_8-0]
17/07/2021 05:43:47 -- INFO -- Calculated moves in 5.656630516052246 for compound DWDVCDWGTVAKDX-UHFFFAOYSA-N - without caching
17/07/2021 05:43:47 -- INFO -- Starting move obtention process with compound XCCTYIAWTASOJW-UHFFFAOYSA-N ([H]Oc1nc(=O)n(C2([H])OC([H])(C([H])([H])OP(=O)(O[H])OP(=O)(O[H])O[H])C([H])(O[H])C2([H])O[H])c([H])c1[H]) at 1626493427.1464314
17/07/2021 05:43:47 -- INFO -- 1324 available rules
17/07/2021 05:43:52 -- INFO -- For compound XCCTYIAWTASOJW-UHFFFAOYSA-N, matching moves are [XCCTYIAWTASOJW-UHFFFAOYSA-N-MNXR106729_MNXM495_8-0, XCCTYIAWTASOJW-UHFFFAOYSA-N-MNXR134292_MNXM495_8-0, XCCTYIAWTASOJW-UHFFFAOYSA-N-MNXR111798_MNXM5568_6-0, XCCTYIAWTASOJW-UHFFFAOYSA-N-MNXR111799_MNXM5568_14-0, XCCTYIAWTASOJW-UHFFFAOYSA-N-MNXR107788_MNXM495_8-0, XCCTYIAWTASOJW-UHFFFAOYSA-N-MNXR105330_MNXM495_8-0, XCCTYIAWTASOJW-UHFFFAOYSA-N-MNXR105328_MNXM495_8-0, XCCTYIAWTASOJW-UHFFFAOYSA-N-MNXR97207_MNXM492_6-0, XCCTYIAWTASOJW-UHFFFAOYSA-N-MNXR103374_MNXM495_6-0, XCCTYIAWTASOJW-UHFFFAOYSA-N-MNXR114764_MNXM899_6-0]
17/07/2021 05:43:52 -- INFO -- Calculated moves in 5.254072427749634 for compound XCCTYIAWTASOJW-UHFFFAOYSA-N - without caching
17/07/2021 05:43:52 -- INFO -- Starting move obtention process with compound PGAVKCOVUIYSFO-UHFFFAOYSA-N ([H]Oc1nc(=O)n(C2([H])OC([H])(C([H])([H])OP(=O)(O[H])OP(=O)(O[H])OP(=O)(O[H])O[H])C([H])(O[H])C2([H])O[H])c([H])c1[H]) at 1626493432.4511926
17/07/2021 05:43:52 -- INFO -- 1319 available rules
17/07/2021 05:43:57 -- INFO -- For compound PGAVKCOVUIYSFO-UHFFFAOYSA-N, matching moves are [PGAVKCOVUIYSFO-UHFFFAOYSA-N-MNXR106729_MNXM423_8-0, PGAVKCOVUIYSFO-UHFFFAOYSA-N-MNXR106729_MNXM495_8-0, PGAVKCOVUIYSFO-UHFFFAOYSA-N-MNXR134292_MNXM423_8-0, PGAVKCOVUIYSFO-UHFFFAOYSA-N-MNXR134292_MNXM495_8-0, PGAVKCOVUIYSFO-UHFFFAOYSA-N-MNXR111799_MNXM6129_14-0, PGAVKCOVUIYSFO-UHFFFAOYSA-N-MNXR105330_MNXM423_6-0, PGAVKCOVUIYSFO-UHFFFAOYSA-N-MNXR118559_MNXM38144_8-0, PGAVKCOVUIYSFO-UHFFFAOYSA-N-MNXR107788_MNXM423_8-0, PGAVKCOVUIYSFO-UHFFFAOYSA-N-MNXR105328_MNXM423_8-0, PGAVKCOVUIYSFO-UHFFFAOYSA-N-MNXR107788_MNXM495_6-0]
17/07/2021 05:43:57 -- INFO -- Calculated moves in 4.712335109710693 for compound PGAVKCOVUIYSFO-UHFFFAOYSA-N - without caching
17/07/2021 05:43:57 -- INFO -- Starting move obtention process with compound UIDGLYUNOUKLBM-UHFFFAOYSA-N ([H]Oc1c([H])c([H])c(-c2oc3c([H])c(O[H])c([H])c(O[H])c3c(=O)c2OC2([H])OC([H])(C([H])([H])OC3([H])OC([H])(C([H])([H])[H])C([H])(O[H])C([H])(O[H])C3([H])O[H])C([H])(O[H])C([H])(O[H])C2([H])O[H])c([H])c1OC([H])([H])[H]) at 1626493437.1935778
17/07/2021 05:43:57 -- INFO -- 650 available rules
17/07/2021 05:44:00 -- INFO -- For compound UIDGLYUNOUKLBM-UHFFFAOYSA-N, matching moves are [UIDGLYUNOUKLBM-UHFFFAOYSA-N-rxnAdd145_cpd03341_6_6-0, UIDGLYUNOUKLBM-UHFFFAOYSA-N-rxnAdd66_cpd31618_6_6-0, UIDGLYUNOUKLBM-UHFFFAOYSA-N-MNXR118451_MNXM114298_8-0, UIDGLYUNOUKLBM-UHFFFAOYSA-N-MNXR118451_MNXM114298_8-1, UIDGLYUNOUKLBM-UHFFFAOYSA-N-MNXR118450_MNXM114298_8-0, UIDGLYUNOUKLBM-UHFFFAOYSA-N-MNXR118451_MNXM114298_6-0, UIDGLYUNOUKLBM-UHFFFAOYSA-N-MNXR118428_MNXM114522_6-0, UIDGLYUNOUKLBM-UHFFFAOYSA-N-MNXR118428_MNXM114522_6-1, UIDGLYUNOUKLBM-UHFFFAOYSA-N-MNXR118427_MNXM114522_6-0, UIDGLYUNOUKLBM-UHFFFAOYSA-N-MNXR118457_MNXM2424_8-0]
17/07/2021 05:44:00 -- INFO -- Calculated moves in 2.884229898452759 for compound UIDGLYUNOUKLBM-UHFFFAOYSA-N - without caching
17/07/2021 05:44:00 -- INFO -- Starting move obtention process with compound XTWYTFMLZFPYCI-UHFFFAOYSA-N ([H]OC1([H])C([H])(n2c([H])nc3c(N([H])[H])nc([H])nc32)OC([H])(C([H])([H])OP(=O)(O[H])OP(=O)(O[H])O[H])C1([H])O[H]) at 1626493440.101418
17/07/2021 05:44:00 -- INFO -- 534 available rules
17/07/2021 05:44:00 -- INFO -- Self generating rule for compound XTWYTFMLZFPYCI-UHFFFAOYSA-N and rule MNXR111799_MNXM5568_16, set 0. Move is discarded in MainProcess
17/07/2021 05:44:01 -- INFO -- Self generating rule for compound XTWYTFMLZFPYCI-UHFFFAOYSA-N and rule MNXR111799_MNXM5568_14, set 0. Move is discarded in MainProcess
17/07/2021 05:44:02 -- INFO -- For compound XTWYTFMLZFPYCI-UHFFFAOYSA-N, matching moves are [XTWYTFMLZFPYCI-UHFFFAOYSA-N-MNXR106729_MNXM495_6-0, XTWYTFMLZFPYCI-UHFFFAOYSA-N-MNXR111798_MNXM5568_16-0, XTWYTFMLZFPYCI-UHFFFAOYSA-N-MNXR105328_MNXM495_6-0, XTWYTFMLZFPYCI-UHFFFAOYSA-N-MNXR134292_MNXM495_6-0, XTWYTFMLZFPYCI-UHFFFAOYSA-N-MNXR125040_MNXM1906_8-0, XTWYTFMLZFPYCI-UHFFFAOYSA-N-MNXR107788_MNXM495_6-0, XTWYTFMLZFPYCI-UHFFFAOYSA-N-MNXR105330_MNXM495_6-0, XTWYTFMLZFPYCI-UHFFFAOYSA-N-MNXR101883_MNXM8_8-0, XTWYTFMLZFPYCI-UHFFFAOYSA-N-MNXR95432_MNXM212_8-0, XTWYTFMLZFPYCI-UHFFFAOYSA-N-MNXR103374_MNXM495_8-0]
17/07/2021 05:44:02 -- INFO -- Calculated moves in 2.5178604125976562 for compound XTWYTFMLZFPYCI-UHFFFAOYSA-N - without caching
17/07/2021 05:44:02 -- INFO -- Starting move obtention process with compound DWDVCDWGTVAKDX-UHFFFAOYSA-N ([H]Oc1c([H])c([H])c(C([H])=C([H])C(=O)OC2([H])C([H])(O[H])C([H])(OC([H])([H])C3([H])OC([H])(Oc4c(-c5c([H])c([H])c(O[H])c(OC([H])([H])[H])c5[H])oc5c([H])c(O[H])c([H])c(O[H])c5c4=O)C([H])(O[H])C([H])(O[H])C3([H])O[H])OC([H])(C([H])([H])[H])C2([H])O[H])c([H])c1[H]) at 1626493442.6581998
17/07/2021 05:44:03 -- INFO -- 539 available rules
17/07/2021 05:44:08 -- INFO -- For compound DWDVCDWGTVAKDX-UHFFFAOYSA-N, matching moves are [DWDVCDWGTVAKDX-UHFFFAOYSA-N-rxnAdd66_cpd31618_6_6-0, DWDVCDWGTVAKDX-UHFFFAOYSA-N-MNXR118451_MNXM114685_8-0, DWDVCDWGTVAKDX-UHFFFAOYSA-N-MNXR118454_MNXM114520_8-0, DWDVCDWGTVAKDX-UHFFFAOYSA-N-MNXR118454_MNXM114520_6-0, DWDVCDWGTVAKDX-UHFFFAOYSA-N-MNXR118454_MNXM114520_6-1, DWDVCDWGTVAKDX-UHFFFAOYSA-N-MNXR118428_MNXM114522_6-0, DWDVCDWGTVAKDX-UHFFFAOYSA-N-MNXR118428_MNXM114522_6-1, DWDVCDWGTVAKDX-UHFFFAOYSA-N-MNXR118427_MNXM114522_6-0, DWDVCDWGTVAKDX-UHFFFAOYSA-N-MNXR118457_MNXM2424_8-0, DWDVCDWGTVAKDX-UHFFFAOYSA-N-MNXR118456_MNXM2424_8-0]
17/07/2021 05:44:08 -- INFO -- Calculated moves in 5.806152820587158 for compound DWDVCDWGTVAKDX-UHFFFAOYSA-N - without caching
17/07/2021 05:44:08 -- INFO -- Starting move obtention process with compound PGAVKCOVUIYSFO-UHFFFAOYSA-N ([H]Oc1nc(=O)n(C2([H])OC([H])(C([H])([H])OP(=O)(O[H])OP(=O)(O[H])OP(=O)(O[H])O[H])C([H])(O[H])C2([H])O[H])c([H])c1[H]) at 1626493448.5051727
17/07/2021 05:44:08 -- INFO -- 1319 available rules
17/07/2021 05:44:12 -- INFO -- For compound PGAVKCOVUIYSFO-UHFFFAOYSA-N, matching moves are [PGAVKCOVUIYSFO-UHFFFAOYSA-N-MNXR106729_MNXM423_6-0, PGAVKCOVUIYSFO-UHFFFAOYSA-N-MNXR106729_MNXM495_6-0, PGAVKCOVUIYSFO-UHFFFAOYSA-N-MNXR111799_MNXM6129_16-0, PGAVKCOVUIYSFO-UHFFFAOYSA-N-MNXR105328_MNXM423_6-0, PGAVKCOVUIYSFO-UHFFFAOYSA-N-MNXR105328_MNXM495_6-0, PGAVKCOVUIYSFO-UHFFFAOYSA-N-MNXR134292_MNXM423_6-0, PGAVKCOVUIYSFO-UHFFFAOYSA-N-MNXR119521_MNXM47_6-0, PGAVKCOVUIYSFO-UHFFFAOYSA-N-MNXR134292_MNXM495_6-0, PGAVKCOVUIYSFO-UHFFFAOYSA-N-MNXR97039_MNXM288_6-0, PGAVKCOVUIYSFO-UHFFFAOYSA-N-MNXR107788_MNXM423_6-0]
17/07/2021 05:44:12 -- INFO -- Calculated moves in 4.288928747177124 for compound PGAVKCOVUIYSFO-UHFFFAOYSA-N - without caching
17/07/2021 05:44:12 -- INFO -- Starting move obtention process with compound XTWYTFMLZFPYCI-UHFFFAOYSA-N ([H]OC1([H])C([H])(n2c([H])nc3c(N([H])[H])nc([H])nc32)OC([H])(C([H])([H])OP(=O)(O[H])OP(=O)(O[H])O[H])C1([H])O[H]) at 1626493452.829186
17/07/2021 05:44:13 -- INFO -- 534 available rules
17/07/2021 05:44:13 -- INFO -- Self generating rule for compound XTWYTFMLZFPYCI-UHFFFAOYSA-N and rule MNXR111799_MNXM5568_16, set 0. Move is discarded in MainProcess
17/07/2021 05:44:13 -- INFO -- Self generating rule for compound XTWYTFMLZFPYCI-UHFFFAOYSA-N and rule MNXR111799_MNXM5568_14, set 0. Move is discarded in MainProcess
17/07/2021 05:44:15 -- INFO -- For compound XTWYTFMLZFPYCI-UHFFFAOYSA-N, matching moves are [XTWYTFMLZFPYCI-UHFFFAOYSA-N-MNXR106729_MNXM495_8-0, XTWYTFMLZFPYCI-UHFFFAOYSA-N-MNXR111798_MNXM5568_6-0, XTWYTFMLZFPYCI-UHFFFAOYSA-N-MNXR134292_MNXM495_8-0, XTWYTFMLZFPYCI-UHFFFAOYSA-N-MNXR125040_MNXM1906_6-0, XTWYTFMLZFPYCI-UHFFFAOYSA-N-MNXR107788_MNXM495_8-0, XTWYTFMLZFPYCI-UHFFFAOYSA-N-MNXR105330_MNXM495_8-0, XTWYTFMLZFPYCI-UHFFFAOYSA-N-MNXR105328_MNXM495_8-0, XTWYTFMLZFPYCI-UHFFFAOYSA-N-MNXR101883_MNXM8_6-0, XTWYTFMLZFPYCI-UHFFFAOYSA-N-MNXR95432_MNXM212_6-0, XTWYTFMLZFPYCI-UHFFFAOYSA-N-MNXR103374_MNXM495_6-0]
17/07/2021 05:44:15 -- INFO -- Calculated moves in 2.4140398502349854 for compound XTWYTFMLZFPYCI-UHFFFAOYSA-N - without caching
17/07/2021 05:44:15 -- INFO -- Rollout results are 2, True
17/07/2021 05:44:15 -- INFO -- Adding a child with move UIDGLYUNOUKLBM-UHFFFAOYSA-N-MNXR118451_MNXM114298_8-1 to node 
	Move name: CQLRUIIRRZYHHS-UHFFFAOYSA-N-MNXR118427_MNXM114521_6-0/ Biological score : 1.96/ Chemical score: 0.93
	Count: 8/ Score : 5.0/ Children: 8/ Terminal : False
	|UIDGLYUNOUKLBM-UHFFFAOYSA-N|XCCTYIAWTASOJW-UHFFFAOYSA-N|
17/07/2021 05:44:15 -- INFO -- Starting move obtention process with compound INBHREGOUHJGBM-UHFFFAOYSA-N ([H]Oc1c([H])c([H])c(C([H])=C([H])C(=O)OC2([H])C([H])(O[H])C([H])(Oc3c(-c4c([H])c([H])c(O[H])c(OC([H])([H])[H])c4[H])oc4c([H])c(O[H])c([H])c(O[H])c4c3=O)OC([H])(C([H])([H])OC3([H])OC([H])(C([H])([H])[H])C([H])(O[H])C([H])(O[H])C3([H])O[H])C2([H])O[H])c([H])c1[H]) at 1626493455.6258945
17/07/2021 05:44:15 -- INFO -- 539 available rules
17/07/2021 05:44:21 -- INFO -- For compound INBHREGOUHJGBM-UHFFFAOYSA-N, matching moves are [INBHREGOUHJGBM-UHFFFAOYSA-N-rxnAdd66_cpd31618_6_6-0, INBHREGOUHJGBM-UHFFFAOYSA-N-MNXR118451_MNXM114685_8-0, INBHREGOUHJGBM-UHFFFAOYSA-N-MNXR118454_MNXM114520_8-0, INBHREGOUHJGBM-UHFFFAOYSA-N-MNXR118454_MNXM114520_6-0, INBHREGOUHJGBM-UHFFFAOYSA-N-MNXR118454_MNXM114520_6-1, INBHREGOUHJGBM-UHFFFAOYSA-N-MNXR118428_MNXM114522_6-0, INBHREGOUHJGBM-UHFFFAOYSA-N-MNXR118428_MNXM114522_6-1, INBHREGOUHJGBM-UHFFFAOYSA-N-MNXR118427_MNXM114522_6-0, INBHREGOUHJGBM-UHFFFAOYSA-N-MNXR118456_MNXM2424_6-0, INBHREGOUHJGBM-UHFFFAOYSA-N-MNXR118395_MNXM52963_6-0]
17/07/2021 05:44:21 -- INFO -- Calculated moves in 6.192510366439819 for compound INBHREGOUHJGBM-UHFFFAOYSA-N - without caching
17/07/2021 05:44:21 -- INFO -- Starting move obtention process with compound XCCTYIAWTASOJW-UHFFFAOYSA-N ([H]Oc1nc(=O)n(C2([H])OC([H])(C([H])([H])OP(=O)(O[H])OP(=O)(O[H])O[H])C([H])(O[H])C2([H])O[H])c([H])c1[H]) at 1626493461.8538303
17/07/2021 05:44:22 -- INFO -- 1324 available rules
17/07/2021 05:44:27 -- INFO -- For compound XCCTYIAWTASOJW-UHFFFAOYSA-N, matching moves are [XCCTYIAWTASOJW-UHFFFAOYSA-N-MNXR106729_MNXM495_6-0, XCCTYIAWTASOJW-UHFFFAOYSA-N-MNXR111799_MNXM5568_16-0, XCCTYIAWTASOJW-UHFFFAOYSA-N-MNXR111798_MNXM5568_16-0, XCCTYIAWTASOJW-UHFFFAOYSA-N-MNXR105328_MNXM495_6-0, XCCTYIAWTASOJW-UHFFFAOYSA-N-MNXR119521_MNXM47_6-0, XCCTYIAWTASOJW-UHFFFAOYSA-N-MNXR134292_MNXM495_6-0, XCCTYIAWTASOJW-UHFFFAOYSA-N-MNXR97039_MNXM288_6-0, XCCTYIAWTASOJW-UHFFFAOYSA-N-MNXR107788_MNXM495_6-0, XCCTYIAWTASOJW-UHFFFAOYSA-N-MNXR105330_MNXM495_6-0, XCCTYIAWTASOJW-UHFFFAOYSA-N-MNXR103374_MNXM495_8-0]
17/07/2021 05:44:27 -- INFO -- Calculated moves in 5.1482861042022705 for compound XCCTYIAWTASOJW-UHFFFAOYSA-N - without caching
17/07/2021 05:44:27 -- INFO -- Starting move obtention process with compound DJJCXFVJDGTHFX-UHFFFAOYSA-N ([H]Oc1nc(=O)n(C2([H])OC([H])(C([H])([H])OP(=O)(O[H])O[H])C([H])(O[H])C2([H])O[H])c([H])c1[H]) at 1626493467.0519059
17/07/2021 05:44:27 -- INFO -- 1218 available rules
17/07/2021 05:44:35 -- INFO -- For compound DJJCXFVJDGTHFX-UHFFFAOYSA-N, matching moves are [DJJCXFVJDGTHFX-UHFFFAOYSA-N-MNXR118559_MNXM114601_6-0, DJJCXFVJDGTHFX-UHFFFAOYSA-N-MNXR97207_MNXM492_6-0, DJJCXFVJDGTHFX-UHFFFAOYSA-N-MNXR111792_MNXM6123_12-0, DJJCXFVJDGTHFX-UHFFFAOYSA-N-MNXR133927_MNXM38120_6-0, DJJCXFVJDGTHFX-UHFFFAOYSA-N-MNXR94932_MNXM288_8-0, DJJCXFVJDGTHFX-UHFFFAOYSA-N-MNXR107736_MNXM298_8-0, DJJCXFVJDGTHFX-UHFFFAOYSA-N-MNXR105161_MNXM288_6-0]
17/07/2021 05:44:35 -- INFO -- Calculated moves in 8.330920457839966 for compound DJJCXFVJDGTHFX-UHFFFAOYSA-N - without caching
17/07/2021 05:44:35 -- INFO -- Starting move obtention process with compound UIDGLYUNOUKLBM-UHFFFAOYSA-N ([H]Oc1c([H])c([H])c(-c2oc3c([H])c(O[H])c([H])c(O[H])c3c(=O)c2OC2([H])OC([H])(C([H])([H])OC3([H])OC([H])(C([H])([H])[H])C([H])(O[H])C([H])(O[H])C3([H])O[H])C([H])(O[H])C([H])(O[H])C2([H])O[H])c([H])c1OC([H])([H])[H]) at 1626493475.4214432
17/07/2021 05:44:35 -- INFO -- 649 available rules
17/07/2021 05:44:38 -- INFO -- For compound UIDGLYUNOUKLBM-UHFFFAOYSA-N, matching moves are [UIDGLYUNOUKLBM-UHFFFAOYSA-N-rxnAdd145_cpd03341_5_8-0, UIDGLYUNOUKLBM-UHFFFAOYSA-N-rxnAdd66_cpd31618_5_8-0, UIDGLYUNOUKLBM-UHFFFAOYSA-N-MNXR118451_MNXM114298_10-0, UIDGLYUNOUKLBM-UHFFFAOYSA-N-MNXR118450_MNXM114298_6-0, UIDGLYUNOUKLBM-UHFFFAOYSA-N-MNXR118450_MNXM114298_6-2, UIDGLYUNOUKLBM-UHFFFAOYSA-N-MNXR118450_MNXM114298_6-3, UIDGLYUNOUKLBM-UHFFFAOYSA-N-MNXR118428_MNXM114522_8-0, UIDGLYUNOUKLBM-UHFFFAOYSA-N-MNXR118428_MNXM114522_8-1, UIDGLYUNOUKLBM-UHFFFAOYSA-N-MNXR118427_MNXM114522_8-0, UIDGLYUNOUKLBM-UHFFFAOYSA-N-MNXR118457_MNXM2424_10-0]
17/07/2021 05:44:38 -- INFO -- Calculated moves in 3.0943195819854736 for compound UIDGLYUNOUKLBM-UHFFFAOYSA-N - without caching
17/07/2021 05:44:38 -- INFO -- Starting move obtention process with compound ZKHQWZAMYRWXGA-UHFFFAOYSA-N ([H]OC1([H])C([H])(n2c([H])nc3c(N([H])[H])nc([H])nc32)OC([H])(C([H])([H])OP(=O)(O[H])OP(=O)(O[H])OP(=O)(O[H])O[H])C1([H])O[H]) at 1626493478.5431333
17/07/2021 05:44:38 -- INFO -- 516 available rules
17/07/2021 05:44:39 -- INFO -- Self generating rule for compound ZKHQWZAMYRWXGA-UHFFFAOYSA-N and rule MNXR111799_MNXM6129_16, set 0. Move is discarded in MainProcess
17/07/2021 05:44:39 -- INFO -- Self generating rule for compound ZKHQWZAMYRWXGA-UHFFFAOYSA-N and rule MNXR111799_MNXM6129_14, set 0. Move is discarded in MainProcess
17/07/2021 05:44:40 -- INFO -- For compound ZKHQWZAMYRWXGA-UHFFFAOYSA-N, matching moves are [ZKHQWZAMYRWXGA-UHFFFAOYSA-N-MNXR106729_MNXM423_8-0, ZKHQWZAMYRWXGA-UHFFFAOYSA-N-MNXR106729_MNXM495_8-0, ZKHQWZAMYRWXGA-UHFFFAOYSA-N-MNXR125040_MNXM1906_6-0, ZKHQWZAMYRWXGA-UHFFFAOYSA-N-MNXR134292_MNXM423_8-0, ZKHQWZAMYRWXGA-UHFFFAOYSA-N-MNXR134292_MNXM495_8-0, ZKHQWZAMYRWXGA-UHFFFAOYSA-N-MNXR107788_MNXM423_8-0, ZKHQWZAMYRWXGA-UHFFFAOYSA-N-MNXR105330_MNXM423_8-0, ZKHQWZAMYRWXGA-UHFFFAOYSA-N-MNXR105328_MNXM423_8-0, ZKHQWZAMYRWXGA-UHFFFAOYSA-N-MNXR105330_MNXM495_6-0, ZKHQWZAMYRWXGA-UHFFFAOYSA-N-MNXR107788_MNXM495_8-0]
17/07/2021 05:44:40 -- INFO -- Calculated moves in 1.5090796947479248 for compound ZKHQWZAMYRWXGA-UHFFFAOYSA-N - without caching
17/07/2021 05:44:40 -- INFO -- Starting move obtention process with compound PGAVKCOVUIYSFO-UHFFFAOYSA-N ([H]Oc1nc(=O)n(C2([H])OC([H])(C([H])([H])OP(=O)(O[H])OP(=O)(O[H])OP(=O)(O[H])O[H])C([H])(O[H])C2([H])O[H])c([H])c1[H]) at 1626493480.0902267
17/07/2021 05:44:40 -- INFO -- 1329 available rules
17/07/2021 05:44:44 -- INFO -- For compound PGAVKCOVUIYSFO-UHFFFAOYSA-N, matching moves are [PGAVKCOVUIYSFO-UHFFFAOYSA-N-MNXR106729_MNXM423_6-0, PGAVKCOVUIYSFO-UHFFFAOYSA-N-MNXR106729_MNXM495_6-0, PGAVKCOVUIYSFO-UHFFFAOYSA-N-MNXR111799_MNXM6129_16-0, PGAVKCOVUIYSFO-UHFFFAOYSA-N-MNXR105328_MNXM423_6-0, PGAVKCOVUIYSFO-UHFFFAOYSA-N-MNXR105328_MNXM495_6-0, PGAVKCOVUIYSFO-UHFFFAOYSA-N-MNXR134292_MNXM423_6-0, PGAVKCOVUIYSFO-UHFFFAOYSA-N-MNXR119521_MNXM47_6-0, PGAVKCOVUIYSFO-UHFFFAOYSA-N-MNXR134292_MNXM495_6-0, PGAVKCOVUIYSFO-UHFFFAOYSA-N-MNXR97039_MNXM288_6-0, PGAVKCOVUIYSFO-UHFFFAOYSA-N-MNXR107788_MNXM423_6-0]
17/07/2021 05:44:44 -- INFO -- Calculated moves in 4.359555959701538 for compound PGAVKCOVUIYSFO-UHFFFAOYSA-N - without caching
17/07/2021 05:44:44 -- INFO -- Starting move obtention process with compound UIDGLYUNOUKLBM-UHFFFAOYSA-N ([H]Oc1c([H])c([H])c(-c2oc3c([H])c(O[H])c([H])c(O[H])c3c(=O)c2OC2([H])OC([H])(C([H])([H])OC3([H])OC([H])(C([H])([H])[H])C([H])(O[H])C([H])(O[H])C3([H])O[H])C([H])(O[H])C([H])(O[H])C2([H])O[H])c([H])c1OC([H])([H])[H]) at 1626493484.5076327
17/07/2021 05:44:44 -- INFO -- 650 available rules
17/07/2021 05:44:47 -- INFO -- For compound UIDGLYUNOUKLBM-UHFFFAOYSA-N, matching moves are [UIDGLYUNOUKLBM-UHFFFAOYSA-N-rxnAdd145_cpd03341_6_6-0, UIDGLYUNOUKLBM-UHFFFAOYSA-N-rxnAdd66_cpd31618_6_6-0, UIDGLYUNOUKLBM-UHFFFAOYSA-N-MNXR118451_MNXM114298_8-0, UIDGLYUNOUKLBM-UHFFFAOYSA-N-MNXR118451_MNXM114298_8-1, UIDGLYUNOUKLBM-UHFFFAOYSA-N-MNXR118450_MNXM114298_8-0, UIDGLYUNOUKLBM-UHFFFAOYSA-N-MNXR118451_MNXM114298_6-0, UIDGLYUNOUKLBM-UHFFFAOYSA-N-MNXR118428_MNXM114522_6-0, UIDGLYUNOUKLBM-UHFFFAOYSA-N-MNXR118428_MNXM114522_6-1, UIDGLYUNOUKLBM-UHFFFAOYSA-N-MNXR118427_MNXM114522_6-0, UIDGLYUNOUKLBM-UHFFFAOYSA-N-MNXR118457_MNXM2424_8-0]
17/07/2021 05:44:47 -- INFO -- Calculated moves in 2.7609238624572754 for compound UIDGLYUNOUKLBM-UHFFFAOYSA-N - without caching
17/07/2021 05:44:47 -- INFO -- Starting move obtention process with compound XLYOFNOQVPJJNP-UHFFFAOYSA-N ([H]O[H]) at 1626493487.284536
17/07/2021 05:44:47 -- INFO -- 0 available rules
17/07/2021 05:44:47 -- INFO -- For compound XLYOFNOQVPJJNP-UHFFFAOYSA-N, matching moves are []
17/07/2021 05:44:47 -- INFO -- Calculated moves in 0.33485865592956543 for compound XLYOFNOQVPJJNP-UHFFFAOYSA-N - without caching
17/07/2021 05:44:47 -- INFO -- Starting move obtention process with compound ZKHQWZAMYRWXGA-UHFFFAOYSA-N ([H]OC1([H])C([H])(n2c([H])nc3c(N([H])[H])nc([H])nc32)OC([H])(C([H])([H])OP(=O)(O[H])OP(=O)(O[H])OP(=O)(O[H])O[H])C1([H])O[H]) at 1626493487.6281848
17/07/2021 05:44:48 -- INFO -- 516 available rules
17/07/2021 05:44:48 -- INFO -- Self generating rule for compound ZKHQWZAMYRWXGA-UHFFFAOYSA-N and rule MNXR111799_MNXM6129_16, set 0. Move is discarded in MainProcess
17/07/2021 05:44:48 -- INFO -- Self generating rule for compound ZKHQWZAMYRWXGA-UHFFFAOYSA-N and rule MNXR111799_MNXM6129_14, set 0. Move is discarded in MainProcess
17/07/2021 05:44:49 -- INFO -- For compound ZKHQWZAMYRWXGA-UHFFFAOYSA-N, matching moves are [ZKHQWZAMYRWXGA-UHFFFAOYSA-N-MNXR106729_MNXM423_6-0, ZKHQWZAMYRWXGA-UHFFFAOYSA-N-MNXR106729_MNXM495_6-0, ZKHQWZAMYRWXGA-UHFFFAOYSA-N-MNXR105328_MNXM423_6-0, ZKHQWZAMYRWXGA-UHFFFAOYSA-N-MNXR105328_MNXM495_6-0, ZKHQWZAMYRWXGA-UHFFFAOYSA-N-MNXR125040_MNXM1906_8-0, ZKHQWZAMYRWXGA-UHFFFAOYSA-N-MNXR134292_MNXM423_6-0, ZKHQWZAMYRWXGA-UHFFFAOYSA-N-MNXR134292_MNXM495_6-0, ZKHQWZAMYRWXGA-UHFFFAOYSA-N-MNXR107788_MNXM423_6-0, ZKHQWZAMYRWXGA-UHFFFAOYSA-N-MNXR105330_MNXM423_6-0, ZKHQWZAMYRWXGA-UHFFFAOYSA-N-MNXR107788_MNXM495_6-0]
17/07/2021 05:44:49 -- INFO -- Calculated moves in 1.398362159729004 for compound ZKHQWZAMYRWXGA-UHFFFAOYSA-N - without caching
17/07/2021 05:44:49 -- INFO -- Starting move obtention process with compound PGAVKCOVUIYSFO-UHFFFAOYSA-N ([H]Oc1nc(=O)n(C2([H])OC([H])(C([H])([H])OP(=O)(O[H])OP(=O)(O[H])OP(=O)(O[H])O[H])C([H])(O[H])C2([H])O[H])c([H])c1[H]) at 1626493489.0719306
17/07/2021 05:44:49 -- INFO -- 1319 available rules
17/07/2021 05:44:53 -- INFO -- For compound PGAVKCOVUIYSFO-UHFFFAOYSA-N, matching moves are [PGAVKCOVUIYSFO-UHFFFAOYSA-N-MNXR106729_MNXM423_8-0, PGAVKCOVUIYSFO-UHFFFAOYSA-N-MNXR106729_MNXM495_8-0, PGAVKCOVUIYSFO-UHFFFAOYSA-N-MNXR134292_MNXM423_8-0, PGAVKCOVUIYSFO-UHFFFAOYSA-N-MNXR134292_MNXM495_8-0, PGAVKCOVUIYSFO-UHFFFAOYSA-N-MNXR111799_MNXM6129_14-0, PGAVKCOVUIYSFO-UHFFFAOYSA-N-MNXR105330_MNXM423_6-0, PGAVKCOVUIYSFO-UHFFFAOYSA-N-MNXR118559_MNXM38144_8-0, PGAVKCOVUIYSFO-UHFFFAOYSA-N-MNXR107788_MNXM423_8-0, PGAVKCOVUIYSFO-UHFFFAOYSA-N-MNXR105328_MNXM423_8-0, PGAVKCOVUIYSFO-UHFFFAOYSA-N-MNXR107788_MNXM495_6-0]
17/07/2021 05:44:53 -- INFO -- Calculated moves in 4.644899368286133 for compound PGAVKCOVUIYSFO-UHFFFAOYSA-N - without caching
17/07/2021 05:44:53 -- INFO -- Starting move obtention process with compound UIDGLYUNOUKLBM-UHFFFAOYSA-N ([H]Oc1c([H])c([H])c(-c2oc3c([H])c(O[H])c([H])c(O[H])c3c(=O)c2OC2([H])OC([H])(C([H])([H])OC3([H])OC([H])(C([H])([H])[H])C([H])(O[H])C([H])(O[H])C3([H])O[H])C([H])(O[H])C([H])(O[H])C2([H])O[H])c([H])c1OC([H])([H])[H]) at 1626493493.7384298
17/07/2021 05:44:54 -- INFO -- 649 available rules
17/07/2021 05:44:56 -- INFO -- For compound UIDGLYUNOUKLBM-UHFFFAOYSA-N, matching moves are [UIDGLYUNOUKLBM-UHFFFAOYSA-N-rxnAdd145_cpd03341_5_8-0, UIDGLYUNOUKLBM-UHFFFAOYSA-N-rxnAdd66_cpd31618_5_8-0, UIDGLYUNOUKLBM-UHFFFAOYSA-N-MNXR118451_MNXM114298_10-0, UIDGLYUNOUKLBM-UHFFFAOYSA-N-MNXR118450_MNXM114298_6-0, UIDGLYUNOUKLBM-UHFFFAOYSA-N-MNXR118450_MNXM114298_6-2, UIDGLYUNOUKLBM-UHFFFAOYSA-N-MNXR118450_MNXM114298_6-3, UIDGLYUNOUKLBM-UHFFFAOYSA-N-MNXR118428_MNXM114522_8-0, UIDGLYUNOUKLBM-UHFFFAOYSA-N-MNXR118428_MNXM114522_8-1, UIDGLYUNOUKLBM-UHFFFAOYSA-N-MNXR118427_MNXM114522_8-0, UIDGLYUNOUKLBM-UHFFFAOYSA-N-MNXR118457_MNXM2424_10-0]
17/07/2021 05:44:56 -- INFO -- Calculated moves in 2.918160915374756 for compound UIDGLYUNOUKLBM-UHFFFAOYSA-N - without caching
17/07/2021 05:44:56 -- INFO -- Starting move obtention process with compound WWMWAMFHUSTZTA-UHFFFAOYSA-N ([H]OC1([H])C([H])(n2c([H])nc3c(N([H])[H])nc([H])nc32)OC([H])(C([H])([H])OP(=O)(O[H])OP(=O)(O[H])OP(=O)(O[H])OP(=O)(O[H])O[H])C1([H])O[H]) at 1626493496.678976
17/07/2021 05:44:57 -- INFO -- 526 available rules
17/07/2021 05:44:57 -- INFO -- For compound WWMWAMFHUSTZTA-UHFFFAOYSA-N, matching moves are [WWMWAMFHUSTZTA-UHFFFAOYSA-N-MNXR106729_MNXM423_6-0, WWMWAMFHUSTZTA-UHFFFAOYSA-N-MNXR106729_MNXM495_6-0, WWMWAMFHUSTZTA-UHFFFAOYSA-N-MNXR105328_MNXM423_6-0, WWMWAMFHUSTZTA-UHFFFAOYSA-N-MNXR105328_MNXM495_6-0, WWMWAMFHUSTZTA-UHFFFAOYSA-N-MNXR125040_MNXM1906_8-0, WWMWAMFHUSTZTA-UHFFFAOYSA-N-MNXR134292_MNXM423_6-0, WWMWAMFHUSTZTA-UHFFFAOYSA-N-MNXR125040_MNXM2551_8-0, WWMWAMFHUSTZTA-UHFFFAOYSA-N-MNXR134292_MNXM495_6-0, WWMWAMFHUSTZTA-UHFFFAOYSA-N-MNXR107788_MNXM423_6-0, WWMWAMFHUSTZTA-UHFFFAOYSA-N-MNXR105330_MNXM423_6-0]
17/07/2021 05:44:57 -- INFO -- Calculated moves in 1.2419102191925049 for compound WWMWAMFHUSTZTA-UHFFFAOYSA-N - without caching
17/07/2021 05:44:57 -- INFO -- Starting move obtention process with compound XLYOFNOQVPJJNP-UHFFFAOYSA-N ([H]O[H]) at 1626493497.943331
17/07/2021 05:44:58 -- INFO -- 0 available rules
17/07/2021 05:44:58 -- INFO -- For compound XLYOFNOQVPJJNP-UHFFFAOYSA-N, matching moves are []
17/07/2021 05:44:58 -- INFO -- Calculated moves in 0.35338687896728516 for compound XLYOFNOQVPJJNP-UHFFFAOYSA-N - without caching
17/07/2021 05:44:58 -- INFO -- Rollout results are 2, True
17/07/2021 05:44:58 -- INFO -- Udapted solved Node 		Move name: XCCTYIAWTASOJW-UHFFFAOYSA-N-MNXR111798_MNXM5568_16-0/ Biological score : 3.11/ Chemical score: 0.61
		Count: 1/ Score : 0/ Children: 0/ Terminal : False
		|DJJCXFVJDGTHFX-UHFFFAOYSA-N|UIDGLYUNOUKLBM-UHFFFAOYSA-N|ZKHQWZAMYRWXGA-UHFFFAOYSA-N| for the first time at iteration 145
17/07/2021 05:44:58 -- INFO -- Adding a child with move UIDGLYUNOUKLBM-UHFFFAOYSA-N-MNXR118450_MNXM114298_8-0 to node 
	Move name: CQLRUIIRRZYHHS-UHFFFAOYSA-N-MNXR118427_MNXM114521_6-0/ Biological score : 1.96/ Chemical score: 0.93
	Count: 9/ Score : 4.67/ Children: 9/ Terminal : False
	|UIDGLYUNOUKLBM-UHFFFAOYSA-N|XCCTYIAWTASOJW-UHFFFAOYSA-N|
17/07/2021 05:44:58 -- INFO -- Starting move obtention process with compound UIUQCSQGGOLMHV-UHFFFAOYSA-N ([H]Oc1c([H])c([H])c(C([H])=C([H])C(=O)OC2([H])C([H])(C([H])([H])OC3([H])OC([H])(C([H])([H])[H])C([H])(O[H])C([H])(O[H])C3([H])O[H])OC([H])(Oc3c(-c4c([H])c([H])c(O[H])c(OC([H])([H])[H])c4[H])oc4c([H])c(O[H])c([H])c(O[H])c4c3=O)C([H])(O[H])C2([H])O[H])c([H])c1[H]) at 1626493498.632443
17/07/2021 05:44:58 -- INFO -- 539 available rules
17/07/2021 05:45:03 -- INFO -- For compound UIUQCSQGGOLMHV-UHFFFAOYSA-N, matching moves are [UIUQCSQGGOLMHV-UHFFFAOYSA-N-rxnAdd66_cpd31618_6_6-0, UIUQCSQGGOLMHV-UHFFFAOYSA-N-MNXR118450_MNXM114687_8-0, UIUQCSQGGOLMHV-UHFFFAOYSA-N-MNXR118454_MNXM114520_8-0, UIUQCSQGGOLMHV-UHFFFAOYSA-N-MNXR118454_MNXM114520_6-0, UIUQCSQGGOLMHV-UHFFFAOYSA-N-MNXR118454_MNXM114520_6-2, UIUQCSQGGOLMHV-UHFFFAOYSA-N-MNXR118428_MNXM114522_6-0, UIUQCSQGGOLMHV-UHFFFAOYSA-N-MNXR118428_MNXM114522_6-1, UIUQCSQGGOLMHV-UHFFFAOYSA-N-MNXR118427_MNXM114522_6-0, UIUQCSQGGOLMHV-UHFFFAOYSA-N-MNXR118457_MNXM2424_6-0, UIUQCSQGGOLMHV-UHFFFAOYSA-N-MNXR118395_MNXM52963_6-0]
17/07/2021 05:45:03 -- INFO -- Calculated moves in 5.196069002151489 for compound UIUQCSQGGOLMHV-UHFFFAOYSA-N - without caching
17/07/2021 05:45:03 -- INFO -- Starting move obtention process with compound XCCTYIAWTASOJW-UHFFFAOYSA-N ([H]Oc1nc(=O)n(C2([H])OC([H])(C([H])([H])OP(=O)(O[H])OP(=O)(O[H])O[H])C([H])(O[H])C2([H])O[H])c([H])c1[H]) at 1626493503.8451228
17/07/2021 05:45:04 -- INFO -- 1324 available rules
17/07/2021 05:45:09 -- INFO -- For compound XCCTYIAWTASOJW-UHFFFAOYSA-N, matching moves are [XCCTYIAWTASOJW-UHFFFAOYSA-N-MNXR106729_MNXM495_8-0, XCCTYIAWTASOJW-UHFFFAOYSA-N-MNXR134292_MNXM495_8-0, XCCTYIAWTASOJW-UHFFFAOYSA-N-MNXR111798_MNXM5568_6-0, XCCTYIAWTASOJW-UHFFFAOYSA-N-MNXR111799_MNXM5568_14-0, XCCTYIAWTASOJW-UHFFFAOYSA-N-MNXR107788_MNXM495_8-0, XCCTYIAWTASOJW-UHFFFAOYSA-N-MNXR105330_MNXM495_8-0, XCCTYIAWTASOJW-UHFFFAOYSA-N-MNXR105328_MNXM495_8-0, XCCTYIAWTASOJW-UHFFFAOYSA-N-MNXR97207_MNXM492_6-0, XCCTYIAWTASOJW-UHFFFAOYSA-N-MNXR103374_MNXM495_6-0, XCCTYIAWTASOJW-UHFFFAOYSA-N-MNXR114764_MNXM899_6-0]
17/07/2021 05:45:09 -- INFO -- Calculated moves in 5.304754972457886 for compound XCCTYIAWTASOJW-UHFFFAOYSA-N - without caching
17/07/2021 05:45:09 -- INFO -- Starting move obtention process with compound DJJCXFVJDGTHFX-UHFFFAOYSA-N ([H]Oc1nc(=O)n(C2([H])OC([H])(C([H])([H])OP(=O)(O[H])O[H])C([H])(O[H])C2([H])O[H])c([H])c1[H]) at 1626493509.182231
17/07/2021 05:45:09 -- INFO -- 1219 available rules
17/07/2021 05:45:17 -- INFO -- For compound DJJCXFVJDGTHFX-UHFFFAOYSA-N, matching moves are [DJJCXFVJDGTHFX-UHFFFAOYSA-N-MNXR97039_MNXM288_6-0, DJJCXFVJDGTHFX-UHFFFAOYSA-N-MNXR119521_MNXM47_6-0, DJJCXFVJDGTHFX-UHFFFAOYSA-N-MNXR111792_MNXM6123_8-0, DJJCXFVJDGTHFX-UHFFFAOYSA-N-MNXR118559_MNXM114601_8-0, DJJCXFVJDGTHFX-UHFFFAOYSA-N-MNXR133927_MNXM38120_8-0, DJJCXFVJDGTHFX-UHFFFAOYSA-N-MNXR94932_MNXM288_6-0, DJJCXFVJDGTHFX-UHFFFAOYSA-N-MNXR107736_MNXM298_6-0, DJJCXFVJDGTHFX-UHFFFAOYSA-N-MNXR105161_MNXM288_8-0]
17/07/2021 05:45:17 -- INFO -- Calculated moves in 8.322152614593506 for compound DJJCXFVJDGTHFX-UHFFFAOYSA-N - without caching
17/07/2021 05:45:17 -- INFO -- Starting move obtention process with compound UIDGLYUNOUKLBM-UHFFFAOYSA-N ([H]Oc1c([H])c([H])c(-c2oc3c([H])c(O[H])c([H])c(O[H])c3c(=O)c2OC2([H])OC([H])(C([H])([H])OC3([H])OC([H])(C([H])([H])[H])C([H])(O[H])C([H])(O[H])C3([H])O[H])C([H])(O[H])C([H])(O[H])C2([H])O[H])c([H])c1OC([H])([H])[H]) at 1626493517.5683453
17/07/2021 05:45:17 -- INFO -- 650 available rules
17/07/2021 05:45:20 -- INFO -- For compound UIDGLYUNOUKLBM-UHFFFAOYSA-N, matching moves are [UIDGLYUNOUKLBM-UHFFFAOYSA-N-rxnAdd145_cpd03341_6_6-0, UIDGLYUNOUKLBM-UHFFFAOYSA-N-rxnAdd66_cpd31618_6_6-0, UIDGLYUNOUKLBM-UHFFFAOYSA-N-MNXR118451_MNXM114298_8-0, UIDGLYUNOUKLBM-UHFFFAOYSA-N-MNXR118451_MNXM114298_8-1, UIDGLYUNOUKLBM-UHFFFAOYSA-N-MNXR118450_MNXM114298_8-0, UIDGLYUNOUKLBM-UHFFFAOYSA-N-MNXR118451_MNXM114298_6-0, UIDGLYUNOUKLBM-UHFFFAOYSA-N-MNXR118428_MNXM114522_6-0, UIDGLYUNOUKLBM-UHFFFAOYSA-N-MNXR118428_MNXM114522_6-1, UIDGLYUNOUKLBM-UHFFFAOYSA-N-MNXR118427_MNXM114522_6-0, UIDGLYUNOUKLBM-UHFFFAOYSA-N-MNXR118457_MNXM2424_8-0]
17/07/2021 05:45:20 -- INFO -- Calculated moves in 2.9168496131896973 for compound UIDGLYUNOUKLBM-UHFFFAOYSA-N - without caching
17/07/2021 05:45:20 -- INFO -- Starting move obtention process with compound ZKHQWZAMYRWXGA-UHFFFAOYSA-N ([H]OC1([H])C([H])(n2c([H])nc3c(N([H])[H])nc([H])nc32)OC([H])(C([H])([H])OP(=O)(O[H])OP(=O)(O[H])OP(=O)(O[H])O[H])C1([H])O[H]) at 1626493520.5089765
17/07/2021 05:45:20 -- INFO -- 516 available rules
17/07/2021 05:45:21 -- INFO -- Self generating rule for compound ZKHQWZAMYRWXGA-UHFFFAOYSA-N and rule MNXR111799_MNXM6129_16, set 0. Move is discarded in MainProcess
17/07/2021 05:45:21 -- INFO -- Self generating rule for compound ZKHQWZAMYRWXGA-UHFFFAOYSA-N and rule MNXR111799_MNXM6129_14, set 0. Move is discarded in MainProcess
17/07/2021 05:45:22 -- INFO -- For compound ZKHQWZAMYRWXGA-UHFFFAOYSA-N, matching moves are [ZKHQWZAMYRWXGA-UHFFFAOYSA-N-MNXR106729_MNXM423_8-0, ZKHQWZAMYRWXGA-UHFFFAOYSA-N-MNXR106729_MNXM495_8-0, ZKHQWZAMYRWXGA-UHFFFAOYSA-N-MNXR125040_MNXM1906_6-0, ZKHQWZAMYRWXGA-UHFFFAOYSA-N-MNXR134292_MNXM423_8-0, ZKHQWZAMYRWXGA-UHFFFAOYSA-N-MNXR134292_MNXM495_8-0, ZKHQWZAMYRWXGA-UHFFFAOYSA-N-MNXR107788_MNXM423_8-0, ZKHQWZAMYRWXGA-UHFFFAOYSA-N-MNXR105330_MNXM423_8-0, ZKHQWZAMYRWXGA-UHFFFAOYSA-N-MNXR105328_MNXM423_8-0, ZKHQWZAMYRWXGA-UHFFFAOYSA-N-MNXR105330_MNXM495_6-0, ZKHQWZAMYRWXGA-UHFFFAOYSA-N-MNXR107788_MNXM495_8-0]
17/07/2021 05:45:22 -- INFO -- Calculated moves in 1.5175752639770508 for compound ZKHQWZAMYRWXGA-UHFFFAOYSA-N - without caching
17/07/2021 05:45:22 -- INFO -- Starting move obtention process with compound DJJCXFVJDGTHFX-UHFFFAOYSA-N ([H]Oc1nc(=O)n(C2([H])OC([H])(C([H])([H])OP(=O)(O[H])O[H])C([H])(O[H])C2([H])O[H])c([H])c1[H]) at 1626493522.0832195
17/07/2021 05:45:22 -- INFO -- 1218 available rules
17/07/2021 05:45:30 -- INFO -- For compound DJJCXFVJDGTHFX-UHFFFAOYSA-N, matching moves are [DJJCXFVJDGTHFX-UHFFFAOYSA-N-MNXR118559_MNXM114601_6-0, DJJCXFVJDGTHFX-UHFFFAOYSA-N-MNXR97207_MNXM492_6-0, DJJCXFVJDGTHFX-UHFFFAOYSA-N-MNXR111792_MNXM6123_12-0, DJJCXFVJDGTHFX-UHFFFAOYSA-N-MNXR133927_MNXM38120_6-0, DJJCXFVJDGTHFX-UHFFFAOYSA-N-MNXR94932_MNXM288_8-0, DJJCXFVJDGTHFX-UHFFFAOYSA-N-MNXR107736_MNXM298_8-0, DJJCXFVJDGTHFX-UHFFFAOYSA-N-MNXR105161_MNXM288_6-0]
17/07/2021 05:45:30 -- INFO -- Calculated moves in 8.19122838973999 for compound DJJCXFVJDGTHFX-UHFFFAOYSA-N - without caching
17/07/2021 05:45:30 -- INFO -- Starting move obtention process with compound UIDGLYUNOUKLBM-UHFFFAOYSA-N ([H]Oc1c([H])c([H])c(-c2oc3c([H])c(O[H])c([H])c(O[H])c3c(=O)c2OC2([H])OC([H])(C([H])([H])OC3([H])OC([H])(C([H])([H])[H])C([H])(O[H])C([H])(O[H])C3([H])O[H])C([H])(O[H])C([H])(O[H])C2([H])O[H])c([H])c1OC([H])([H])[H]) at 1626493530.3373473
17/07/2021 05:45:30 -- INFO -- 649 available rules
17/07/2021 05:45:33 -- INFO -- For compound UIDGLYUNOUKLBM-UHFFFAOYSA-N, matching moves are [UIDGLYUNOUKLBM-UHFFFAOYSA-N-rxnAdd145_cpd03341_5_8-0, UIDGLYUNOUKLBM-UHFFFAOYSA-N-rxnAdd66_cpd31618_5_8-0, UIDGLYUNOUKLBM-UHFFFAOYSA-N-MNXR118451_MNXM114298_10-0, UIDGLYUNOUKLBM-UHFFFAOYSA-N-MNXR118450_MNXM114298_6-0, UIDGLYUNOUKLBM-UHFFFAOYSA-N-MNXR118450_MNXM114298_6-2, UIDGLYUNOUKLBM-UHFFFAOYSA-N-MNXR118450_MNXM114298_6-3, UIDGLYUNOUKLBM-UHFFFAOYSA-N-MNXR118428_MNXM114522_8-0, UIDGLYUNOUKLBM-UHFFFAOYSA-N-MNXR118428_MNXM114522_8-1, UIDGLYUNOUKLBM-UHFFFAOYSA-N-MNXR118427_MNXM114522_8-0, UIDGLYUNOUKLBM-UHFFFAOYSA-N-MNXR118457_MNXM2424_10-0]
17/07/2021 05:45:33 -- INFO -- Calculated moves in 3.110405445098877 for compound UIDGLYUNOUKLBM-UHFFFAOYSA-N - without caching
17/07/2021 05:45:33 -- INFO -- Starting move obtention process with compound WWMWAMFHUSTZTA-UHFFFAOYSA-N ([H]OC1([H])C([H])(n2c([H])nc3c(N([H])[H])nc([H])nc32)OC([H])(C([H])([H])OP(=O)(O[H])OP(=O)(O[H])OP(=O)(O[H])OP(=O)(O[H])O[H])C1([H])O[H]) at 1626493533.4672956
17/07/2021 05:45:33 -- INFO -- 526 available rules
17/07/2021 05:45:34 -- INFO -- For compound WWMWAMFHUSTZTA-UHFFFAOYSA-N, matching moves are [WWMWAMFHUSTZTA-UHFFFAOYSA-N-MNXR106729_MNXM423_6-0, WWMWAMFHUSTZTA-UHFFFAOYSA-N-MNXR106729_MNXM495_6-0, WWMWAMFHUSTZTA-UHFFFAOYSA-N-MNXR105328_MNXM423_6-0, WWMWAMFHUSTZTA-UHFFFAOYSA-N-MNXR105328_MNXM495_6-0, WWMWAMFHUSTZTA-UHFFFAOYSA-N-MNXR125040_MNXM1906_8-0, WWMWAMFHUSTZTA-UHFFFAOYSA-N-MNXR134292_MNXM423_6-0, WWMWAMFHUSTZTA-UHFFFAOYSA-N-MNXR125040_MNXM2551_8-0, WWMWAMFHUSTZTA-UHFFFAOYSA-N-MNXR134292_MNXM495_6-0, WWMWAMFHUSTZTA-UHFFFAOYSA-N-MNXR107788_MNXM423_6-0, WWMWAMFHUSTZTA-UHFFFAOYSA-N-MNXR105330_MNXM423_6-0]
17/07/2021 05:45:34 -- INFO -- Calculated moves in 1.2708144187927246 for compound WWMWAMFHUSTZTA-UHFFFAOYSA-N - without caching
17/07/2021 05:45:34 -- INFO -- Rollout results are 2, True
17/07/2021 05:45:34 -- INFO -- Pathway is found at iteration 177
17/07/2021 05:45:35 -- INFO -- Udapted solved Node 		Move name: XCCTYIAWTASOJW-UHFFFAOYSA-N-MNXR105328_MNXM495_6-0/ Biological score : 2.54/ Chemical score: 0.68
		Count: 1/ Score : 0/ Children: 0/ Terminal : True
		|PGAVKCOVUIYSFO-UHFFFAOYSA-N|UIDGLYUNOUKLBM-UHFFFAOYSA-N|WQZGKKKJIJFFOK-UHFFFAOYSA-N- solved| for the first time at iteration 177
17/07/2021 05:45:35 -- INFO -- Performing iteration 200 out of 1000
17/07/2021 05:45:35 -- INFO -- Pathway is found at iteration 212
17/07/2021 05:45:35 -- INFO -- Udapted solved Node 		Move name: XCCTYIAWTASOJW-UHFFFAOYSA-N-MNXR134292_MNXM495_6-0/ Biological score : 2.28/ Chemical score: 0.68
		Count: 1/ Score : 0/ Children: 0/ Terminal : True
		|JDTUMPKOJBQPKX-UHFFFAOYSA-N- solved|PGAVKCOVUIYSFO-UHFFFAOYSA-N|UIDGLYUNOUKLBM-UHFFFAOYSA-N| for the first time at iteration 212
17/07/2021 05:45:35 -- INFO -- Pathway is found at iteration 243
17/07/2021 05:45:35 -- INFO -- Udapted solved Node 		Move name: UIDGLYUNOUKLBM-UHFFFAOYSA-N-MNXR118451_MNXM114298_8-0/ Biological score : 2.26/ Chemical score: 0.85
		Count: 1/ Score : 0/ Children: 0/ Terminal : True
		|DWDVCDWGTVAKDX-UHFFFAOYSA-N|RGJOEKWQDUBAIZ-UHFFFAOYSA-N- solved|XCCTYIAWTASOJW-UHFFFAOYSA-N| for the first time at iteration 243
17/07/2021 05:45:36 -- INFO -- Pathway is found at iteration 270
17/07/2021 05:45:36 -- INFO -- Udapted solved Node 		Move name: UIDGLYUNOUKLBM-UHFFFAOYSA-N-MNXR118451_MNXM114298_8-1/ Biological score : 2.26/ Chemical score: 0.85
		Count: 1/ Score : 0/ Children: 0/ Terminal : True
		|INBHREGOUHJGBM-UHFFFAOYSA-N|RGJOEKWQDUBAIZ-UHFFFAOYSA-N- solved|XCCTYIAWTASOJW-UHFFFAOYSA-N| for the first time at iteration 270
17/07/2021 05:45:36 -- INFO -- Performing iteration 300 out of 1000
17/07/2021 05:45:36 -- INFO -- Pathway is found at iteration 305
17/07/2021 05:45:36 -- INFO -- Udapted solved Node 		Move name: UIDGLYUNOUKLBM-UHFFFAOYSA-N-MNXR118450_MNXM114298_8-0/ Biological score : 2.26/ Chemical score: 0.85
		Count: 1/ Score : 0/ Children: 0/ Terminal : True
		|RGJOEKWQDUBAIZ-UHFFFAOYSA-N- solved|UIUQCSQGGOLMHV-UHFFFAOYSA-N|XCCTYIAWTASOJW-UHFFFAOYSA-N| for the first time at iteration 305
17/07/2021 05:45:37 -- INFO -- Performing iteration 400 out of 1000
17/07/2021 05:45:38 -- INFO -- Performing iteration 500 out of 1000
17/07/2021 05:45:40 -- INFO -- Performing iteration 600 out of 1000
17/07/2021 05:45:41 -- INFO -- Performing iteration 700 out of 1000
17/07/2021 05:45:41 -- INFO -- Adding a child with move ZKHQWZAMYRWXGA-UHFFFAOYSA-N-MNXR106729_MNXM423_6-0 to node 
		Move name: XCCTYIAWTASOJW-UHFFFAOYSA-N-MNXR111798_MNXM5568_16-0/ Biological score : 3.11/ Chemical score: 0.61
		Count: 2/ Score : 2.0/ Children: 0/ Terminal : False
		|DJJCXFVJDGTHFX-UHFFFAOYSA-N|UIDGLYUNOUKLBM-UHFFFAOYSA-N|ZKHQWZAMYRWXGA-UHFFFAOYSA-N|
17/07/2021 05:45:41 -- INFO -- Starting move obtention process with compound DJJCXFVJDGTHFX-UHFFFAOYSA-N ([H]Oc1nc(=O)n(C2([H])OC([H])(C([H])([H])OP(=O)(O[H])O[H])C([H])(O[H])C2([H])O[H])c([H])c1[H]) at 1626493541.4938238
17/07/2021 05:45:41 -- INFO -- 1219 available rules
17/07/2021 05:45:49 -- INFO -- For compound DJJCXFVJDGTHFX-UHFFFAOYSA-N, matching moves are [DJJCXFVJDGTHFX-UHFFFAOYSA-N-MNXR97039_MNXM288_6-0, DJJCXFVJDGTHFX-UHFFFAOYSA-N-MNXR119521_MNXM47_6-0, DJJCXFVJDGTHFX-UHFFFAOYSA-N-MNXR111792_MNXM6123_8-0, DJJCXFVJDGTHFX-UHFFFAOYSA-N-MNXR118559_MNXM114601_8-0, DJJCXFVJDGTHFX-UHFFFAOYSA-N-MNXR133927_MNXM38120_8-0, DJJCXFVJDGTHFX-UHFFFAOYSA-N-MNXR94932_MNXM288_6-0, DJJCXFVJDGTHFX-UHFFFAOYSA-N-MNXR107736_MNXM298_6-0, DJJCXFVJDGTHFX-UHFFFAOYSA-N-MNXR105161_MNXM288_8-0]
17/07/2021 05:45:49 -- INFO -- Calculated moves in 8.15495753288269 for compound DJJCXFVJDGTHFX-UHFFFAOYSA-N - without caching
17/07/2021 05:45:49 -- INFO -- Starting move obtention process with compound UIDGLYUNOUKLBM-UHFFFAOYSA-N ([H]Oc1c([H])c([H])c(-c2oc3c([H])c(O[H])c([H])c(O[H])c3c(=O)c2OC2([H])OC([H])(C([H])([H])OC3([H])OC([H])(C([H])([H])[H])C([H])(O[H])C([H])(O[H])C3([H])O[H])C([H])(O[H])C([H])(O[H])C2([H])O[H])c([H])c1OC([H])([H])[H]) at 1626493549.6637273
17/07/2021 05:45:50 -- INFO -- 650 available rules
17/07/2021 05:45:52 -- INFO -- For compound UIDGLYUNOUKLBM-UHFFFAOYSA-N, matching moves are [UIDGLYUNOUKLBM-UHFFFAOYSA-N-rxnAdd145_cpd03341_6_6-0, UIDGLYUNOUKLBM-UHFFFAOYSA-N-rxnAdd66_cpd31618_6_6-0, UIDGLYUNOUKLBM-UHFFFAOYSA-N-MNXR118451_MNXM114298_8-0, UIDGLYUNOUKLBM-UHFFFAOYSA-N-MNXR118451_MNXM114298_8-1, UIDGLYUNOUKLBM-UHFFFAOYSA-N-MNXR118450_MNXM114298_8-0, UIDGLYUNOUKLBM-UHFFFAOYSA-N-MNXR118451_MNXM114298_6-0, UIDGLYUNOUKLBM-UHFFFAOYSA-N-MNXR118428_MNXM114522_6-0, UIDGLYUNOUKLBM-UHFFFAOYSA-N-MNXR118428_MNXM114522_6-1, UIDGLYUNOUKLBM-UHFFFAOYSA-N-MNXR118427_MNXM114522_6-0, UIDGLYUNOUKLBM-UHFFFAOYSA-N-MNXR118457_MNXM2424_8-0]
17/07/2021 05:45:52 -- INFO -- Calculated moves in 2.804844856262207 for compound UIDGLYUNOUKLBM-UHFFFAOYSA-N - without caching
17/07/2021 05:45:52 -- INFO -- Starting move obtention process with compound XTWYTFMLZFPYCI-UHFFFAOYSA-N ([H]OC1([H])C([H])(n2c([H])nc3c(N([H])[H])nc([H])nc32)OC([H])(C([H])([H])OP(=O)(O[H])OP(=O)(O[H])O[H])C1([H])O[H]) at 1626493552.487271
17/07/2021 05:45:52 -- INFO -- 544 available rules
17/07/2021 05:45:53 -- INFO -- Self generating rule for compound XTWYTFMLZFPYCI-UHFFFAOYSA-N and rule MNXR111799_MNXM5568_16, set 0. Move is discarded in MainProcess
17/07/2021 05:45:53 -- INFO -- Self generating rule for compound XTWYTFMLZFPYCI-UHFFFAOYSA-N and rule MNXR111799_MNXM5568_14, set 0. Move is discarded in MainProcess
17/07/2021 05:45:55 -- INFO -- For compound XTWYTFMLZFPYCI-UHFFFAOYSA-N, matching moves are [XTWYTFMLZFPYCI-UHFFFAOYSA-N-MNXR106729_MNXM495_6-0, XTWYTFMLZFPYCI-UHFFFAOYSA-N-MNXR111798_MNXM5568_16-0, XTWYTFMLZFPYCI-UHFFFAOYSA-N-MNXR105328_MNXM495_6-0, XTWYTFMLZFPYCI-UHFFFAOYSA-N-MNXR134292_MNXM495_6-0, XTWYTFMLZFPYCI-UHFFFAOYSA-N-MNXR125040_MNXM1906_8-0, XTWYTFMLZFPYCI-UHFFFAOYSA-N-MNXR107788_MNXM495_6-0, XTWYTFMLZFPYCI-UHFFFAOYSA-N-MNXR105330_MNXM495_6-0, XTWYTFMLZFPYCI-UHFFFAOYSA-N-MNXR101883_MNXM8_8-0, XTWYTFMLZFPYCI-UHFFFAOYSA-N-MNXR95432_MNXM212_8-0, XTWYTFMLZFPYCI-UHFFFAOYSA-N-MNXR103374_MNXM495_8-0]
17/07/2021 05:45:55 -- INFO -- Calculated moves in 2.685863494873047 for compound XTWYTFMLZFPYCI-UHFFFAOYSA-N - without caching
17/07/2021 05:45:55 -- INFO -- Pathway is found at iteration 730
17/07/2021 05:45:55 -- INFO -- Udapted solved Node 			Move name: ZKHQWZAMYRWXGA-UHFFFAOYSA-N-MNXR106729_MNXM423_6-0/ Biological score : 4.02/ Chemical score: 0.78
			Count: 1/ Score : 0/ Children: 0/ Terminal : True
			|BGWGXPAPYGQALX-UHFFFAOYSA-N- solved|DJJCXFVJDGTHFX-UHFFFAOYSA-N|UIDGLYUNOUKLBM-UHFFFAOYSA-N|XTWYTFMLZFPYCI-UHFFFAOYSA-N| for the first time at iteration 730
17/07/2021 05:45:55 -- INFO -- Adding a child with move UIDGLYUNOUKLBM-UHFFFAOYSA-N-rxnAdd145_cpd03341_6_6-0 to node 
		Move name: XCCTYIAWTASOJW-UHFFFAOYSA-N-MNXR111799_MNXM5568_16-0/ Biological score : 3.11/ Chemical score: 0.61
		Count: 2/ Score : 2.0/ Children: 0/ Terminal : False
		|PGAVKCOVUIYSFO-UHFFFAOYSA-N|UIDGLYUNOUKLBM-UHFFFAOYSA-N|XTWYTFMLZFPYCI-UHFFFAOYSA-N|
17/07/2021 05:45:55 -- INFO -- Starting move obtention process with compound PGAVKCOVUIYSFO-UHFFFAOYSA-N ([H]Oc1nc(=O)n(C2([H])OC([H])(C([H])([H])OP(=O)(O[H])OP(=O)(O[H])OP(=O)(O[H])O[H])C([H])(O[H])C2([H])O[H])c([H])c1[H]) at 1626493555.6790335
17/07/2021 05:45:56 -- INFO -- 1319 available rules
17/07/2021 05:46:00 -- INFO -- For compound PGAVKCOVUIYSFO-UHFFFAOYSA-N, matching moves are [PGAVKCOVUIYSFO-UHFFFAOYSA-N-MNXR106729_MNXM423_8-0, PGAVKCOVUIYSFO-UHFFFAOYSA-N-MNXR106729_MNXM495_8-0, PGAVKCOVUIYSFO-UHFFFAOYSA-N-MNXR134292_MNXM423_8-0, PGAVKCOVUIYSFO-UHFFFAOYSA-N-MNXR134292_MNXM495_8-0, PGAVKCOVUIYSFO-UHFFFAOYSA-N-MNXR111799_MNXM6129_14-0, PGAVKCOVUIYSFO-UHFFFAOYSA-N-MNXR105330_MNXM423_6-0, PGAVKCOVUIYSFO-UHFFFAOYSA-N-MNXR118559_MNXM38144_8-0, PGAVKCOVUIYSFO-UHFFFAOYSA-N-MNXR107788_MNXM423_8-0, PGAVKCOVUIYSFO-UHFFFAOYSA-N-MNXR105328_MNXM423_8-0, PGAVKCOVUIYSFO-UHFFFAOYSA-N-MNXR107788_MNXM495_6-0]
17/07/2021 05:46:00 -- INFO -- Calculated moves in 4.503266096115112 for compound PGAVKCOVUIYSFO-UHFFFAOYSA-N - without caching
17/07/2021 05:46:00 -- INFO -- Starting move obtention process with compound XTWYTFMLZFPYCI-UHFFFAOYSA-N ([H]OC1([H])C([H])(n2c([H])nc3c(N([H])[H])nc([H])nc32)OC([H])(C([H])([H])OP(=O)(O[H])OP(=O)(O[H])O[H])C1([H])O[H]) at 1626493560.235592
17/07/2021 05:46:00 -- INFO -- 534 available rules
17/07/2021 05:46:00 -- INFO -- Self generating rule for compound XTWYTFMLZFPYCI-UHFFFAOYSA-N and rule MNXR111799_MNXM5568_16, set 0. Move is discarded in MainProcess
17/07/2021 05:46:01 -- INFO -- Self generating rule for compound XTWYTFMLZFPYCI-UHFFFAOYSA-N and rule MNXR111799_MNXM5568_14, set 0. Move is discarded in MainProcess
17/07/2021 05:46:02 -- INFO -- For compound XTWYTFMLZFPYCI-UHFFFAOYSA-N, matching moves are [XTWYTFMLZFPYCI-UHFFFAOYSA-N-MNXR106729_MNXM495_6-0, XTWYTFMLZFPYCI-UHFFFAOYSA-N-MNXR111798_MNXM5568_16-0, XTWYTFMLZFPYCI-UHFFFAOYSA-N-MNXR105328_MNXM495_6-0, XTWYTFMLZFPYCI-UHFFFAOYSA-N-MNXR134292_MNXM495_6-0, XTWYTFMLZFPYCI-UHFFFAOYSA-N-MNXR125040_MNXM1906_8-0, XTWYTFMLZFPYCI-UHFFFAOYSA-N-MNXR107788_MNXM495_6-0, XTWYTFMLZFPYCI-UHFFFAOYSA-N-MNXR105330_MNXM495_6-0, XTWYTFMLZFPYCI-UHFFFAOYSA-N-MNXR101883_MNXM8_8-0, XTWYTFMLZFPYCI-UHFFFAOYSA-N-MNXR95432_MNXM212_8-0, XTWYTFMLZFPYCI-UHFFFAOYSA-N-MNXR103374_MNXM495_8-0]
17/07/2021 05:46:02 -- INFO -- Calculated moves in 2.5072696208953857 for compound XTWYTFMLZFPYCI-UHFFFAOYSA-N - without caching
17/07/2021 05:46:02 -- INFO -- Pathway is found at iteration 748
17/07/2021 05:46:02 -- INFO -- Udapted solved Node 			Move name: UIDGLYUNOUKLBM-UHFFFAOYSA-N-rxnAdd145_cpd03341_6_6-0/ Biological score : 4.02/ Chemical score: 0.92
			Count: 1/ Score : 0/ Children: 0/ Terminal : True
			|IZQSVPBOUDKVDZ-UHFFFAOYSA-N- solved|PGAVKCOVUIYSFO-UHFFFAOYSA-N|SHZGCJCMOBCMKK-UHFFFAOYSA-N- solved|WQZGKKKJIJFFOK-UHFFFAOYSA-N- solved|XTWYTFMLZFPYCI-UHFFFAOYSA-N| for the first time at iteration 748
17/07/2021 05:46:03 -- INFO -- Performing iteration 800 out of 1000
17/07/2021 05:46:04 -- INFO -- Performing iteration 900 out of 1000
17/07/2021 05:46:05 -- INFO -- Adding a child with move ZKHQWZAMYRWXGA-UHFFFAOYSA-N-MNXR106729_MNXM495_6-0 to node 
		Move name: XCCTYIAWTASOJW-UHFFFAOYSA-N-MNXR111798_MNXM5568_16-0/ Biological score : 3.11/ Chemical score: 0.61
		Count: 3/ Score : 4.67/ Children: 1/ Terminal : False
		|DJJCXFVJDGTHFX-UHFFFAOYSA-N|UIDGLYUNOUKLBM-UHFFFAOYSA-N|ZKHQWZAMYRWXGA-UHFFFAOYSA-N|
17/07/2021 05:46:05 -- INFO -- Starting move obtention process with compound DJJCXFVJDGTHFX-UHFFFAOYSA-N ([H]Oc1nc(=O)n(C2([H])OC([H])(C([H])([H])OP(=O)(O[H])O[H])C([H])(O[H])C2([H])O[H])c([H])c1[H]) at 1626493565.7831662
17/07/2021 05:46:06 -- INFO -- 1218 available rules
17/07/2021 05:46:13 -- INFO -- For compound DJJCXFVJDGTHFX-UHFFFAOYSA-N, matching moves are [DJJCXFVJDGTHFX-UHFFFAOYSA-N-MNXR118559_MNXM114601_6-0, DJJCXFVJDGTHFX-UHFFFAOYSA-N-MNXR97207_MNXM492_6-0, DJJCXFVJDGTHFX-UHFFFAOYSA-N-MNXR111792_MNXM6123_12-0, DJJCXFVJDGTHFX-UHFFFAOYSA-N-MNXR133927_MNXM38120_6-0, DJJCXFVJDGTHFX-UHFFFAOYSA-N-MNXR94932_MNXM288_8-0, DJJCXFVJDGTHFX-UHFFFAOYSA-N-MNXR107736_MNXM298_8-0, DJJCXFVJDGTHFX-UHFFFAOYSA-N-MNXR105161_MNXM288_6-0]
17/07/2021 05:46:13 -- INFO -- Calculated moves in 8.127399921417236 for compound DJJCXFVJDGTHFX-UHFFFAOYSA-N - without caching
17/07/2021 05:46:13 -- INFO -- Starting move obtention process with compound UIDGLYUNOUKLBM-UHFFFAOYSA-N ([H]Oc1c([H])c([H])c(-c2oc3c([H])c(O[H])c([H])c(O[H])c3c(=O)c2OC2([H])OC([H])(C([H])([H])OC3([H])OC([H])(C([H])([H])[H])C([H])(O[H])C([H])(O[H])C3([H])O[H])C([H])(O[H])C([H])(O[H])C2([H])O[H])c([H])c1OC([H])([H])[H]) at 1626493573.940604
17/07/2021 05:46:14 -- INFO -- 649 available rules
17/07/2021 05:46:16 -- INFO -- For compound UIDGLYUNOUKLBM-UHFFFAOYSA-N, matching moves are [UIDGLYUNOUKLBM-UHFFFAOYSA-N-rxnAdd145_cpd03341_5_8-0, UIDGLYUNOUKLBM-UHFFFAOYSA-N-rxnAdd66_cpd31618_5_8-0, UIDGLYUNOUKLBM-UHFFFAOYSA-N-MNXR118451_MNXM114298_10-0, UIDGLYUNOUKLBM-UHFFFAOYSA-N-MNXR118450_MNXM114298_6-0, UIDGLYUNOUKLBM-UHFFFAOYSA-N-MNXR118450_MNXM114298_6-2, UIDGLYUNOUKLBM-UHFFFAOYSA-N-MNXR118450_MNXM114298_6-3, UIDGLYUNOUKLBM-UHFFFAOYSA-N-MNXR118428_MNXM114522_8-0, UIDGLYUNOUKLBM-UHFFFAOYSA-N-MNXR118428_MNXM114522_8-1, UIDGLYUNOUKLBM-UHFFFAOYSA-N-MNXR118427_MNXM114522_8-0, UIDGLYUNOUKLBM-UHFFFAOYSA-N-MNXR118457_MNXM2424_10-0]
17/07/2021 05:46:16 -- INFO -- Calculated moves in 3.018484115600586 for compound UIDGLYUNOUKLBM-UHFFFAOYSA-N - without caching
17/07/2021 05:46:16 -- INFO -- Starting move obtention process with compound WWMWAMFHUSTZTA-UHFFFAOYSA-N ([H]OC1([H])C([H])(n2c([H])nc3c(N([H])[H])nc([H])nc32)OC([H])(C([H])([H])OP(=O)(O[H])OP(=O)(O[H])OP(=O)(O[H])OP(=O)(O[H])O[H])C1([H])O[H]) at 1626493576.976891
17/07/2021 05:46:17 -- INFO -- 526 available rules
17/07/2021 05:46:18 -- INFO -- For compound WWMWAMFHUSTZTA-UHFFFAOYSA-N, matching moves are [WWMWAMFHUSTZTA-UHFFFAOYSA-N-MNXR106729_MNXM423_6-0, WWMWAMFHUSTZTA-UHFFFAOYSA-N-MNXR106729_MNXM495_6-0, WWMWAMFHUSTZTA-UHFFFAOYSA-N-MNXR105328_MNXM423_6-0, WWMWAMFHUSTZTA-UHFFFAOYSA-N-MNXR105328_MNXM495_6-0, WWMWAMFHUSTZTA-UHFFFAOYSA-N-MNXR125040_MNXM1906_8-0, WWMWAMFHUSTZTA-UHFFFAOYSA-N-MNXR134292_MNXM423_6-0, WWMWAMFHUSTZTA-UHFFFAOYSA-N-MNXR125040_MNXM2551_8-0, WWMWAMFHUSTZTA-UHFFFAOYSA-N-MNXR134292_MNXM495_6-0, WWMWAMFHUSTZTA-UHFFFAOYSA-N-MNXR107788_MNXM423_6-0, WWMWAMFHUSTZTA-UHFFFAOYSA-N-MNXR105330_MNXM423_6-0]
17/07/2021 05:46:18 -- INFO -- Calculated moves in 1.3063266277313232 for compound WWMWAMFHUSTZTA-UHFFFAOYSA-N - without caching
17/07/2021 05:46:18 -- INFO -- Adding a child with move UIDGLYUNOUKLBM-UHFFFAOYSA-N-rxnAdd66_cpd31618_6_6-0 to node 
		Move name: XCCTYIAWTASOJW-UHFFFAOYSA-N-MNXR111799_MNXM5568_16-0/ Biological score : 3.11/ Chemical score: 0.61
		Count: 3/ Score : 4.67/ Children: 1/ Terminal : False
		|PGAVKCOVUIYSFO-UHFFFAOYSA-N|UIDGLYUNOUKLBM-UHFFFAOYSA-N|XTWYTFMLZFPYCI-UHFFFAOYSA-N|
17/07/2021 05:46:18 -- INFO -- Starting move obtention process with compound PGAVKCOVUIYSFO-UHFFFAOYSA-N ([H]Oc1nc(=O)n(C2([H])OC([H])(C([H])([H])OP(=O)(O[H])OP(=O)(O[H])OP(=O)(O[H])O[H])C([H])(O[H])C2([H])O[H])c([H])c1[H]) at 1626493578.6611238
17/07/2021 05:46:18 -- INFO -- 1319 available rules
17/07/2021 05:46:22 -- INFO -- For compound PGAVKCOVUIYSFO-UHFFFAOYSA-N, matching moves are [PGAVKCOVUIYSFO-UHFFFAOYSA-N-MNXR106729_MNXM423_6-0, PGAVKCOVUIYSFO-UHFFFAOYSA-N-MNXR106729_MNXM495_6-0, PGAVKCOVUIYSFO-UHFFFAOYSA-N-MNXR111799_MNXM6129_16-0, PGAVKCOVUIYSFO-UHFFFAOYSA-N-MNXR105328_MNXM423_6-0, PGAVKCOVUIYSFO-UHFFFAOYSA-N-MNXR105328_MNXM495_6-0, PGAVKCOVUIYSFO-UHFFFAOYSA-N-MNXR134292_MNXM423_6-0, PGAVKCOVUIYSFO-UHFFFAOYSA-N-MNXR119521_MNXM47_6-0, PGAVKCOVUIYSFO-UHFFFAOYSA-N-MNXR134292_MNXM495_6-0, PGAVKCOVUIYSFO-UHFFFAOYSA-N-MNXR97039_MNXM288_6-0, PGAVKCOVUIYSFO-UHFFFAOYSA-N-MNXR107788_MNXM423_6-0]
17/07/2021 05:46:22 -- INFO -- Calculated moves in 4.285659313201904 for compound PGAVKCOVUIYSFO-UHFFFAOYSA-N - without caching
17/07/2021 05:46:22 -- INFO -- Starting move obtention process with compound XTWYTFMLZFPYCI-UHFFFAOYSA-N ([H]OC1([H])C([H])(n2c([H])nc3c(N([H])[H])nc([H])nc32)OC([H])(C([H])([H])OP(=O)(O[H])OP(=O)(O[H])O[H])C1([H])O[H]) at 1626493582.9651425
17/07/2021 05:46:23 -- INFO -- 534 available rules
17/07/2021 05:46:23 -- INFO -- Self generating rule for compound XTWYTFMLZFPYCI-UHFFFAOYSA-N and rule MNXR111799_MNXM5568_16, set 0. Move is discarded in MainProcess
17/07/2021 05:46:23 -- INFO -- Self generating rule for compound XTWYTFMLZFPYCI-UHFFFAOYSA-N and rule MNXR111799_MNXM5568_14, set 0. Move is discarded in MainProcess
17/07/2021 05:46:25 -- INFO -- For compound XTWYTFMLZFPYCI-UHFFFAOYSA-N, matching moves are [XTWYTFMLZFPYCI-UHFFFAOYSA-N-MNXR106729_MNXM495_8-0, XTWYTFMLZFPYCI-UHFFFAOYSA-N-MNXR111798_MNXM5568_6-0, XTWYTFMLZFPYCI-UHFFFAOYSA-N-MNXR134292_MNXM495_8-0, XTWYTFMLZFPYCI-UHFFFAOYSA-N-MNXR125040_MNXM1906_6-0, XTWYTFMLZFPYCI-UHFFFAOYSA-N-MNXR107788_MNXM495_8-0, XTWYTFMLZFPYCI-UHFFFAOYSA-N-MNXR105330_MNXM495_8-0, XTWYTFMLZFPYCI-UHFFFAOYSA-N-MNXR105328_MNXM495_8-0, XTWYTFMLZFPYCI-UHFFFAOYSA-N-MNXR101883_MNXM8_6-0, XTWYTFMLZFPYCI-UHFFFAOYSA-N-MNXR95432_MNXM212_6-0, XTWYTFMLZFPYCI-UHFFFAOYSA-N-MNXR103374_MNXM495_6-0]
17/07/2021 05:46:25 -- INFO -- Calculated moves in 2.3987839221954346 for compound XTWYTFMLZFPYCI-UHFFFAOYSA-N - without caching
17/07/2021 05:46:25 -- INFO -- ---------------End of search informations------------------ 
Tree search finished running at 5h 46min 25s 
Your tree search took 3.0e+02s 
 
Time was spent in selection: 5.9e-02s, expansion: 1.8e+02s, rollout: 9.9e+01s, update: 6.6e-01s 
CONGRATULATIONS, THATS A WIN
17/07/2021 05:46:25 -- INFO -- At the end of this tree search, the cache contains 0
17/07/2021 05:46:25 -- WARNING -- RECAP TIME_EXECUTION=295.86
17/07/2021 05:46:25 -- WARNING -- RECAP STOP_REASON=iteration
17/07/2021 05:46:25 -- WARNING -- RECAP NUMBER_ITERATION=999
17/07/2021 05:46:26 -- INFO -- According to Wikipedia, choosing the pathway with the most visists 
 This could be replaced by the best score
17/07/2021 05:46:26 -- INFO -- Found 19 pathways for Isorhamnetin_3-O-glucoside
17/07/2021 05:46:26 -- INFO -- 19 pathways were found
17/07/2021 05:46:26 -- INFO -- At the end of this tree search, the cache contains 0
