17/07/2021 12:28:40 -- WARNING -- Setting the seed at 1234
17/07/2021 12:28:40 -- INFO -- Stating global parameters from configuration file
17/07/2021 12:28:40 -- INFO -- Using retrosynthesis: False - using biosensor True
17/07/2021 12:28:40 -- INFO -- Full search - no stopping at first result
17/07/2021 12:28:40 -- INFO -- Setting the DB from config file: Installed package: True. Using cache DB: False; Replacing results: False
17/07/2021 12:28:40 -- INFO -- Initialising an empty cache: {}; Using it: False
17/07/2021 12:28:40 -- INFO -- -------------------Scoring configurations -------------------------
17/07/2021 12:28:40 -- INFO -- Using biological cut off at 0.1
17/07/2021 12:28:40 -- INFO -- Using substrate only cut off at 0.6
17/07/2021 12:28:40 -- INFO -- Using chemical score cut off at 0.6
17/07/2021 12:28:40 -- INFO -- -------------------MCTS configurations -------------------------
17/07/2021 12:28:40 -- INFO -- Setting the minimal visit count for a node at 1
17/07/2021 12:28:40 -- INFO -- Using RAVE: False
17/07/2021 12:28:40 -- INFO -- -------------------Chemical configurations -------------------------
17/07/2021 12:28:40 -- INFO -- Using explicit hydrogens : True
17/07/2021 12:28:40 -- INFO -- Using detectable compounds as sink as running in biosensor mode.
17/07/2021 12:28:40 -- INFO -- Main layer was set to True. Sanitising state
17/07/2021 12:29:02 -- INFO -- Main layer was set to True. Sanitising state
17/07/2021 12:29:02 -- INFO -- Starting move obtention process with compound Daidzin_4'-O-glucuronide ([H]OC(=O)C1([H])OC([H])(Oc2c([H])c([H])c(-c3c([H])oc4c([H])c(OC5([H])OC([H])(C([H])([H])O[H])C([H])(O[H])C([H])(O[H])C5([H])O[H])c([H])c([H])c4c3=O)c([H])c2[H])C([H])(O[H])C([H])(O[H])C1([H])O[H]) at 1626517742.2910173
17/07/2021 12:29:02 -- INFO -- 57 available rules
17/07/2021 12:29:03 -- INFO -- For compound Daidzin_4'-O-glucuronide, matching moves are [GYUSQHGUWBBSRO-UHFFFAOYSA-N-rxnAdd178_cpd07105_6_6-0, GYUSQHGUWBBSRO-UHFFFAOYSA-N-rxnAdd178_cpd07105_6_6-1, GYUSQHGUWBBSRO-UHFFFAOYSA-N-MNXR122280_MNXM10430_8-0, GYUSQHGUWBBSRO-UHFFFAOYSA-N-MNXR111322_MNXM3076_6-1]
17/07/2021 12:29:03 -- INFO -- Calculated moves in 1.2979941368103027 for compound GYUSQHGUWBBSRO-UHFFFAOYSA-N - without caching
17/07/2021 12:29:03 -- INFO -- ---------------Beginning of search informations------------------ 
UCT policy is : Biochemical_UCT_1 
Rollout policy is : Rollout_policy_random_uniform_on_biochemical_multiplication_score 
Rewarding policy is : Penalty is -1 and full state reward is 2 
Maximum number of iterations 1000 
Tree search started running at 12h 29min 3s 
Your tree search is currently running ... 
 

17/07/2021 12:29:03 -- INFO -- Performing iteration 0 out of 1000
17/07/2021 12:29:03 -- INFO -- Adding a child with move GYUSQHGUWBBSRO-UHFFFAOYSA-N-rxnAdd178_cpd07105_6_6-0 to node 
Count: 0/ Score : 0/ Children: 0/ Terminal : False
|Daidzin_4'-O-glucuronide|
17/07/2021 12:29:03 -- INFO -- Starting move obtention process with compound ATUYSKUVHUPXBV-UHFFFAOYSA-N ([H]OC(=O)C1([H])OC([H])(Oc2c([H])c([H])c(-c3c([H])oc4c([H])c(O[H])c([H])c([H])c4c3=O)c([H])c2[H])C([H])(O[H])C([H])(O[H])C1([H])O[H]) at 1626517743.6964135
17/07/2021 12:29:04 -- INFO -- 55 available rules
17/07/2021 12:29:04 -- INFO -- For compound ATUYSKUVHUPXBV-UHFFFAOYSA-N, matching moves are [ATUYSKUVHUPXBV-UHFFFAOYSA-N-rxnAdd178_cpd07105_6_6-0, ATUYSKUVHUPXBV-UHFFFAOYSA-N-MNXR108276_MNXM2393_6-0, ATUYSKUVHUPXBV-UHFFFAOYSA-N-MNXR119264_MNXM2393_6-0]
17/07/2021 12:29:04 -- INFO -- Calculated moves in 1.0272812843322754 for compound ATUYSKUVHUPXBV-UHFFFAOYSA-N - without caching
17/07/2021 12:29:04 -- INFO -- Pathway is found at iteration 0
17/07/2021 12:29:04 -- INFO -- Udapted solved Node 	Move name: GYUSQHGUWBBSRO-UHFFFAOYSA-N-rxnAdd178_cpd07105_6_6-0/ Biological score : 4.02/ Chemical score: 0.79
	Count: 1/ Score : 0/ Children: 0/ Terminal : True
	|ATUYSKUVHUPXBV-UHFFFAOYSA-N|WQZGKKKJIJFFOK-UHFFFAOYSA-N- solved| for the first time at iteration 0
17/07/2021 12:29:04 -- INFO -- Udapted solved Node Count: 1/ Score : 0/ Children: 1/ Terminal : False
|Daidzin_4'-O-glucuronide| for the first time at iteration 0
17/07/2021 12:29:04 -- INFO -- Adding a child with move GYUSQHGUWBBSRO-UHFFFAOYSA-N-rxnAdd178_cpd07105_6_6-1 to node 
Count: 1/ Score : 10.0/ Children: 1/ Terminal : False
|Daidzin_4'-O-glucuronide|
17/07/2021 12:29:04 -- INFO -- Adding a child with move GYUSQHGUWBBSRO-UHFFFAOYSA-N-MNXR122280_MNXM10430_8-0 to node 
Count: 2/ Score : 6.0/ Children: 2/ Terminal : False
|Daidzin_4'-O-glucuronide|
17/07/2021 12:29:04 -- INFO -- Starting move obtention process with compound ATUYSKUVHUPXBV-UHFFFAOYSA-N ([H]OC(=O)C1([H])OC([H])(Oc2c([H])c([H])c(-c3c([H])oc4c([H])c(O[H])c([H])c([H])c4c3=O)c([H])c2[H])C([H])(O[H])C([H])(O[H])C1([H])O[H]) at 1626517744.9974325
17/07/2021 12:29:05 -- INFO -- 55 available rules
17/07/2021 12:29:05 -- INFO -- For compound ATUYSKUVHUPXBV-UHFFFAOYSA-N, matching moves are [ATUYSKUVHUPXBV-UHFFFAOYSA-N-rxnAdd178_cpd07105_6_6-0, ATUYSKUVHUPXBV-UHFFFAOYSA-N-MNXR108276_MNXM2393_6-0, ATUYSKUVHUPXBV-UHFFFAOYSA-N-MNXR119264_MNXM2393_6-0]
17/07/2021 12:29:05 -- INFO -- Calculated moves in 0.9117491245269775 for compound ATUYSKUVHUPXBV-UHFFFAOYSA-N - without caching
17/07/2021 12:29:05 -- INFO -- Pathway is found at iteration 2
17/07/2021 12:29:06 -- INFO -- Udapted solved Node 	Move name: GYUSQHGUWBBSRO-UHFFFAOYSA-N-rxnAdd178_cpd07105_6_6-1/ Biological score : 4.02/ Chemical score: 0.79
	Count: 1/ Score : 0/ Children: 0/ Terminal : True
	|AEMOLEFTQBMNLQ-UHFFFAOYSA-N- solved|KYQZWONCHDNPDP-UHFFFAOYSA-N- solved| for the first time at iteration 2
17/07/2021 12:29:06 -- INFO -- Adding a child with move GYUSQHGUWBBSRO-UHFFFAOYSA-N-MNXR111322_MNXM3076_6-1 to node 
Count: 3/ Score : 7.33/ Children: 3/ Terminal : False
|Daidzin_4'-O-glucuronide|
17/07/2021 12:29:06 -- INFO -- Pathway is found at iteration 4
17/07/2021 12:29:06 -- INFO -- Udapted solved Node 	Move name: GYUSQHGUWBBSRO-UHFFFAOYSA-N-MNXR122280_MNXM10430_8-0/ Biological score : 1.92/ Chemical score: 0.65
	Count: 1/ Score : 0/ Children: 0/ Terminal : True
	|ATUYSKUVHUPXBV-UHFFFAOYSA-N|HSCJRCZFDFQWRP-UHFFFAOYSA-N- solved| for the first time at iteration 4
17/07/2021 12:29:06 -- INFO -- Pathway is found at iteration 6
17/07/2021 12:29:06 -- INFO -- Udapted solved Node 	Move name: GYUSQHGUWBBSRO-UHFFFAOYSA-N-MNXR111322_MNXM3076_6-1/ Biological score : 0.48/ Chemical score: 0.77
	Count: 1/ Score : 0/ Children: 0/ Terminal : True
	|HDYANYHVCAPMJV-UHFFFAOYSA-N- solved|KYQZWONCHDNPDP-UHFFFAOYSA-N- solved| for the first time at iteration 6
17/07/2021 12:29:07 -- INFO -- Performing iteration 100 out of 1000
17/07/2021 12:29:08 -- INFO -- Performing iteration 200 out of 1000
17/07/2021 12:29:10 -- INFO -- Performing iteration 300 out of 1000
17/07/2021 12:29:11 -- INFO -- Performing iteration 400 out of 1000
17/07/2021 12:29:13 -- INFO -- Performing iteration 500 out of 1000
17/07/2021 12:29:14 -- INFO -- Performing iteration 600 out of 1000
17/07/2021 12:29:16 -- INFO -- Performing iteration 700 out of 1000
17/07/2021 12:29:17 -- INFO -- Performing iteration 800 out of 1000
17/07/2021 12:29:19 -- INFO -- Performing iteration 900 out of 1000
17/07/2021 12:29:20 -- INFO -- ---------------End of search informations------------------ 
Tree search finished running at 12h 29min 20s 
Your tree search took 1.7e+01s 
 
Time was spent in selection: 3.5e-02s, expansion: 2.3e+00s, rollout: 0.0e+00s, update: 1.3e-01s 
CONGRATULATIONS, THATS A WIN
17/07/2021 12:29:20 -- INFO -- At the end of this tree search, the cache contains 0
17/07/2021 12:29:20 -- WARNING -- RECAP TIME_EXECUTION=16.98
17/07/2021 12:29:20 -- WARNING -- RECAP STOP_REASON=iteration
17/07/2021 12:29:20 -- WARNING -- RECAP NUMBER_ITERATION=999
17/07/2021 12:29:20 -- INFO -- According to Wikipedia, choosing the pathway with the most visists 
 This could be replaced by the best score
17/07/2021 12:29:20 -- INFO -- Found 4 pathways for Daidzin_4'-O-glucuronide
17/07/2021 12:29:20 -- INFO -- 4 pathways were found
17/07/2021 12:29:20 -- INFO -- At the end of this tree search, the cache contains 0
