18/07/2021 05:43:56 -- WARNING -- Setting the seed at 1234
18/07/2021 05:43:57 -- INFO -- Stating global parameters from configuration file
18/07/2021 05:43:57 -- INFO -- Using retrosynthesis: False - using biosensor True
18/07/2021 05:43:57 -- INFO -- Full search - no stopping at first result
18/07/2021 05:43:57 -- INFO -- Setting the DB from config file: Installed package: True. Using cache DB: False; Replacing results: False
18/07/2021 05:43:57 -- INFO -- Initialising an empty cache: {}; Using it: False
18/07/2021 05:43:57 -- INFO -- -------------------Scoring configurations -------------------------
18/07/2021 05:43:57 -- INFO -- Using biological cut off at 0.1
18/07/2021 05:43:57 -- INFO -- Using substrate only cut off at 0.6
18/07/2021 05:43:57 -- INFO -- Using chemical score cut off at 0.6
18/07/2021 05:43:57 -- INFO -- -------------------MCTS configurations -------------------------
18/07/2021 05:43:57 -- INFO -- Setting the minimal visit count for a node at 1
18/07/2021 05:43:57 -- INFO -- Using RAVE: False
18/07/2021 05:43:57 -- INFO -- -------------------Chemical configurations -------------------------
18/07/2021 05:43:57 -- INFO -- Using explicit hydrogens : True
18/07/2021 05:43:57 -- INFO -- Using detectable compounds as sink as running in biosensor mode.
18/07/2021 05:43:57 -- INFO -- Main layer was set to True. Sanitising state
18/07/2021 05:44:20 -- INFO -- Main layer was set to True. Sanitising state
18/07/2021 05:44:20 -- INFO -- Starting move obtention process with compound 4-Hydroxy-3,5,4'-trimethoxystilbene ([H]Oc1c(OC([H])([H])[H])c([H])c(C([H])=C([H])c2c([H])c([H])c(OC([H])([H])[H])c([H])c2[H])c([H])c1OC([H])([H])[H]) at 1626579860.0849993
18/07/2021 05:44:20 -- INFO -- 222 available rules
18/07/2021 05:44:22 -- INFO -- For compound 4-Hydroxy-3,5,4'-trimethoxystilbene, matching moves are [KRJGXNAUJLJILU-UHFFFAOYSA-N-rxnAdd221_cpd90018_4_6-0, KRJGXNAUJLJILU-UHFFFAOYSA-N-MNXR113505_MNXM982_6-0, KRJGXNAUJLJILU-UHFFFAOYSA-N-MNXR110925_MNXM4623_6-0, KRJGXNAUJLJILU-UHFFFAOYSA-N-MNXR106353_MNXM4316_6-0, KRJGXNAUJLJILU-UHFFFAOYSA-N-MNXR105212_MNXM982_6-0]
18/07/2021 05:44:22 -- INFO -- Calculated moves in 2.262856960296631 for compound KRJGXNAUJLJILU-UHFFFAOYSA-N - without caching
18/07/2021 05:44:22 -- INFO -- ---------------Beginning of search informations------------------ 
UCT policy is : Biochemical_UCT_1 
Rollout policy is : Rollout_policy_random_uniform_on_biochemical_multiplication_score 
Rewarding policy is : Penalty is -1 and full state reward is 2 
Maximum number of iterations 1000 
Tree search started running at 5h 44min 22s 
Your tree search is currently running ... 
 

18/07/2021 05:44:22 -- INFO -- Performing iteration 0 out of 1000
18/07/2021 05:44:22 -- INFO -- Adding a child with move KRJGXNAUJLJILU-UHFFFAOYSA-N-rxnAdd221_cpd90018_4_6-0 to node 
Count: 0/ Score : 0/ Children: 0/ Terminal : False
|4-Hydroxy-3,5,4'-trimethoxystilbene|
18/07/2021 05:44:22 -- INFO -- Starting move obtention process with compound LQUCKZYGJBLADR-UHFFFAOYSA-N ([H]Oc1c(OC([H])([H])[H])c([H])c(C([H])([H])C([H])([H])c2c([H])c([H])c(OC([H])([H])[H])c([H])c2[H])c([H])c1OC([H])([H])[H]) at 1626579862.425866
18/07/2021 05:44:22 -- INFO -- 72 available rules
18/07/2021 05:44:23 -- INFO -- For compound LQUCKZYGJBLADR-UHFFFAOYSA-N, matching moves are [LQUCKZYGJBLADR-UHFFFAOYSA-N-rxnAdd221_r_1_cpd90013_4_6-0, LQUCKZYGJBLADR-UHFFFAOYSA-N-MNXR106709_MNXM5776_6-0, LQUCKZYGJBLADR-UHFFFAOYSA-N-MNXR118545_MNXM6823_6-0]
18/07/2021 05:44:23 -- INFO -- Calculated moves in 1.439159870147705 for compound LQUCKZYGJBLADR-UHFFFAOYSA-N - without caching
18/07/2021 05:44:23 -- INFO -- Starting move obtention process with compound LQUCKZYGJBLADR-UHFFFAOYSA-N ([H]Oc1c(OC([H])([H])[H])c([H])c(C([H])([H])C([H])([H])c2c([H])c([H])c(OC([H])([H])[H])c([H])c2[H])c([H])c1OC([H])([H])[H]) at 1626579863.8911028
18/07/2021 05:44:24 -- INFO -- 69 available rules
18/07/2021 05:44:24 -- INFO -- For compound LQUCKZYGJBLADR-UHFFFAOYSA-N, matching moves are [LQUCKZYGJBLADR-UHFFFAOYSA-N-rxnAdd218_r_1_cpd90014_4_6-0]
18/07/2021 05:44:24 -- INFO -- Calculated moves in 1.1057994365692139 for compound LQUCKZYGJBLADR-UHFFFAOYSA-N - without caching
18/07/2021 05:44:25 -- INFO -- Starting move obtention process with compound GPRLSGONYQIRFK-UHFFFAOYSA-N ([H+]) at 1626579865.0490775
18/07/2021 05:44:25 -- INFO -- 0 available rules
18/07/2021 05:44:25 -- INFO -- For compound GPRLSGONYQIRFK-UHFFFAOYSA-N, matching moves are []
18/07/2021 05:44:25 -- INFO -- Calculated moves in 0.35813450813293457 for compound GPRLSGONYQIRFK-UHFFFAOYSA-N - without caching
18/07/2021 05:44:25 -- INFO -- Starting move obtention process with compound KRJGXNAUJLJILU-UHFFFAOYSA-N ([H]Oc1c(OC([H])([H])[H])c([H])c(C([H])=C([H])c2c([H])c([H])c(OC([H])([H])[H])c([H])c2[H])c([H])c1OC([H])([H])[H]) at 1626579865.417427
18/07/2021 05:44:25 -- INFO -- 222 available rules
18/07/2021 05:44:27 -- INFO -- For compound KRJGXNAUJLJILU-UHFFFAOYSA-N, matching moves are [KRJGXNAUJLJILU-UHFFFAOYSA-N-rxnAdd221_cpd90018_4_6-0, KRJGXNAUJLJILU-UHFFFAOYSA-N-MNXR113505_MNXM982_6-0, KRJGXNAUJLJILU-UHFFFAOYSA-N-MNXR110925_MNXM4623_6-0, KRJGXNAUJLJILU-UHFFFAOYSA-N-MNXR106353_MNXM4316_6-0, KRJGXNAUJLJILU-UHFFFAOYSA-N-MNXR105212_MNXM982_6-0]
18/07/2021 05:44:27 -- INFO -- Calculated moves in 2.0829355716705322 for compound KRJGXNAUJLJILU-UHFFFAOYSA-N - without caching
18/07/2021 05:44:27 -- INFO -- Starting move obtention process with compound GPRLSGONYQIRFK-UHFFFAOYSA-N ([H+]) at 1626579867.525009
18/07/2021 05:44:27 -- INFO -- 0 available rules
18/07/2021 05:44:27 -- INFO -- For compound GPRLSGONYQIRFK-UHFFFAOYSA-N, matching moves are []
18/07/2021 05:44:27 -- INFO -- Calculated moves in 0.32781434059143066 for compound GPRLSGONYQIRFK-UHFFFAOYSA-N - without caching
18/07/2021 05:44:27 -- INFO -- Starting move obtention process with compound LQUCKZYGJBLADR-UHFFFAOYSA-N ([H]Oc1c(OC([H])([H])[H])c([H])c(C([H])([H])C([H])([H])c2c([H])c([H])c(OC([H])([H])[H])c([H])c2[H])c([H])c1OC([H])([H])[H]) at 1626579867.8608205
18/07/2021 05:44:28 -- INFO -- 72 available rules
18/07/2021 05:44:29 -- INFO -- For compound LQUCKZYGJBLADR-UHFFFAOYSA-N, matching moves are [LQUCKZYGJBLADR-UHFFFAOYSA-N-rxnAdd221_r_1_cpd90013_4_6-0, LQUCKZYGJBLADR-UHFFFAOYSA-N-MNXR106709_MNXM5776_6-0, LQUCKZYGJBLADR-UHFFFAOYSA-N-MNXR118545_MNXM6823_6-0]
18/07/2021 05:44:29 -- INFO -- Calculated moves in 1.361473798751831 for compound LQUCKZYGJBLADR-UHFFFAOYSA-N - without caching
18/07/2021 05:44:29 -- INFO -- Starting move obtention process with compound GPRLSGONYQIRFK-UHFFFAOYSA-N ([H+]) at 1626579869.2472715
18/07/2021 05:44:29 -- INFO -- 0 available rules
18/07/2021 05:44:29 -- INFO -- For compound GPRLSGONYQIRFK-UHFFFAOYSA-N, matching moves are []
18/07/2021 05:44:29 -- INFO -- Calculated moves in 0.3354151248931885 for compound GPRLSGONYQIRFK-UHFFFAOYSA-N - without caching
18/07/2021 05:44:29 -- INFO -- Starting move obtention process with compound KRJGXNAUJLJILU-UHFFFAOYSA-N ([H]Oc1c(OC([H])([H])[H])c([H])c(C([H])=C([H])c2c([H])c([H])c(OC([H])([H])[H])c([H])c2[H])c([H])c1OC([H])([H])[H]) at 1626579869.5914252
18/07/2021 05:44:29 -- INFO -- 222 available rules
18/07/2021 05:44:31 -- INFO -- For compound KRJGXNAUJLJILU-UHFFFAOYSA-N, matching moves are [KRJGXNAUJLJILU-UHFFFAOYSA-N-rxnAdd221_cpd90018_4_6-0, KRJGXNAUJLJILU-UHFFFAOYSA-N-MNXR113505_MNXM982_6-0, KRJGXNAUJLJILU-UHFFFAOYSA-N-MNXR110925_MNXM4623_6-0, KRJGXNAUJLJILU-UHFFFAOYSA-N-MNXR106353_MNXM4316_6-0, KRJGXNAUJLJILU-UHFFFAOYSA-N-MNXR105212_MNXM982_6-0]
18/07/2021 05:44:31 -- INFO -- Calculated moves in 2.1732563972473145 for compound KRJGXNAUJLJILU-UHFFFAOYSA-N - without caching
18/07/2021 05:44:31 -- INFO -- Rollout results are -1, False
18/07/2021 05:44:31 -- INFO -- Adding a child with move KRJGXNAUJLJILU-UHFFFAOYSA-N-MNXR113505_MNXM982_6-0 to node 
Count: 1/ Score : -1.0/ Children: 1/ Terminal : False
|4-Hydroxy-3,5,4'-trimethoxystilbene|
18/07/2021 05:44:31 -- INFO -- Starting move obtention process with compound GVIQGKKSVGQGKX-UHFFFAOYSA-N ([H]Oc1c([H])c(C([H])=C([H])c2c([H])c([H])c(OC([H])([H])[H])c([H])c2[H])c([H])c(OC([H])([H])[H])c1O[H]) at 1626579871.876489
18/07/2021 05:44:32 -- INFO -- 229 available rules
18/07/2021 05:44:34 -- INFO -- For compound GVIQGKKSVGQGKX-UHFFFAOYSA-N, matching moves are [GVIQGKKSVGQGKX-UHFFFAOYSA-N-rxnAdd221_cpd90018_4_6-0, GVIQGKKSVGQGKX-UHFFFAOYSA-N-MNXR131459_MNXM5776_6-0, GVIQGKKSVGQGKX-UHFFFAOYSA-N-MNXR113505_MNXM982_6-0, GVIQGKKSVGQGKX-UHFFFAOYSA-N-MNXR112705_MNXM2329_6-0, GVIQGKKSVGQGKX-UHFFFAOYSA-N-MNXR112307_MNXM3954_6-0, GVIQGKKSVGQGKX-UHFFFAOYSA-N-MNXR110925_MNXM4623_6-0, GVIQGKKSVGQGKX-UHFFFAOYSA-N-MNXR106353_MNXM4316_6-0, GVIQGKKSVGQGKX-UHFFFAOYSA-N-MNXR105212_MNXM982_6-0]
18/07/2021 05:44:34 -- INFO -- Calculated moves in 2.1919376850128174 for compound GVIQGKKSVGQGKX-UHFFFAOYSA-N - without caching
18/07/2021 05:44:34 -- INFO -- Starting move obtention process with compound LQUCKZYGJBLADR-UHFFFAOYSA-N ([H]Oc1c(OC([H])([H])[H])c([H])c(C([H])([H])C([H])([H])c2c([H])c([H])c(OC([H])([H])[H])c([H])c2[H])c([H])c1OC([H])([H])[H]) at 1626579874.1119344
18/07/2021 05:44:34 -- INFO -- 71 available rules
18/07/2021 05:44:35 -- INFO -- For compound LQUCKZYGJBLADR-UHFFFAOYSA-N, matching moves are [LQUCKZYGJBLADR-UHFFFAOYSA-N-rxnAdd221_r_1_cpd90013_4_6-0, LQUCKZYGJBLADR-UHFFFAOYSA-N-MNXR106709_MNXM5776_6-0, LQUCKZYGJBLADR-UHFFFAOYSA-N-MNXR118545_MNXM6823_6-0]
18/07/2021 05:44:35 -- INFO -- Calculated moves in 1.240354299545288 for compound LQUCKZYGJBLADR-UHFFFAOYSA-N - without caching
18/07/2021 05:44:35 -- INFO -- Starting move obtention process with compound DLRAWGGINAZULN-UHFFFAOYSA-N ([H]Oc1c([H])c([H])c(C([H])([H])C([H])([H])c2c([H])c(OC([H])([H])[H])c(O[H])c(OC([H])([H])[H])c2[H])c([H])c1[H]) at 1626579875.3875942
18/07/2021 05:44:35 -- INFO -- 72 available rules
18/07/2021 05:44:36 -- INFO -- For compound DLRAWGGINAZULN-UHFFFAOYSA-N, matching moves are [DLRAWGGINAZULN-UHFFFAOYSA-N-rxnAdd221_r_1_cpd90013_4_6-0, DLRAWGGINAZULN-UHFFFAOYSA-N-MNXR122587_MNXM10055_6-0, DLRAWGGINAZULN-UHFFFAOYSA-N-MNXR106709_MNXM5776_6-0]
18/07/2021 05:44:36 -- INFO -- Calculated moves in 1.2433428764343262 for compound DLRAWGGINAZULN-UHFFFAOYSA-N - without caching
18/07/2021 05:44:36 -- INFO -- Rollout results are 2, True
18/07/2021 05:44:36 -- INFO -- Udapted solved Node 	Move name: KRJGXNAUJLJILU-UHFFFAOYSA-N-rxnAdd221_cpd90018_4_6-0/ Biological score : 4.02/ Chemical score: 0.62
	Count: 2/ Score : -1.0/ Children: 0/ Terminal : False
	|LQUCKZYGJBLADR-UHFFFAOYSA-N| for the first time at iteration 1
18/07/2021 05:44:36 -- INFO -- Udapted solved Node Count: 2/ Score : -1.0/ Children: 2/ Terminal : False
|4-Hydroxy-3,5,4'-trimethoxystilbene| for the first time at iteration 1
18/07/2021 05:44:36 -- INFO -- Adding a child with move KRJGXNAUJLJILU-UHFFFAOYSA-N-MNXR110925_MNXM4623_6-0 to node 
Count: 2/ Score : 0.5/ Children: 2/ Terminal : False
|4-Hydroxy-3,5,4'-trimethoxystilbene|
18/07/2021 05:44:36 -- INFO -- Starting move obtention process with compound GVIQGKKSVGQGKX-UHFFFAOYSA-N ([H]Oc1c([H])c(C([H])=C([H])c2c([H])c([H])c(OC([H])([H])[H])c([H])c2[H])c([H])c(OC([H])([H])[H])c1O[H]) at 1626579876.757308
18/07/2021 05:44:37 -- INFO -- 229 available rules
18/07/2021 05:44:38 -- INFO -- For compound GVIQGKKSVGQGKX-UHFFFAOYSA-N, matching moves are [GVIQGKKSVGQGKX-UHFFFAOYSA-N-rxnAdd221_cpd90018_4_6-0, GVIQGKKSVGQGKX-UHFFFAOYSA-N-MNXR131459_MNXM5776_6-0, GVIQGKKSVGQGKX-UHFFFAOYSA-N-MNXR113505_MNXM982_6-0, GVIQGKKSVGQGKX-UHFFFAOYSA-N-MNXR112705_MNXM2329_6-0, GVIQGKKSVGQGKX-UHFFFAOYSA-N-MNXR112307_MNXM3954_6-0, GVIQGKKSVGQGKX-UHFFFAOYSA-N-MNXR110925_MNXM4623_6-0, GVIQGKKSVGQGKX-UHFFFAOYSA-N-MNXR106353_MNXM4316_6-0, GVIQGKKSVGQGKX-UHFFFAOYSA-N-MNXR105212_MNXM982_6-0]
18/07/2021 05:44:38 -- INFO -- Calculated moves in 2.0211098194122314 for compound GVIQGKKSVGQGKX-UHFFFAOYSA-N - without caching
18/07/2021 05:44:38 -- INFO -- Pathway is found at iteration 2
18/07/2021 05:44:38 -- INFO -- Udapted solved Node 	Move name: KRJGXNAUJLJILU-UHFFFAOYSA-N-MNXR113505_MNXM982_6-0/ Biological score : 1.95/ Chemical score: 0.62
	Count: 1/ Score : 0/ Children: 0/ Terminal : True
	|GVIQGKKSVGQGKX-UHFFFAOYSA-N|ZNOVTXRBGFNYRX-UHFFFAOYSA-N- solved| for the first time at iteration 2
18/07/2021 05:44:38 -- INFO -- Adding a child with move KRJGXNAUJLJILU-UHFFFAOYSA-N-MNXR106353_MNXM4316_6-0 to node 
Count: 3/ Score : 3.67/ Children: 3/ Terminal : False
|4-Hydroxy-3,5,4'-trimethoxystilbene|
18/07/2021 05:44:38 -- INFO -- Starting move obtention process with compound KCDXJAYRVLXPFO-UHFFFAOYSA-N ([H]Oc1c(OC([H])([H])[H])c([H])c(C([H])=O)c([H])c1OC([H])([H])[H]) at 1626579878.8982005
18/07/2021 05:44:39 -- INFO -- 181 available rules
18/07/2021 05:44:40 -- INFO -- For compound KCDXJAYRVLXPFO-UHFFFAOYSA-N, matching moves are [KCDXJAYRVLXPFO-UHFFFAOYSA-N-rxnAdd163_r_1_cpd00561_4_6-0, KCDXJAYRVLXPFO-UHFFFAOYSA-N-MNXR108903_MNXM2607_6-0, KCDXJAYRVLXPFO-UHFFFAOYSA-N-MNXR112705_MNXM12975_6-0, KCDXJAYRVLXPFO-UHFFFAOYSA-N-MNXR122528_MNXM754_6-0, KCDXJAYRVLXPFO-UHFFFAOYSA-N-MNXR105210_MNXM2779_6-0, KCDXJAYRVLXPFO-UHFFFAOYSA-N-MNXR99474_MNXM754_6-0, KCDXJAYRVLXPFO-UHFFFAOYSA-N-MNXR109827_MNXM754_6-0, KCDXJAYRVLXPFO-UHFFFAOYSA-N-MNXR106353_MNXM754_6-0, KCDXJAYRVLXPFO-UHFFFAOYSA-N-MNXR105212_MNXM982_6-0]
18/07/2021 05:44:40 -- INFO -- Calculated moves in 2.0764596462249756 for compound KCDXJAYRVLXPFO-UHFFFAOYSA-N - without caching
18/07/2021 05:44:40 -- INFO -- Starting move obtention process with compound ZRSNZINYAWTAHE-UHFFFAOYSA-N ([H]C(=O)c1c([H])c([H])c(OC([H])([H])[H])c([H])c1[H]) at 1626579880.9942935
18/07/2021 05:44:41 -- INFO -- 66 available rules
18/07/2021 05:44:41 -- INFO -- For compound ZRSNZINYAWTAHE-UHFFFAOYSA-N, matching moves are [ZRSNZINYAWTAHE-UHFFFAOYSA-N-rxnAdd163_r_1_cpd00561_4_6-0, ZRSNZINYAWTAHE-UHFFFAOYSA-N-MNXR110614_MNXM577_6-0, ZRSNZINYAWTAHE-UHFFFAOYSA-N-MNXR108903_MNXM2607_6-0, ZRSNZINYAWTAHE-UHFFFAOYSA-N-MNXR107658_MNXM577_6-0, ZRSNZINYAWTAHE-UHFFFAOYSA-N-MNXR118066_MNXM577_10-0, ZRSNZINYAWTAHE-UHFFFAOYSA-N-MNXR117216_MNXM577_8-0, ZRSNZINYAWTAHE-UHFFFAOYSA-N-MNXR118194_MNXM577_8-0, ZRSNZINYAWTAHE-UHFFFAOYSA-N-MNXR105208_MNXM754_6-0, ZRSNZINYAWTAHE-UHFFFAOYSA-N-MNXR107657_MNXM577_8-0, ZRSNZINYAWTAHE-UHFFFAOYSA-N-MNXR99474_MNXM754_6-0]
18/07/2021 05:44:41 -- INFO -- Calculated moves in 0.9077191352844238 for compound ZRSNZINYAWTAHE-UHFFFAOYSA-N - without caching
18/07/2021 05:44:41 -- INFO -- Adding a child with move KRJGXNAUJLJILU-UHFFFAOYSA-N-MNXR105212_MNXM982_6-0 to node 
Count: 4/ Score : 3.25/ Children: 4/ Terminal : False
|4-Hydroxy-3,5,4'-trimethoxystilbene|
18/07/2021 05:44:42 -- INFO -- Starting move obtention process with compound GVIQGKKSVGQGKX-UHFFFAOYSA-N ([H]Oc1c([H])c(C([H])=C([H])c2c([H])c([H])c(OC([H])([H])[H])c([H])c2[H])c([H])c(OC([H])([H])[H])c1O[H]) at 1626579882.0052128
18/07/2021 05:44:42 -- INFO -- 229 available rules
18/07/2021 05:44:43 -- INFO -- For compound GVIQGKKSVGQGKX-UHFFFAOYSA-N, matching moves are [GVIQGKKSVGQGKX-UHFFFAOYSA-N-rxnAdd221_cpd90018_4_6-0, GVIQGKKSVGQGKX-UHFFFAOYSA-N-MNXR131459_MNXM5776_6-0, GVIQGKKSVGQGKX-UHFFFAOYSA-N-MNXR113505_MNXM982_6-0, GVIQGKKSVGQGKX-UHFFFAOYSA-N-MNXR112705_MNXM2329_6-0, GVIQGKKSVGQGKX-UHFFFAOYSA-N-MNXR112307_MNXM3954_6-0, GVIQGKKSVGQGKX-UHFFFAOYSA-N-MNXR110925_MNXM4623_6-0, GVIQGKKSVGQGKX-UHFFFAOYSA-N-MNXR106353_MNXM4316_6-0, GVIQGKKSVGQGKX-UHFFFAOYSA-N-MNXR105212_MNXM982_6-0]
18/07/2021 05:44:43 -- INFO -- Calculated moves in 1.863469123840332 for compound GVIQGKKSVGQGKX-UHFFFAOYSA-N - without caching
18/07/2021 05:44:43 -- INFO -- Starting move obtention process with compound XLYOFNOQVPJJNP-UHFFFAOYSA-N ([H]O[H]) at 1626579883.8987195
18/07/2021 05:44:44 -- INFO -- 0 available rules
18/07/2021 05:44:44 -- INFO -- For compound XLYOFNOQVPJJNP-UHFFFAOYSA-N, matching moves are []
18/07/2021 05:44:44 -- INFO -- Calculated moves in 0.346515417098999 for compound XLYOFNOQVPJJNP-UHFFFAOYSA-N - without caching
18/07/2021 05:44:44 -- INFO -- Pathway is found at iteration 4
18/07/2021 05:44:44 -- INFO -- Udapted solved Node 	Move name: KRJGXNAUJLJILU-UHFFFAOYSA-N-MNXR110925_MNXM4623_6-0/ Biological score : 1.11/ Chemical score: 0.66
	Count: 1/ Score : 0/ Children: 0/ Terminal : True
	|GVIQGKKSVGQGKX-UHFFFAOYSA-N|MEFKEPWMEQBLKI-UHFFFAOYSA-O- solved| for the first time at iteration 4
18/07/2021 05:44:44 -- INFO -- Adding a child with move KCDXJAYRVLXPFO-UHFFFAOYSA-N-rxnAdd163_r_1_cpd00561_4_6-0 to node 
	Move name: KRJGXNAUJLJILU-UHFFFAOYSA-N-MNXR106353_MNXM4316_6-0/ Biological score : 0.3/ Chemical score: 0.89
	Count: 0/ Score : 0/ Children: 0/ Terminal : False
	|KCDXJAYRVLXPFO-UHFFFAOYSA-N|ZRSNZINYAWTAHE-UHFFFAOYSA-N|
18/07/2021 05:44:44 -- INFO -- Starting move obtention process with compound XLYOFNOQVPJJNP-UHFFFAOYSA-N ([H]O[H]) at 1626579884.4003758
18/07/2021 05:44:44 -- INFO -- 0 available rules
18/07/2021 05:44:44 -- INFO -- For compound XLYOFNOQVPJJNP-UHFFFAOYSA-N, matching moves are []
18/07/2021 05:44:44 -- INFO -- Calculated moves in 0.32384467124938965 for compound XLYOFNOQVPJJNP-UHFFFAOYSA-N - without caching
18/07/2021 05:44:44 -- INFO -- Starting move obtention process with compound ZRSNZINYAWTAHE-UHFFFAOYSA-N ([H]C(=O)c1c([H])c([H])c(OC([H])([H])[H])c([H])c1[H]) at 1626579884.7337525
18/07/2021 05:44:45 -- INFO -- 56 available rules
18/07/2021 05:44:45 -- INFO -- For compound ZRSNZINYAWTAHE-UHFFFAOYSA-N, matching moves are [ZRSNZINYAWTAHE-UHFFFAOYSA-N-MNXR110614_MNXM577_8-0, ZRSNZINYAWTAHE-UHFFFAOYSA-N-MNXR107658_MNXM577_8-0, ZRSNZINYAWTAHE-UHFFFAOYSA-N-MNXR117216_MNXM577_6-0, ZRSNZINYAWTAHE-UHFFFAOYSA-N-MNXR118194_MNXM577_6-0, ZRSNZINYAWTAHE-UHFFFAOYSA-N-MNXR122526_MNXM577_8-0, ZRSNZINYAWTAHE-UHFFFAOYSA-N-MNXR107657_MNXM577_6-0, ZRSNZINYAWTAHE-UHFFFAOYSA-N-MNXR109827_MNXM754_6-0, ZRSNZINYAWTAHE-UHFFFAOYSA-N-MNXR106353_MNXM754_6-0, ZRSNZINYAWTAHE-UHFFFAOYSA-N-MNXR118066_MNXM577_6-0]
18/07/2021 05:44:45 -- INFO -- Calculated moves in 0.7517731189727783 for compound ZRSNZINYAWTAHE-UHFFFAOYSA-N - without caching
18/07/2021 05:44:45 -- INFO -- Pathway is found at iteration 6
18/07/2021 05:44:45 -- INFO -- Udapted solved Node 		Move name: KCDXJAYRVLXPFO-UHFFFAOYSA-N-rxnAdd163_r_1_cpd00561_4_6-0/ Biological score : 4.02/ Chemical score: 0.86
		Count: 1/ Score : 0/ Children: 0/ Terminal : True
		|PCMORTLOPMLEFB-UHFFFAOYSA-N- solved|XLYOFNOQVPJJNP-UHFFFAOYSA-N|ZRSNZINYAWTAHE-UHFFFAOYSA-N| for the first time at iteration 6
18/07/2021 05:44:45 -- INFO -- Udapted solved Node 	Move name: KRJGXNAUJLJILU-UHFFFAOYSA-N-MNXR106353_MNXM4316_6-0/ Biological score : 0.3/ Chemical score: 0.89
	Count: 1/ Score : 0/ Children: 1/ Terminal : False
	|KCDXJAYRVLXPFO-UHFFFAOYSA-N|ZRSNZINYAWTAHE-UHFFFAOYSA-N| for the first time at iteration 6
18/07/2021 05:44:45 -- INFO -- Adding a child with move ZRSNZINYAWTAHE-UHFFFAOYSA-N-rxnAdd163_r_1_cpd00561_4_6-0 to node 
	Move name: KRJGXNAUJLJILU-UHFFFAOYSA-N-MNXR106353_MNXM4316_6-0/ Biological score : 0.3/ Chemical score: 0.89
	Count: 1/ Score : 10.0/ Children: 1/ Terminal : False
	|KCDXJAYRVLXPFO-UHFFFAOYSA-N|ZRSNZINYAWTAHE-UHFFFAOYSA-N|
18/07/2021 05:44:45 -- INFO -- Starting move obtention process with compound AFDXODALSZRGIH-UHFFFAOYSA-N ([H]OC(=O)C([H])=C([H])c1c([H])c([H])c(OC([H])([H])[H])c([H])c1[H]) at 1626579885.6857798
18/07/2021 05:44:46 -- INFO -- 202 available rules
18/07/2021 05:44:46 -- INFO -- For compound AFDXODALSZRGIH-UHFFFAOYSA-N, matching moves are [AFDXODALSZRGIH-UHFFFAOYSA-N-rxnAdd163_cpd01059_4_6-0, AFDXODALSZRGIH-UHFFFAOYSA-N-rxnAdd151_r_2_cpd01059_6_6-0, AFDXODALSZRGIH-UHFFFAOYSA-N-rxnAdd98_r_1_cpd00604_4_6-0, AFDXODALSZRGIH-UHFFFAOYSA-N-rxnAdd6_r_3_cpd00604_6_6-0, AFDXODALSZRGIH-UHFFFAOYSA-N-rxnAdd171_r_2_cpd00604_6_6-0, AFDXODALSZRGIH-UHFFFAOYSA-N-rxnAdd170_cpd00604_3_6-0, AFDXODALSZRGIH-UHFFFAOYSA-N-rxnAdd152_r_2_cpd00333_6_6-0, AFDXODALSZRGIH-UHFFFAOYSA-N-rxnAdd1_r_2_cpd00881_6_6-0, AFDXODALSZRGIH-UHFFFAOYSA-N-rxnAdd168_r_1_cpd00881_6_6-0, AFDXODALSZRGIH-UHFFFAOYSA-N-rxnAdd157_r_1_cpd00881_6_6-0]
18/07/2021 05:44:46 -- INFO -- Calculated moves in 0.8927228450775146 for compound AFDXODALSZRGIH-UHFFFAOYSA-N - without caching
18/07/2021 05:44:46 -- INFO -- Starting move obtention process with compound KCDXJAYRVLXPFO-UHFFFAOYSA-N ([H]Oc1c(OC([H])([H])[H])c([H])c(C([H])=O)c([H])c1OC([H])([H])[H]) at 1626579886.5935001
18/07/2021 05:44:47 -- INFO -- 172 available rules
18/07/2021 05:44:48 -- INFO -- For compound KCDXJAYRVLXPFO-UHFFFAOYSA-N, matching moves are [KCDXJAYRVLXPFO-UHFFFAOYSA-N-MNXR112706_MNXM2329_6-0, KCDXJAYRVLXPFO-UHFFFAOYSA-N-MNXR108084_MNXM3287_6-0, KCDXJAYRVLXPFO-UHFFFAOYSA-N-MNXR105208_MNXM754_6-0]
18/07/2021 05:44:48 -- INFO -- Calculated moves in 1.648878574371338 for compound KCDXJAYRVLXPFO-UHFFFAOYSA-N - without caching
18/07/2021 05:44:48 -- INFO -- Starting move obtention process with compound XLYOFNOQVPJJNP-UHFFFAOYSA-N ([H]O[H]) at 1626579888.2587323
18/07/2021 05:44:48 -- INFO -- 0 available rules
18/07/2021 05:44:48 -- INFO -- For compound XLYOFNOQVPJJNP-UHFFFAOYSA-N, matching moves are []
18/07/2021 05:44:48 -- INFO -- Calculated moves in 0.32150983810424805 for compound XLYOFNOQVPJJNP-UHFFFAOYSA-N - without caching
18/07/2021 05:44:48 -- INFO -- Pathway is found at iteration 8
18/07/2021 05:44:48 -- INFO -- Udapted solved Node 	Move name: KRJGXNAUJLJILU-UHFFFAOYSA-N-MNXR105212_MNXM982_6-0/ Biological score : 0.3/ Chemical score: 0.62
	Count: 1/ Score : 0/ Children: 0/ Terminal : True
	|GVIQGKKSVGQGKX-UHFFFAOYSA-N|WSFSSNUMVMOOMR-UHFFFAOYSA-N- solved|XLYOFNOQVPJJNP-UHFFFAOYSA-N| for the first time at iteration 8
18/07/2021 05:44:48 -- INFO -- Looping move in node |LQUCKZYGJBLADR-UHFFFAOYSA-N|-1 for move LQUCKZYGJBLADR-UHFFFAOYSA-N-rxnAdd221_r_1_cpd90013_4_6-0
18/07/2021 05:44:48 -- INFO -- Starting move obtention process with compound LQUCKZYGJBLADR-UHFFFAOYSA-N ([H]Oc1c(OC([H])([H])[H])c([H])c(C([H])([H])C([H])([H])c2c([H])c([H])c(OC([H])([H])[H])c([H])c2[H])c([H])c1OC([H])([H])[H]) at 1626579888.7025363
18/07/2021 05:44:49 -- INFO -- 69 available rules
18/07/2021 05:44:49 -- INFO -- For compound LQUCKZYGJBLADR-UHFFFAOYSA-N, matching moves are [LQUCKZYGJBLADR-UHFFFAOYSA-N-rxnAdd218_r_1_cpd90014_4_6-0]
18/07/2021 05:44:49 -- INFO -- Calculated moves in 0.9682793617248535 for compound LQUCKZYGJBLADR-UHFFFAOYSA-N - without caching
18/07/2021 05:44:49 -- INFO -- Starting move obtention process with compound GPRLSGONYQIRFK-UHFFFAOYSA-N ([H+]) at 1626579889.7146811
18/07/2021 05:44:50 -- INFO -- 0 available rules
18/07/2021 05:44:50 -- INFO -- For compound GPRLSGONYQIRFK-UHFFFAOYSA-N, matching moves are []
18/07/2021 05:44:50 -- INFO -- Calculated moves in 0.33031129837036133 for compound GPRLSGONYQIRFK-UHFFFAOYSA-N - without caching
18/07/2021 05:44:50 -- INFO -- Starting move obtention process with compound KRJGXNAUJLJILU-UHFFFAOYSA-N ([H]Oc1c(OC([H])([H])[H])c([H])c(C([H])=C([H])c2c([H])c([H])c(OC([H])([H])[H])c([H])c2[H])c([H])c1OC([H])([H])[H]) at 1626579890.055764
18/07/2021 05:44:50 -- INFO -- 222 available rules
18/07/2021 05:44:52 -- INFO -- For compound KRJGXNAUJLJILU-UHFFFAOYSA-N, matching moves are [KRJGXNAUJLJILU-UHFFFAOYSA-N-rxnAdd221_cpd90018_4_6-0, KRJGXNAUJLJILU-UHFFFAOYSA-N-MNXR113505_MNXM982_6-0, KRJGXNAUJLJILU-UHFFFAOYSA-N-MNXR110925_MNXM4623_6-0, KRJGXNAUJLJILU-UHFFFAOYSA-N-MNXR106353_MNXM4316_6-0, KRJGXNAUJLJILU-UHFFFAOYSA-N-MNXR105212_MNXM982_6-0]
18/07/2021 05:44:52 -- INFO -- Calculated moves in 1.9931538105010986 for compound KRJGXNAUJLJILU-UHFFFAOYSA-N - without caching
18/07/2021 05:44:52 -- INFO -- Starting move obtention process with compound GPRLSGONYQIRFK-UHFFFAOYSA-N ([H+]) at 1626579892.0743418
18/07/2021 05:44:52 -- INFO -- 0 available rules
18/07/2021 05:44:52 -- INFO -- For compound GPRLSGONYQIRFK-UHFFFAOYSA-N, matching moves are []
18/07/2021 05:44:52 -- INFO -- Calculated moves in 0.3796424865722656 for compound GPRLSGONYQIRFK-UHFFFAOYSA-N - without caching
18/07/2021 05:44:52 -- INFO -- Starting move obtention process with compound GVIQGKKSVGQGKX-UHFFFAOYSA-N ([H]Oc1c([H])c(C([H])=C([H])c2c([H])c([H])c(OC([H])([H])[H])c([H])c2[H])c([H])c(OC([H])([H])[H])c1O[H]) at 1626579892.4746025
18/07/2021 05:44:52 -- INFO -- 229 available rules
18/07/2021 05:44:54 -- INFO -- For compound GVIQGKKSVGQGKX-UHFFFAOYSA-N, matching moves are [GVIQGKKSVGQGKX-UHFFFAOYSA-N-rxnAdd221_cpd90018_4_6-0, GVIQGKKSVGQGKX-UHFFFAOYSA-N-MNXR131459_MNXM5776_6-0, GVIQGKKSVGQGKX-UHFFFAOYSA-N-MNXR113505_MNXM982_6-0, GVIQGKKSVGQGKX-UHFFFAOYSA-N-MNXR112705_MNXM2329_6-0, GVIQGKKSVGQGKX-UHFFFAOYSA-N-MNXR112307_MNXM3954_6-0, GVIQGKKSVGQGKX-UHFFFAOYSA-N-MNXR110925_MNXM4623_6-0, GVIQGKKSVGQGKX-UHFFFAOYSA-N-MNXR106353_MNXM4316_6-0, GVIQGKKSVGQGKX-UHFFFAOYSA-N-MNXR105212_MNXM982_6-0]
18/07/2021 05:44:54 -- INFO -- Calculated moves in 1.801877737045288 for compound GVIQGKKSVGQGKX-UHFFFAOYSA-N - without caching
18/07/2021 05:44:54 -- INFO -- Rollout results are 2, True
18/07/2021 05:44:54 -- INFO -- Adding a child with move LQUCKZYGJBLADR-UHFFFAOYSA-N-MNXR106709_MNXM5776_6-0 to node 
	Move name: KRJGXNAUJLJILU-UHFFFAOYSA-N-rxnAdd221_cpd90018_4_6-0/ Biological score : 4.02/ Chemical score: 0.62
	Count: 3/ Score : 1.0/ Children: 0/ Terminal : False
	|LQUCKZYGJBLADR-UHFFFAOYSA-N|
18/07/2021 05:44:54 -- INFO -- Starting move obtention process with compound QUSGGAWWVBQNLE-UHFFFAOYSA-N ([H]Oc1c([H])c(C([H])([H])C([H])([H])c2c([H])c([H])c(OC([H])([H])[H])c([H])c2[H])c([H])c(OC([H])([H])[H])c1O[H]) at 1626579894.388773
18/07/2021 05:44:54 -- INFO -- 74 available rules
18/07/2021 05:44:55 -- INFO -- For compound QUSGGAWWVBQNLE-UHFFFAOYSA-N, matching moves are [QUSGGAWWVBQNLE-UHFFFAOYSA-N-rxnAdd221_r_1_cpd90013_4_6-0, QUSGGAWWVBQNLE-UHFFFAOYSA-N-MNXR131459_MNXM5776_6-0, QUSGGAWWVBQNLE-UHFFFAOYSA-N-MNXR122844_MNXM11370_6-0, QUSGGAWWVBQNLE-UHFFFAOYSA-N-MNXR106709_MNXM5776_6-0]
18/07/2021 05:44:55 -- INFO -- Calculated moves in 1.261711835861206 for compound QUSGGAWWVBQNLE-UHFFFAOYSA-N - without caching
18/07/2021 05:44:55 -- INFO -- Pathway is found at iteration 11
18/07/2021 05:44:55 -- INFO -- Udapted solved Node 		Move name: LQUCKZYGJBLADR-UHFFFAOYSA-N-MNXR106709_MNXM5776_6-0/ Biological score : 0.7/ Chemical score: 0.63
		Count: 1/ Score : 0/ Children: 0/ Terminal : True
		|MEFKEPWMEQBLKI-UHFFFAOYSA-O- solved|QUSGGAWWVBQNLE-UHFFFAOYSA-N| for the first time at iteration 11
18/07/2021 05:44:55 -- INFO -- Adding a child with move LQUCKZYGJBLADR-UHFFFAOYSA-N-MNXR118545_MNXM6823_6-0 to node 
	Move name: KRJGXNAUJLJILU-UHFFFAOYSA-N-rxnAdd221_cpd90018_4_6-0/ Biological score : 4.02/ Chemical score: 0.62
	Count: 4/ Score : 3.25/ Children: 1/ Terminal : False
	|LQUCKZYGJBLADR-UHFFFAOYSA-N|
18/07/2021 05:44:55 -- INFO -- Starting move obtention process with compound DLRAWGGINAZULN-UHFFFAOYSA-N ([H]Oc1c([H])c([H])c(C([H])([H])C([H])([H])c2c([H])c(OC([H])([H])[H])c(O[H])c(OC([H])([H])[H])c2[H])c([H])c1[H]) at 1626579895.8082635
18/07/2021 05:44:56 -- INFO -- 72 available rules
18/07/2021 05:44:57 -- INFO -- For compound DLRAWGGINAZULN-UHFFFAOYSA-N, matching moves are [DLRAWGGINAZULN-UHFFFAOYSA-N-rxnAdd221_r_1_cpd90013_4_6-0, DLRAWGGINAZULN-UHFFFAOYSA-N-MNXR122587_MNXM10055_6-0, DLRAWGGINAZULN-UHFFFAOYSA-N-MNXR106709_MNXM5776_6-0]
18/07/2021 05:44:57 -- INFO -- Calculated moves in 1.1951336860656738 for compound DLRAWGGINAZULN-UHFFFAOYSA-N - without caching
18/07/2021 05:44:57 -- INFO -- Pathway is found at iteration 13
18/07/2021 05:44:57 -- INFO -- Udapted solved Node 		Move name: LQUCKZYGJBLADR-UHFFFAOYSA-N-MNXR118545_MNXM6823_6-0/ Biological score : 0.7/ Chemical score: 0.61
		Count: 1/ Score : 0/ Children: 0/ Terminal : True
		|DLRAWGGINAZULN-UHFFFAOYSA-N|MEFKEPWMEQBLKI-UHFFFAOYSA-O- solved| for the first time at iteration 13
18/07/2021 05:44:57 -- INFO -- Performing iteration 100 out of 1000
18/07/2021 05:44:58 -- INFO -- Performing iteration 200 out of 1000
18/07/2021 05:44:59 -- INFO -- Adding a child with move ZRSNZINYAWTAHE-UHFFFAOYSA-N-MNXR110614_MNXM577_6-0 to node 
	Move name: KRJGXNAUJLJILU-UHFFFAOYSA-N-MNXR106353_MNXM4316_6-0/ Biological score : 0.3/ Chemical score: 0.89
	Count: 2/ Score : 6.0/ Children: 2/ Terminal : False
	|KCDXJAYRVLXPFO-UHFFFAOYSA-N|ZRSNZINYAWTAHE-UHFFFAOYSA-N|
18/07/2021 05:44:59 -- INFO -- Starting move obtention process with compound KCDXJAYRVLXPFO-UHFFFAOYSA-N ([H]Oc1c(OC([H])([H])[H])c([H])c(C([H])=O)c([H])c1OC([H])([H])[H]) at 1626579899.6282332
18/07/2021 05:44:59 -- INFO -- 178 available rules
18/07/2021 05:45:01 -- INFO -- For compound KCDXJAYRVLXPFO-UHFFFAOYSA-N, matching moves are [KCDXJAYRVLXPFO-UHFFFAOYSA-N-rxnAdd163_r_1_cpd00561_4_6-0, KCDXJAYRVLXPFO-UHFFFAOYSA-N-MNXR108903_MNXM2607_6-0, KCDXJAYRVLXPFO-UHFFFAOYSA-N-MNXR112705_MNXM12975_6-0, KCDXJAYRVLXPFO-UHFFFAOYSA-N-MNXR122528_MNXM754_6-0, KCDXJAYRVLXPFO-UHFFFAOYSA-N-MNXR105210_MNXM2779_6-0, KCDXJAYRVLXPFO-UHFFFAOYSA-N-MNXR99474_MNXM754_6-0, KCDXJAYRVLXPFO-UHFFFAOYSA-N-MNXR109827_MNXM754_6-0, KCDXJAYRVLXPFO-UHFFFAOYSA-N-MNXR106353_MNXM754_6-0, KCDXJAYRVLXPFO-UHFFFAOYSA-N-MNXR105212_MNXM982_6-0]
18/07/2021 05:45:01 -- INFO -- Calculated moves in 1.7304654121398926 for compound KCDXJAYRVLXPFO-UHFFFAOYSA-N - without caching
18/07/2021 05:45:01 -- INFO -- Starting move obtention process with compound KXZPILWBFGYNIZ-UHFFFAOYSA-N ([H]Oc1c([H])c([H])c(C(=C([H])c2c([H])c([H])c(OC([H])([H])[H])c([H])c2[H])C([H])([H])[H])c([H])c1[H]) at 1626579901.3731105
18/07/2021 05:45:01 -- INFO -- 25 available rules
18/07/2021 05:45:02 -- INFO -- For compound KXZPILWBFGYNIZ-UHFFFAOYSA-N, matching moves are [KXZPILWBFGYNIZ-UHFFFAOYSA-N-MNXR110614_MNXM6858_6-0, KXZPILWBFGYNIZ-UHFFFAOYSA-N-MNXR110613_MNXM6858_6-0]
18/07/2021 05:45:02 -- INFO -- Calculated moves in 1.0893609523773193 for compound KXZPILWBFGYNIZ-UHFFFAOYSA-N - without caching
18/07/2021 05:45:02 -- INFO -- Starting move obtention process with compound MYMOFIZGZYHOMD-UHFFFAOYSA-N (O=O) at 1626579902.4773934
18/07/2021 05:45:02 -- INFO -- 0 available rules
18/07/2021 05:45:02 -- INFO -- For compound MYMOFIZGZYHOMD-UHFFFAOYSA-N, matching moves are []
18/07/2021 05:45:02 -- INFO -- Calculated moves in 0.3349013328552246 for compound MYMOFIZGZYHOMD-UHFFFAOYSA-N - without caching
18/07/2021 05:45:02 -- INFO -- Starting move obtention process with compound AFDXODALSZRGIH-UHFFFAOYSA-N ([H]OC(=O)C([H])=C([H])c1c([H])c([H])c(OC([H])([H])[H])c([H])c1[H]) at 1626579902.8269653
18/07/2021 05:45:03 -- INFO -- 192 available rules
18/07/2021 05:45:03 -- INFO -- For compound AFDXODALSZRGIH-UHFFFAOYSA-N, matching moves are [AFDXODALSZRGIH-UHFFFAOYSA-N-rxnAdd151_r_2_cpd01059_5_8-0, AFDXODALSZRGIH-UHFFFAOYSA-N-rxnAdd98_r_1_cpd00604_3_8-0, AFDXODALSZRGIH-UHFFFAOYSA-N-rxnAdd6_r_3_cpd00604_5_8-0, AFDXODALSZRGIH-UHFFFAOYSA-N-rxnAdd171_r_2_cpd00604_5_8-0, AFDXODALSZRGIH-UHFFFAOYSA-N-rxnAdd170_cpd00604_2_8-0, AFDXODALSZRGIH-UHFFFAOYSA-N-rxnAdd156_cpd00881_4_6-0, AFDXODALSZRGIH-UHFFFAOYSA-N-rxnAdd149_r_2_cpd00881_6_6-0, AFDXODALSZRGIH-UHFFFAOYSA-N-rxnAdd152_r_2_cpd00333_5_8-0, AFDXODALSZRGIH-UHFFFAOYSA-N-rxnAdd1_r_2_cpd00881_5_8-0, AFDXODALSZRGIH-UHFFFAOYSA-N-rxnAdd168_r_1_cpd00881_5_8-0]
18/07/2021 05:45:03 -- INFO -- Calculated moves in 0.7866013050079346 for compound AFDXODALSZRGIH-UHFFFAOYSA-N - without caching
18/07/2021 05:45:03 -- INFO -- Starting move obtention process with compound KCDXJAYRVLXPFO-UHFFFAOYSA-N ([H]Oc1c(OC([H])([H])[H])c([H])c(C([H])=O)c([H])c1OC([H])([H])[H]) at 1626579903.6291177
18/07/2021 05:45:03 -- INFO -- 172 available rules
18/07/2021 05:45:05 -- INFO -- For compound KCDXJAYRVLXPFO-UHFFFAOYSA-N, matching moves are [KCDXJAYRVLXPFO-UHFFFAOYSA-N-MNXR112706_MNXM2329_6-0, KCDXJAYRVLXPFO-UHFFFAOYSA-N-MNXR108084_MNXM3287_6-0, KCDXJAYRVLXPFO-UHFFFAOYSA-N-MNXR105208_MNXM754_6-0]
18/07/2021 05:45:05 -- INFO -- Calculated moves in 1.6766173839569092 for compound KCDXJAYRVLXPFO-UHFFFAOYSA-N - without caching
18/07/2021 05:45:05 -- INFO -- Starting move obtention process with compound XLYOFNOQVPJJNP-UHFFFAOYSA-N ([H]O[H]) at 1626579905.3215702
18/07/2021 05:45:05 -- INFO -- 0 available rules
18/07/2021 05:45:05 -- INFO -- For compound XLYOFNOQVPJJNP-UHFFFAOYSA-N, matching moves are []
18/07/2021 05:45:05 -- INFO -- Calculated moves in 0.32457709312438965 for compound XLYOFNOQVPJJNP-UHFFFAOYSA-N - without caching
18/07/2021 05:45:05 -- INFO -- Starting move obtention process with compound KCDXJAYRVLXPFO-UHFFFAOYSA-N ([H]Oc1c(OC([H])([H])[H])c([H])c(C([H])=O)c([H])c1OC([H])([H])[H]) at 1626579905.666235
18/07/2021 05:45:05 -- INFO -- 178 available rules
18/07/2021 05:45:07 -- INFO -- For compound KCDXJAYRVLXPFO-UHFFFAOYSA-N, matching moves are [KCDXJAYRVLXPFO-UHFFFAOYSA-N-rxnAdd163_r_1_cpd00561_4_6-0, KCDXJAYRVLXPFO-UHFFFAOYSA-N-MNXR108903_MNXM2607_6-0, KCDXJAYRVLXPFO-UHFFFAOYSA-N-MNXR112705_MNXM12975_6-0, KCDXJAYRVLXPFO-UHFFFAOYSA-N-MNXR122528_MNXM754_6-0, KCDXJAYRVLXPFO-UHFFFAOYSA-N-MNXR105210_MNXM2779_6-0, KCDXJAYRVLXPFO-UHFFFAOYSA-N-MNXR99474_MNXM754_6-0, KCDXJAYRVLXPFO-UHFFFAOYSA-N-MNXR109827_MNXM754_6-0, KCDXJAYRVLXPFO-UHFFFAOYSA-N-MNXR106353_MNXM754_6-0, KCDXJAYRVLXPFO-UHFFFAOYSA-N-MNXR105212_MNXM982_6-0]
18/07/2021 05:45:07 -- INFO -- Calculated moves in 1.7958769798278809 for compound KCDXJAYRVLXPFO-UHFFFAOYSA-N - without caching
18/07/2021 05:45:07 -- INFO -- Starting move obtention process with compound PUIIZHJCVNOSBV-UHFFFAOYSA-N ([H]OC([H])([H])C1([H])OC([H])(OC(=O)C([H])=C([H])c2c([H])c([H])c(OC([H])([H])[H])c([H])c2[H])C([H])(O[H])C([H])(O[H])C1([H])O[H]) at 1626579907.4774942
18/07/2021 05:45:07 -- INFO -- 142 available rules
18/07/2021 05:45:10 -- INFO -- For compound PUIIZHJCVNOSBV-UHFFFAOYSA-N, matching moves are [PUIIZHJCVNOSBV-UHFFFAOYSA-N-MNXR137911_MNXM163634_6-0, PUIIZHJCVNOSBV-UHFFFAOYSA-N-MNXR137888_MNXM163634_6-0, PUIIZHJCVNOSBV-UHFFFAOYSA-N-rxnAdd152_cpd02561_5_6-0, PUIIZHJCVNOSBV-UHFFFAOYSA-N-MNXR108872_MNXM1616_8-0, PUIIZHJCVNOSBV-UHFFFAOYSA-N-MNXR119315_MNXM1304_8-0, PUIIZHJCVNOSBV-UHFFFAOYSA-N-MNXR119313_MNXM8980_8-0, PUIIZHJCVNOSBV-UHFFFAOYSA-N-MNXR118719_MNXM8980_8-0, PUIIZHJCVNOSBV-UHFFFAOYSA-N-MNXR121891_MNXM7210_12-0]
18/07/2021 05:45:10 -- INFO -- Calculated moves in 2.906633138656616 for compound PUIIZHJCVNOSBV-UHFFFAOYSA-N - without caching
18/07/2021 05:45:10 -- INFO -- Starting move obtention process with compound XLYOFNOQVPJJNP-UHFFFAOYSA-N ([H]O[H]) at 1626579910.403946
18/07/2021 05:45:10 -- INFO -- 0 available rules
18/07/2021 05:45:10 -- INFO -- For compound XLYOFNOQVPJJNP-UHFFFAOYSA-N, matching moves are []
18/07/2021 05:45:10 -- INFO -- Calculated moves in 0.3831620216369629 for compound XLYOFNOQVPJJNP-UHFFFAOYSA-N - without caching
18/07/2021 05:45:10 -- INFO -- Starting move obtention process with compound PUIIZHJCVNOSBV-UHFFFAOYSA-N ([H]OC([H])([H])C1([H])OC([H])(OC(=O)C([H])=C([H])c2c([H])c([H])c(OC([H])([H])[H])c([H])c2[H])C([H])(O[H])C([H])(O[H])C1([H])O[H]) at 1626579910.813861
18/07/2021 05:45:11 -- INFO -- 134 available rules
18/07/2021 05:45:13 -- INFO -- For compound PUIIZHJCVNOSBV-UHFFFAOYSA-N, matching moves are [PUIIZHJCVNOSBV-UHFFFAOYSA-N-MNXR137911_MNXM163634_8-0, PUIIZHJCVNOSBV-UHFFFAOYSA-N-MNXR137888_MNXM163634_8-0, PUIIZHJCVNOSBV-UHFFFAOYSA-N-rxnAdd152_cpd02561_4_8-0, PUIIZHJCVNOSBV-UHFFFAOYSA-N-MNXR108872_MNXM1616_6-0, PUIIZHJCVNOSBV-UHFFFAOYSA-N-MNXR119315_MNXM1304_10-0, PUIIZHJCVNOSBV-UHFFFAOYSA-N-MNXR119313_MNXM8980_14-0, PUIIZHJCVNOSBV-UHFFFAOYSA-N-MNXR118719_MNXM8980_14-0, PUIIZHJCVNOSBV-UHFFFAOYSA-N-MNXR121893_MNXM8469_12-0]
18/07/2021 05:45:13 -- INFO -- Calculated moves in 2.6651222705841064 for compound PUIIZHJCVNOSBV-UHFFFAOYSA-N - without caching
18/07/2021 05:45:13 -- INFO -- Starting move obtention process with compound XLYOFNOQVPJJNP-UHFFFAOYSA-N ([H]O[H]) at 1626579913.4989212
18/07/2021 05:45:13 -- INFO -- 0 available rules
18/07/2021 05:45:13 -- INFO -- For compound XLYOFNOQVPJJNP-UHFFFAOYSA-N, matching moves are []
18/07/2021 05:45:13 -- INFO -- Calculated moves in 0.334606409072876 for compound XLYOFNOQVPJJNP-UHFFFAOYSA-N - without caching
18/07/2021 05:45:13 -- INFO -- Rollout results are 2, True
18/07/2021 05:45:13 -- INFO -- Udapted solved Node 		Move name: ZRSNZINYAWTAHE-UHFFFAOYSA-N-rxnAdd163_r_1_cpd00561_4_6-0/ Biological score : 4.02/ Chemical score: 0.79
		Count: 1/ Score : 0/ Children: 0/ Terminal : False
		|AFDXODALSZRGIH-UHFFFAOYSA-N|KCDXJAYRVLXPFO-UHFFFAOYSA-N|XLYOFNOQVPJJNP-UHFFFAOYSA-N| for the first time at iteration 299
18/07/2021 05:45:13 -- INFO -- Performing iteration 300 out of 1000
18/07/2021 05:45:14 -- INFO -- Performing iteration 400 out of 1000
18/07/2021 05:45:14 -- INFO -- Adding a child with move ZRSNZINYAWTAHE-UHFFFAOYSA-N-MNXR107658_MNXM577_6-0 to node 
	Move name: KRJGXNAUJLJILU-UHFFFAOYSA-N-MNXR106353_MNXM4316_6-0/ Biological score : 0.3/ Chemical score: 0.89
	Count: 3/ Score : 4.67/ Children: 3/ Terminal : False
	|KCDXJAYRVLXPFO-UHFFFAOYSA-N|ZRSNZINYAWTAHE-UHFFFAOYSA-N|
18/07/2021 05:45:14 -- INFO -- Starting move obtention process with compound ITECRQOOEQWFPE-UHFFFAOYSA-N ([H]OC(=O)C([H])(O[H])c1c([H])c([H])c(OC([H])([H])[H])c([H])c1[H]) at 1626579914.9054742
18/07/2021 05:45:15 -- INFO -- 58 available rules
18/07/2021 05:45:15 -- INFO -- For compound ITECRQOOEQWFPE-UHFFFAOYSA-N, matching moves are [ITECRQOOEQWFPE-UHFFFAOYSA-N-MNXR107658_MNXM1301_6-0, ITECRQOOEQWFPE-UHFFFAOYSA-N-MNXR115594_MNXM1301_8-0, ITECRQOOEQWFPE-UHFFFAOYSA-N-MNXR134098_MNXM19188_8-0]
18/07/2021 05:45:15 -- INFO -- Calculated moves in 0.8115174770355225 for compound ITECRQOOEQWFPE-UHFFFAOYSA-N - without caching
18/07/2021 05:45:15 -- INFO -- Starting move obtention process with compound KCDXJAYRVLXPFO-UHFFFAOYSA-N ([H]Oc1c(OC([H])([H])[H])c([H])c(C([H])=O)c([H])c1OC([H])([H])[H]) at 1626579915.7328792
18/07/2021 05:45:16 -- INFO -- 172 available rules
18/07/2021 05:45:17 -- INFO -- For compound KCDXJAYRVLXPFO-UHFFFAOYSA-N, matching moves are [KCDXJAYRVLXPFO-UHFFFAOYSA-N-MNXR112706_MNXM2329_6-0, KCDXJAYRVLXPFO-UHFFFAOYSA-N-MNXR108084_MNXM3287_6-0, KCDXJAYRVLXPFO-UHFFFAOYSA-N-MNXR105208_MNXM754_6-0]
18/07/2021 05:45:17 -- INFO -- Calculated moves in 1.535226583480835 for compound KCDXJAYRVLXPFO-UHFFFAOYSA-N - without caching
18/07/2021 05:45:17 -- INFO -- Starting move obtention process with compound AFDXODALSZRGIH-UHFFFAOYSA-N ([H]OC(=O)C([H])=C([H])c1c([H])c([H])c(OC([H])([H])[H])c([H])c1[H]) at 1626579917.2937803
18/07/2021 05:45:17 -- INFO -- 192 available rules
18/07/2021 05:45:18 -- INFO -- For compound AFDXODALSZRGIH-UHFFFAOYSA-N, matching moves are [AFDXODALSZRGIH-UHFFFAOYSA-N-rxnAdd163_cpd01059_4_6-0, AFDXODALSZRGIH-UHFFFAOYSA-N-rxnAdd151_r_2_cpd01059_6_6-0, AFDXODALSZRGIH-UHFFFAOYSA-N-rxnAdd98_r_1_cpd00604_4_6-0, AFDXODALSZRGIH-UHFFFAOYSA-N-rxnAdd6_r_3_cpd00604_6_6-0, AFDXODALSZRGIH-UHFFFAOYSA-N-rxnAdd171_r_2_cpd00604_6_6-0, AFDXODALSZRGIH-UHFFFAOYSA-N-rxnAdd170_cpd00604_3_6-0, AFDXODALSZRGIH-UHFFFAOYSA-N-rxnAdd152_r_2_cpd00333_6_6-0, AFDXODALSZRGIH-UHFFFAOYSA-N-rxnAdd1_r_2_cpd00881_6_6-0, AFDXODALSZRGIH-UHFFFAOYSA-N-rxnAdd168_r_1_cpd00881_6_6-0, AFDXODALSZRGIH-UHFFFAOYSA-N-rxnAdd157_r_1_cpd00881_6_6-0]
18/07/2021 05:45:18 -- INFO -- Calculated moves in 0.8192925453186035 for compound AFDXODALSZRGIH-UHFFFAOYSA-N - without caching
18/07/2021 05:45:18 -- INFO -- Starting move obtention process with compound KCDXJAYRVLXPFO-UHFFFAOYSA-N ([H]Oc1c(OC([H])([H])[H])c([H])c(C([H])=O)c([H])c1OC([H])([H])[H]) at 1626579918.1350586
18/07/2021 05:45:18 -- INFO -- 178 available rules
18/07/2021 05:45:19 -- INFO -- For compound KCDXJAYRVLXPFO-UHFFFAOYSA-N, matching moves are [KCDXJAYRVLXPFO-UHFFFAOYSA-N-rxnAdd163_r_1_cpd00561_4_6-0, KCDXJAYRVLXPFO-UHFFFAOYSA-N-MNXR108903_MNXM2607_6-0, KCDXJAYRVLXPFO-UHFFFAOYSA-N-MNXR112705_MNXM12975_6-0, KCDXJAYRVLXPFO-UHFFFAOYSA-N-MNXR122528_MNXM754_6-0, KCDXJAYRVLXPFO-UHFFFAOYSA-N-MNXR105210_MNXM2779_6-0, KCDXJAYRVLXPFO-UHFFFAOYSA-N-MNXR99474_MNXM754_6-0, KCDXJAYRVLXPFO-UHFFFAOYSA-N-MNXR109827_MNXM754_6-0, KCDXJAYRVLXPFO-UHFFFAOYSA-N-MNXR106353_MNXM754_6-0, KCDXJAYRVLXPFO-UHFFFAOYSA-N-MNXR105212_MNXM982_6-0]
18/07/2021 05:45:19 -- INFO -- Calculated moves in 1.7525525093078613 for compound KCDXJAYRVLXPFO-UHFFFAOYSA-N - without caching
18/07/2021 05:45:19 -- INFO -- Starting move obtention process with compound XLYOFNOQVPJJNP-UHFFFAOYSA-N ([H]O[H]) at 1626579919.902661
18/07/2021 05:45:20 -- INFO -- 0 available rules
18/07/2021 05:45:20 -- INFO -- For compound XLYOFNOQVPJJNP-UHFFFAOYSA-N, matching moves are []
18/07/2021 05:45:20 -- INFO -- Calculated moves in 0.31029844284057617 for compound XLYOFNOQVPJJNP-UHFFFAOYSA-N - without caching
18/07/2021 05:45:20 -- INFO -- Starting move obtention process with compound KCDXJAYRVLXPFO-UHFFFAOYSA-N ([H]Oc1c(OC([H])([H])[H])c([H])c(C([H])=O)c([H])c1OC([H])([H])[H]) at 1626579920.2318978
18/07/2021 05:45:20 -- INFO -- 172 available rules
18/07/2021 05:45:21 -- INFO -- For compound KCDXJAYRVLXPFO-UHFFFAOYSA-N, matching moves are [KCDXJAYRVLXPFO-UHFFFAOYSA-N-MNXR112706_MNXM2329_6-0, KCDXJAYRVLXPFO-UHFFFAOYSA-N-MNXR108084_MNXM3287_6-0, KCDXJAYRVLXPFO-UHFFFAOYSA-N-MNXR105208_MNXM754_6-0]
18/07/2021 05:45:21 -- INFO -- Calculated moves in 1.5187230110168457 for compound KCDXJAYRVLXPFO-UHFFFAOYSA-N - without caching
18/07/2021 05:45:21 -- INFO -- Starting move obtention process with compound XLYOFNOQVPJJNP-UHFFFAOYSA-N ([H]O[H]) at 1626579921.7664516
18/07/2021 05:45:22 -- INFO -- 0 available rules
18/07/2021 05:45:22 -- INFO -- For compound XLYOFNOQVPJJNP-UHFFFAOYSA-N, matching moves are []
18/07/2021 05:45:22 -- INFO -- Calculated moves in 0.33077359199523926 for compound XLYOFNOQVPJJNP-UHFFFAOYSA-N - without caching
18/07/2021 05:45:22 -- INFO -- Starting move obtention process with compound ZBYGXUKWAMKKNB-UHFFFAOYSA-N ([H]OC(=O)C([H])(OC(=O)C([H])=C([H])c1c([H])c([H])c(OC([H])([H])[H])c([H])c1[H])C([H])(OC(=O)C([H])=C([H])c1c([H])c([H])c(O[H])c(O[H])c1[H])C(=O)O[H]) at 1626579922.1064458
18/07/2021 05:45:22 -- INFO -- 167 available rules
18/07/2021 05:45:23 -- INFO -- For compound ZBYGXUKWAMKKNB-UHFFFAOYSA-N, matching moves are [ZBYGXUKWAMKKNB-UHFFFAOYSA-N-rxnAdd157_cpd07325_6_6-0, ZBYGXUKWAMKKNB-UHFFFAOYSA-N-MNXR121984_MNXM3355_6-0, ZBYGXUKWAMKKNB-UHFFFAOYSA-N-MNXR119313_MNXM120600_6-0, ZBYGXUKWAMKKNB-UHFFFAOYSA-N-MNXR119313_MNXM120600_6-1, ZBYGXUKWAMKKNB-UHFFFAOYSA-N-MNXR112307_MNXM3954_6-0, ZBYGXUKWAMKKNB-UHFFFAOYSA-N-MNXR112307_MNXM3954_6-1]
18/07/2021 05:45:23 -- INFO -- Calculated moves in 1.4991304874420166 for compound ZBYGXUKWAMKKNB-UHFFFAOYSA-N - without caching
18/07/2021 05:45:23 -- INFO -- Starting move obtention process with compound AFDXODALSZRGIH-UHFFFAOYSA-N ([H]OC(=O)C([H])=C([H])c1c([H])c([H])c(OC([H])([H])[H])c([H])c1[H]) at 1626579923.6337187
18/07/2021 05:45:24 -- INFO -- 202 available rules
18/07/2021 05:45:24 -- INFO -- For compound AFDXODALSZRGIH-UHFFFAOYSA-N, matching moves are [AFDXODALSZRGIH-UHFFFAOYSA-N-rxnAdd163_cpd01059_4_6-0, AFDXODALSZRGIH-UHFFFAOYSA-N-rxnAdd151_r_2_cpd01059_6_6-0, AFDXODALSZRGIH-UHFFFAOYSA-N-rxnAdd98_r_1_cpd00604_4_6-0, AFDXODALSZRGIH-UHFFFAOYSA-N-rxnAdd6_r_3_cpd00604_6_6-0, AFDXODALSZRGIH-UHFFFAOYSA-N-rxnAdd171_r_2_cpd00604_6_6-0, AFDXODALSZRGIH-UHFFFAOYSA-N-rxnAdd170_cpd00604_3_6-0, AFDXODALSZRGIH-UHFFFAOYSA-N-rxnAdd152_r_2_cpd00333_6_6-0, AFDXODALSZRGIH-UHFFFAOYSA-N-rxnAdd1_r_2_cpd00881_6_6-0, AFDXODALSZRGIH-UHFFFAOYSA-N-rxnAdd168_r_1_cpd00881_6_6-0, AFDXODALSZRGIH-UHFFFAOYSA-N-rxnAdd157_r_1_cpd00881_6_6-0]
18/07/2021 05:45:24 -- INFO -- Calculated moves in 0.893683671951294 for compound AFDXODALSZRGIH-UHFFFAOYSA-N - without caching
18/07/2021 05:45:24 -- INFO -- Starting move obtention process with compound GPRLSGONYQIRFK-UHFFFAOYSA-N ([H+]) at 1626579924.551215
18/07/2021 05:45:24 -- INFO -- 0 available rules
18/07/2021 05:45:24 -- INFO -- For compound GPRLSGONYQIRFK-UHFFFAOYSA-N, matching moves are []
18/07/2021 05:45:24 -- INFO -- Calculated moves in 0.31915998458862305 for compound GPRLSGONYQIRFK-UHFFFAOYSA-N - without caching
18/07/2021 05:45:24 -- INFO -- Starting move obtention process with compound KCDXJAYRVLXPFO-UHFFFAOYSA-N ([H]Oc1c(OC([H])([H])[H])c([H])c(C([H])=O)c([H])c1OC([H])([H])[H]) at 1626579924.879867
18/07/2021 05:45:25 -- INFO -- 178 available rules
18/07/2021 05:45:26 -- INFO -- For compound KCDXJAYRVLXPFO-UHFFFAOYSA-N, matching moves are [KCDXJAYRVLXPFO-UHFFFAOYSA-N-rxnAdd163_r_1_cpd00561_4_6-0, KCDXJAYRVLXPFO-UHFFFAOYSA-N-MNXR108903_MNXM2607_6-0, KCDXJAYRVLXPFO-UHFFFAOYSA-N-MNXR112705_MNXM12975_6-0, KCDXJAYRVLXPFO-UHFFFAOYSA-N-MNXR122528_MNXM754_6-0, KCDXJAYRVLXPFO-UHFFFAOYSA-N-MNXR105210_MNXM2779_6-0, KCDXJAYRVLXPFO-UHFFFAOYSA-N-MNXR99474_MNXM754_6-0, KCDXJAYRVLXPFO-UHFFFAOYSA-N-MNXR109827_MNXM754_6-0, KCDXJAYRVLXPFO-UHFFFAOYSA-N-MNXR106353_MNXM754_6-0, KCDXJAYRVLXPFO-UHFFFAOYSA-N-MNXR105212_MNXM982_6-0]
18/07/2021 05:45:26 -- INFO -- Calculated moves in 1.6891438961029053 for compound KCDXJAYRVLXPFO-UHFFFAOYSA-N - without caching
18/07/2021 05:45:26 -- INFO -- Starting move obtention process with compound XLYOFNOQVPJJNP-UHFFFAOYSA-N ([H]O[H]) at 1626579926.5829005
18/07/2021 05:45:26 -- INFO -- 0 available rules
18/07/2021 05:45:26 -- INFO -- For compound XLYOFNOQVPJJNP-UHFFFAOYSA-N, matching moves are []
18/07/2021 05:45:26 -- INFO -- Calculated moves in 0.3958897590637207 for compound XLYOFNOQVPJJNP-UHFFFAOYSA-N - without caching
18/07/2021 05:45:26 -- INFO -- Rollout results are 2, True
18/07/2021 05:45:27 -- INFO -- Performing iteration 500 out of 1000
18/07/2021 05:45:27 -- INFO -- Adding a child with move KCDXJAYRVLXPFO-UHFFFAOYSA-N-MNXR108903_MNXM2607_6-0 to node 
	Move name: KRJGXNAUJLJILU-UHFFFAOYSA-N-MNXR106353_MNXM4316_6-0/ Biological score : 0.3/ Chemical score: 0.89
	Count: 4/ Score : 4.0/ Children: 4/ Terminal : False
	|KCDXJAYRVLXPFO-UHFFFAOYSA-N|ZRSNZINYAWTAHE-UHFFFAOYSA-N|
18/07/2021 05:45:27 -- INFO -- Starting move obtention process with compound QWNBHNWIYJGZEY-UHFFFAOYSA-N ([H]Oc1c(OC([H])([H])[H])c([H])c(C([H])(O[H])C([H])(c2c([H])c([H])c(OC([H])([H])[H])c(OC([H])([H])[H])c2[H])C([H])([H])O[H])c([H])c1OC([H])([H])[H]) at 1626579927.9172528
18/07/2021 05:45:28 -- INFO -- 18 available rules
18/07/2021 05:45:28 -- INFO -- For compound QWNBHNWIYJGZEY-UHFFFAOYSA-N, matching moves are [QWNBHNWIYJGZEY-UHFFFAOYSA-N-MNXR108903_MNXM4936_6-0, QWNBHNWIYJGZEY-UHFFFAOYSA-N-MNXR109187_MNXM6093_6-0, QWNBHNWIYJGZEY-UHFFFAOYSA-N-MNXR109187_MNXM6093_6-1, QWNBHNWIYJGZEY-UHFFFAOYSA-N-MNXR109187_MNXM6093_6-2]
18/07/2021 05:45:28 -- INFO -- Calculated moves in 0.9512858390808105 for compound QWNBHNWIYJGZEY-UHFFFAOYSA-N - without caching
18/07/2021 05:45:28 -- INFO -- Starting move obtention process with compound ZRSNZINYAWTAHE-UHFFFAOYSA-N ([H]C(=O)c1c([H])c([H])c(OC([H])([H])[H])c([H])c1[H]) at 1626579928.8840654
18/07/2021 05:45:29 -- INFO -- 57 available rules
18/07/2021 05:45:29 -- INFO -- For compound ZRSNZINYAWTAHE-UHFFFAOYSA-N, matching moves are [ZRSNZINYAWTAHE-UHFFFAOYSA-N-rxnAdd163_r_1_cpd00561_4_6-0, ZRSNZINYAWTAHE-UHFFFAOYSA-N-MNXR110614_MNXM577_6-0, ZRSNZINYAWTAHE-UHFFFAOYSA-N-MNXR108903_MNXM2607_6-0, ZRSNZINYAWTAHE-UHFFFAOYSA-N-MNXR107658_MNXM577_6-0, ZRSNZINYAWTAHE-UHFFFAOYSA-N-MNXR118066_MNXM577_10-0, ZRSNZINYAWTAHE-UHFFFAOYSA-N-MNXR117216_MNXM577_8-0, ZRSNZINYAWTAHE-UHFFFAOYSA-N-MNXR118194_MNXM577_8-0, ZRSNZINYAWTAHE-UHFFFAOYSA-N-MNXR105208_MNXM754_6-0, ZRSNZINYAWTAHE-UHFFFAOYSA-N-MNXR107657_MNXM577_8-0, ZRSNZINYAWTAHE-UHFFFAOYSA-N-MNXR99474_MNXM754_6-0]
18/07/2021 05:45:29 -- INFO -- Calculated moves in 0.8098056316375732 for compound ZRSNZINYAWTAHE-UHFFFAOYSA-N - without caching
18/07/2021 05:45:29 -- INFO -- Starting move obtention process with compound KCDXJAYRVLXPFO-UHFFFAOYSA-N ([H]Oc1c(OC([H])([H])[H])c([H])c(C([H])=O)c([H])c1OC([H])([H])[H]) at 1626579929.716756
18/07/2021 05:45:30 -- INFO -- 172 available rules
18/07/2021 05:45:31 -- INFO -- For compound KCDXJAYRVLXPFO-UHFFFAOYSA-N, matching moves are [KCDXJAYRVLXPFO-UHFFFAOYSA-N-MNXR112706_MNXM2329_6-0, KCDXJAYRVLXPFO-UHFFFAOYSA-N-MNXR108084_MNXM3287_6-0, KCDXJAYRVLXPFO-UHFFFAOYSA-N-MNXR105208_MNXM754_6-0]
18/07/2021 05:45:31 -- INFO -- Calculated moves in 1.5009500980377197 for compound KCDXJAYRVLXPFO-UHFFFAOYSA-N - without caching
18/07/2021 05:45:31 -- INFO -- Starting move obtention process with compound KXZPILWBFGYNIZ-UHFFFAOYSA-N ([H]Oc1c([H])c([H])c(C(=C([H])c2c([H])c([H])c(OC([H])([H])[H])c([H])c2[H])C([H])([H])[H])c([H])c1[H]) at 1626579931.2379143
18/07/2021 05:45:31 -- INFO -- 23 available rules
18/07/2021 05:45:32 -- INFO -- For compound KXZPILWBFGYNIZ-UHFFFAOYSA-N, matching moves are [KXZPILWBFGYNIZ-UHFFFAOYSA-N-MNXR110614_MNXM6858_8-0, KXZPILWBFGYNIZ-UHFFFAOYSA-N-MNXR110613_MNXM6858_8-0]
18/07/2021 05:45:32 -- INFO -- Calculated moves in 0.8843576908111572 for compound KXZPILWBFGYNIZ-UHFFFAOYSA-N - without caching
18/07/2021 05:45:32 -- INFO -- Starting move obtention process with compound MYMOFIZGZYHOMD-UHFFFAOYSA-N (O=O) at 1626579932.1357167
18/07/2021 05:45:32 -- INFO -- 0 available rules
18/07/2021 05:45:32 -- INFO -- For compound MYMOFIZGZYHOMD-UHFFFAOYSA-N, matching moves are []
18/07/2021 05:45:32 -- INFO -- Calculated moves in 0.3253452777862549 for compound MYMOFIZGZYHOMD-UHFFFAOYSA-N - without caching
18/07/2021 05:45:32 -- INFO -- Starting move obtention process with compound KXZPILWBFGYNIZ-UHFFFAOYSA-N ([H]Oc1c([H])c([H])c(C(=C([H])c2c([H])c([H])c(OC([H])([H])[H])c([H])c2[H])C([H])([H])[H])c([H])c1[H]) at 1626579932.4816415
18/07/2021 05:45:32 -- INFO -- 23 available rules
18/07/2021 05:45:33 -- INFO -- For compound KXZPILWBFGYNIZ-UHFFFAOYSA-N, matching moves are [KXZPILWBFGYNIZ-UHFFFAOYSA-N-MNXR110614_MNXM6858_6-0, KXZPILWBFGYNIZ-UHFFFAOYSA-N-MNXR110613_MNXM6858_6-0]
18/07/2021 05:45:33 -- INFO -- Calculated moves in 0.9006087779998779 for compound KXZPILWBFGYNIZ-UHFFFAOYSA-N - without caching
18/07/2021 05:45:33 -- INFO -- Starting move obtention process with compound MYMOFIZGZYHOMD-UHFFFAOYSA-N (O=O) at 1626579933.3965504
18/07/2021 05:45:33 -- INFO -- 0 available rules
18/07/2021 05:45:33 -- INFO -- For compound MYMOFIZGZYHOMD-UHFFFAOYSA-N, matching moves are []
18/07/2021 05:45:33 -- INFO -- Calculated moves in 0.332660436630249 for compound MYMOFIZGZYHOMD-UHFFFAOYSA-N - without caching
18/07/2021 05:45:33 -- INFO -- Starting move obtention process with compound RRKMWVISRMWBAL-UHFFFAOYSA-N ([H]Oc1c([H])c(C([H])=O)c([H])c(OC([H])([H])[H])c1O[H]) at 1626579933.7408507
18/07/2021 05:45:34 -- INFO -- 230 available rules
18/07/2021 05:45:35 -- INFO -- For compound RRKMWVISRMWBAL-UHFFFAOYSA-N, matching moves are [RRKMWVISRMWBAL-UHFFFAOYSA-N-rxnAdd163_r_1_cpd00561_4_6-0, RRKMWVISRMWBAL-UHFFFAOYSA-N-MNXR108903_MNXM2607_6-0, RRKMWVISRMWBAL-UHFFFAOYSA-N-MNXR112706_MNXM2329_6-0, RRKMWVISRMWBAL-UHFFFAOYSA-N-MNXR112705_MNXM2329_6-0, RRKMWVISRMWBAL-UHFFFAOYSA-N-MNXR131459_MNXM5776_6-0, RRKMWVISRMWBAL-UHFFFAOYSA-N-MNXR112307_MNXM3954_6-0, RRKMWVISRMWBAL-UHFFFAOYSA-N-MNXR122528_MNXM754_6-0, RRKMWVISRMWBAL-UHFFFAOYSA-N-MNXR105210_MNXM2779_6-0, RRKMWVISRMWBAL-UHFFFAOYSA-N-MNXR99474_MNXM754_6-0, RRKMWVISRMWBAL-UHFFFAOYSA-N-MNXR109827_MNXM754_6-0]
18/07/2021 05:45:35 -- INFO -- Calculated moves in 1.6403024196624756 for compound RRKMWVISRMWBAL-UHFFFAOYSA-N - without caching
18/07/2021 05:45:35 -- INFO -- Rollout results are 2, True
18/07/2021 05:45:35 -- INFO -- Udapted solved Node 		Move name: ZRSNZINYAWTAHE-UHFFFAOYSA-N-MNXR110614_MNXM577_6-0/ Biological score : 3.03/ Chemical score: 0.62
		Count: 1/ Score : 0/ Children: 0/ Terminal : False
		|KCDXJAYRVLXPFO-UHFFFAOYSA-N|KXZPILWBFGYNIZ-UHFFFAOYSA-N|MYMOFIZGZYHOMD-UHFFFAOYSA-N| for the first time at iteration 536
18/07/2021 05:45:35 -- INFO -- Performing iteration 600 out of 1000
18/07/2021 05:45:36 -- INFO -- Adding a child with move ZRSNZINYAWTAHE-UHFFFAOYSA-N-MNXR108903_MNXM2607_6-0 to node 
	Move name: KRJGXNAUJLJILU-UHFFFAOYSA-N-MNXR106353_MNXM4316_6-0/ Biological score : 0.3/ Chemical score: 0.89
	Count: 5/ Score : 3.6/ Children: 5/ Terminal : False
	|KCDXJAYRVLXPFO-UHFFFAOYSA-N|ZRSNZINYAWTAHE-UHFFFAOYSA-N|
18/07/2021 05:45:36 -- INFO -- Starting move obtention process with compound AXQLFCHZIMDLSB-UHFFFAOYSA-N ([H]OC([H])([H])C([H])(c1c([H])c([H])c(OC([H])([H])[H])c(OC([H])([H])[H])c1[H])C([H])(O[H])c1c([H])c([H])c(OC([H])([H])[H])c([H])c1[H]) at 1626579936.4624166
18/07/2021 05:45:36 -- INFO -- 12 available rules
18/07/2021 05:45:37 -- INFO -- For compound AXQLFCHZIMDLSB-UHFFFAOYSA-N, matching moves are [AXQLFCHZIMDLSB-UHFFFAOYSA-N-MNXR108903_MNXM4936_6-0, AXQLFCHZIMDLSB-UHFFFAOYSA-N-MNXR109187_MNXM6093_6-0, AXQLFCHZIMDLSB-UHFFFAOYSA-N-MNXR109187_MNXM6093_6-1]
18/07/2021 05:45:37 -- INFO -- Calculated moves in 0.6220829486846924 for compound AXQLFCHZIMDLSB-UHFFFAOYSA-N - without caching
18/07/2021 05:45:37 -- INFO -- Starting move obtention process with compound KCDXJAYRVLXPFO-UHFFFAOYSA-N ([H]Oc1c(OC([H])([H])[H])c([H])c(C([H])=O)c([H])c1OC([H])([H])[H]) at 1626579937.0985816
18/07/2021 05:45:37 -- INFO -- 178 available rules
18/07/2021 05:45:38 -- INFO -- For compound KCDXJAYRVLXPFO-UHFFFAOYSA-N, matching moves are [KCDXJAYRVLXPFO-UHFFFAOYSA-N-rxnAdd163_r_1_cpd00561_4_6-0, KCDXJAYRVLXPFO-UHFFFAOYSA-N-MNXR108903_MNXM2607_6-0, KCDXJAYRVLXPFO-UHFFFAOYSA-N-MNXR112705_MNXM12975_6-0, KCDXJAYRVLXPFO-UHFFFAOYSA-N-MNXR122528_MNXM754_6-0, KCDXJAYRVLXPFO-UHFFFAOYSA-N-MNXR105210_MNXM2779_6-0, KCDXJAYRVLXPFO-UHFFFAOYSA-N-MNXR99474_MNXM754_6-0, KCDXJAYRVLXPFO-UHFFFAOYSA-N-MNXR109827_MNXM754_6-0, KCDXJAYRVLXPFO-UHFFFAOYSA-N-MNXR106353_MNXM754_6-0, KCDXJAYRVLXPFO-UHFFFAOYSA-N-MNXR105212_MNXM982_6-0]
18/07/2021 05:45:38 -- INFO -- Calculated moves in 1.7561390399932861 for compound KCDXJAYRVLXPFO-UHFFFAOYSA-N - without caching
18/07/2021 05:45:38 -- INFO -- Starting move obtention process with compound KCDXJAYRVLXPFO-UHFFFAOYSA-N ([H]Oc1c(OC([H])([H])[H])c([H])c(C([H])=O)c([H])c1OC([H])([H])[H]) at 1626579938.8925273
18/07/2021 05:45:39 -- INFO -- 172 available rules
18/07/2021 05:45:40 -- INFO -- For compound KCDXJAYRVLXPFO-UHFFFAOYSA-N, matching moves are [KCDXJAYRVLXPFO-UHFFFAOYSA-N-MNXR112706_MNXM2329_6-0, KCDXJAYRVLXPFO-UHFFFAOYSA-N-MNXR108084_MNXM3287_6-0, KCDXJAYRVLXPFO-UHFFFAOYSA-N-MNXR105208_MNXM754_6-0]
18/07/2021 05:45:40 -- INFO -- Calculated moves in 1.6076579093933105 for compound KCDXJAYRVLXPFO-UHFFFAOYSA-N - without caching
18/07/2021 05:45:40 -- INFO -- Starting move obtention process with compound KXZPILWBFGYNIZ-UHFFFAOYSA-N ([H]Oc1c([H])c([H])c(C(=C([H])c2c([H])c([H])c(OC([H])([H])[H])c([H])c2[H])C([H])([H])[H])c([H])c1[H]) at 1626579940.516874
18/07/2021 05:45:40 -- INFO -- 23 available rules
18/07/2021 05:45:41 -- INFO -- For compound KXZPILWBFGYNIZ-UHFFFAOYSA-N, matching moves are [KXZPILWBFGYNIZ-UHFFFAOYSA-N-MNXR110614_MNXM6858_8-0, KXZPILWBFGYNIZ-UHFFFAOYSA-N-MNXR110613_MNXM6858_8-0]
18/07/2021 05:45:41 -- INFO -- Calculated moves in 0.9246883392333984 for compound KXZPILWBFGYNIZ-UHFFFAOYSA-N - without caching
18/07/2021 05:45:41 -- INFO -- Starting move obtention process with compound MYMOFIZGZYHOMD-UHFFFAOYSA-N (O=O) at 1626579941.4550505
18/07/2021 05:45:41 -- INFO -- 0 available rules
18/07/2021 05:45:41 -- INFO -- For compound MYMOFIZGZYHOMD-UHFFFAOYSA-N, matching moves are []
18/07/2021 05:45:41 -- INFO -- Calculated moves in 0.31836676597595215 for compound MYMOFIZGZYHOMD-UHFFFAOYSA-N - without caching
18/07/2021 05:45:41 -- INFO -- Starting move obtention process with compound KCDXJAYRVLXPFO-UHFFFAOYSA-N ([H]Oc1c(OC([H])([H])[H])c([H])c(C([H])=O)c([H])c1OC([H])([H])[H]) at 1626579941.8024814
18/07/2021 05:45:42 -- INFO -- 178 available rules
18/07/2021 05:45:43 -- INFO -- For compound KCDXJAYRVLXPFO-UHFFFAOYSA-N, matching moves are [KCDXJAYRVLXPFO-UHFFFAOYSA-N-rxnAdd163_r_1_cpd00561_4_6-0, KCDXJAYRVLXPFO-UHFFFAOYSA-N-MNXR108903_MNXM2607_6-0, KCDXJAYRVLXPFO-UHFFFAOYSA-N-MNXR112705_MNXM12975_6-0, KCDXJAYRVLXPFO-UHFFFAOYSA-N-MNXR122528_MNXM754_6-0, KCDXJAYRVLXPFO-UHFFFAOYSA-N-MNXR105210_MNXM2779_6-0, KCDXJAYRVLXPFO-UHFFFAOYSA-N-MNXR99474_MNXM754_6-0, KCDXJAYRVLXPFO-UHFFFAOYSA-N-MNXR109827_MNXM754_6-0, KCDXJAYRVLXPFO-UHFFFAOYSA-N-MNXR106353_MNXM754_6-0, KCDXJAYRVLXPFO-UHFFFAOYSA-N-MNXR105212_MNXM982_6-0]
18/07/2021 05:45:43 -- INFO -- Calculated moves in 1.7368180751800537 for compound KCDXJAYRVLXPFO-UHFFFAOYSA-N - without caching
18/07/2021 05:45:43 -- INFO -- Starting move obtention process with compound MYMOFIZGZYHOMD-UHFFFAOYSA-N (O=O) at 1626579943.5599813
18/07/2021 05:45:43 -- INFO -- 0 available rules
18/07/2021 05:45:43 -- INFO -- For compound MYMOFIZGZYHOMD-UHFFFAOYSA-N, matching moves are []
18/07/2021 05:45:43 -- INFO -- Calculated moves in 0.34401512145996094 for compound MYMOFIZGZYHOMD-UHFFFAOYSA-N - without caching
18/07/2021 05:45:43 -- INFO -- Starting move obtention process with compound ZRSNZINYAWTAHE-UHFFFAOYSA-N ([H]C(=O)c1c([H])c([H])c(OC([H])([H])[H])c([H])c1[H]) at 1626579943.9234076
18/07/2021 05:45:44 -- INFO -- 66 available rules
18/07/2021 05:45:44 -- INFO -- For compound ZRSNZINYAWTAHE-UHFFFAOYSA-N, matching moves are [ZRSNZINYAWTAHE-UHFFFAOYSA-N-rxnAdd163_r_1_cpd00561_4_6-0, ZRSNZINYAWTAHE-UHFFFAOYSA-N-MNXR110614_MNXM577_6-0, ZRSNZINYAWTAHE-UHFFFAOYSA-N-MNXR108903_MNXM2607_6-0, ZRSNZINYAWTAHE-UHFFFAOYSA-N-MNXR107658_MNXM577_6-0, ZRSNZINYAWTAHE-UHFFFAOYSA-N-MNXR118066_MNXM577_10-0, ZRSNZINYAWTAHE-UHFFFAOYSA-N-MNXR117216_MNXM577_8-0, ZRSNZINYAWTAHE-UHFFFAOYSA-N-MNXR118194_MNXM577_8-0, ZRSNZINYAWTAHE-UHFFFAOYSA-N-MNXR105208_MNXM754_6-0, ZRSNZINYAWTAHE-UHFFFAOYSA-N-MNXR107657_MNXM577_8-0, ZRSNZINYAWTAHE-UHFFFAOYSA-N-MNXR99474_MNXM754_6-0]
18/07/2021 05:45:44 -- INFO -- Calculated moves in 0.825629472732544 for compound ZRSNZINYAWTAHE-UHFFFAOYSA-N - without caching
18/07/2021 05:45:44 -- INFO -- Rollout results are 2, True
18/07/2021 05:45:45 -- INFO -- Performing iteration 700 out of 1000
18/07/2021 05:45:45 -- INFO -- Adding a child with move KCDXJAYRVLXPFO-UHFFFAOYSA-N-MNXR112705_MNXM12975_6-0 to node 
	Move name: KRJGXNAUJLJILU-UHFFFAOYSA-N-MNXR106353_MNXM4316_6-0/ Biological score : 0.3/ Chemical score: 0.89
	Count: 6/ Score : 3.33/ Children: 6/ Terminal : False
	|KCDXJAYRVLXPFO-UHFFFAOYSA-N|ZRSNZINYAWTAHE-UHFFFAOYSA-N|
18/07/2021 05:45:45 -- INFO -- Starting move obtention process with compound RRKMWVISRMWBAL-UHFFFAOYSA-N ([H]Oc1c([H])c(C([H])=O)c([H])c(OC([H])([H])[H])c1O[H]) at 1626579945.7478092
18/07/2021 05:45:46 -- INFO -- 230 available rules
18/07/2021 05:45:47 -- INFO -- For compound RRKMWVISRMWBAL-UHFFFAOYSA-N, matching moves are [RRKMWVISRMWBAL-UHFFFAOYSA-N-rxnAdd163_r_1_cpd00561_4_6-0, RRKMWVISRMWBAL-UHFFFAOYSA-N-MNXR108903_MNXM2607_6-0, RRKMWVISRMWBAL-UHFFFAOYSA-N-MNXR112706_MNXM2329_6-0, RRKMWVISRMWBAL-UHFFFAOYSA-N-MNXR112705_MNXM2329_6-0, RRKMWVISRMWBAL-UHFFFAOYSA-N-MNXR131459_MNXM5776_6-0, RRKMWVISRMWBAL-UHFFFAOYSA-N-MNXR112307_MNXM3954_6-0, RRKMWVISRMWBAL-UHFFFAOYSA-N-MNXR122528_MNXM754_6-0, RRKMWVISRMWBAL-UHFFFAOYSA-N-MNXR105210_MNXM2779_6-0, RRKMWVISRMWBAL-UHFFFAOYSA-N-MNXR99474_MNXM754_6-0, RRKMWVISRMWBAL-UHFFFAOYSA-N-MNXR109827_MNXM754_6-0]
18/07/2021 05:45:47 -- INFO -- Calculated moves in 1.656463861465454 for compound RRKMWVISRMWBAL-UHFFFAOYSA-N - without caching
18/07/2021 05:45:47 -- INFO -- Starting move obtention process with compound ZRSNZINYAWTAHE-UHFFFAOYSA-N ([H]C(=O)c1c([H])c([H])c(OC([H])([H])[H])c([H])c1[H]) at 1626579947.4416797
18/07/2021 05:45:47 -- INFO -- 56 available rules
18/07/2021 05:45:48 -- INFO -- For compound ZRSNZINYAWTAHE-UHFFFAOYSA-N, matching moves are [ZRSNZINYAWTAHE-UHFFFAOYSA-N-MNXR110614_MNXM577_8-0, ZRSNZINYAWTAHE-UHFFFAOYSA-N-MNXR107658_MNXM577_8-0, ZRSNZINYAWTAHE-UHFFFAOYSA-N-MNXR117216_MNXM577_6-0, ZRSNZINYAWTAHE-UHFFFAOYSA-N-MNXR118194_MNXM577_6-0, ZRSNZINYAWTAHE-UHFFFAOYSA-N-MNXR122526_MNXM577_8-0, ZRSNZINYAWTAHE-UHFFFAOYSA-N-MNXR107657_MNXM577_6-0, ZRSNZINYAWTAHE-UHFFFAOYSA-N-MNXR109827_MNXM754_6-0, ZRSNZINYAWTAHE-UHFFFAOYSA-N-MNXR106353_MNXM754_6-0, ZRSNZINYAWTAHE-UHFFFAOYSA-N-MNXR118066_MNXM577_6-0]
18/07/2021 05:45:48 -- INFO -- Calculated moves in 0.8315474987030029 for compound ZRSNZINYAWTAHE-UHFFFAOYSA-N - without caching
18/07/2021 05:45:48 -- INFO -- Starting move obtention process with compound ITECRQOOEQWFPE-UHFFFAOYSA-N ([H]OC(=O)C([H])(O[H])c1c([H])c([H])c(OC([H])([H])[H])c([H])c1[H]) at 1626579948.3010519
18/07/2021 05:45:48 -- INFO -- 55 available rules
18/07/2021 05:45:49 -- INFO -- For compound ITECRQOOEQWFPE-UHFFFAOYSA-N, matching moves are [ITECRQOOEQWFPE-UHFFFAOYSA-N-MNXR107658_MNXM1301_8-0, ITECRQOOEQWFPE-UHFFFAOYSA-N-MNXR115594_MNXM1301_6-0, ITECRQOOEQWFPE-UHFFFAOYSA-N-MNXR134098_MNXM19188_6-0]
18/07/2021 05:45:49 -- INFO -- Calculated moves in 0.7762441635131836 for compound ITECRQOOEQWFPE-UHFFFAOYSA-N - without caching
18/07/2021 05:45:49 -- INFO -- Starting move obtention process with compound KCDXJAYRVLXPFO-UHFFFAOYSA-N ([H]Oc1c(OC([H])([H])[H])c([H])c(C([H])=O)c([H])c1OC([H])([H])[H]) at 1626579949.0959342
18/07/2021 05:45:49 -- INFO -- 172 available rules
18/07/2021 05:45:50 -- INFO -- For compound KCDXJAYRVLXPFO-UHFFFAOYSA-N, matching moves are [KCDXJAYRVLXPFO-UHFFFAOYSA-N-MNXR112706_MNXM2329_6-0, KCDXJAYRVLXPFO-UHFFFAOYSA-N-MNXR108084_MNXM3287_6-0, KCDXJAYRVLXPFO-UHFFFAOYSA-N-MNXR105208_MNXM754_6-0]
18/07/2021 05:45:50 -- INFO -- Calculated moves in 1.5877432823181152 for compound KCDXJAYRVLXPFO-UHFFFAOYSA-N - without caching
18/07/2021 05:45:50 -- INFO -- Starting move obtention process with compound CURLTUGMZLYLDI-UHFFFAOYSA-N (O=C=O) at 1626579950.7133052
18/07/2021 05:45:51 -- INFO -- 11 available rules
18/07/2021 05:45:51 -- INFO -- For compound CURLTUGMZLYLDI-UHFFFAOYSA-N, matching moves are [CURLTUGMZLYLDI-UHFFFAOYSA-N-MNXR96884_MNXM13_6-0, CURLTUGMZLYLDI-UHFFFAOYSA-N-MNXR96961_MNXM13_14-0, CURLTUGMZLYLDI-UHFFFAOYSA-N-MNXR96481_MNXM13_14-0, CURLTUGMZLYLDI-UHFFFAOYSA-N-MNXR106403_MNXM13_14-0, CURLTUGMZLYLDI-UHFFFAOYSA-N-MNXR95786_MNXM13_14-0]
18/07/2021 05:45:51 -- INFO -- Calculated moves in 0.5211806297302246 for compound CURLTUGMZLYLDI-UHFFFAOYSA-N - without caching
18/07/2021 05:45:51 -- INFO -- Starting move obtention process with compound KCDXJAYRVLXPFO-UHFFFAOYSA-N ([H]Oc1c(OC([H])([H])[H])c([H])c(C([H])=O)c([H])c1OC([H])([H])[H]) at 1626579951.2550874
18/07/2021 05:45:51 -- INFO -- 178 available rules
18/07/2021 05:45:53 -- INFO -- For compound KCDXJAYRVLXPFO-UHFFFAOYSA-N, matching moves are [KCDXJAYRVLXPFO-UHFFFAOYSA-N-rxnAdd163_r_1_cpd00561_4_6-0, KCDXJAYRVLXPFO-UHFFFAOYSA-N-MNXR108903_MNXM2607_6-0, KCDXJAYRVLXPFO-UHFFFAOYSA-N-MNXR112705_MNXM12975_6-0, KCDXJAYRVLXPFO-UHFFFAOYSA-N-MNXR122528_MNXM754_6-0, KCDXJAYRVLXPFO-UHFFFAOYSA-N-MNXR105210_MNXM2779_6-0, KCDXJAYRVLXPFO-UHFFFAOYSA-N-MNXR99474_MNXM754_6-0, KCDXJAYRVLXPFO-UHFFFAOYSA-N-MNXR109827_MNXM754_6-0, KCDXJAYRVLXPFO-UHFFFAOYSA-N-MNXR106353_MNXM754_6-0, KCDXJAYRVLXPFO-UHFFFAOYSA-N-MNXR105212_MNXM982_6-0]
18/07/2021 05:45:53 -- INFO -- Calculated moves in 1.7914025783538818 for compound KCDXJAYRVLXPFO-UHFFFAOYSA-N - without caching
18/07/2021 05:45:53 -- INFO -- Starting move obtention process with compound ZRSNZINYAWTAHE-UHFFFAOYSA-N ([H]C(=O)c1c([H])c([H])c(OC([H])([H])[H])c([H])c1[H]) at 1626579953.080774
18/07/2021 05:45:53 -- INFO -- 66 available rules
18/07/2021 05:45:53 -- INFO -- For compound ZRSNZINYAWTAHE-UHFFFAOYSA-N, matching moves are [ZRSNZINYAWTAHE-UHFFFAOYSA-N-rxnAdd163_r_1_cpd00561_4_6-0, ZRSNZINYAWTAHE-UHFFFAOYSA-N-MNXR110614_MNXM577_6-0, ZRSNZINYAWTAHE-UHFFFAOYSA-N-MNXR108903_MNXM2607_6-0, ZRSNZINYAWTAHE-UHFFFAOYSA-N-MNXR107658_MNXM577_6-0, ZRSNZINYAWTAHE-UHFFFAOYSA-N-MNXR118066_MNXM577_10-0, ZRSNZINYAWTAHE-UHFFFAOYSA-N-MNXR117216_MNXM577_8-0, ZRSNZINYAWTAHE-UHFFFAOYSA-N-MNXR118194_MNXM577_8-0, ZRSNZINYAWTAHE-UHFFFAOYSA-N-MNXR105208_MNXM754_6-0, ZRSNZINYAWTAHE-UHFFFAOYSA-N-MNXR107657_MNXM577_8-0, ZRSNZINYAWTAHE-UHFFFAOYSA-N-MNXR99474_MNXM754_6-0]
18/07/2021 05:45:53 -- INFO -- Calculated moves in 0.8848860263824463 for compound ZRSNZINYAWTAHE-UHFFFAOYSA-N - without caching
18/07/2021 05:45:53 -- INFO -- Rollout results are 2, True
18/07/2021 05:45:54 -- INFO -- Udapted solved Node 		Move name: ZRSNZINYAWTAHE-UHFFFAOYSA-N-MNXR107658_MNXM577_6-0/ Biological score : 2.8/ Chemical score: 0.62
		Count: 1/ Score : 0/ Children: 0/ Terminal : False
		|ITECRQOOEQWFPE-UHFFFAOYSA-N|KCDXJAYRVLXPFO-UHFFFAOYSA-N| for the first time at iteration 768
18/07/2021 05:45:54 -- INFO -- Performing iteration 800 out of 1000
18/07/2021 05:45:54 -- INFO -- Adding a child with move ZRSNZINYAWTAHE-UHFFFAOYSA-N-MNXR118066_MNXM577_10-0 to node 
	Move name: KRJGXNAUJLJILU-UHFFFAOYSA-N-MNXR106353_MNXM4316_6-0/ Biological score : 0.3/ Chemical score: 0.89
	Count: 7/ Score : 3.14/ Children: 7/ Terminal : False
	|KCDXJAYRVLXPFO-UHFFFAOYSA-N|ZRSNZINYAWTAHE-UHFFFAOYSA-N|
18/07/2021 05:45:55 -- INFO -- Starting move obtention process with compound KCDXJAYRVLXPFO-UHFFFAOYSA-N ([H]Oc1c(OC([H])([H])[H])c([H])c(C([H])=O)c([H])c1OC([H])([H])[H]) at 1626579955.0400834
18/07/2021 05:45:55 -- INFO -- 172 available rules
18/07/2021 05:45:56 -- INFO -- For compound KCDXJAYRVLXPFO-UHFFFAOYSA-N, matching moves are [KCDXJAYRVLXPFO-UHFFFAOYSA-N-MNXR112706_MNXM2329_6-0, KCDXJAYRVLXPFO-UHFFFAOYSA-N-MNXR108084_MNXM3287_6-0, KCDXJAYRVLXPFO-UHFFFAOYSA-N-MNXR105208_MNXM754_6-0]
18/07/2021 05:45:56 -- INFO -- Calculated moves in 1.5750927925109863 for compound KCDXJAYRVLXPFO-UHFFFAOYSA-N - without caching
18/07/2021 05:45:56 -- INFO -- Starting move obtention process with compound ITECRQOOEQWFPE-UHFFFAOYSA-N ([H]OC(=O)C([H])(O[H])c1c([H])c([H])c(OC([H])([H])[H])c([H])c1[H]) at 1626579956.6528294
18/07/2021 05:45:56 -- INFO -- 55 available rules
18/07/2021 05:45:57 -- INFO -- For compound ITECRQOOEQWFPE-UHFFFAOYSA-N, matching moves are [ITECRQOOEQWFPE-UHFFFAOYSA-N-MNXR107658_MNXM1301_6-0, ITECRQOOEQWFPE-UHFFFAOYSA-N-MNXR115594_MNXM1301_8-0, ITECRQOOEQWFPE-UHFFFAOYSA-N-MNXR134098_MNXM19188_8-0]
18/07/2021 05:45:57 -- INFO -- Calculated moves in 0.8128540515899658 for compound ITECRQOOEQWFPE-UHFFFAOYSA-N - without caching
18/07/2021 05:45:57 -- INFO -- Starting move obtention process with compound KCDXJAYRVLXPFO-UHFFFAOYSA-N ([H]Oc1c(OC([H])([H])[H])c([H])c(C([H])=O)c([H])c1OC([H])([H])[H]) at 1626579957.4880118
18/07/2021 05:45:57 -- INFO -- 178 available rules
18/07/2021 05:45:59 -- INFO -- For compound KCDXJAYRVLXPFO-UHFFFAOYSA-N, matching moves are [KCDXJAYRVLXPFO-UHFFFAOYSA-N-rxnAdd163_r_1_cpd00561_4_6-0, KCDXJAYRVLXPFO-UHFFFAOYSA-N-MNXR108903_MNXM2607_6-0, KCDXJAYRVLXPFO-UHFFFAOYSA-N-MNXR112705_MNXM12975_6-0, KCDXJAYRVLXPFO-UHFFFAOYSA-N-MNXR122528_MNXM754_6-0, KCDXJAYRVLXPFO-UHFFFAOYSA-N-MNXR105210_MNXM2779_6-0, KCDXJAYRVLXPFO-UHFFFAOYSA-N-MNXR99474_MNXM754_6-0, KCDXJAYRVLXPFO-UHFFFAOYSA-N-MNXR109827_MNXM754_6-0, KCDXJAYRVLXPFO-UHFFFAOYSA-N-MNXR106353_MNXM754_6-0, KCDXJAYRVLXPFO-UHFFFAOYSA-N-MNXR105212_MNXM982_6-0]
18/07/2021 05:45:59 -- INFO -- Calculated moves in 1.8513331413269043 for compound KCDXJAYRVLXPFO-UHFFFAOYSA-N - without caching
18/07/2021 05:45:59 -- INFO -- Starting move obtention process with compound ITECRQOOEQWFPE-UHFFFAOYSA-N ([H]OC(=O)C([H])(O[H])c1c([H])c([H])c(OC([H])([H])[H])c([H])c1[H]) at 1626579959.3766212
18/07/2021 05:45:59 -- INFO -- 55 available rules
18/07/2021 05:46:00 -- INFO -- For compound ITECRQOOEQWFPE-UHFFFAOYSA-N, matching moves are [ITECRQOOEQWFPE-UHFFFAOYSA-N-MNXR107658_MNXM1301_8-0, ITECRQOOEQWFPE-UHFFFAOYSA-N-MNXR115594_MNXM1301_6-0, ITECRQOOEQWFPE-UHFFFAOYSA-N-MNXR134098_MNXM19188_6-0]
18/07/2021 05:46:00 -- INFO -- Calculated moves in 0.8994054794311523 for compound ITECRQOOEQWFPE-UHFFFAOYSA-N - without caching
18/07/2021 05:46:00 -- INFO -- Starting move obtention process with compound QWNBHNWIYJGZEY-UHFFFAOYSA-N ([H]Oc1c(OC([H])([H])[H])c([H])c(C([H])(O[H])C([H])(c2c([H])c([H])c(OC([H])([H])[H])c(OC([H])([H])[H])c2[H])C([H])([H])O[H])c([H])c1OC([H])([H])[H]) at 1626579960.2917497
18/07/2021 05:46:00 -- INFO -- 18 available rules
18/07/2021 05:46:01 -- INFO -- For compound QWNBHNWIYJGZEY-UHFFFAOYSA-N, matching moves are [QWNBHNWIYJGZEY-UHFFFAOYSA-N-MNXR108903_MNXM4936_6-0, QWNBHNWIYJGZEY-UHFFFAOYSA-N-MNXR109187_MNXM6093_6-0, QWNBHNWIYJGZEY-UHFFFAOYSA-N-MNXR109187_MNXM6093_6-1, QWNBHNWIYJGZEY-UHFFFAOYSA-N-MNXR109187_MNXM6093_6-2]
18/07/2021 05:46:01 -- INFO -- Calculated moves in 1.0097944736480713 for compound QWNBHNWIYJGZEY-UHFFFAOYSA-N - without caching
18/07/2021 05:46:01 -- INFO -- Starting move obtention process with compound ITECRQOOEQWFPE-UHFFFAOYSA-N ([H]OC(=O)C([H])(O[H])c1c([H])c([H])c(OC([H])([H])[H])c([H])c1[H]) at 1626579961.3272455
18/07/2021 05:46:01 -- INFO -- 55 available rules
18/07/2021 05:46:02 -- INFO -- For compound ITECRQOOEQWFPE-UHFFFAOYSA-N, matching moves are [ITECRQOOEQWFPE-UHFFFAOYSA-N-MNXR107658_MNXM1301_6-0, ITECRQOOEQWFPE-UHFFFAOYSA-N-MNXR115594_MNXM1301_8-0, ITECRQOOEQWFPE-UHFFFAOYSA-N-MNXR134098_MNXM19188_8-0]
18/07/2021 05:46:02 -- INFO -- Calculated moves in 0.8133387565612793 for compound ITECRQOOEQWFPE-UHFFFAOYSA-N - without caching
18/07/2021 05:46:02 -- INFO -- Starting move obtention process with compound KCDXJAYRVLXPFO-UHFFFAOYSA-N ([H]Oc1c(OC([H])([H])[H])c([H])c(C([H])=O)c([H])c1OC([H])([H])[H]) at 1626579962.15898
18/07/2021 05:46:02 -- INFO -- 181 available rules
18/07/2021 05:46:04 -- INFO -- For compound KCDXJAYRVLXPFO-UHFFFAOYSA-N, matching moves are [KCDXJAYRVLXPFO-UHFFFAOYSA-N-rxnAdd163_r_1_cpd00561_4_6-0, KCDXJAYRVLXPFO-UHFFFAOYSA-N-MNXR108903_MNXM2607_6-0, KCDXJAYRVLXPFO-UHFFFAOYSA-N-MNXR112705_MNXM12975_6-0, KCDXJAYRVLXPFO-UHFFFAOYSA-N-MNXR122528_MNXM754_6-0, KCDXJAYRVLXPFO-UHFFFAOYSA-N-MNXR105210_MNXM2779_6-0, KCDXJAYRVLXPFO-UHFFFAOYSA-N-MNXR99474_MNXM754_6-0, KCDXJAYRVLXPFO-UHFFFAOYSA-N-MNXR109827_MNXM754_6-0, KCDXJAYRVLXPFO-UHFFFAOYSA-N-MNXR106353_MNXM754_6-0, KCDXJAYRVLXPFO-UHFFFAOYSA-N-MNXR105212_MNXM982_6-0]
18/07/2021 05:46:04 -- INFO -- Calculated moves in 2.039885997772217 for compound KCDXJAYRVLXPFO-UHFFFAOYSA-N - without caching
18/07/2021 05:46:04 -- INFO -- Starting move obtention process with compound XLYOFNOQVPJJNP-UHFFFAOYSA-N ([H]O[H]) at 1626579964.2268562
18/07/2021 05:46:04 -- INFO -- 0 available rules
18/07/2021 05:46:04 -- INFO -- For compound XLYOFNOQVPJJNP-UHFFFAOYSA-N, matching moves are []
18/07/2021 05:46:04 -- INFO -- Calculated moves in 0.3457322120666504 for compound XLYOFNOQVPJJNP-UHFFFAOYSA-N - without caching
18/07/2021 05:46:04 -- INFO -- Rollout results are 2, True
18/07/2021 05:46:04 -- INFO -- Performing iteration 900 out of 1000
18/07/2021 05:46:05 -- INFO -- ---------------End of search informations------------------ 
Tree search finished running at 5h 46min 5s 
Your tree search took 1.0e+02s 
 
Time was spent in selection: 3.8e-02s, expansion: 3.2e+01s, rollout: 6.2e+01s, update: 2.7e-01s 
CONGRATULATIONS, THATS A WIN
18/07/2021 05:46:05 -- INFO -- At the end of this tree search, the cache contains 0
18/07/2021 05:46:05 -- WARNING -- RECAP TIME_EXECUTION=103.13
18/07/2021 05:46:05 -- WARNING -- RECAP STOP_REASON=iteration
18/07/2021 05:46:05 -- WARNING -- RECAP NUMBER_ITERATION=999
18/07/2021 05:46:05 -- INFO -- According to Wikipedia, choosing the pathway with the most visists 
 This could be replaced by the best score
18/07/2021 05:46:06 -- INFO -- Found 6 pathways for 4-Hydroxy-3,5,4'-trimethoxystilbene
18/07/2021 05:46:06 -- INFO -- 6 pathways were found
18/07/2021 05:46:06 -- INFO -- At the end of this tree search, the cache contains 0
