18/07/2021 04:26:12 -- WARNING -- Setting the seed at 1234
18/07/2021 04:26:12 -- INFO -- Stating global parameters from configuration file
18/07/2021 04:26:12 -- INFO -- Using retrosynthesis: False - using biosensor True
18/07/2021 04:26:12 -- INFO -- Full search - no stopping at first result
18/07/2021 04:26:12 -- INFO -- Setting the DB from config file: Installed package: True. Using cache DB: False; Replacing results: False
18/07/2021 04:26:12 -- INFO -- Initialising an empty cache: {}; Using it: False
18/07/2021 04:26:12 -- INFO -- -------------------Scoring configurations -------------------------
18/07/2021 04:26:12 -- INFO -- Using biological cut off at 0.1
18/07/2021 04:26:12 -- INFO -- Using substrate only cut off at 0.6
18/07/2021 04:26:12 -- INFO -- Using chemical score cut off at 0.6
18/07/2021 04:26:12 -- INFO -- -------------------MCTS configurations -------------------------
18/07/2021 04:26:12 -- INFO -- Setting the minimal visit count for a node at 1
18/07/2021 04:26:12 -- INFO -- Using RAVE: False
18/07/2021 04:26:12 -- INFO -- -------------------Chemical configurations -------------------------
18/07/2021 04:26:12 -- INFO -- Using explicit hydrogens : True
18/07/2021 04:26:12 -- INFO -- Using detectable compounds as sink as running in biosensor mode.
18/07/2021 04:26:12 -- INFO -- Main layer was set to True. Sanitising state
18/07/2021 04:26:36 -- INFO -- Main layer was set to True. Sanitising state
18/07/2021 04:26:36 -- INFO -- Starting move obtention process with compound 5-(3',4',5'-trihydroxyphenyl)-γ-valerolactone ([H]Oc1c([H])c(C([H])([H])C2([H])OC(=O)C([H])([H])C2([H])[H])c([H])c(O[H])c1O[H]) at 1626575196.7131832
18/07/2021 04:26:37 -- INFO -- 10 available rules
18/07/2021 04:26:37 -- INFO -- For compound 5-(3',4',5'-trihydroxyphenyl)-γ-valerolactone, matching moves are [CZVAQLJEUUFQCH-UHFFFAOYSA-N-rxnAdd49_r_1_cpd90010_4_6-0]
18/07/2021 04:26:37 -- INFO -- Calculated moves in 0.6834096908569336 for compound CZVAQLJEUUFQCH-UHFFFAOYSA-N - without caching
18/07/2021 04:26:37 -- INFO -- ---------------Beginning of search informations------------------ 
UCT policy is : Biochemical_UCT_1 
Rollout policy is : Rollout_policy_random_uniform_on_biochemical_multiplication_score 
Rewarding policy is : Penalty is -1 and full state reward is 2 
Maximum number of iterations 1000 
Tree search started running at 4h 26min 37s 
Your tree search is currently running ... 
 

18/07/2021 04:26:37 -- INFO -- Performing iteration 0 out of 1000
18/07/2021 04:26:37 -- INFO -- Adding a child with move CZVAQLJEUUFQCH-UHFFFAOYSA-N-rxnAdd49_r_1_cpd90010_4_6-0 to node 
Count: 0/ Score : 0/ Children: 0/ Terminal : False
|5-(3',4',5'-trihydroxyphenyl)-γ-valerolactone|
18/07/2021 04:26:37 -- INFO -- Pathway is found at iteration 0
18/07/2021 04:26:37 -- INFO -- Udapted solved Node 	Move name: CZVAQLJEUUFQCH-UHFFFAOYSA-N-rxnAdd49_r_1_cpd90010_4_6-0/ Biological score : 4.02/ Chemical score: 0.91
	Count: 1/ Score : 0/ Children: 0/ Terminal : True
	|XMOCLSLCDHWDHP-UHFFFAOYSA-N- solved| for the first time at iteration 0
18/07/2021 04:26:37 -- INFO -- Udapted solved Node Count: 1/ Score : 0/ Children: 1/ Terminal : False
|5-(3',4',5'-trihydroxyphenyl)-γ-valerolactone| for the first time at iteration 0
18/07/2021 04:26:39 -- INFO -- Performing iteration 100 out of 1000
18/07/2021 04:26:40 -- INFO -- Performing iteration 200 out of 1000
18/07/2021 04:26:42 -- INFO -- Performing iteration 300 out of 1000
18/07/2021 04:26:44 -- INFO -- Performing iteration 400 out of 1000
18/07/2021 04:26:46 -- INFO -- Performing iteration 500 out of 1000
18/07/2021 04:26:47 -- INFO -- Performing iteration 600 out of 1000
18/07/2021 04:26:49 -- INFO -- Performing iteration 700 out of 1000
18/07/2021 04:26:51 -- INFO -- Performing iteration 800 out of 1000
18/07/2021 04:26:52 -- INFO -- Performing iteration 900 out of 1000
18/07/2021 04:26:54 -- INFO -- ---------------End of search informations------------------ 
Tree search finished running at 4h 26min 54s 
Your tree search took 1.8e+01s 
 
Time was spent in selection: 2.5e-02s, expansion: 5.3e-02s, rollout: 0.0e+00s, update: 4.7e-02s 
CONGRATULATIONS, THATS A WIN
18/07/2021 04:26:54 -- INFO -- At the end of this tree search, the cache contains 0
18/07/2021 04:26:54 -- WARNING -- RECAP TIME_EXECUTION=17.12
18/07/2021 04:26:54 -- WARNING -- RECAP STOP_REASON=iteration
18/07/2021 04:26:54 -- WARNING -- RECAP NUMBER_ITERATION=999
18/07/2021 04:26:54 -- INFO -- According to Wikipedia, choosing the pathway with the most visists 
 This could be replaced by the best score
18/07/2021 04:26:54 -- INFO -- Found 1 pathways for 5-(3',4',5'-trihydroxyphenyl)-γ-valerolactone
18/07/2021 04:26:54 -- INFO -- 1 pathways were found
18/07/2021 04:26:54 -- INFO -- At the end of this tree search, the cache contains 0
