17/07/2021 13:50:25 -- WARNING -- Setting the seed at 1234
17/07/2021 13:50:25 -- INFO -- Stating global parameters from configuration file
17/07/2021 13:50:25 -- INFO -- Using retrosynthesis: False - using biosensor True
17/07/2021 13:50:25 -- INFO -- Full search - no stopping at first result
17/07/2021 13:50:25 -- INFO -- Setting the DB from config file: Installed package: True. Using cache DB: False; Replacing results: False
17/07/2021 13:50:25 -- INFO -- Initialising an empty cache: {}; Using it: False
17/07/2021 13:50:25 -- INFO -- -------------------Scoring configurations -------------------------
17/07/2021 13:50:25 -- INFO -- Using biological cut off at 0.1
17/07/2021 13:50:25 -- INFO -- Using substrate only cut off at 0.6
17/07/2021 13:50:25 -- INFO -- Using chemical score cut off at 0.6
17/07/2021 13:50:25 -- INFO -- -------------------MCTS configurations -------------------------
17/07/2021 13:50:25 -- INFO -- Setting the minimal visit count for a node at 1
17/07/2021 13:50:25 -- INFO -- Using RAVE: False
17/07/2021 13:50:25 -- INFO -- -------------------Chemical configurations -------------------------
17/07/2021 13:50:25 -- INFO -- Using explicit hydrogens : True
17/07/2021 13:50:25 -- INFO -- Using detectable compounds as sink as running in biosensor mode.
17/07/2021 13:50:25 -- INFO -- Main layer was set to True. Sanitising state
17/07/2021 13:50:45 -- INFO -- Main layer was set to True. Sanitising state
17/07/2021 13:50:45 -- INFO -- Starting move obtention process with compound Glycitein_7-O-glucuronide ([H]OC(=O)C1([H])OC([H])(Oc2c(OC([H])([H])[H])c([H])c3c(=O)c(-c4c([H])c([H])c(O[H])c([H])c4[H])c([H])oc3c2[H])C([H])(O[H])C([H])(O[H])C1([H])O[H]) at 1626522645.9116383
17/07/2021 13:50:46 -- INFO -- 46 available rules
17/07/2021 13:50:46 -- INFO -- For compound Glycitein_7-O-glucuronide, matching moves are [HVZUFDAWJOXFQU-UHFFFAOYSA-N-rxnAdd183_cpd14914_6_6-0, HVZUFDAWJOXFQU-UHFFFAOYSA-N-MNXR122814_MNXM8258_6-0]
17/07/2021 13:50:46 -- INFO -- Calculated moves in 0.6090707778930664 for compound HVZUFDAWJOXFQU-UHFFFAOYSA-N - without caching
17/07/2021 13:50:46 -- INFO -- ---------------Beginning of search informations------------------ 
UCT policy is : Biochemical_UCT_1 
Rollout policy is : Rollout_policy_random_uniform_on_biochemical_multiplication_score 
Rewarding policy is : Penalty is -1 and full state reward is 2 
Maximum number of iterations 1000 
Tree search started running at 13h 50min 46s 
Your tree search is currently running ... 
 

17/07/2021 13:50:46 -- INFO -- Performing iteration 0 out of 1000
17/07/2021 13:50:46 -- INFO -- Adding a child with move HVZUFDAWJOXFQU-UHFFFAOYSA-N-rxnAdd183_cpd14914_6_6-0 to node 
Count: 0/ Score : 0/ Children: 0/ Terminal : False
|Glycitein_7-O-glucuronide|
17/07/2021 13:50:46 -- INFO -- Pathway is found at iteration 0
17/07/2021 13:50:46 -- INFO -- Udapted solved Node 	Move name: HVZUFDAWJOXFQU-UHFFFAOYSA-N-rxnAdd183_cpd14914_6_6-0/ Biological score : 4.02/ Chemical score: 0.75
	Count: 1/ Score : 0/ Children: 0/ Terminal : True
	|AEMOLEFTQBMNLQ-UHFFFAOYSA-N- solved|DXYUAIFZCFRPTH-UHFFFAOYSA-N- solved| for the first time at iteration 0
17/07/2021 13:50:46 -- INFO -- Udapted solved Node Count: 1/ Score : 0/ Children: 1/ Terminal : False
|Glycitein_7-O-glucuronide| for the first time at iteration 0
17/07/2021 13:50:46 -- INFO -- Adding a child with move HVZUFDAWJOXFQU-UHFFFAOYSA-N-MNXR122814_MNXM8258_6-0 to node 
Count: 1/ Score : 10.0/ Children: 1/ Terminal : False
|Glycitein_7-O-glucuronide|
17/07/2021 13:50:46 -- INFO -- Pathway is found at iteration 2
17/07/2021 13:50:46 -- INFO -- Udapted solved Node 	Move name: HVZUFDAWJOXFQU-UHFFFAOYSA-N-MNXR122814_MNXM8258_6-0/ Biological score : 1.96/ Chemical score: 0.69
	Count: 1/ Score : 0/ Children: 0/ Terminal : True
	|DXYUAIFZCFRPTH-UHFFFAOYSA-N- solved|HDYANYHVCAPMJV-UHFFFAOYSA-N- solved| for the first time at iteration 2
17/07/2021 13:50:47 -- INFO -- Performing iteration 100 out of 1000
17/07/2021 13:50:49 -- INFO -- Performing iteration 200 out of 1000
17/07/2021 13:50:50 -- INFO -- Performing iteration 300 out of 1000
17/07/2021 13:50:51 -- INFO -- Performing iteration 400 out of 1000
17/07/2021 13:50:52 -- INFO -- Performing iteration 500 out of 1000
17/07/2021 13:50:53 -- INFO -- Performing iteration 600 out of 1000
17/07/2021 13:50:55 -- INFO -- Performing iteration 700 out of 1000
17/07/2021 13:50:56 -- INFO -- Performing iteration 800 out of 1000
17/07/2021 13:50:58 -- INFO -- Performing iteration 900 out of 1000
17/07/2021 13:50:59 -- INFO -- ---------------End of search informations------------------ 
Tree search finished running at 13h 50min 59s 
Your tree search took 1.3e+01s 
 
Time was spent in selection: 2.7e-02s, expansion: 1.5e-01s, rollout: 0.0e+00s, update: 6.5e-02s 
CONGRATULATIONS, THATS A WIN
17/07/2021 13:50:59 -- INFO -- At the end of this tree search, the cache contains 0
17/07/2021 13:50:59 -- WARNING -- RECAP TIME_EXECUTION=13.37
17/07/2021 13:50:59 -- WARNING -- RECAP STOP_REASON=iteration
17/07/2021 13:50:59 -- WARNING -- RECAP NUMBER_ITERATION=999
17/07/2021 13:50:59 -- INFO -- According to Wikipedia, choosing the pathway with the most visists 
 This could be replaced by the best score
17/07/2021 13:51:00 -- INFO -- Found 2 pathways for Glycitein_7-O-glucuronide
17/07/2021 13:51:00 -- INFO -- 2 pathways were found
17/07/2021 13:51:00 -- INFO -- At the end of this tree search, the cache contains 0
