17/07/2021 10:02:22 -- WARNING -- Setting the seed at 1234
17/07/2021 10:02:23 -- INFO -- Stating global parameters from configuration file
17/07/2021 10:02:23 -- INFO -- Using retrosynthesis: False - using biosensor True
17/07/2021 10:02:23 -- INFO -- Full search - no stopping at first result
17/07/2021 10:02:23 -- INFO -- Setting the DB from config file: Installed package: True. Using cache DB: False; Replacing results: False
17/07/2021 10:02:23 -- INFO -- Initialising an empty cache: {}; Using it: False
17/07/2021 10:02:23 -- INFO -- -------------------Scoring configurations -------------------------
17/07/2021 10:02:23 -- INFO -- Using biological cut off at 0.1
17/07/2021 10:02:23 -- INFO -- Using substrate only cut off at 0.6
17/07/2021 10:02:23 -- INFO -- Using chemical score cut off at 0.6
17/07/2021 10:02:23 -- INFO -- -------------------MCTS configurations -------------------------
17/07/2021 10:02:23 -- INFO -- Setting the minimal visit count for a node at 1
17/07/2021 10:02:23 -- INFO -- Using RAVE: False
17/07/2021 10:02:23 -- INFO -- -------------------Chemical configurations -------------------------
17/07/2021 10:02:23 -- INFO -- Using explicit hydrogens : True
17/07/2021 10:02:23 -- INFO -- Using detectable compounds as sink as running in biosensor mode.
17/07/2021 10:02:23 -- INFO -- Main layer was set to True. Sanitising state
17/07/2021 10:02:45 -- INFO -- Main layer was set to True. Sanitising state
17/07/2021 10:02:45 -- INFO -- Starting move obtention process with compound 6'-Hydroxyangolensin ([H]Oc1c([H])c(O[H])c(C(=O)C([H])(c2c([H])c([H])c(OC([H])([H])[H])c([H])c2[H])C([H])([H])[H])c(O[H])c1[H]) at 1626508965.6986504
17/07/2021 10:02:46 -- INFO -- 8 available rules
17/07/2021 10:02:46 -- INFO -- For compound 6'-Hydroxyangolensin, matching moves are [UDALNYNLNYDPMV-UHFFFAOYSA-N-rxnAdd180_r_1_cpd90006_4_6-0]
17/07/2021 10:02:46 -- INFO -- Calculated moves in 0.9097292423248291 for compound UDALNYNLNYDPMV-UHFFFAOYSA-N - without caching
17/07/2021 10:02:46 -- INFO -- ---------------Beginning of search informations------------------ 
UCT policy is : Biochemical_UCT_1 
Rollout policy is : Rollout_policy_random_uniform_on_biochemical_multiplication_score 
Rewarding policy is : Penalty is -1 and full state reward is 2 
Maximum number of iterations 1000 
Tree search started running at 10h 2min 46s 
Your tree search is currently running ... 
 

17/07/2021 10:02:46 -- INFO -- Performing iteration 0 out of 1000
17/07/2021 10:02:46 -- INFO -- Adding a child with move UDALNYNLNYDPMV-UHFFFAOYSA-N-rxnAdd180_r_1_cpd90006_4_6-0 to node 
Count: 0/ Score : 0/ Children: 0/ Terminal : False
|6'-Hydroxyangolensin|
17/07/2021 10:02:46 -- INFO -- Starting move obtention process with compound GPRLSGONYQIRFK-UHFFFAOYSA-N ([H+]) at 1626508966.7256937
17/07/2021 10:02:47 -- INFO -- 0 available rules
17/07/2021 10:02:47 -- INFO -- For compound GPRLSGONYQIRFK-UHFFFAOYSA-N, matching moves are []
17/07/2021 10:02:47 -- INFO -- Calculated moves in 0.3431212902069092 for compound GPRLSGONYQIRFK-UHFFFAOYSA-N - without caching
17/07/2021 10:02:47 -- INFO -- Pathway is found at iteration 0
17/07/2021 10:02:47 -- INFO -- Udapted solved Node 	Move name: UDALNYNLNYDPMV-UHFFFAOYSA-N-rxnAdd180_r_1_cpd90006_4_6-0/ Biological score : 4.02/ Chemical score: 0.85
	Count: 1/ Score : 0/ Children: 0/ Terminal : True
	|GPRLSGONYQIRFK-UHFFFAOYSA-N|WUADCCWRTIWANL-UHFFFAOYSA-N- solved| for the first time at iteration 0
17/07/2021 10:02:47 -- INFO -- Udapted solved Node Count: 1/ Score : 0/ Children: 1/ Terminal : False
|6'-Hydroxyangolensin| for the first time at iteration 0
17/07/2021 10:02:48 -- INFO -- Performing iteration 100 out of 1000
17/07/2021 10:02:50 -- INFO -- Performing iteration 200 out of 1000
17/07/2021 10:02:52 -- INFO -- Performing iteration 300 out of 1000
17/07/2021 10:02:54 -- INFO -- Performing iteration 400 out of 1000
17/07/2021 10:02:55 -- INFO -- Performing iteration 500 out of 1000
17/07/2021 10:02:57 -- INFO -- Performing iteration 600 out of 1000
17/07/2021 10:02:59 -- INFO -- Performing iteration 700 out of 1000
17/07/2021 10:03:01 -- INFO -- Performing iteration 800 out of 1000
17/07/2021 10:03:02 -- INFO -- Performing iteration 900 out of 1000
17/07/2021 10:03:04 -- INFO -- ---------------End of search informations------------------ 
Tree search finished running at 10h 3min 4s 
Your tree search took 1.7e+01s 
 
Time was spent in selection: 2.8e-02s, expansion: 4.6e-01s, rollout: 0.0e+00s, update: 4.3e-02s 
CONGRATULATIONS, THATS A WIN
17/07/2021 10:03:04 -- INFO -- At the end of this tree search, the cache contains 0
17/07/2021 10:03:04 -- WARNING -- RECAP TIME_EXECUTION=17.44
17/07/2021 10:03:04 -- WARNING -- RECAP STOP_REASON=iteration
17/07/2021 10:03:04 -- WARNING -- RECAP NUMBER_ITERATION=999
17/07/2021 10:03:04 -- INFO -- According to Wikipedia, choosing the pathway with the most visists 
 This could be replaced by the best score
17/07/2021 10:03:04 -- INFO -- Found 1 pathways for 6'-Hydroxyangolensin
17/07/2021 10:03:04 -- INFO -- 1 pathways were found
17/07/2021 10:03:04 -- INFO -- At the end of this tree search, the cache contains 0
