18/07/2021 01:28:42 -- WARNING -- Setting the seed at 1234
18/07/2021 01:28:42 -- INFO -- Stating global parameters from configuration file
18/07/2021 01:28:42 -- INFO -- Using retrosynthesis: False - using biosensor True
18/07/2021 01:28:42 -- INFO -- Full search - no stopping at first result
18/07/2021 01:28:42 -- INFO -- Setting the DB from config file: Installed package: True. Using cache DB: False; Replacing results: False
18/07/2021 01:28:42 -- INFO -- Initialising an empty cache: {}; Using it: False
18/07/2021 01:28:42 -- INFO -- -------------------Scoring configurations -------------------------
18/07/2021 01:28:42 -- INFO -- Using biological cut off at 0.1
18/07/2021 01:28:42 -- INFO -- Using substrate only cut off at 0.6
18/07/2021 01:28:42 -- INFO -- Using chemical score cut off at 0.6
18/07/2021 01:28:42 -- INFO -- -------------------MCTS configurations -------------------------
18/07/2021 01:28:42 -- INFO -- Setting the minimal visit count for a node at 1
18/07/2021 01:28:42 -- INFO -- Using RAVE: False
18/07/2021 01:28:42 -- INFO -- -------------------Chemical configurations -------------------------
18/07/2021 01:28:42 -- INFO -- Using explicit hydrogens : True
18/07/2021 01:28:42 -- INFO -- Using detectable compounds as sink as running in biosensor mode.
18/07/2021 01:28:42 -- INFO -- Main layer was set to True. Sanitising state
18/07/2021 01:29:03 -- INFO -- Main layer was set to True. Sanitising state
18/07/2021 01:29:03 -- INFO -- Starting move obtention process with compound 3-O-Methylrosmarinic_acid ([H]OC(=O)C([H])(OC(=O)C([H])=C([H])c1c([H])c([H])c(O[H])c(O[H])c1[H])C([H])([H])c1c([H])c([H])c(O[H])c(OC([H])([H])[H])c1[H]) at 1626564543.50909
18/07/2021 01:29:03 -- INFO -- 157 available rules
18/07/2021 01:29:05 -- INFO -- For compound 3-O-Methylrosmarinic_acid, matching moves are [NFSDQICEPLDULQ-UHFFFAOYSA-N-rxnAdd168_cpd01273_6_6-0, NFSDQICEPLDULQ-UHFFFAOYSA-N-MNXR121984_MNXM3355_6-0, NFSDQICEPLDULQ-UHFFFAOYSA-N-MNXR121980_MNXM8142_8-0]
18/07/2021 01:29:05 -- INFO -- Calculated moves in 1.9293906688690186 for compound NFSDQICEPLDULQ-UHFFFAOYSA-N - without caching
18/07/2021 01:29:05 -- INFO -- ---------------Beginning of search informations------------------ 
UCT policy is : Biochemical_UCT_1 
Rollout policy is : Rollout_policy_random_uniform_on_biochemical_multiplication_score 
Rewarding policy is : Penalty is -1 and full state reward is 2 
Maximum number of iterations 1000 
Tree search started running at 1h 29min 5s 
Your tree search is currently running ... 
 

18/07/2021 01:29:05 -- INFO -- Performing iteration 0 out of 1000
18/07/2021 01:29:05 -- INFO -- Adding a child with move NFSDQICEPLDULQ-UHFFFAOYSA-N-rxnAdd168_cpd01273_6_6-0 to node 
Count: 0/ Score : 0/ Children: 0/ Terminal : False
|3-O-Methylrosmarinic_acid|
18/07/2021 01:29:05 -- INFO -- Starting move obtention process with compound GPRLSGONYQIRFK-UHFFFAOYSA-N ([H+]) at 1626564545.517946
18/07/2021 01:29:05 -- INFO -- 0 available rules
18/07/2021 01:29:05 -- INFO -- For compound GPRLSGONYQIRFK-UHFFFAOYSA-N, matching moves are []
18/07/2021 01:29:05 -- INFO -- Calculated moves in 0.4590117931365967 for compound GPRLSGONYQIRFK-UHFFFAOYSA-N - without caching
18/07/2021 01:29:06 -- INFO -- Pathway is found at iteration 0
18/07/2021 01:29:06 -- INFO -- Udapted solved Node 	Move name: NFSDQICEPLDULQ-UHFFFAOYSA-N-rxnAdd168_cpd01273_6_6-0/ Biological score : 4.02/ Chemical score: 0.89
	Count: 1/ Score : 0/ Children: 0/ Terminal : True
	|GPRLSGONYQIRFK-UHFFFAOYSA-N|QAIPRVGONGVQAS-UHFFFAOYSA-N- solved| for the first time at iteration 0
18/07/2021 01:29:06 -- INFO -- Udapted solved Node Count: 1/ Score : 0/ Children: 1/ Terminal : False
|3-O-Methylrosmarinic_acid| for the first time at iteration 0
18/07/2021 01:29:06 -- INFO -- Adding a child with move NFSDQICEPLDULQ-UHFFFAOYSA-N-MNXR121984_MNXM3355_6-0 to node 
Count: 1/ Score : 10.0/ Children: 1/ Terminal : False
|3-O-Methylrosmarinic_acid|
18/07/2021 01:29:06 -- INFO -- Starting move obtention process with compound MYMOFIZGZYHOMD-UHFFFAOYSA-N (O=O) at 1626564546.2317166
18/07/2021 01:29:06 -- INFO -- 0 available rules
18/07/2021 01:29:06 -- INFO -- For compound MYMOFIZGZYHOMD-UHFFFAOYSA-N, matching moves are []
18/07/2021 01:29:06 -- INFO -- Calculated moves in 0.31302642822265625 for compound MYMOFIZGZYHOMD-UHFFFAOYSA-N - without caching
18/07/2021 01:29:06 -- INFO -- Starting move obtention process with compound OJODHJRZECDDKR-UHFFFAOYSA-N ([H]OC(=O)C([H])(OC(=O)C([H])=C([H])c1c([H])c([H])c(O[H])c([H])c1[H])C([H])([H])c1c([H])c([H])c(O[H])c(OC([H])([H])[H])c1[H]) at 1626564546.5540214
18/07/2021 01:29:06 -- INFO -- 121 available rules
18/07/2021 01:29:08 -- INFO -- For compound OJODHJRZECDDKR-UHFFFAOYSA-N, matching moves are [OJODHJRZECDDKR-UHFFFAOYSA-N-rxnAdd168_cpd01273_6_6-0, OJODHJRZECDDKR-UHFFFAOYSA-N-MNXR121984_MNXM10183_6-0, OJODHJRZECDDKR-UHFFFAOYSA-N-MNXR121980_MNXM8142_8-0]
18/07/2021 01:29:08 -- INFO -- Calculated moves in 1.6621508598327637 for compound OJODHJRZECDDKR-UHFFFAOYSA-N - without caching
18/07/2021 01:29:08 -- INFO -- Adding a child with move NFSDQICEPLDULQ-UHFFFAOYSA-N-MNXR121980_MNXM8142_8-0 to node 
Count: 2/ Score : 6.0/ Children: 2/ Terminal : False
|3-O-Methylrosmarinic_acid|
18/07/2021 01:29:08 -- INFO -- Starting move obtention process with compound SVYIZYRTOYHQRE-UHFFFAOYSA-N ([H]OC(=O)C([H])(O[H])C([H])([H])c1c([H])c([H])c(O[H])c(OC([H])([H])[H])c1[H]) at 1626564548.3467402
18/07/2021 01:29:08 -- INFO -- 143 available rules
18/07/2021 01:29:10 -- INFO -- For compound SVYIZYRTOYHQRE-UHFFFAOYSA-N, matching moves are [SVYIZYRTOYHQRE-UHFFFAOYSA-N-MNXR121980_MNXM988_8-0, SVYIZYRTOYHQRE-UHFFFAOYSA-N-MNXR104661_MNXM114141_6-0, SVYIZYRTOYHQRE-UHFFFAOYSA-N-MNXR122844_MNXM11370_6-0, SVYIZYRTOYHQRE-UHFFFAOYSA-N-MNXR109193_MNXM3383_6-0, SVYIZYRTOYHQRE-UHFFFAOYSA-N-MNXR109193_MNXM3473_6-0, SVYIZYRTOYHQRE-UHFFFAOYSA-N-MNXR108105_MNXM988_6-0, SVYIZYRTOYHQRE-UHFFFAOYSA-N-MNXR108103_MNXM988_6-0]
18/07/2021 01:29:10 -- INFO -- Calculated moves in 2.3773066997528076 for compound SVYIZYRTOYHQRE-UHFFFAOYSA-N - without caching
18/07/2021 01:29:10 -- INFO -- Pathway is found at iteration 2
18/07/2021 01:29:10 -- INFO -- Udapted solved Node 	Move name: NFSDQICEPLDULQ-UHFFFAOYSA-N-MNXR121984_MNXM3355_6-0/ Biological score : 2.52/ Chemical score: 0.89
	Count: 1/ Score : 0/ Children: 0/ Terminal : True
	|ACFIXJIJDZMPPO-UHFFFAOYSA-N- solved|MYMOFIZGZYHOMD-UHFFFAOYSA-N|OJODHJRZECDDKR-UHFFFAOYSA-N| for the first time at iteration 2
18/07/2021 01:29:10 -- INFO -- Pathway is found at iteration 4
18/07/2021 01:29:10 -- INFO -- Udapted solved Node 	Move name: NFSDQICEPLDULQ-UHFFFAOYSA-N-MNXR121980_MNXM8142_8-0/ Biological score : 2.26/ Chemical score: 0.83
	Count: 1/ Score : 0/ Children: 0/ Terminal : True
	|QHRGJMIMHCLHRG-UHFFFAOYSA-N- solved|SVYIZYRTOYHQRE-UHFFFAOYSA-N| for the first time at iteration 4
18/07/2021 01:29:12 -- INFO -- Performing iteration 100 out of 1000
18/07/2021 01:29:14 -- INFO -- Performing iteration 200 out of 1000
18/07/2021 01:29:16 -- INFO -- Performing iteration 300 out of 1000
18/07/2021 01:29:18 -- INFO -- Performing iteration 400 out of 1000
18/07/2021 01:29:20 -- INFO -- Performing iteration 500 out of 1000
18/07/2021 01:29:21 -- INFO -- Performing iteration 600 out of 1000
18/07/2021 01:29:23 -- INFO -- Performing iteration 700 out of 1000
18/07/2021 01:29:25 -- INFO -- Performing iteration 800 out of 1000
18/07/2021 01:29:26 -- INFO -- Performing iteration 900 out of 1000
18/07/2021 01:29:28 -- INFO -- ---------------End of search informations------------------ 
Tree search finished running at 1h 29min 28s 
Your tree search took 2.3e+01s 
 
Time was spent in selection: 3.3e-02s, expansion: 5.2e+00s, rollout: 0.0e+00s, update: 1.2e-01s 
CONGRATULATIONS, THATS A WIN
18/07/2021 01:29:28 -- INFO -- At the end of this tree search, the cache contains 0
18/07/2021 01:29:28 -- WARNING -- RECAP TIME_EXECUTION=22.81
18/07/2021 01:29:28 -- WARNING -- RECAP STOP_REASON=iteration
18/07/2021 01:29:28 -- WARNING -- RECAP NUMBER_ITERATION=999
18/07/2021 01:29:28 -- INFO -- According to Wikipedia, choosing the pathway with the most visists 
 This could be replaced by the best score
18/07/2021 01:29:28 -- INFO -- Found 3 pathways for 3-O-Methylrosmarinic_acid
18/07/2021 01:29:28 -- INFO -- 3 pathways were found
18/07/2021 01:29:28 -- INFO -- At the end of this tree search, the cache contains 0
