17/07/2021 12:28:41 -- WARNING -- Setting the seed at 1234
17/07/2021 12:28:41 -- INFO -- Stating global parameters from configuration file
17/07/2021 12:28:41 -- INFO -- Using retrosynthesis: False - using biosensor True
17/07/2021 12:28:41 -- INFO -- Full search - no stopping at first result
17/07/2021 12:28:41 -- INFO -- Setting the DB from config file: Installed package: True. Using cache DB: False; Replacing results: False
17/07/2021 12:28:41 -- INFO -- Initialising an empty cache: {}; Using it: False
17/07/2021 12:28:41 -- INFO -- -------------------Scoring configurations -------------------------
17/07/2021 12:28:41 -- INFO -- Using biological cut off at 0.1
17/07/2021 12:28:41 -- INFO -- Using substrate only cut off at 0.6
17/07/2021 12:28:41 -- INFO -- Using chemical score cut off at 0.6
17/07/2021 12:28:41 -- INFO -- -------------------MCTS configurations -------------------------
17/07/2021 12:28:41 -- INFO -- Setting the minimal visit count for a node at 1
17/07/2021 12:28:41 -- INFO -- Using RAVE: False
17/07/2021 12:28:41 -- INFO -- -------------------Chemical configurations -------------------------
17/07/2021 12:28:41 -- INFO -- Using explicit hydrogens : True
17/07/2021 12:28:41 -- INFO -- Using detectable compounds as sink as running in biosensor mode.
17/07/2021 12:28:41 -- INFO -- Main layer was set to True. Sanitising state
17/07/2021 12:29:05 -- INFO -- Main layer was set to True. Sanitising state
17/07/2021 12:29:05 -- INFO -- Starting move obtention process with compound Daidzein_4'-O-glucuronide ([H]OC(=O)C1([H])OC([H])(Oc2c([H])c([H])c(-c3c([H])oc4c([H])c(O[H])c([H])c([H])c4c3=O)c([H])c2[H])C([H])(O[H])C([H])(O[H])C1([H])O[H]) at 1626517745.5513933
17/07/2021 12:29:05 -- INFO -- 55 available rules
17/07/2021 12:29:06 -- INFO -- For compound Daidzein_4'-O-glucuronide, matching moves are [ATUYSKUVHUPXBV-UHFFFAOYSA-N-rxnAdd178_cpd07105_6_6-0, ATUYSKUVHUPXBV-UHFFFAOYSA-N-MNXR108276_MNXM2393_6-0, ATUYSKUVHUPXBV-UHFFFAOYSA-N-MNXR119264_MNXM2393_6-0]
17/07/2021 12:29:06 -- INFO -- Calculated moves in 0.9891357421875 for compound ATUYSKUVHUPXBV-UHFFFAOYSA-N - without caching
17/07/2021 12:29:06 -- INFO -- ---------------Beginning of search informations------------------ 
UCT policy is : Biochemical_UCT_1 
Rollout policy is : Rollout_policy_random_uniform_on_biochemical_multiplication_score 
Rewarding policy is : Penalty is -1 and full state reward is 2 
Maximum number of iterations 1000 
Tree search started running at 12h 29min 6s 
Your tree search is currently running ... 
 

17/07/2021 12:29:06 -- INFO -- Performing iteration 0 out of 1000
17/07/2021 12:29:06 -- INFO -- Adding a child with move ATUYSKUVHUPXBV-UHFFFAOYSA-N-rxnAdd178_cpd07105_6_6-0 to node 
Count: 0/ Score : 0/ Children: 0/ Terminal : False
|Daidzein_4'-O-glucuronide|
17/07/2021 12:29:06 -- INFO -- Pathway is found at iteration 0
17/07/2021 12:29:06 -- INFO -- Udapted solved Node 	Move name: ATUYSKUVHUPXBV-UHFFFAOYSA-N-rxnAdd178_cpd07105_6_6-0/ Biological score : 4.02/ Chemical score: 0.69
	Count: 1/ Score : 0/ Children: 0/ Terminal : True
	|AEMOLEFTQBMNLQ-UHFFFAOYSA-N- solved|ZQSIJRDFPHDXIC-UHFFFAOYSA-N- solved| for the first time at iteration 0
17/07/2021 12:29:06 -- INFO -- Udapted solved Node Count: 1/ Score : 0/ Children: 1/ Terminal : False
|Daidzein_4'-O-glucuronide| for the first time at iteration 0
17/07/2021 12:29:06 -- INFO -- Adding a child with move ATUYSKUVHUPXBV-UHFFFAOYSA-N-MNXR108276_MNXM2393_6-0 to node 
Count: 1/ Score : 10.0/ Children: 1/ Terminal : False
|Daidzein_4'-O-glucuronide|
17/07/2021 12:29:06 -- INFO -- Adding a child with move ATUYSKUVHUPXBV-UHFFFAOYSA-N-MNXR119264_MNXM2393_6-0 to node 
Count: 2/ Score : 6.0/ Children: 2/ Terminal : False
|Daidzein_4'-O-glucuronide|
17/07/2021 12:29:06 -- INFO -- Starting move obtention process with compound SSOQDAANPALAJN-UHFFFAOYSA-N ([H]OC(=O)C1([H])OC([H])(OC2([H])C([H])(Oc3c([H])c([H])c(-c4c([H])oc5c([H])c(O[H])c([H])c([H])c5c4=O)c([H])c3[H])OC([H])(C(=O)O[H])C([H])(O[H])C2([H])O[H])C([H])(O[H])C([H])(O[H])C1([H])O[H]) at 1626517746.9286876
17/07/2021 12:29:07 -- INFO -- 42 available rules
17/07/2021 12:29:07 -- INFO -- For compound SSOQDAANPALAJN-UHFFFAOYSA-N, matching moves are [SSOQDAANPALAJN-UHFFFAOYSA-N-rxnAdd87_cpd09263_6_6-0, SSOQDAANPALAJN-UHFFFAOYSA-N-MNXR119264_MNXM2129_6-0, SSOQDAANPALAJN-UHFFFAOYSA-N-MNXR119264_MNXM2393_6-0]
17/07/2021 12:29:07 -- INFO -- Calculated moves in 0.7940835952758789 for compound SSOQDAANPALAJN-UHFFFAOYSA-N - without caching
17/07/2021 12:29:07 -- INFO -- Starting move obtention process with compound XLYOFNOQVPJJNP-UHFFFAOYSA-N ([H]O[H]) at 1626517747.7464602
17/07/2021 12:29:08 -- INFO -- 0 available rules
17/07/2021 12:29:08 -- INFO -- For compound XLYOFNOQVPJJNP-UHFFFAOYSA-N, matching moves are []
17/07/2021 12:29:08 -- INFO -- Calculated moves in 0.3442270755767822 for compound XLYOFNOQVPJJNP-UHFFFAOYSA-N - without caching
17/07/2021 12:29:08 -- INFO -- Pathway is found at iteration 2
17/07/2021 12:29:08 -- INFO -- Udapted solved Node 	Move name: ATUYSKUVHUPXBV-UHFFFAOYSA-N-MNXR108276_MNXM2393_6-0/ Biological score : 2.6/ Chemical score: 0.69
	Count: 1/ Score : 0/ Children: 0/ Terminal : True
	|HDYANYHVCAPMJV-UHFFFAOYSA-N- solved|ZQSIJRDFPHDXIC-UHFFFAOYSA-N- solved| for the first time at iteration 2
17/07/2021 12:29:08 -- INFO -- Adding a child with move SSOQDAANPALAJN-UHFFFAOYSA-N-rxnAdd87_cpd09263_6_6-0 to node 
	Move name: ATUYSKUVHUPXBV-UHFFFAOYSA-N-MNXR119264_MNXM2393_6-0/ Biological score : 1.69/ Chemical score: 0.69
	Count: 0/ Score : 0/ Children: 0/ Terminal : False
	|SSOQDAANPALAJN-UHFFFAOYSA-N|XLYOFNOQVPJJNP-UHFFFAOYSA-N|
17/07/2021 12:29:08 -- INFO -- Starting move obtention process with compound GPRLSGONYQIRFK-UHFFFAOYSA-N ([H+]) at 1626517748.366975
17/07/2021 12:29:08 -- INFO -- 0 available rules
17/07/2021 12:29:08 -- INFO -- For compound GPRLSGONYQIRFK-UHFFFAOYSA-N, matching moves are []
17/07/2021 12:29:08 -- INFO -- Calculated moves in 0.3852982521057129 for compound GPRLSGONYQIRFK-UHFFFAOYSA-N - without caching
17/07/2021 12:29:08 -- INFO -- Starting move obtention process with compound XLYOFNOQVPJJNP-UHFFFAOYSA-N ([H]O[H]) at 1626517748.7720604
17/07/2021 12:29:09 -- INFO -- 0 available rules
17/07/2021 12:29:09 -- INFO -- For compound XLYOFNOQVPJJNP-UHFFFAOYSA-N, matching moves are []
17/07/2021 12:29:09 -- INFO -- Calculated moves in 0.31767916679382324 for compound XLYOFNOQVPJJNP-UHFFFAOYSA-N - without caching
17/07/2021 12:29:09 -- INFO -- Pathway is found at iteration 4
17/07/2021 12:29:09 -- INFO -- Udapted solved Node 		Move name: SSOQDAANPALAJN-UHFFFAOYSA-N-rxnAdd87_cpd09263_6_6-0/ Biological score : 4.02/ Chemical score: 0.71
		Count: 1/ Score : 0/ Children: 0/ Terminal : True
		|AEMOLEFTQBMNLQ-UHFFFAOYSA-N- solved|GPRLSGONYQIRFK-UHFFFAOYSA-N|XLYOFNOQVPJJNP-UHFFFAOYSA-N|ZQSIJRDFPHDXIC-UHFFFAOYSA-N- solved| for the first time at iteration 4
17/07/2021 12:29:09 -- INFO -- Udapted solved Node 	Move name: ATUYSKUVHUPXBV-UHFFFAOYSA-N-MNXR119264_MNXM2393_6-0/ Biological score : 1.69/ Chemical score: 0.69
	Count: 1/ Score : 0/ Children: 1/ Terminal : False
	|SSOQDAANPALAJN-UHFFFAOYSA-N|XLYOFNOQVPJJNP-UHFFFAOYSA-N| for the first time at iteration 4
17/07/2021 12:29:09 -- INFO -- Looping move in node |SSOQDAANPALAJN-UHFFFAOYSA-N|XLYOFNOQVPJJNP-UHFFFAOYSA-N|-1 for move SSOQDAANPALAJN-UHFFFAOYSA-N-MNXR119264_MNXM2129_6-0
17/07/2021 12:29:09 -- INFO -- Starting move obtention process with compound SSOQDAANPALAJN-UHFFFAOYSA-N ([H]OC(=O)C1([H])OC([H])(OC2([H])C([H])(Oc3c([H])c([H])c(-c4c([H])oc5c([H])c(O[H])c([H])c([H])c5c4=O)c([H])c3[H])OC([H])(C(=O)O[H])C([H])(O[H])C2([H])O[H])C([H])(O[H])C([H])(O[H])C1([H])O[H]) at 1626517749.2851722
17/07/2021 12:29:09 -- INFO -- 39 available rules
17/07/2021 12:29:10 -- INFO -- For compound SSOQDAANPALAJN-UHFFFAOYSA-N, matching moves are [SSOQDAANPALAJN-UHFFFAOYSA-N-MNXR119264_MNXM2129_8-0, SSOQDAANPALAJN-UHFFFAOYSA-N-MNXR119264_MNXM2393_8-0]
17/07/2021 12:29:10 -- INFO -- Calculated moves in 0.7733941078186035 for compound SSOQDAANPALAJN-UHFFFAOYSA-N - without caching
17/07/2021 12:29:10 -- INFO -- Starting move obtention process with compound XLYOFNOQVPJJNP-UHFFFAOYSA-N ([H]O[H]) at 1626517750.0790381
17/07/2021 12:29:10 -- INFO -- 0 available rules
17/07/2021 12:29:10 -- INFO -- For compound XLYOFNOQVPJJNP-UHFFFAOYSA-N, matching moves are []
17/07/2021 12:29:10 -- INFO -- Calculated moves in 0.40100884437561035 for compound XLYOFNOQVPJJNP-UHFFFAOYSA-N - without caching
17/07/2021 12:29:10 -- INFO -- Starting move obtention process with compound KWRWZIKEFLYDJV-UHFFFAOYSA-N ([H]OC(=O)C1([H])OC([H])(OC2([H])C([H])(OC3([H])C([H])(Oc4c([H])c([H])c(-c5c([H])oc6c([H])c(O[H])c([H])c([H])c6c5=O)c([H])c4[H])OC([H])(C(=O)O[H])C([H])(O[H])C3([H])O[H])OC([H])(C(=O)O[H])C([H])(O[H])C2([H])O[H])C([H])(O[H])C([H])(O[H])C1([H])O[H]) at 1626517750.5140626
17/07/2021 12:29:10 -- INFO -- 42 available rules
17/07/2021 12:29:11 -- INFO -- For compound KWRWZIKEFLYDJV-UHFFFAOYSA-N, matching moves are [KWRWZIKEFLYDJV-UHFFFAOYSA-N-rxnAdd87_cpd09263_6_6-0, KWRWZIKEFLYDJV-UHFFFAOYSA-N-MNXR119264_MNXM2129_6-0, KWRWZIKEFLYDJV-UHFFFAOYSA-N-MNXR119264_MNXM2393_6-0]
17/07/2021 12:29:11 -- INFO -- Calculated moves in 0.7605226039886475 for compound KWRWZIKEFLYDJV-UHFFFAOYSA-N - without caching
17/07/2021 12:29:11 -- INFO -- Starting move obtention process with compound XLYOFNOQVPJJNP-UHFFFAOYSA-N ([H]O[H]) at 1626517751.2992833
17/07/2021 12:29:11 -- INFO -- 0 available rules
17/07/2021 12:29:11 -- INFO -- For compound XLYOFNOQVPJJNP-UHFFFAOYSA-N, matching moves are []
17/07/2021 12:29:11 -- INFO -- Calculated moves in 0.397902250289917 for compound XLYOFNOQVPJJNP-UHFFFAOYSA-N - without caching
17/07/2021 12:29:11 -- INFO -- Starting move obtention process with compound GPRLSGONYQIRFK-UHFFFAOYSA-N ([H+]) at 1626517751.7214105
17/07/2021 12:29:12 -- INFO -- 0 available rules
17/07/2021 12:29:12 -- INFO -- For compound GPRLSGONYQIRFK-UHFFFAOYSA-N, matching moves are []
17/07/2021 12:29:12 -- INFO -- Calculated moves in 0.35683250427246094 for compound GPRLSGONYQIRFK-UHFFFAOYSA-N - without caching
17/07/2021 12:29:12 -- INFO -- Starting move obtention process with compound IMNADAQGVSDVMI-UHFFFAOYSA-N ([H]OC(=O)C1([H])OC([H])(OC2([H])C([H])(O[H])OC([H])(C(=O)O[H])C([H])(O[H])C2([H])O[H])C([H])(O[H])C([H])(O[H])C1([H])O[H]) at 1626517752.0887988
17/07/2021 12:29:12 -- INFO -- 47 available rules
17/07/2021 12:29:12 -- INFO -- For compound IMNADAQGVSDVMI-UHFFFAOYSA-N, matching moves are [IMNADAQGVSDVMI-UHFFFAOYSA-N-rxnAdd87_r_1_cpd00164_4_6-0, IMNADAQGVSDVMI-UHFFFAOYSA-N-rxnAdd113_r_1_cpd00164_4_6-0, IMNADAQGVSDVMI-UHFFFAOYSA-N-MNXR107016_MNXM241_6-0]
17/07/2021 12:29:12 -- INFO -- Calculated moves in 0.7617499828338623 for compound IMNADAQGVSDVMI-UHFFFAOYSA-N - without caching
17/07/2021 12:29:12 -- INFO -- Starting move obtention process with compound XLYOFNOQVPJJNP-UHFFFAOYSA-N ([H]O[H]) at 1626517752.8746822
17/07/2021 12:29:13 -- INFO -- 0 available rules
17/07/2021 12:29:13 -- INFO -- For compound XLYOFNOQVPJJNP-UHFFFAOYSA-N, matching moves are []
17/07/2021 12:29:13 -- INFO -- Calculated moves in 0.38912439346313477 for compound XLYOFNOQVPJJNP-UHFFFAOYSA-N - without caching
17/07/2021 12:29:13 -- INFO -- Rollout results are 2, True
17/07/2021 12:29:13 -- INFO -- Looping move in node |SSOQDAANPALAJN-UHFFFAOYSA-N|XLYOFNOQVPJJNP-UHFFFAOYSA-N|-1 for move SSOQDAANPALAJN-UHFFFAOYSA-N-MNXR119264_MNXM2393_6-0
17/07/2021 12:29:13 -- INFO -- Starting move obtention process with compound SSOQDAANPALAJN-UHFFFAOYSA-N ([H]OC(=O)C1([H])OC([H])(OC2([H])C([H])(Oc3c([H])c([H])c(-c4c([H])oc5c([H])c(O[H])c([H])c([H])c5c4=O)c([H])c3[H])OC([H])(C(=O)O[H])C([H])(O[H])C2([H])O[H])C([H])(O[H])C([H])(O[H])C1([H])O[H]) at 1626517753.7219796
17/07/2021 12:29:14 -- INFO -- 40 available rules
17/07/2021 12:29:14 -- INFO -- For compound SSOQDAANPALAJN-UHFFFAOYSA-N, matching moves are [SSOQDAANPALAJN-UHFFFAOYSA-N-rxnAdd87_cpd09263_6_6-0, SSOQDAANPALAJN-UHFFFAOYSA-N-MNXR119264_MNXM2129_6-0, SSOQDAANPALAJN-UHFFFAOYSA-N-MNXR119264_MNXM2393_6-0]
17/07/2021 12:29:14 -- INFO -- Calculated moves in 0.7768983840942383 for compound SSOQDAANPALAJN-UHFFFAOYSA-N - without caching
17/07/2021 12:29:14 -- INFO -- Starting move obtention process with compound XLYOFNOQVPJJNP-UHFFFAOYSA-N ([H]O[H]) at 1626517754.5251257
17/07/2021 12:29:14 -- INFO -- 0 available rules
17/07/2021 12:29:14 -- INFO -- For compound XLYOFNOQVPJJNP-UHFFFAOYSA-N, matching moves are []
17/07/2021 12:29:14 -- INFO -- Calculated moves in 0.3473236560821533 for compound XLYOFNOQVPJJNP-UHFFFAOYSA-N - without caching
17/07/2021 12:29:14 -- INFO -- Starting move obtention process with compound GPRLSGONYQIRFK-UHFFFAOYSA-N ([H+]) at 1626517754.9117632
17/07/2021 12:29:15 -- INFO -- 0 available rules
17/07/2021 12:29:15 -- INFO -- For compound GPRLSGONYQIRFK-UHFFFAOYSA-N, matching moves are []
17/07/2021 12:29:15 -- INFO -- Calculated moves in 0.31444835662841797 for compound GPRLSGONYQIRFK-UHFFFAOYSA-N - without caching
17/07/2021 12:29:15 -- INFO -- Starting move obtention process with compound XLYOFNOQVPJJNP-UHFFFAOYSA-N ([H]O[H]) at 1626517755.2397463
17/07/2021 12:29:15 -- INFO -- 0 available rules
17/07/2021 12:29:15 -- INFO -- For compound XLYOFNOQVPJJNP-UHFFFAOYSA-N, matching moves are []
17/07/2021 12:29:15 -- INFO -- Calculated moves in 0.2777230739593506 for compound XLYOFNOQVPJJNP-UHFFFAOYSA-N - without caching
17/07/2021 12:29:15 -- INFO -- Rollout results are 2, True
17/07/2021 12:29:16 -- INFO -- Performing iteration 100 out of 1000
17/07/2021 12:29:18 -- INFO -- Performing iteration 200 out of 1000
17/07/2021 12:29:20 -- INFO -- Performing iteration 300 out of 1000
17/07/2021 12:29:21 -- INFO -- Performing iteration 400 out of 1000
17/07/2021 12:29:22 -- INFO -- Performing iteration 500 out of 1000
17/07/2021 12:29:23 -- INFO -- Performing iteration 600 out of 1000
17/07/2021 12:29:24 -- INFO -- Performing iteration 700 out of 1000
17/07/2021 12:29:25 -- INFO -- Performing iteration 800 out of 1000
17/07/2021 12:29:26 -- INFO -- Performing iteration 900 out of 1000
17/07/2021 12:29:27 -- INFO -- ---------------End of search informations------------------ 
Tree search finished running at 12h 29min 27s 
Your tree search took 2.0e+01s 
 
Time was spent in selection: 3.3e-02s, expansion: 2.4e+00s, rollout: 5.9e+00s, update: 1.4e-01s 
CONGRATULATIONS, THATS A WIN
17/07/2021 12:29:27 -- INFO -- At the end of this tree search, the cache contains 0
17/07/2021 12:29:27 -- WARNING -- RECAP TIME_EXECUTION=20.48
17/07/2021 12:29:27 -- WARNING -- RECAP STOP_REASON=iteration
17/07/2021 12:29:27 -- WARNING -- RECAP NUMBER_ITERATION=999
17/07/2021 12:29:27 -- INFO -- According to Wikipedia, choosing the pathway with the most visists 
 This could be replaced by the best score
17/07/2021 12:29:27 -- INFO -- Found 3 pathways for Daidzein_4'-O-glucuronide
17/07/2021 12:29:27 -- INFO -- 3 pathways were found
17/07/2021 12:29:27 -- INFO -- At the end of this tree search, the cache contains 0
